2023-06-18 09:21:45,216 [INFO] Activator:176 - 


2023-06-18 09:21:45,222 [INFO] Activator:177 - !SESSION log4j initialized
2023-06-18 09:21:54,194 [INFO] LogOutputStream:77 - [STDOUT_REDIRECT] 
2023-06-18 09:22:18,830 [ERROR] LogOutputStream:75 - [STDERR_REDIRECT] SLF4J: Failed to load class "org.slf4j.impl.StaticLoggerBinder".
2023-06-18 09:22:18,831 [ERROR] LogOutputStream:75 - [STDERR_REDIRECT] SLF4J: Defaulting to no-operation (NOP) logger implementation
2023-06-18 09:22:18,831 [ERROR] LogOutputStream:75 - [STDERR_REDIRECT] SLF4J: See http://www.slf4j.org/codes.html#StaticLoggerBinder for further details.
2023-06-18 09:25:37,071 [INFO] ApplicationProperties:184 - Using Application install path: /opt/st/stm32cubeide_1.12.1/plugins/com.st.stm32cube.common.mx_6.8.1.202304191431
2023-06-18 09:25:37,101 [INFO] DbMcusXml:78 - Set database path to: /opt/st/stm32cubeide_1.12.1/plugins/com.st.stm32cube.common.mx_6.8.1.202304191431//db//mcu/
2023-06-18 09:25:37,101 [INFO] ApiDb:274 - Set plugin database path to: /opt/st/stm32cubeide_1.12.1/plugins/com.st.stm32cube.common.mx_6.8.1.202304191431//db//plugins/boardmanager/
2023-06-18 09:25:37,103 [WARN] ApiDb:259 - Overriding images path with different value:  => /opt/st/stm32cubeide_1.12.1/plugins/com.st.stm32cube.common.mx_6.8.1.202304191431//db//plugins/mcufinder/images/
2023-06-18 09:25:37,121 [INFO] ApiDb:250 - Set database path to: /home/dinesh/.stmcufinder/plugins/mcufinder//mcu/
2023-06-18 09:25:37,123 [INFO] DbMcusAds:125 - Set database path to: /home/dinesh/.stmcufinder/plugins/mcufinder//mcu/
2023-06-18 09:25:37,159 [INFO] CrossReferenceDbSqlite:203 - Set database path to: /home/dinesh/.stmcufinder/plugins/mcufinder//mcu/cs/
2023-06-18 09:25:37,266 [INFO] RulesReader:64 - Compatibility file has been processed (293 Rules)
2023-06-18 09:25:37,329 [INFO] DbMcusXml:78 - Set database path to: /opt/st/stm32cubeide_1.12.1/plugins/com.st.stm32cube.common.mx_6.8.1.202304191431//db//mcu/
2023-06-18 09:25:37,330 [INFO] ApiDb:274 - Set plugin database path to: /opt/st/stm32cubeide_1.12.1/plugins/com.st.stm32cube.common.mx_6.8.1.202304191431//db//plugins/boardmanager/
2023-06-18 09:25:37,330 [INFO] ApiDb:261 - Set plugin images path to: /opt/st/stm32cubeide_1.12.1/plugins/com.st.stm32cube.common.mx_6.8.1.202304191431//db//plugins/mcufinder/images/
2023-06-18 09:25:37,330 [WARN] DbFile:41 - Overriding database path with different value: /home/dinesh/.stmcufinder/plugins/mcufinder/ => /home/dinesh/.stmcufinder/plugins/mcufinder
2023-06-18 09:25:37,330 [INFO] ApiDb:250 - Set database path to: /home/dinesh/.stmcufinder/plugins/mcufinder//mcu/
2023-06-18 09:25:37,330 [WARN] DbFile:41 - Overriding database path with different value: /home/dinesh/.stmcufinder/plugins/mcufinder/ => /home/dinesh/.stmcufinder/plugins/mcufinder
2023-06-18 09:25:37,330 [INFO] DbMcusAds:125 - Set database path to: /home/dinesh/.stmcufinder/plugins/mcufinder//mcu/
2023-06-18 09:25:37,330 [WARN] DbFile:41 - Overriding database path with different value: /home/dinesh/.stmcufinder/plugins/mcufinder/ => /home/dinesh/.stmcufinder/plugins/mcufinder
2023-06-18 09:25:37,330 [WARN] DbFile:41 - Overriding database path with different value: /home/dinesh/.stmcufinder/plugins/mcufinder/ => /home/dinesh/.stmcufinder/plugins/mcufinder
2023-06-18 09:25:37,330 [INFO] CrossReferenceDbSqlite:203 - Set database path to: /home/dinesh/.stmcufinder/plugins/mcufinder//mcu/cs/
2023-06-18 09:25:37,401 [INFO] MainPanel:253 - HeapMemory: 462422016
2023-06-18 09:25:37,524 [INFO] DbMcusXml:78 - Set database path to: /opt/st/stm32cubeide_1.12.1/plugins/com.st.stm32cube.common.mx_6.8.1.202304191431//db//mcu/
2023-06-18 09:25:37,524 [INFO] ApiDb:274 - Set plugin database path to: /opt/st/stm32cubeide_1.12.1/plugins/com.st.stm32cube.common.mx_6.8.1.202304191431//db//plugins/boardmanager/
2023-06-18 09:25:37,524 [INFO] ApiDb:261 - Set plugin images path to: /opt/st/stm32cubeide_1.12.1/plugins/com.st.stm32cube.common.mx_6.8.1.202304191431//db//plugins/mcufinder/images/
2023-06-18 09:25:37,525 [WARN] DbFile:41 - Overriding database path with different value: /home/dinesh/.stmcufinder/plugins/mcufinder/ => /home/dinesh/.stmcufinder/plugins/mcufinder
2023-06-18 09:25:37,525 [INFO] ApiDb:250 - Set database path to: /home/dinesh/.stmcufinder/plugins/mcufinder//mcu/
2023-06-18 09:25:37,525 [WARN] DbFile:41 - Overriding database path with different value: /home/dinesh/.stmcufinder/plugins/mcufinder/ => /home/dinesh/.stmcufinder/plugins/mcufinder
2023-06-18 09:25:37,525 [INFO] DbMcusAds:125 - Set database path to: /home/dinesh/.stmcufinder/plugins/mcufinder//mcu/
2023-06-18 09:25:37,525 [WARN] DbFile:41 - Overriding database path with different value: /home/dinesh/.stmcufinder/plugins/mcufinder/ => /home/dinesh/.stmcufinder/plugins/mcufinder
2023-06-18 09:25:37,525 [WARN] DbFile:41 - Overriding database path with different value: /home/dinesh/.stmcufinder/plugins/mcufinder/ => /home/dinesh/.stmcufinder/plugins/mcufinder
2023-06-18 09:25:37,525 [INFO] CrossReferenceDbSqlite:203 - Set database path to: /home/dinesh/.stmcufinder/plugins/mcufinder//mcu/cs/
2023-06-18 09:25:37,543 [INFO] ApplicationProperties:184 - Using Application install path: /opt/st/stm32cubeide_1.12.1/plugins/com.st.stm32cube.common.mx_6.8.1.202304191431
2023-06-18 09:25:37,545 [INFO] PluginManage:196 - Search for loadable plugins [exclusion list=, ]
2023-06-18 09:25:37,547 [INFO] PluginManage:310 - Check plugin analytics
2023-06-18 09:25:37,745 [INFO] AnalyticsPlugin:253 - Accepted Software Licenses: 
2023-06-18 09:25:37,746 [INFO] AnalyticsPlugin:255 - Accepted CMSIS Pack Licenses: 
2023-06-18 09:25:37,746 [INFO] AnalyticsPlugin:257 - Accepted Firmware Licenses: FW.F4.1.27.0
2023-06-18 09:25:37,749 [INFO] PluginManage:359 - Loaded plugin analytics (category:tool,tabindex:-1)
2023-06-18 09:25:37,749 [INFO] PluginManage:310 - Check plugin cadmodel
2023-06-18 09:25:37,786 [INFO] CADModel:105 - Init CAD model plugin
2023-06-18 09:25:37,787 [INFO] PluginManage:359 - Loaded plugin cadmodel (category:power,tabindex:5)
2023-06-18 09:25:37,787 [INFO] PluginManage:310 - Check plugin clock
2023-06-18 09:25:37,799 [INFO] PluginManage:359 - Loaded plugin clock (category:base,tabindex:2)
2023-06-18 09:25:37,799 [INFO] PluginManage:310 - Check plugin ddr
2023-06-18 09:25:37,801 [INFO] PluginManage:359 - Loaded plugin ddr (category:tool,tabindex:6)
2023-06-18 09:25:37,801 [INFO] PluginManage:310 - Check plugin filemanager
2023-06-18 09:25:37,971 [INFO] PluginManage:359 - Loaded plugin filemanager (category:base,tabindex:10)
2023-06-18 09:25:37,972 [INFO] PluginManage:310 - Check plugin ipmanager
2023-06-18 09:25:37,981 [INFO] PluginManage:359 - Loaded plugin ipmanager (category:base,tabindex:5)
2023-06-18 09:25:37,981 [INFO] PluginManage:310 - Check plugin lpbam
2023-06-18 09:25:37,998 [INFO] PluginManage:359 - Loaded plugin lpbam (category:base,tabindex:0)
2023-06-18 09:25:37,998 [INFO] PluginManage:310 - Check plugin pinoutandconfiguration
2023-06-18 09:25:38,011 [INFO] PluginManage:359 - Loaded plugin pinoutandconfiguration (category:base,tabindex:1)
2023-06-18 09:25:38,012 [INFO] PluginManage:310 - Check plugin pinoutconfig
2023-06-18 09:25:38,118 [WARN] SupportedApi:132 - Cannot load RTOS API schema: s4s-elt-must-match.1: The content of 'definitions' must match (annotation?, (simpleType | complexType)?, (unique | key | keyref)*)). A problem was found starting at: attribute.
2023-06-18 09:25:38,270 [INFO] PluginManage:359 - Loaded plugin pinoutconfig (category:base,tabindex:0)
2023-06-18 09:25:38,270 [INFO] PluginManage:310 - Check plugin power
2023-06-18 09:25:38,324 [INFO] PluginManage:359 - Loaded plugin power (category:power,tabindex:4)
2023-06-18 09:25:38,324 [INFO] PluginManage:310 - Check plugin projectmanager
2023-06-18 09:25:38,351 [INFO] PluginManage:359 - Loaded plugin projectmanager (category:projectmanager,tabindex:3)
2023-06-18 09:25:38,351 [INFO] PluginManage:310 - Check plugin thirdparty
2023-06-18 09:25:38,521 [INFO] PluginManage:359 - Loaded plugin thirdparty (category:base,tabindex:-1)
2023-06-18 09:25:38,521 [INFO] PluginManage:310 - Check plugin tools
2023-06-18 09:25:38,522 [WARN] IntegrityCheckThread:84 - waiting for thirdparty lock release [integrity check]
2023-06-18 09:25:38,523 [INFO] IntegrityCheckThread:86 - entering critical section [integrity check]
2023-06-18 09:25:38,524 [INFO] PluginManage:359 - Loaded plugin tools (category:base,tabindex:7)
2023-06-18 09:25:38,525 [INFO] PluginManage:310 - Check plugin tutovideos
2023-06-18 09:25:38,525 [INFO] ThirdPartyUpdaterWithRetryManager:70 - Updater plugin not ready yet. [1/15]
2023-06-18 09:25:38,748 [INFO] PluginManage:359 - Loaded plugin tutovideos (category:base,tabindex:-1)
2023-06-18 09:25:38,748 [INFO] PluginManage:310 - Check plugin updater
2023-06-18 09:25:38,793 [INFO] PluginManage:359 - Loaded plugin updater (category:base,tabindex:12)
2023-06-18 09:25:38,793 [INFO] PluginManage:283 - PluginManage : Loaded plugins [15]
2023-06-18 09:25:39,025 [INFO] PinOutPanel:1499 - setPackage(No Configuration,No Configuration)
2023-06-18 09:25:39,095 [INFO] CADModel:165 - CPN selected for project level
2023-06-18 09:25:39,095 [INFO] CADModel:114 - Register for checkConnection events
2023-06-18 09:25:39,125 [INFO] IPUIPlugin:80 - create IPUIPlugin
2023-06-18 09:25:39,125 [INFO] PluginManager:220 - loadIPPluginJar : add cryp
2023-06-18 09:25:39,135 [INFO] IPUIPlugin:80 - create IPUIPlugin
2023-06-18 09:25:39,135 [INFO] PluginManager:220 - loadIPPluginJar : add resmgrutility
2023-06-18 09:25:39,140 [INFO] IPUIPlugin:80 - create IPUIPlugin
2023-06-18 09:25:39,140 [INFO] PluginManager:220 - loadIPPluginJar : add ipddr
2023-06-18 09:25:39,147 [INFO] IPUIPlugin:80 - create IPUIPlugin
2023-06-18 09:25:39,147 [INFO] PluginManager:220 - loadIPPluginJar : add adc
2023-06-18 09:25:39,149 [INFO] IPUIPlugin:80 - create IPUIPlugin
2023-06-18 09:25:39,149 [INFO] PluginManager:220 - loadIPPluginJar : add tsc
2023-06-18 09:25:39,150 [INFO] IPUIPlugin:80 - create IPUIPlugin
2023-06-18 09:25:39,150 [INFO] PluginManager:220 - loadIPPluginJar : add ltdc
2023-06-18 09:25:39,159 [INFO] IPUIPlugin:80 - create IPUIPlugin
2023-06-18 09:25:39,159 [INFO] PluginManager:220 - loadIPPluginJar : add stm32_wpan
2023-06-18 09:25:39,162 [INFO] IPUIPlugin:80 - create IPUIPlugin
2023-06-18 09:25:39,162 [INFO] PluginManager:220 - loadIPPluginJar : add gtzc
2023-06-18 09:25:39,165 [INFO] IPUIPlugin:80 - create IPUIPlugin
2023-06-18 09:25:39,165 [INFO] PluginManager:220 - loadIPPluginJar : add usart
2023-06-18 09:25:39,167 [INFO] IPUIPlugin:80 - create IPUIPlugin
2023-06-18 09:25:39,167 [INFO] PluginManager:220 - loadIPPluginJar : add hash
2023-06-18 09:25:39,169 [INFO] IPUIPlugin:80 - create IPUIPlugin
2023-06-18 09:25:39,169 [INFO] PluginManager:220 - loadIPPluginJar : add ucpd
2023-06-18 09:25:39,173 [INFO] IPUIPlugin:80 - create IPUIPlugin
2023-06-18 09:25:39,173 [INFO] PluginManager:220 - loadIPPluginJar : add touchsensing
2023-06-18 09:25:39,176 [INFO] IPUIPlugin:80 - create IPUIPlugin
2023-06-18 09:25:39,176 [INFO] PluginManager:220 - loadIPPluginJar : add pdm2pcm
2023-06-18 09:25:39,177 [INFO] IPUIPlugin:80 - create IPUIPlugin
2023-06-18 09:25:39,178 [INFO] PluginManager:220 - loadIPPluginJar : add ts
2023-06-18 09:25:39,182 [INFO] IPUIPlugin:80 - create IPUIPlugin
2023-06-18 09:25:39,183 [INFO] PluginManager:220 - loadIPPluginJar : add gpio
2023-06-18 09:25:39,184 [INFO] IPUIPlugin:80 - create IPUIPlugin
2023-06-18 09:25:39,184 [INFO] PluginManager:220 - loadIPPluginJar : add quadspi
2023-06-18 09:25:39,187 [INFO] IPUIPlugin:80 - create IPUIPlugin
2023-06-18 09:25:39,187 [INFO] PluginManager:220 - loadIPPluginJar : add i2c
2023-06-18 09:25:39,190 [INFO] IPUIPlugin:80 - create IPUIPlugin
2023-06-18 09:25:39,191 [INFO] PluginManager:220 - loadIPPluginJar : add spi
2023-06-18 09:25:39,194 [INFO] IPUIPlugin:80 - create IPUIPlugin
2023-06-18 09:25:39,194 [INFO] PluginManager:220 - loadIPPluginJar : add opamp
2023-06-18 09:25:39,200 [INFO] IPUIPlugin:80 - create IPUIPlugin
2023-06-18 09:25:39,200 [INFO] PluginManager:220 - loadIPPluginJar : add gic
2023-06-18 09:25:39,202 [INFO] IPUIPlugin:80 - create IPUIPlugin
2023-06-18 09:25:39,203 [INFO] PluginManager:220 - loadIPPluginJar : add aes
2023-06-18 09:25:39,211 [INFO] IPUIPlugin:80 - create IPUIPlugin
2023-06-18 09:25:39,211 [INFO] PluginManager:220 - loadIPPluginJar : add linkedlist
2023-06-18 09:25:39,213 [INFO] IPUIPlugin:80 - create IPUIPlugin
2023-06-18 09:25:39,214 [INFO] PluginManager:220 - loadIPPluginJar : add lorawan
2023-06-18 09:25:39,217 [INFO] IPUIPlugin:80 - create IPUIPlugin
2023-06-18 09:25:39,217 [INFO] PluginManager:220 - loadIPPluginJar : add sai
2023-06-18 09:25:39,225 [INFO] IPUIPlugin:80 - create IPUIPlugin
2023-06-18 09:25:39,225 [INFO] PluginManager:220 - loadIPPluginJar : add dma
2023-06-18 09:25:39,226 [INFO] IPUIPlugin:80 - create IPUIPlugin
2023-06-18 09:25:39,227 [INFO] PluginManager:220 - loadIPPluginJar : add genericplugin
2023-06-18 09:25:39,228 [INFO] IPUIPlugin:80 - create IPUIPlugin
2023-06-18 09:25:39,228 [INFO] PluginManager:220 - loadIPPluginJar : add tim
2023-06-18 09:25:39,231 [INFO] IPUIPlugin:80 - create IPUIPlugin
2023-06-18 09:25:39,231 [INFO] PluginManager:220 - loadIPPluginJar : add usbx
2023-06-18 09:25:39,238 [INFO] IPUIPlugin:80 - create IPUIPlugin
2023-06-18 09:25:39,238 [INFO] PluginManager:220 - loadIPPluginJar : add freertos
2023-06-18 09:25:39,240 [INFO] IPUIPlugin:80 - create IPUIPlugin
2023-06-18 09:25:39,240 [INFO] PluginManager:220 - loadIPPluginJar : add comp
2023-06-18 09:25:39,245 [INFO] IPUIPlugin:80 - create IPUIPlugin
2023-06-18 09:25:39,245 [INFO] PluginManager:220 - loadIPPluginJar : add fmc
2023-06-18 09:25:39,247 [INFO] IPUIPlugin:80 - create IPUIPlugin
2023-06-18 09:25:39,247 [INFO] PluginManager:220 - loadIPPluginJar : add tracer_emb
2023-06-18 09:25:39,253 [INFO] IPUIPlugin:80 - create IPUIPlugin
2023-06-18 09:25:39,253 [INFO] PluginManager:220 - loadIPPluginJar : add mdma
2023-06-18 09:25:39,256 [INFO] IPUIPlugin:80 - create IPUIPlugin
2023-06-18 09:25:39,256 [INFO] PluginManager:220 - loadIPPluginJar : add gfxmmu
2023-06-18 09:25:39,259 [INFO] IPUIPlugin:80 - create IPUIPlugin
2023-06-18 09:25:39,259 [INFO] PluginManager:220 - loadIPPluginJar : add i3c
2023-06-18 09:25:39,261 [INFO] IPUIPlugin:80 - create IPUIPlugin
2023-06-18 09:25:39,262 [INFO] PluginManager:220 - loadIPPluginJar : add openamp
2023-06-18 09:25:39,269 [INFO] IPUIPlugin:80 - create IPUIPlugin
2023-06-18 09:25:39,272 [INFO] PluginManager:220 - loadIPPluginJar : add plateformsettings
2023-06-18 09:25:39,288 [INFO] IPUIPlugin:80 - create IPUIPlugin
2023-06-18 09:25:39,288 [INFO] PluginManager:220 - loadIPPluginJar : add dma3
2023-06-18 09:25:39,291 [INFO] IPUIPlugin:80 - create IPUIPlugin
2023-06-18 09:25:39,291 [INFO] PluginManager:220 - loadIPPluginJar : add can
2023-06-18 09:25:39,293 [INFO] IPUIPlugin:80 - create IPUIPlugin
2023-06-18 09:25:39,293 [INFO] PluginManager:220 - loadIPPluginJar : add fatfs
2023-06-18 09:25:39,295 [INFO] IPUIPlugin:80 - create IPUIPlugin
2023-06-18 09:25:39,295 [INFO] PluginManager:220 - loadIPPluginJar : add i2s
2023-06-18 09:25:39,297 [INFO] IPUIPlugin:80 - create IPUIPlugin
2023-06-18 09:25:39,297 [INFO] PluginManager:220 - loadIPPluginJar : add dfsdm
2023-06-18 09:25:39,301 [INFO] IPUIPlugin:80 - create IPUIPlugin
2023-06-18 09:25:39,302 [INFO] PluginManager:220 - loadIPPluginJar : add nvic
2023-06-18 09:25:39,418 [INFO] CADModel:165 - CPN selected for project level
2023-06-18 09:25:39,418 [INFO] CADModel:114 - Register for checkConnection events
2023-06-18 09:25:39,419 [FATAL] Updater:308 - Updater called before beeing initialized
2023-06-18 09:25:39,419 [ERROR] CADModel:125 - Updater not yet initialized, retry later 
2023-06-18 09:25:39,616 [INFO] CADModel:165 - CPN selected for project level
2023-06-18 09:25:39,616 [INFO] CADModel:114 - Register for checkConnection events
2023-06-18 09:25:39,616 [FATAL] Updater:308 - Updater called before beeing initialized
2023-06-18 09:25:39,616 [ERROR] CADModel:125 - Updater not yet initialized, retry later 
2023-06-18 09:25:39,619 [FATAL] Updater:308 - Updater called before beeing initialized
2023-06-18 09:25:39,810 [FATAL] Updater:308 - Updater called before beeing initialized
2023-06-18 09:25:39,819 [INFO] DbMcusAds:53 - JSON generation date=Tue Mar 07 14:20:55 IST 2023 (1678179055335)
2023-06-18 09:25:39,819 [FATAL] Updater:308 - Updater called before beeing initialized
2023-06-18 09:25:39,869 [WARN] DetailPanel:346 - Failed to get advertising image, set to default
2023-06-18 09:25:40,050 [FATAL] Updater:308 - Updater called before beeing initialized
2023-06-18 09:25:40,053 [FATAL] Updater:308 - Updater called before beeing initialized
2023-06-18 09:25:40,053 [FATAL] Updater:308 - Updater called before beeing initialized
2023-06-18 09:25:40,053 [WARN] DetailPanel:346 - Failed to get advertising image, set to default
2023-06-18 09:25:40,055 [FATAL] Updater:308 - Updater called before beeing initialized
2023-06-18 09:25:40,094 [ERROR] Updater:1120 - MainUpdater not yet initialized. External WinMGr cannot be set.
2023-06-18 09:25:40,097 [INFO] Updater:1056 - Updater Version found : 6.8.1
2023-06-18 09:25:40,150 [INFO] ApplicationProperties:184 - Using Application install path: /opt/st/stm32cubeide_1.12.1/plugins/com.st.stm32cube.common.mx_6.8.1.202304191431
2023-06-18 09:25:41,526 [INFO] ThirdPartyUpdaterWithRetryManager:70 - Updater plugin not ready yet. [2/15]
2023-06-18 09:25:42,462 [INFO] MainUpdater:2854 - connection check result : 10
2023-06-18 09:25:42,464 [INFO] MainUpdater:283 - Updater Check For Update Now.
2023-06-18 09:25:42,465 [INFO] MicroXplorer:498 - Change Database Version : DB.6.0.81
2023-06-18 09:25:42,639 [INFO] CheckServerUpdateThread:120 - End of CheckServer Thread
2023-06-18 09:25:42,683 [INFO] MainUpdater:2854 - connection check result : 10
2023-06-18 09:25:42,685 [INFO] MainUpdater:2854 - connection check result : 10
2023-06-18 09:25:42,757 [INFO] MicroXplorer:468 - Change Database Path : 
2023-06-18 09:25:42,758 [INFO] MicroXplorer:498 - Change Database Version : DB.6.0.81
2023-06-18 09:25:42,759 [WARN] ThirdParty:871 - waiting for thirdparty lock release [close project]
2023-06-18 09:25:44,672 [WARN] PackLoader:240 - Cannot read IP mode file for STMicroelectronics.X-CUBE-SMBUS.2.1.0
2023-06-18 09:25:44,723 [WARN] PackLoader:240 - Cannot read IP mode file for STMicroelectronics.X-CUBE-AZRTOS-F7.1.1.0
2023-06-18 09:25:44,730 [ERROR] RealEvaluatedCondition:428 - Found unsupported composite condition: CLASS='Data Exchange' GROUP='STM32_MetaDataManager'
2023-06-18 09:25:44,731 [ERROR] RealEvaluatedCondition:428 - Found unsupported composite condition: GROUP='STM32_MetaDataManager' CLASS='Data Exchange'
2023-06-18 09:25:44,732 [WARN] PackLoader:240 - Cannot read IP mode file for STMicroelectronics.FP-SNS-MOTENV1.4.3.0
2023-06-18 09:25:44,738 [WARN] PackLoader:240 - Cannot read IP mode file for STMicroelectronics.FP-SNS-FLIGHT1.5.0.0
2023-06-18 09:25:44,742 [ERROR] RealEvaluatedCondition:428 - Found unsupported composite condition: CLASS='Data Exchange' GROUP='STM32_MetaDataManager'
2023-06-18 09:25:44,742 [ERROR] RealEvaluatedCondition:428 - Found unsupported composite condition: CLASS='Data Exchange' GROUP='STM32_MetaDataManager'
2023-06-18 09:25:44,744 [WARN] PackLoader:240 - Cannot read IP mode file for STMicroelectronics.FP-SNS-MOTENV1.4.3.1
2023-06-18 09:25:44,749 [WARN] PackLoader:240 - Cannot read IP mode file for STMicroelectronics.FP-SNS-FLIGHT1.5.0.1
2023-06-18 09:25:44,759 [WARN] PackLoader:240 - Cannot read IP mode file for STMicroelectronics.X-CUBE-BLE1.6.2.4
2023-06-18 09:25:44,765 [WARN] PackLoader:240 - Cannot read IP mode file for STMicroelectronics.X-CUBE-DISPLAY.3.0.0
2023-06-18 09:25:44,779 [INFO] LogOutputStream:77 - [STDOUT_REDIRECT] 1 : Invalid condition id : UX_CORESTACK_Condition cause : null
2023-06-18 09:25:44,779 [INFO] LogOutputStream:77 - [STDOUT_REDIRECT] 1 : Invalid condition id : UX_CORESTACK_Condition cause : null
2023-06-18 09:25:44,780 [INFO] LogOutputStream:77 - [STDOUT_REDIRECT] 1 : Invalid condition id : UX_CORESTACK_Condition cause : null
2023-06-18 09:25:44,780 [INFO] LogOutputStream:77 - [STDOUT_REDIRECT] 1 : Invalid condition id : UX_CORESTACK_Condition cause : null
2023-06-18 09:25:44,780 [INFO] LogOutputStream:77 - [STDOUT_REDIRECT] 1 : Invalid condition id : UX_CORESTACK_Condition cause : null
2023-06-18 09:25:44,812 [WARN] PackLoader:240 - Cannot read IP mode file for STMicroelectronics.X-CUBE-AZRTOS-WL.2.0.0
2023-06-18 09:25:44,827 [WARN] PackLoader:240 - Cannot read IP mode file for WES.I-CUBE-Cesium.1.3.0
2023-06-18 09:25:44,839 [WARN] PackLoader:240 - Cannot read IP mode file for STMicroelectronics.X-CUBE-BLE2.3.3.0
2023-06-18 09:25:44,844 [WARN] PackLoader:240 - Cannot read IP mode file for STMicroelectronics.X-CUBE-TOUCHGFX.4.21.3
2023-06-18 09:25:44,847 [WARN] PackLoader:240 - Cannot read IP mode file for STMicroelectronics.X-CUBE-TOUCHGFX.4.21.4
2023-06-18 09:25:44,858 [WARN] PackLoader:240 - Cannot read IP mode file for STMicroelectronics.X-CUBE-ALGOBUILD.1.3.0
2023-06-18 09:25:44,884 [WARN] PackLoader:240 - Cannot read IP mode file for STMicroelectronics.X-CUBE-AZRTOS-G0.1.1.0
2023-06-18 09:25:44,894 [WARN] PackLoader:240 - Cannot read IP mode file for STMicroelectronics.X-CUBE-NFC4.3.0.0
2023-06-18 09:25:44,900 [WARN] PackLoader:240 - Cannot read IP mode file for STMicroelectronics.FP-ATR-SIGFOX1.3.2.0
2023-06-18 09:25:44,995 [WARN] PackLoader:240 - Cannot read IP mode file for SEGGER.I-CUBE-embOS.1.3.1
2023-06-18 09:25:45,167 [WARN] PackLoader:240 - Cannot read IP mode file for STMicroelectronics.X-CUBE-GNSS1.6.0.0
2023-06-18 09:25:45,249 [WARN] PackLoader:240 - Cannot read IP mode file for STMicroelectronics.X-CUBE-AZRTOS-F4.1.1.0
2023-06-18 09:25:45,268 [WARN] PackLoader:240 - Cannot read IP mode file for wolfSSL.I-CUBE-wolfSSL.5.6.0
2023-06-18 09:25:45,424 [WARN] PackLoader:240 - Cannot read IP mode file for STMicroelectronics.X-CUBE-MEMS1.9.6.0
2023-06-18 09:25:45,786 [WARN] PackLoader:240 - Cannot read IP mode file for emotas.I-CUBE-CANOPEN.1.1.3
2023-06-18 09:25:45,797 [WARN] PackLoader:240 - Cannot read IP mode file for STMicroelectronics.X-CUBE-BLEMGR.2.0.0
2023-06-18 09:25:45,844 [WARN] ConditionMgr:438 - getConditionDescription Invalid condition id : UX DEVICE CLASS RTOS Condition cause : null
2023-06-18 09:25:45,845 [WARN] ConditionMgr:438 - getConditionDescription Invalid condition id : UX DEVICE CLASS RTOS Condition cause : null
2023-06-18 09:25:45,851 [WARN] PackLoader:240 - Cannot read IP mode file for STMicroelectronics.X-CUBE-AZRTOS-H7.3.1.0
2023-06-18 09:25:45,853 [WARN] ConditionMgr:1039 - genDependencies : Invalid condition id : UX DEVICE CLASS RTOS Condition cause : null
2023-06-18 09:25:45,853 [WARN] ConditionMgr:1039 - genDependencies : Invalid condition id : UX DEVICE CLASS RTOS Condition cause : null
2023-06-18 09:25:45,854 [WARN] ConditionMgr:1039 - genDependencies : Invalid condition id : UX DEVICE CLASS RTOS Condition cause : null
2023-06-18 09:25:45,855 [WARN] ConditionMgr:1039 - genDependencies : Invalid condition id : UX DEVICE CLASS RTOS Condition cause : null
2023-06-18 09:25:45,855 [WARN] ConditionMgr:1039 - genDependencies : Invalid condition id : UX DEVICE CLASS RTOS Condition cause : null
2023-06-18 09:25:45,865 [WARN] PackLoader:240 - Cannot read IP mode file for STMicroelectronics.X-CUBE-NFC7.1.0.0
2023-06-18 09:25:45,877 [WARN] PackLoader:240 - Cannot read IP mode file for STMicroelectronics.X-CUBE-EEPRMA1.4.1.0
2023-06-18 09:25:45,928 [WARN] ConditionMgr:438 - getConditionDescription Invalid condition id : LAN8742 Phy interface Condition cause : null
2023-06-18 09:25:45,930 [WARN] PackLoader:240 - Cannot read IP mode file for STMicroelectronics.X-CUBE-AZRTOS-L4.2.0.0
2023-06-18 09:25:45,932 [WARN] ConditionMgr:1039 - genDependencies : Invalid condition id : LAN8742 Phy interface Condition cause : null
2023-06-18 09:25:45,933 [WARN] ConditionMgr:1039 - genDependencies : Invalid condition id : LAN8742 Phy interface Condition cause : null
2023-06-18 09:25:45,934 [WARN] ConditionMgr:1039 - genDependencies : Invalid condition id : LAN8742 Phy interface Condition cause : null
2023-06-18 09:25:45,947 [WARN] PackLoader:240 - Cannot read IP mode file for STMicroelectronics.X-CUBE-SFXS2LP1.4.0.0
2023-06-18 09:25:45,953 [WARN] PackLoader:240 - Cannot read IP mode file for STMicroelectronics.X-CUBE-ISPU.1.1.0
2023-06-18 09:25:45,960 [WARN] PackLoader:240 - Cannot read IP mode file for STMicroelectronics.X-CUBE-AI.8.0.0
2023-06-18 09:25:45,968 [WARN] PackLoader:240 - Cannot read IP mode file for STMicroelectronics.X-CUBE-FREERTOS.1.0.1
2023-06-18 09:25:45,991 [WARN] PackLoader:240 - Cannot read IP mode file for STMicroelectronics.X-CUBE-AZRTOS-L5.1.1.0
2023-06-18 09:25:46,000 [WARN] PackLoader:240 - Cannot read IP mode file for STMicroelectronics.X-CUBE-AI.8.0.1
2023-06-18 09:25:46,014 [WARN] PackLoader:240 - Cannot read IP mode file for STMicroelectronics.X-CUBE-SUBG2.5.0.0
2023-06-18 09:25:46,057 [WARN] PackLoader:240 - Cannot read IP mode file for STMicroelectronics.X-CUBE-AZRTOS-G4.2.0.0
2023-06-18 09:25:46,079 [WARN] PackLoader:240 - Cannot read IP mode file for STMicroelectronics.X-CUBE-TOF1.3.3.0
2023-06-18 09:25:46,127 [WARN] PackLoader:240 - Cannot read IP mode file for STMicroelectronics.X-CUBE-AZRTOS-L4.1.0.0
2023-06-18 09:25:46,151 [WARN] PackLoader:240 - Cannot read IP mode file for STMicroelectronics.X-CUBE-AZRTOS-WL.1.0.0
2023-06-18 09:25:46,159 [WARN] PackLoader:240 - Cannot read IP mode file for portGmbH.I-Cube-SoM-uGOAL.1.1.0
2023-06-18 09:25:46,164 [WARN] PackLoader:240 - Cannot read IP mode file for STMicroelectronics.X-CUBE-ALS.1.0.1
2023-06-18 09:25:46,180 [WARN] PackLoader:240 - Cannot read IP mode file for STMicroelectronics.X-CUBE-AZRTOS-WB.1.1.0
2023-06-18 09:25:46,185 [WARN] PackLoader:240 - Cannot read IP mode file for STMicroelectronics.FP-ATR-ASTRA1.2.0.0
2023-06-18 09:25:46,186 [INFO] ThirdParty:978 - Integrity check success = true
2023-06-18 09:25:46,186 [INFO] IntegrityCheckThread:100 - exiting critical section [integrity check]
2023-06-18 09:25:46,186 [INFO] IntegrityCheckThread:103 - End integrity checks thread
2023-06-18 09:25:46,186 [INFO] ThirdParty:873 - entering critical section [close project]
2023-06-18 09:25:46,188 [INFO] ThirdParty:883 - exiting critical section [close project]
2023-06-18 09:25:46,193 [INFO] PinOutPanel:1499 - setPackage(No Configuration,No Configuration)
2023-06-18 09:25:46,199 [INFO] UtilMem:75 - Begin LoadConfig() Used Memory: 453503720 Bytes (525336576)
2023-06-18 09:25:46,203 [INFO] MicroXplorer:468 - Change Database Path : /home/dinesh/.stm32cubemx/databases/DB.6.0.70/db/
2023-06-18 09:25:46,204 [INFO] MicroXplorer:498 - Change Database Version : DB.6.0.70
2023-06-18 09:26:18,643 [ERROR] ConfigurationRetriever:142 - IOException on connection: Read timed out
