2023-06-27 09:33:24,497 [INFO] Activator:176 - 


2023-06-27 09:33:24,504 [INFO] Activator:177 - !SESSION log4j initialized
2023-06-27 09:33:30,095 [INFO] LogOutputStream:77 - [STDOUT_REDIRECT] 
2023-06-27 09:33:52,036 [ERROR] LogOutputStream:75 - [STDERR_REDIRECT] SLF4J: Failed to load class "org.slf4j.impl.StaticLoggerBinder".
2023-06-27 09:33:52,037 [ERROR] LogOutputStream:75 - [STDERR_REDIRECT] SLF4J: Defaulting to no-operation (NOP) logger implementation
2023-06-27 09:33:52,037 [ERROR] LogOutputStream:75 - [STDERR_REDIRECT] SLF4J: See http://www.slf4j.org/codes.html#StaticLoggerBinder for further details.
2023-06-27 09:36:20,234 [INFO] ApplicationProperties:184 - Using Application install path: /opt/st/stm32cubeide_1.12.1/plugins/com.st.stm32cube.common.mx_6.8.1.202304191431
2023-06-27 09:36:20,260 [INFO] DbMcusXml:78 - Set database path to: /opt/st/stm32cubeide_1.12.1/plugins/com.st.stm32cube.common.mx_6.8.1.202304191431//db//mcu/
2023-06-27 09:36:20,260 [INFO] ApiDb:274 - Set plugin database path to: /opt/st/stm32cubeide_1.12.1/plugins/com.st.stm32cube.common.mx_6.8.1.202304191431//db//plugins/boardmanager/
2023-06-27 09:36:20,263 [WARN] ApiDb:259 - Overriding images path with different value:  => /opt/st/stm32cubeide_1.12.1/plugins/com.st.stm32cube.common.mx_6.8.1.202304191431//db//plugins/mcufinder/images/
2023-06-27 09:36:20,287 [INFO] ApiDb:250 - Set database path to: /home/dinesh/.stmcufinder/plugins/mcufinder//mcu/
2023-06-27 09:36:20,289 [INFO] DbMcusAds:125 - Set database path to: /home/dinesh/.stmcufinder/plugins/mcufinder//mcu/
2023-06-27 09:36:20,677 [INFO] CrossReferenceDbSqlite:203 - Set database path to: /home/dinesh/.stmcufinder/plugins/mcufinder//mcu/cs/
2023-06-27 09:36:20,818 [INFO] RulesReader:64 - Compatibility file has been processed (293 Rules)
2023-06-27 09:36:20,884 [INFO] DbMcusXml:78 - Set database path to: /opt/st/stm32cubeide_1.12.1/plugins/com.st.stm32cube.common.mx_6.8.1.202304191431//db//mcu/
2023-06-27 09:36:20,884 [INFO] ApiDb:274 - Set plugin database path to: /opt/st/stm32cubeide_1.12.1/plugins/com.st.stm32cube.common.mx_6.8.1.202304191431//db//plugins/boardmanager/
2023-06-27 09:36:20,884 [INFO] ApiDb:261 - Set plugin images path to: /opt/st/stm32cubeide_1.12.1/plugins/com.st.stm32cube.common.mx_6.8.1.202304191431//db//plugins/mcufinder/images/
2023-06-27 09:36:20,885 [WARN] DbFile:41 - Overriding database path with different value: /home/dinesh/.stmcufinder/plugins/mcufinder/ => /home/dinesh/.stmcufinder/plugins/mcufinder
2023-06-27 09:36:20,885 [INFO] ApiDb:250 - Set database path to: /home/dinesh/.stmcufinder/plugins/mcufinder//mcu/
2023-06-27 09:36:20,885 [WARN] DbFile:41 - Overriding database path with different value: /home/dinesh/.stmcufinder/plugins/mcufinder/ => /home/dinesh/.stmcufinder/plugins/mcufinder
2023-06-27 09:36:20,885 [INFO] DbMcusAds:125 - Set database path to: /home/dinesh/.stmcufinder/plugins/mcufinder//mcu/
2023-06-27 09:36:20,885 [WARN] DbFile:41 - Overriding database path with different value: /home/dinesh/.stmcufinder/plugins/mcufinder/ => /home/dinesh/.stmcufinder/plugins/mcufinder
2023-06-27 09:36:20,885 [WARN] DbFile:41 - Overriding database path with different value: /home/dinesh/.stmcufinder/plugins/mcufinder/ => /home/dinesh/.stmcufinder/plugins/mcufinder
2023-06-27 09:36:20,885 [INFO] CrossReferenceDbSqlite:203 - Set database path to: /home/dinesh/.stmcufinder/plugins/mcufinder//mcu/cs/
2023-06-27 09:36:20,982 [INFO] MainPanel:253 - HeapMemory: 587202560
2023-06-27 09:36:21,120 [INFO] DbMcusXml:78 - Set database path to: /opt/st/stm32cubeide_1.12.1/plugins/com.st.stm32cube.common.mx_6.8.1.202304191431//db//mcu/
2023-06-27 09:36:21,120 [INFO] ApiDb:274 - Set plugin database path to: /opt/st/stm32cubeide_1.12.1/plugins/com.st.stm32cube.common.mx_6.8.1.202304191431//db//plugins/boardmanager/
2023-06-27 09:36:21,120 [INFO] ApiDb:261 - Set plugin images path to: /opt/st/stm32cubeide_1.12.1/plugins/com.st.stm32cube.common.mx_6.8.1.202304191431//db//plugins/mcufinder/images/
2023-06-27 09:36:21,121 [WARN] DbFile:41 - Overriding database path with different value: /home/dinesh/.stmcufinder/plugins/mcufinder/ => /home/dinesh/.stmcufinder/plugins/mcufinder
2023-06-27 09:36:21,121 [INFO] ApiDb:250 - Set database path to: /home/dinesh/.stmcufinder/plugins/mcufinder//mcu/
2023-06-27 09:36:21,121 [WARN] DbFile:41 - Overriding database path with different value: /home/dinesh/.stmcufinder/plugins/mcufinder/ => /home/dinesh/.stmcufinder/plugins/mcufinder
2023-06-27 09:36:21,121 [INFO] DbMcusAds:125 - Set database path to: /home/dinesh/.stmcufinder/plugins/mcufinder//mcu/
2023-06-27 09:36:21,121 [WARN] DbFile:41 - Overriding database path with different value: /home/dinesh/.stmcufinder/plugins/mcufinder/ => /home/dinesh/.stmcufinder/plugins/mcufinder
2023-06-27 09:36:21,121 [WARN] DbFile:41 - Overriding database path with different value: /home/dinesh/.stmcufinder/plugins/mcufinder/ => /home/dinesh/.stmcufinder/plugins/mcufinder
2023-06-27 09:36:21,122 [INFO] CrossReferenceDbSqlite:203 - Set database path to: /home/dinesh/.stmcufinder/plugins/mcufinder//mcu/cs/
2023-06-27 09:36:21,142 [INFO] ApplicationProperties:184 - Using Application install path: /opt/st/stm32cubeide_1.12.1/plugins/com.st.stm32cube.common.mx_6.8.1.202304191431
2023-06-27 09:36:21,143 [INFO] PluginManage:196 - Search for loadable plugins [exclusion list=, ]
2023-06-27 09:36:21,145 [INFO] PluginManage:310 - Check plugin analytics
2023-06-27 09:36:21,405 [INFO] AnalyticsPlugin:253 - Accepted Software Licenses: 
2023-06-27 09:36:21,405 [INFO] AnalyticsPlugin:255 - Accepted CMSIS Pack Licenses: 
2023-06-27 09:36:21,405 [INFO] AnalyticsPlugin:257 - Accepted Firmware Licenses: FW.F4.1.27.0
2023-06-27 09:36:21,411 [INFO] PluginManage:359 - Loaded plugin analytics (category:tool,tabindex:-1)
2023-06-27 09:36:21,411 [INFO] PluginManage:310 - Check plugin cadmodel
2023-06-27 09:36:21,454 [INFO] CADModel:105 - Init CAD model plugin
2023-06-27 09:36:21,454 [INFO] PluginManage:359 - Loaded plugin cadmodel (category:power,tabindex:5)
2023-06-27 09:36:21,454 [INFO] PluginManage:310 - Check plugin clock
2023-06-27 09:36:21,470 [INFO] PluginManage:359 - Loaded plugin clock (category:base,tabindex:2)
2023-06-27 09:36:21,470 [INFO] PluginManage:310 - Check plugin ddr
2023-06-27 09:36:21,473 [INFO] PluginManage:359 - Loaded plugin ddr (category:tool,tabindex:6)
2023-06-27 09:36:21,473 [INFO] PluginManage:310 - Check plugin filemanager
2023-06-27 09:36:21,644 [INFO] PluginManage:359 - Loaded plugin filemanager (category:base,tabindex:10)
2023-06-27 09:36:21,644 [INFO] PluginManage:310 - Check plugin ipmanager
2023-06-27 09:36:21,652 [INFO] PluginManage:359 - Loaded plugin ipmanager (category:base,tabindex:5)
2023-06-27 09:36:21,652 [INFO] PluginManage:310 - Check plugin lpbam
2023-06-27 09:36:21,671 [INFO] PluginManage:359 - Loaded plugin lpbam (category:base,tabindex:0)
2023-06-27 09:36:21,672 [INFO] PluginManage:310 - Check plugin pinoutandconfiguration
2023-06-27 09:36:21,693 [INFO] PluginManage:359 - Loaded plugin pinoutandconfiguration (category:base,tabindex:1)
2023-06-27 09:36:21,693 [INFO] PluginManage:310 - Check plugin pinoutconfig
2023-06-27 09:36:21,911 [WARN] SupportedApi:132 - Cannot load RTOS API schema: s4s-elt-must-match.1: The content of 'definitions' must match (annotation?, (simpleType | complexType)?, (unique | key | keyref)*)). A problem was found starting at: attribute.
2023-06-27 09:36:22,078 [INFO] PluginManage:359 - Loaded plugin pinoutconfig (category:base,tabindex:0)
2023-06-27 09:36:22,078 [INFO] PluginManage:310 - Check plugin power
2023-06-27 09:36:22,093 [INFO] PluginManage:359 - Loaded plugin power (category:power,tabindex:4)
2023-06-27 09:36:22,094 [INFO] PluginManage:310 - Check plugin projectmanager
2023-06-27 09:36:22,128 [INFO] PluginManage:359 - Loaded plugin projectmanager (category:projectmanager,tabindex:3)
2023-06-27 09:36:22,128 [INFO] PluginManage:310 - Check plugin thirdparty
2023-06-27 09:36:22,290 [WARN] IntegrityCheckThread:84 - waiting for thirdparty lock release [integrity check]
2023-06-27 09:36:22,291 [INFO] PluginManage:359 - Loaded plugin thirdparty (category:base,tabindex:-1)
2023-06-27 09:36:22,291 [INFO] IntegrityCheckThread:86 - entering critical section [integrity check]
2023-06-27 09:36:22,291 [INFO] PluginManage:310 - Check plugin tools
2023-06-27 09:36:22,295 [INFO] ThirdPartyUpdaterWithRetryManager:70 - Updater plugin not ready yet. [1/15]
2023-06-27 09:36:22,295 [INFO] PluginManage:359 - Loaded plugin tools (category:base,tabindex:7)
2023-06-27 09:36:22,296 [INFO] PluginManage:310 - Check plugin tutovideos
2023-06-27 09:36:22,512 [INFO] PluginManage:359 - Loaded plugin tutovideos (category:base,tabindex:-1)
2023-06-27 09:36:22,512 [INFO] PluginManage:310 - Check plugin updater
2023-06-27 09:36:22,549 [INFO] PluginManage:359 - Loaded plugin updater (category:base,tabindex:12)
2023-06-27 09:36:22,550 [INFO] PluginManage:283 - PluginManage : Loaded plugins [15]
2023-06-27 09:36:22,773 [INFO] PinOutPanel:1499 - setPackage(No Configuration,No Configuration)
2023-06-27 09:36:22,828 [INFO] CADModel:165 - CPN selected for project level
2023-06-27 09:36:22,828 [INFO] CADModel:114 - Register for checkConnection events
2023-06-27 09:36:22,855 [INFO] IPUIPlugin:80 - create IPUIPlugin
2023-06-27 09:36:22,855 [INFO] PluginManager:220 - loadIPPluginJar : add cryp
2023-06-27 09:36:22,869 [INFO] IPUIPlugin:80 - create IPUIPlugin
2023-06-27 09:36:22,869 [INFO] PluginManager:220 - loadIPPluginJar : add resmgrutility
2023-06-27 09:36:22,873 [INFO] IPUIPlugin:80 - create IPUIPlugin
2023-06-27 09:36:22,874 [INFO] PluginManager:220 - loadIPPluginJar : add ipddr
2023-06-27 09:36:22,881 [INFO] IPUIPlugin:80 - create IPUIPlugin
2023-06-27 09:36:22,881 [INFO] PluginManager:220 - loadIPPluginJar : add adc
2023-06-27 09:36:22,882 [INFO] IPUIPlugin:80 - create IPUIPlugin
2023-06-27 09:36:22,883 [INFO] PluginManager:220 - loadIPPluginJar : add tsc
2023-06-27 09:36:22,884 [INFO] IPUIPlugin:80 - create IPUIPlugin
2023-06-27 09:36:22,884 [INFO] PluginManager:220 - loadIPPluginJar : add ltdc
2023-06-27 09:36:22,891 [INFO] IPUIPlugin:80 - create IPUIPlugin
2023-06-27 09:36:22,891 [INFO] PluginManager:220 - loadIPPluginJar : add stm32_wpan
2023-06-27 09:36:22,894 [INFO] IPUIPlugin:80 - create IPUIPlugin
2023-06-27 09:36:22,894 [INFO] PluginManager:220 - loadIPPluginJar : add gtzc
2023-06-27 09:36:22,897 [INFO] IPUIPlugin:80 - create IPUIPlugin
2023-06-27 09:36:22,898 [INFO] PluginManager:220 - loadIPPluginJar : add usart
2023-06-27 09:36:22,900 [INFO] IPUIPlugin:80 - create IPUIPlugin
2023-06-27 09:36:22,900 [INFO] PluginManager:220 - loadIPPluginJar : add hash
2023-06-27 09:36:22,902 [INFO] IPUIPlugin:80 - create IPUIPlugin
2023-06-27 09:36:22,902 [INFO] PluginManager:220 - loadIPPluginJar : add ucpd
2023-06-27 09:36:22,906 [INFO] IPUIPlugin:80 - create IPUIPlugin
2023-06-27 09:36:22,906 [INFO] PluginManager:220 - loadIPPluginJar : add touchsensing
2023-06-27 09:36:22,909 [INFO] IPUIPlugin:80 - create IPUIPlugin
2023-06-27 09:36:22,909 [INFO] PluginManager:220 - loadIPPluginJar : add pdm2pcm
2023-06-27 09:36:22,911 [INFO] IPUIPlugin:80 - create IPUIPlugin
2023-06-27 09:36:22,911 [INFO] PluginManager:220 - loadIPPluginJar : add ts
2023-06-27 09:36:22,916 [INFO] IPUIPlugin:80 - create IPUIPlugin
2023-06-27 09:36:22,916 [INFO] PluginManager:220 - loadIPPluginJar : add gpio
2023-06-27 09:36:22,918 [INFO] IPUIPlugin:80 - create IPUIPlugin
2023-06-27 09:36:22,918 [INFO] PluginManager:220 - loadIPPluginJar : add quadspi
2023-06-27 09:36:22,920 [INFO] IPUIPlugin:80 - create IPUIPlugin
2023-06-27 09:36:22,921 [INFO] PluginManager:220 - loadIPPluginJar : add i2c
2023-06-27 09:36:22,924 [INFO] IPUIPlugin:80 - create IPUIPlugin
2023-06-27 09:36:22,924 [INFO] PluginManager:220 - loadIPPluginJar : add spi
2023-06-27 09:36:22,927 [INFO] IPUIPlugin:80 - create IPUIPlugin
2023-06-27 09:36:22,928 [INFO] PluginManager:220 - loadIPPluginJar : add opamp
2023-06-27 09:36:22,935 [INFO] IPUIPlugin:80 - create IPUIPlugin
2023-06-27 09:36:22,935 [INFO] PluginManager:220 - loadIPPluginJar : add gic
2023-06-27 09:36:22,938 [INFO] IPUIPlugin:80 - create IPUIPlugin
2023-06-27 09:36:22,938 [INFO] PluginManager:220 - loadIPPluginJar : add aes
2023-06-27 09:36:22,946 [INFO] IPUIPlugin:80 - create IPUIPlugin
2023-06-27 09:36:22,946 [INFO] PluginManager:220 - loadIPPluginJar : add linkedlist
2023-06-27 09:36:22,951 [INFO] IPUIPlugin:80 - create IPUIPlugin
2023-06-27 09:36:22,952 [INFO] PluginManager:220 - loadIPPluginJar : add lorawan
2023-06-27 09:36:22,956 [INFO] IPUIPlugin:80 - create IPUIPlugin
2023-06-27 09:36:22,957 [INFO] PluginManager:220 - loadIPPluginJar : add sai
2023-06-27 09:36:22,965 [INFO] IPUIPlugin:80 - create IPUIPlugin
2023-06-27 09:36:22,965 [INFO] PluginManager:220 - loadIPPluginJar : add dma
2023-06-27 09:36:22,967 [INFO] IPUIPlugin:80 - create IPUIPlugin
2023-06-27 09:36:22,967 [INFO] PluginManager:220 - loadIPPluginJar : add genericplugin
2023-06-27 09:36:22,969 [INFO] IPUIPlugin:80 - create IPUIPlugin
2023-06-27 09:36:22,969 [INFO] PluginManager:220 - loadIPPluginJar : add tim
2023-06-27 09:36:22,972 [INFO] IPUIPlugin:80 - create IPUIPlugin
2023-06-27 09:36:22,972 [INFO] PluginManager:220 - loadIPPluginJar : add usbx
2023-06-27 09:36:22,979 [INFO] IPUIPlugin:80 - create IPUIPlugin
2023-06-27 09:36:22,980 [INFO] PluginManager:220 - loadIPPluginJar : add freertos
2023-06-27 09:36:22,981 [INFO] IPUIPlugin:80 - create IPUIPlugin
2023-06-27 09:36:22,981 [INFO] PluginManager:220 - loadIPPluginJar : add comp
2023-06-27 09:36:22,987 [INFO] IPUIPlugin:80 - create IPUIPlugin
2023-06-27 09:36:22,987 [INFO] PluginManager:220 - loadIPPluginJar : add fmc
2023-06-27 09:36:22,990 [INFO] IPUIPlugin:80 - create IPUIPlugin
2023-06-27 09:36:22,991 [INFO] PluginManager:220 - loadIPPluginJar : add tracer_emb
2023-06-27 09:36:23,000 [INFO] IPUIPlugin:80 - create IPUIPlugin
2023-06-27 09:36:23,000 [INFO] PluginManager:220 - loadIPPluginJar : add mdma
2023-06-27 09:36:23,005 [INFO] IPUIPlugin:80 - create IPUIPlugin
2023-06-27 09:36:23,005 [INFO] PluginManager:220 - loadIPPluginJar : add gfxmmu
2023-06-27 09:36:23,009 [INFO] IPUIPlugin:80 - create IPUIPlugin
2023-06-27 09:36:23,009 [INFO] PluginManager:220 - loadIPPluginJar : add i3c
2023-06-27 09:36:23,012 [INFO] IPUIPlugin:80 - create IPUIPlugin
2023-06-27 09:36:23,012 [INFO] PluginManager:220 - loadIPPluginJar : add openamp
2023-06-27 09:36:23,022 [INFO] IPUIPlugin:80 - create IPUIPlugin
2023-06-27 09:36:23,025 [INFO] PluginManager:220 - loadIPPluginJar : add plateformsettings
2023-06-27 09:36:23,029 [INFO] IPUIPlugin:80 - create IPUIPlugin
2023-06-27 09:36:23,029 [INFO] PluginManager:220 - loadIPPluginJar : add dma3
2023-06-27 09:36:23,031 [INFO] IPUIPlugin:80 - create IPUIPlugin
2023-06-27 09:36:23,031 [INFO] PluginManager:220 - loadIPPluginJar : add can
2023-06-27 09:36:23,033 [INFO] IPUIPlugin:80 - create IPUIPlugin
2023-06-27 09:36:23,033 [INFO] PluginManager:220 - loadIPPluginJar : add fatfs
2023-06-27 09:36:23,036 [INFO] IPUIPlugin:80 - create IPUIPlugin
2023-06-27 09:36:23,036 [INFO] PluginManager:220 - loadIPPluginJar : add i2s
2023-06-27 09:36:23,039 [INFO] IPUIPlugin:80 - create IPUIPlugin
2023-06-27 09:36:23,039 [INFO] PluginManager:220 - loadIPPluginJar : add dfsdm
2023-06-27 09:36:23,044 [INFO] IPUIPlugin:80 - create IPUIPlugin
2023-06-27 09:36:23,045 [INFO] PluginManager:220 - loadIPPluginJar : add nvic
2023-06-27 09:36:23,149 [INFO] CADModel:165 - CPN selected for project level
2023-06-27 09:36:23,150 [INFO] CADModel:114 - Register for checkConnection events
2023-06-27 09:36:23,150 [FATAL] Updater:308 - Updater called before beeing initialized
2023-06-27 09:36:23,150 [ERROR] CADModel:125 - Updater not yet initialized, retry later 
2023-06-27 09:36:23,313 [INFO] CADModel:165 - CPN selected for project level
2023-06-27 09:36:23,313 [INFO] CADModel:114 - Register for checkConnection events
2023-06-27 09:36:23,313 [FATAL] Updater:308 - Updater called before beeing initialized
2023-06-27 09:36:23,313 [ERROR] CADModel:125 - Updater not yet initialized, retry later 
2023-06-27 09:36:23,316 [FATAL] Updater:308 - Updater called before beeing initialized
2023-06-27 09:36:23,409 [FATAL] Updater:308 - Updater called before beeing initialized
2023-06-27 09:36:23,417 [INFO] DbMcusAds:53 - JSON generation date=Tue Mar 07 14:20:55 IST 2023 (1678179055335)
2023-06-27 09:36:23,417 [FATAL] Updater:308 - Updater called before beeing initialized
2023-06-27 09:36:23,478 [WARN] DetailPanel:346 - Failed to get advertising image, set to default
2023-06-27 09:36:23,573 [FATAL] Updater:308 - Updater called before beeing initialized
2023-06-27 09:36:23,576 [FATAL] Updater:308 - Updater called before beeing initialized
2023-06-27 09:36:23,577 [FATAL] Updater:308 - Updater called before beeing initialized
2023-06-27 09:36:23,577 [WARN] DetailPanel:346 - Failed to get advertising image, set to default
2023-06-27 09:36:23,577 [FATAL] Updater:308 - Updater called before beeing initialized
2023-06-27 09:36:23,642 [ERROR] Updater:1120 - MainUpdater not yet initialized. External WinMGr cannot be set.
2023-06-27 09:36:23,645 [INFO] Updater:1056 - Updater Version found : 6.8.1
2023-06-27 09:36:23,705 [INFO] ApplicationProperties:184 - Using Application install path: /opt/st/stm32cubeide_1.12.1/plugins/com.st.stm32cube.common.mx_6.8.1.202304191431
2023-06-27 09:36:23,859 [INFO] MainUpdater:2854 - connection check result : 10
2023-06-27 09:36:23,859 [INFO] MainUpdater:283 - Updater Check For Update Now.
2023-06-27 09:36:23,860 [INFO] MicroXplorer:498 - Change Database Version : DB.6.0.81
2023-06-27 09:36:24,008 [INFO] CheckServerUpdateThread:120 - End of CheckServer Thread
2023-06-27 09:36:24,068 [INFO] MainUpdater:2854 - connection check result : 10
2023-06-27 09:36:24,531 [INFO] ApiDb:581 - Connected to CubeFinder SQLite database (/home/dinesh/.stmcufinder/plugins/mcufinder/mcu/cube-finder-db.db)
2023-06-27 09:36:24,590 [INFO] ApiDb:668 - CubeFinder database Data Model version=2.1
2023-06-27 09:36:24,590 [INFO] ApiDb:669 - CubeFinder database Configuration version=3.0.35
2023-06-27 09:36:24,591 [INFO] ApiDb:670 - CubeFinder database generation date=2023-05-12 (1683877179)
2023-06-27 09:36:24,591 [INFO] ApiDb:671 - CubeFinder database FW Pack versions=[FP-ATR-ASTRA1_V2.0.0, FP-SNS-FLIGHT1_V5.0.0, FP-SNS-MOTENV1_V4.3.0, STM32Cube_FW_C0_V1.0.1, STM32Cube_FW_F0_V1.11.4, STM32Cube_FW_F3_V1.11.4, STM32Cube_FW_F4_V1.27.1, STM32Cube_FW_F7_V1.17.0, STM32Cube_FW_G0_V1.6.1, STM32Cube_FW_G4_V1.5.1, STM32Cube_FW_H5_V0.5.1, STM32Cube_FW_H5_V1.0.0, STM32Cube_FW_H7_V1.11.0, STM32Cube_FW_L0_V1.12.2, STM32Cube_FW_L5_V1.5.0, STM32Cube_FW_U5_V1.2.0, STM32Cube_FW_WBA_V1.0.0, STM32Cube_FW_WBA_V1.0.0RC1, STM32Cube_FW_WBA_V1.0.0RC3, STM32Cube_FW_WB_V1.15.0RC1, STM32Cube_FW_WB_V1.16.0, STM32Cube_FW_WB_V1.16.0RC2, STM32Cube_FW_WL_V1.3.0, X-CUBE-ALGOBUILD_V1.3.0, X-CUBE-ALS_V1.0.1, X-CUBE-AZRTOS-F4_V1.1.0, X-CUBE-AZRTOS-F7_V1.1.0, X-CUBE-AZRTOS-G0_V1.1.0, X-CUBE-AZRTOS-G4_V2.0.0, X-CUBE-AZRTOS-H7_V3.1.0, X-CUBE-AZRTOS-L4_V1.0.0, X-CUBE-AZRTOS-L5_V1.1.0, X-CUBE-AZRTOS-WB_V1.1.0, X-CUBE-AZRTOS-WL_V1.0.0, X-CUBE-BLE1_V6.2.4, X-CUBE-BLE2_V3.3.0, X-CUBE-BLEMGR_V2.0.0, X-CUBE-EEPRMA1_V4.1.0, X-CUBE-FREERTOS_V1.0.1, X-CUBE-GNSS1_V6.0.0, X-CUBE-MEMS1_V9.1.0, X-CUBE-MEMS1_V9.4.0, X-CUBE-MEMS1_V9.6.0, X-CUBE-NFC4_V3.0.0, X-CUBE-NFC7_V1.0.0, X-CUBE-SFXS2LP1_V4.0.0, X-CUBE-SUBG2_V5.0.0]
2023-06-27 09:36:24,808 [INFO] DbBoardsSqlite:226 - include board P-NUCLEO-WB55-NUCLEO as a kit item of type 'Nucleo-64'
2023-06-27 09:36:24,808 [INFO] DbBoardsSqlite:226 - include board P-NUCLEO-WB55-USBDONGLE as a kit item of type 'Nucleo USB Dongle'
2023-06-27 09:36:24,810 [INFO] DbBoardsSqlite:226 - include board STEVAL-IDP005V1 as a kit item of type 'Evaluation Board'
2023-06-27 09:36:24,810 [INFO] DbBoardsSqlite:226 - include board STEVAL-IDP005V2 as a kit item of type 'Evaluation Board'
2023-06-27 09:36:25,071 [INFO] ApiDb:240 - Found 297 in-development CPN: [B-G473E-ZEST1S, B-WB1M-WPAN1, B-WL5M-SUBG1, NUCLEO-C031C6, NUCLEO-H503RB, NUCLEO-H563ZI, NUCLEO-U545RE-Q, NUCLEO-U5A5ZJ-Q, NUCLEO-WBA52CG, STEVAL-PROTEUS1, STEVAL-STWINBX1, STM320518-EVAL, STM32C0116-DK, STM32C011D6Y3TR, STM32C011D6Y6TR, STM32C011F4P3, STM32C011F4P6, STM32C011F4U3, STM32C011F4U6TR, STM32C011F6P3, STM32C011F6P6, STM32C011F6U3, STM32C011F6U6TR, STM32C011J4M3, STM32C011J4M6, STM32C011J6M3, STM32C011J6M6, STM32C0316-DK, STM32C031C4T3, STM32C031C4T6, STM32C031C4U3, STM32C031C4U6, STM32C031C6T3, STM32C031C6T6, STM32C031C6U3, STM32C031C6U6, STM32C031F4P3, STM32C031F4P6, STM32C031F6P3, STM32C031F6P6, STM32C031G4U3, STM32C031G4U6, STM32C031G6U3, STM32C031G6U6, STM32C031K4T3, STM32C031K4T6, STM32C031K4U3, STM32C031K4U6, STM32C031K6T3, STM32C031K6T6, STM32C031K6U3, STM32C031K6U6, STM32G071K8TXN, STM32G071K8UXN, STM32G081GBU6N, STM32G081KBT6N, STM32G081KBUXN, STM32G0B1CCT6N, STM32G0B1KCT6, STM32G0B1NEY6TR, STM32G0B1RCT6N, STM32G0C1CCT6, STM32G0C1CCT6N, STM32G0C1CCU6N, STM32G0C1CET6N, STM32G0C1CEU6N, STM32G0C1KCT6, STM32G0C1NEY6TR, STM32G0C1RCI6N, STM32G0C1RCT6N, STM32G0C1REI6N, STM32G0C1RET6N, STM32G0C1VCI6, STM32G0C1VEI6, STM32G471CCT6, STM32G471CCU6, STM32G471CET3, STM32G471CET6, STM32G471CEU3, STM32G471CEU6, STM32G471MCT6, STM32G471MET3, STM32G471MET6, STM32G471MEY6TR, STM32G471QCT6, STM32G471QET3, STM32G471RCT6, STM32G471RET3, STM32G471RET6, STM32G471VCH6, STM32G471VCI6, STM32G471VCT6, STM32G471VEH3, STM32G471VEH6, STM32G471VEI3, STM32G471VEI6, STM32G471VET3, STM32G471VET6, STM32G474CCT6, STM32H503CBT6, STM32H503CBU6, STM32H503EBY6TR, STM32H503KBU6, STM32H503RBT6, STM32H562AGI6, STM32H562AII6, STM32H562IGK6, STM32H562IGT6, STM32H562IIK6, STM32H562IIT6, STM32H562RGT6, STM32H562RGV6, STM32H562RIT6, STM32H562RIV6, STM32H562VGT6, STM32H562VIT6, STM32H562ZGT6, STM32H562ZIT6, STM32H563AGI6, STM32H563AII3Q, STM32H563AII6, STM32H563IGK6, STM32H563IGT6, STM32H563IIK3Q, STM32H563IIK6, STM32H563IIT3Q, STM32H563IIT6, STM32H563MIY3QTR, STM32H563RGT6, STM32H563RGV6, STM32H563RIT6, STM32H563RIV6, STM32H563VGT6, STM32H563VIT3Q, STM32H563VIT6, STM32H563ZGT6, STM32H563ZIT3Q, STM32H563ZIT6, STM32H573AII3Q, STM32H573AII6, STM32H573I-DK, STM32H573IIK3Q, STM32H573IIK6, STM32H573IIT3Q, STM32H573IIT6, STM32H573MIY3QTR, STM32H573RIT6, STM32H573RIV6, STM32H573VIT3Q, STM32H573VIT6, STM32H573ZIT3Q, STM32H573ZIT6, STM32L4R5QGI6STR, STM32MP131AAE3, STM32MP131AAF3, STM32MP131AAG3, STM32MP131CAE3, STM32MP131CAF3, STM32MP131CAG3, STM32MP131DAE7, STM32MP131DAF7, STM32MP131DAG7, STM32MP131FAE7, STM32MP131FAF7, STM32MP131FAG7, STM32MP133AAE3, STM32MP133AAF3, STM32MP133AAG3, STM32MP133CAE3, STM32MP133CAF3, STM32MP133CAG3, STM32MP133DAE7, STM32MP133DAF7, STM32MP133DAG7, STM32MP133FAE7, STM32MP133FAF7, STM32MP133FAG7, STM32MP135AAE3, STM32MP135AAF3, STM32MP135AAG3, STM32MP135CAE3, STM32MP135CAF3, STM32MP135CAG3, STM32MP135DAE7, STM32MP135DAF7, STM32MP135DAG7, STM32MP135F-DK, STM32MP135FAE7, STM32MP135FAF7, STM32MP135FAF7T, STM32MP135FAF7U, STM32MP135FAG7, STM32U535CBT6, STM32U535CBT6Q, STM32U535CBU6, STM32U535CBU6Q, STM32U535CCT6, STM32U535CCT6Q, STM32U535CCU6, STM32U535CCU6Q, STM32U535CET6, STM32U535CET6Q, STM32U535CEU6, STM32U535CEU6Q, STM32U535JEY6QTR, STM32U535NCY6QTR, STM32U535NEY6QTR, STM32U535RBI6, STM32U535RBI6Q, STM32U535RBT6, STM32U535RBT6Q, STM32U535RCI6, STM32U535RCI6Q, STM32U535RCT6, STM32U535RCT6Q, STM32U535REI6, STM32U535REI6Q, STM32U535RET6, STM32U535RET6Q, STM32U535VCI6, STM32U535VCI6Q, STM32U535VCT6, STM32U535VCT6Q, STM32U535VEI6, STM32U535VEI6Q, STM32U535VET6, STM32U535VET6Q, STM32U545CET6, STM32U545CET6Q, STM32U545CEU6, STM32U545CEU6Q, STM32U545JEY6QTR, STM32U545NEY6QTR, STM32U545REI6, STM32U545REI6Q, STM32U545RET6, STM32U545RET6Q, STM32U545VEI6, STM32U545VEI6Q, STM32U545VET6, STM32U545VET6Q, STM32U595AIH6, STM32U595AIH6Q, STM32U595AJH6, STM32U595AJH6Q, STM32U595QII6, STM32U595QII6Q, STM32U595QJI6, STM32U595QJI6Q, STM32U595RIT6, STM32U595RIT6Q, STM32U595RJT6, STM32U595RJT6Q, STM32U595VIT6, STM32U595VIT6Q, STM32U595VJT6, STM32U595VJT6Q, STM32U595ZIT6, STM32U595ZIT6Q, STM32U595ZIY6QTR, STM32U595ZJT6, STM32U595ZJT6Q, STM32U595ZJY6QTR, STM32U599BJY6QTR, STM32U599NIH6Q, STM32U599NJH6Q, STM32U599VIT6Q, STM32U599VJT6, STM32U599VJT6Q, STM32U599ZIT6Q, STM32U599ZIY6QTR, STM32U599ZJT6Q, STM32U599ZJY6QTR, STM32U5A5AJH6, STM32U5A5AJH6Q, STM32U5A5QJI6, STM32U5A5QJI6Q, STM32U5A5RJT6, STM32U5A5RJT6Q, STM32U5A5VJT6, STM32U5A5VJT6Q, STM32U5A5ZJT6, STM32U5A5ZJT6Q, STM32U5A5ZJY6QTR, STM32U5A9BJY6QTR, STM32U5A9J-DK, STM32U5A9NJH6Q, STM32U5A9VJT6Q, STM32U5A9ZJT6Q, STM32U5A9ZJY6QTR, STM32WB1MMCH6, STM32WBA52CEU6, STM32WBA52CEU6T, STM32WBA52CGU6, STM32WBA52CGU6T, STM32WL5MOCH6, STM32WL5MOCH6TR]
2023-06-27 09:36:25,203 [INFO] BoardInfo:880 - No configuration file found for board P-NUCLEO-WB55
2023-06-27 09:36:25,204 [INFO] DbBoards:157 - Kit is not supported: P-NUCLEO-WB55
2023-06-27 09:36:25,207 [INFO] BoardInfo:880 - No configuration file found for board STEVAL-BFA001V1B
2023-06-27 09:36:25,207 [INFO] DbBoards:157 - Kit is not supported: STEVAL-BFA001V1B
2023-06-27 09:36:25,208 [INFO] BoardInfo:880 - No configuration file found for board STEVAL-BFA001V2B
2023-06-27 09:36:25,208 [INFO] DbBoards:157 - Kit is not supported: STEVAL-BFA001V2B
2023-06-27 09:36:25,330 [INFO] DbBoards:161 - Found 187 boards, 184 are supported
2023-06-27 09:36:25,336 [INFO] ApiDb:668 - CubeFinder database Data Model version=2.1
2023-06-27 09:36:25,336 [INFO] ApiDb:669 - CubeFinder database Configuration version=3.0.35
2023-06-27 09:36:25,336 [INFO] ApiDb:670 - CubeFinder database generation date=2023-05-12 (1683877179)
2023-06-27 09:36:25,336 [INFO] ApiDb:671 - CubeFinder database FW Pack versions=[FP-ATR-ASTRA1_V2.0.0, FP-SNS-FLIGHT1_V5.0.0, FP-SNS-MOTENV1_V4.3.0, STM32Cube_FW_C0_V1.0.1, STM32Cube_FW_F0_V1.11.4, STM32Cube_FW_F3_V1.11.4, STM32Cube_FW_F4_V1.27.1, STM32Cube_FW_F7_V1.17.0, STM32Cube_FW_G0_V1.6.1, STM32Cube_FW_G4_V1.5.1, STM32Cube_FW_H5_V0.5.1, STM32Cube_FW_H5_V1.0.0, STM32Cube_FW_H7_V1.11.0, STM32Cube_FW_L0_V1.12.2, STM32Cube_FW_L5_V1.5.0, STM32Cube_FW_U5_V1.2.0, STM32Cube_FW_WBA_V1.0.0, STM32Cube_FW_WBA_V1.0.0RC1, STM32Cube_FW_WBA_V1.0.0RC3, STM32Cube_FW_WB_V1.15.0RC1, STM32Cube_FW_WB_V1.16.0, STM32Cube_FW_WB_V1.16.0RC2, STM32Cube_FW_WL_V1.3.0, X-CUBE-ALGOBUILD_V1.3.0, X-CUBE-ALS_V1.0.1, X-CUBE-AZRTOS-F4_V1.1.0, X-CUBE-AZRTOS-F7_V1.1.0, X-CUBE-AZRTOS-G0_V1.1.0, X-CUBE-AZRTOS-G4_V2.0.0, X-CUBE-AZRTOS-H7_V3.1.0, X-CUBE-AZRTOS-L4_V1.0.0, X-CUBE-AZRTOS-L5_V1.1.0, X-CUBE-AZRTOS-WB_V1.1.0, X-CUBE-AZRTOS-WL_V1.0.0, X-CUBE-BLE1_V6.2.4, X-CUBE-BLE2_V3.3.0, X-CUBE-BLEMGR_V2.0.0, X-CUBE-EEPRMA1_V4.1.0, X-CUBE-FREERTOS_V1.0.1, X-CUBE-GNSS1_V6.0.0, X-CUBE-MEMS1_V9.1.0, X-CUBE-MEMS1_V9.4.0, X-CUBE-MEMS1_V9.6.0, X-CUBE-NFC4_V3.0.0, X-CUBE-NFC7_V1.0.0, X-CUBE-SFXS2LP1_V4.0.0, X-CUBE-SUBG2_V5.0.0]
2023-06-27 09:36:25,432 [WARN] PackLoader:240 - Cannot read IP mode file for STMicroelectronics.X-CUBE-SMBUS.2.1.0
2023-06-27 09:36:25,469 [WARN] PackLoader:240 - Cannot read IP mode file for STMicroelectronics.X-CUBE-AZRTOS-F7.1.1.0
2023-06-27 09:36:25,486 [ERROR] RealEvaluatedCondition:428 - Found unsupported composite condition: GROUP='STM32_MetaDataManager' CLASS='Data Exchange'
2023-06-27 09:36:25,487 [ERROR] RealEvaluatedCondition:428 - Found unsupported composite condition: GROUP='STM32_MetaDataManager' CLASS='Data Exchange'
2023-06-27 09:36:25,489 [WARN] PackLoader:240 - Cannot read IP mode file for STMicroelectronics.FP-SNS-MOTENV1.4.3.0
2023-06-27 09:36:25,496 [WARN] PackLoader:240 - Cannot read IP mode file for STMicroelectronics.FP-SNS-FLIGHT1.5.0.0
2023-06-27 09:36:25,500 [ERROR] RealEvaluatedCondition:428 - Found unsupported composite condition: CLASS='Data Exchange' GROUP='STM32_MetaDataManager'
2023-06-27 09:36:25,500 [ERROR] RealEvaluatedCondition:428 - Found unsupported composite condition: CLASS='Data Exchange' GROUP='STM32_MetaDataManager'
2023-06-27 09:36:25,502 [WARN] PackLoader:240 - Cannot read IP mode file for STMicroelectronics.FP-SNS-MOTENV1.4.3.1
2023-06-27 09:36:25,509 [WARN] PackLoader:240 - Cannot read IP mode file for STMicroelectronics.FP-SNS-FLIGHT1.5.0.1
2023-06-27 09:36:25,519 [WARN] PackLoader:240 - Cannot read IP mode file for STMicroelectronics.X-CUBE-BLE1.6.2.4
2023-06-27 09:36:25,528 [WARN] PackLoader:240 - Cannot read IP mode file for STMicroelectronics.X-CUBE-DISPLAY.3.0.0
2023-06-27 09:36:25,548 [INFO] LogOutputStream:77 - [STDOUT_REDIRECT] 1 : Invalid condition id : UX_CORESTACK_Condition cause : null
2023-06-27 09:36:25,549 [INFO] LogOutputStream:77 - [STDOUT_REDIRECT] 1 : Invalid condition id : UX_CORESTACK_Condition cause : null
2023-06-27 09:36:25,549 [INFO] LogOutputStream:77 - [STDOUT_REDIRECT] 1 : Invalid condition id : UX_CORESTACK_Condition cause : null
2023-06-27 09:36:25,549 [INFO] LogOutputStream:77 - [STDOUT_REDIRECT] 1 : Invalid condition id : UX_CORESTACK_Condition cause : null
2023-06-27 09:36:25,550 [INFO] LogOutputStream:77 - [STDOUT_REDIRECT] 1 : Invalid condition id : UX_CORESTACK_Condition cause : null
2023-06-27 09:36:25,555 [WARN] PackLoader:240 - Cannot read IP mode file for STMicroelectronics.X-CUBE-AZRTOS-WL.2.0.0
2023-06-27 09:36:25,566 [WARN] PackLoader:240 - Cannot read IP mode file for WES.I-CUBE-Cesium.1.3.0
2023-06-27 09:36:25,576 [WARN] PackLoader:240 - Cannot read IP mode file for STMicroelectronics.X-CUBE-BLE2.3.3.0
2023-06-27 09:36:25,580 [WARN] PackLoader:240 - Cannot read IP mode file for STMicroelectronics.X-CUBE-TOUCHGFX.4.21.3
2023-06-27 09:36:25,583 [WARN] PackLoader:240 - Cannot read IP mode file for STMicroelectronics.X-CUBE-TOUCHGFX.4.21.4
2023-06-27 09:36:25,593 [WARN] PackLoader:240 - Cannot read IP mode file for STMicroelectronics.X-CUBE-ALGOBUILD.1.3.0
2023-06-27 09:36:25,618 [WARN] PackLoader:240 - Cannot read IP mode file for STMicroelectronics.X-CUBE-AZRTOS-G0.1.1.0
2023-06-27 09:36:25,626 [WARN] PackLoader:240 - Cannot read IP mode file for STMicroelectronics.X-CUBE-NFC4.3.0.0
2023-06-27 09:36:25,661 [WARN] PackLoader:240 - Cannot read IP mode file for STMicroelectronics.FP-ATR-SIGFOX1.3.2.0
2023-06-27 09:36:25,710 [WARN] PackLoader:240 - Cannot read IP mode file for SEGGER.I-CUBE-embOS.1.3.1
2023-06-27 09:36:25,790 [WARN] PackLoader:240 - Cannot read IP mode file for STMicroelectronics.X-CUBE-GNSS1.6.0.0
2023-06-27 09:36:25,818 [WARN] PackLoader:240 - Cannot read IP mode file for STMicroelectronics.X-CUBE-AZRTOS-F4.1.1.0
2023-06-27 09:36:25,828 [WARN] PackLoader:240 - Cannot read IP mode file for wolfSSL.I-CUBE-wolfSSL.5.6.0
2023-06-27 09:36:25,903 [WARN] PackLoader:240 - Cannot read IP mode file for STMicroelectronics.X-CUBE-MEMS1.9.6.0
2023-06-27 09:36:26,142 [WARN] PackLoader:240 - Cannot read IP mode file for emotas.I-CUBE-CANOPEN.1.1.3
2023-06-27 09:36:26,152 [WARN] PackLoader:240 - Cannot read IP mode file for STMicroelectronics.X-CUBE-BLEMGR.2.0.0
2023-06-27 09:36:26,181 [WARN] ConditionMgr:438 - getConditionDescription Invalid condition id : UX DEVICE CLASS RTOS Condition cause : null
2023-06-27 09:36:26,181 [WARN] ConditionMgr:438 - getConditionDescription Invalid condition id : UX DEVICE CLASS RTOS Condition cause : null
2023-06-27 09:36:26,185 [WARN] PackLoader:240 - Cannot read IP mode file for STMicroelectronics.X-CUBE-AZRTOS-H7.3.1.0
2023-06-27 09:36:26,187 [WARN] ConditionMgr:1039 - genDependencies : Invalid condition id : UX DEVICE CLASS RTOS Condition cause : null
2023-06-27 09:36:26,187 [WARN] ConditionMgr:1039 - genDependencies : Invalid condition id : UX DEVICE CLASS RTOS Condition cause : null
2023-06-27 09:36:26,188 [WARN] ConditionMgr:1039 - genDependencies : Invalid condition id : UX DEVICE CLASS RTOS Condition cause : null
2023-06-27 09:36:26,188 [WARN] ConditionMgr:1039 - genDependencies : Invalid condition id : UX DEVICE CLASS RTOS Condition cause : null
2023-06-27 09:36:26,188 [WARN] ConditionMgr:1039 - genDependencies : Invalid condition id : UX DEVICE CLASS RTOS Condition cause : null
2023-06-27 09:36:26,219 [WARN] PackLoader:240 - Cannot read IP mode file for STMicroelectronics.X-CUBE-NFC7.1.0.1
2023-06-27 09:36:26,226 [WARN] PackLoader:240 - Cannot read IP mode file for STMicroelectronics.X-CUBE-NFC7.1.0.0
2023-06-27 09:36:26,236 [WARN] PackLoader:240 - Cannot read IP mode file for STMicroelectronics.X-CUBE-EEPRMA1.4.1.0
2023-06-27 09:36:26,262 [WARN] ConditionMgr:438 - getConditionDescription Invalid condition id : LAN8742 Phy interface Condition cause : null
2023-06-27 09:36:26,263 [WARN] PackLoader:240 - Cannot read IP mode file for STMicroelectronics.X-CUBE-AZRTOS-L4.2.0.0
2023-06-27 09:36:26,265 [WARN] ConditionMgr:1039 - genDependencies : Invalid condition id : LAN8742 Phy interface Condition cause : null
2023-06-27 09:36:26,265 [WARN] ConditionMgr:1039 - genDependencies : Invalid condition id : LAN8742 Phy interface Condition cause : null
2023-06-27 09:36:26,266 [WARN] ConditionMgr:1039 - genDependencies : Invalid condition id : LAN8742 Phy interface Condition cause : null
2023-06-27 09:36:26,278 [WARN] PackLoader:240 - Cannot read IP mode file for STMicroelectronics.X-CUBE-SFXS2LP1.4.0.0
2023-06-27 09:36:26,285 [WARN] PackLoader:240 - Cannot read IP mode file for STMicroelectronics.X-CUBE-ISPU.1.1.0
2023-06-27 09:36:26,291 [WARN] PackLoader:240 - Cannot read IP mode file for STMicroelectronics.X-CUBE-AI.8.0.0
2023-06-27 09:36:26,298 [WARN] PackLoader:240 - Cannot read IP mode file for STMicroelectronics.X-CUBE-FREERTOS.1.0.1
2023-06-27 09:36:26,318 [WARN] PackLoader:240 - Cannot read IP mode file for STMicroelectronics.X-CUBE-AZRTOS-L5.1.1.0
2023-06-27 09:36:26,324 [WARN] PackLoader:240 - Cannot read IP mode file for STMicroelectronics.X-CUBE-AI.8.0.1
2023-06-27 09:36:26,337 [WARN] PackLoader:240 - Cannot read IP mode file for STMicroelectronics.X-CUBE-SUBG2.5.0.0
2023-06-27 09:36:26,383 [WARN] PackLoader:240 - Cannot read IP mode file for STMicroelectronics.X-CUBE-AZRTOS-G4.2.0.0
2023-06-27 09:36:26,407 [WARN] PackLoader:240 - Cannot read IP mode file for STMicroelectronics.X-CUBE-TOF1.3.3.0
2023-06-27 09:36:26,445 [WARN] PackLoader:240 - Cannot read IP mode file for STMicroelectronics.X-CUBE-AZRTOS-L4.1.0.0
2023-06-27 09:36:26,465 [WARN] PackLoader:240 - Cannot read IP mode file for STMicroelectronics.X-CUBE-AZRTOS-WL.1.0.0
2023-06-27 09:36:26,474 [WARN] PackLoader:240 - Cannot read IP mode file for portGmbH.I-Cube-SoM-uGOAL.1.1.0
2023-06-27 09:36:26,480 [WARN] PackLoader:240 - Cannot read IP mode file for STMicroelectronics.X-CUBE-ALS.1.0.1
2023-06-27 09:36:26,498 [WARN] PackLoader:240 - Cannot read IP mode file for STMicroelectronics.X-CUBE-AZRTOS-WB.1.1.0
2023-06-27 09:36:26,504 [WARN] PackLoader:240 - Cannot read IP mode file for STMicroelectronics.FP-ATR-ASTRA1.2.0.0
2023-06-27 09:36:26,505 [INFO] ThirdParty:978 - Integrity check success = true
2023-06-27 09:36:26,505 [INFO] IntegrityCheckThread:100 - exiting critical section [integrity check]
2023-06-27 09:36:26,505 [INFO] IntegrityCheckThread:103 - End integrity checks thread
2023-06-27 09:36:27,677 [INFO] ApiDb:240 - Found 297 in-development CPN: [B-G473E-ZEST1S, B-WB1M-WPAN1, B-WL5M-SUBG1, NUCLEO-C031C6, NUCLEO-H503RB, NUCLEO-H563ZI, NUCLEO-U545RE-Q, NUCLEO-U5A5ZJ-Q, NUCLEO-WBA52CG, STEVAL-PROTEUS1, STEVAL-STWINBX1, STM320518-EVAL, STM32C0116-DK, STM32C011D6Y3TR, STM32C011D6Y6TR, STM32C011F4P3, STM32C011F4P6, STM32C011F4U3, STM32C011F4U6TR, STM32C011F6P3, STM32C011F6P6, STM32C011F6U3, STM32C011F6U6TR, STM32C011J4M3, STM32C011J4M6, STM32C011J6M3, STM32C011J6M6, STM32C0316-DK, STM32C031C4T3, STM32C031C4T6, STM32C031C4U3, STM32C031C4U6, STM32C031C6T3, STM32C031C6T6, STM32C031C6U3, STM32C031C6U6, STM32C031F4P3, STM32C031F4P6, STM32C031F6P3, STM32C031F6P6, STM32C031G4U3, STM32C031G4U6, STM32C031G6U3, STM32C031G6U6, STM32C031K4T3, STM32C031K4T6, STM32C031K4U3, STM32C031K4U6, STM32C031K6T3, STM32C031K6T6, STM32C031K6U3, STM32C031K6U6, STM32G071K8TXN, STM32G071K8UXN, STM32G081GBU6N, STM32G081KBT6N, STM32G081KBUXN, STM32G0B1CCT6N, STM32G0B1KCT6, STM32G0B1NEY6TR, STM32G0B1RCT6N, STM32G0C1CCT6, STM32G0C1CCT6N, STM32G0C1CCU6N, STM32G0C1CET6N, STM32G0C1CEU6N, STM32G0C1KCT6, STM32G0C1NEY6TR, STM32G0C1RCI6N, STM32G0C1RCT6N, STM32G0C1REI6N, STM32G0C1RET6N, STM32G0C1VCI6, STM32G0C1VEI6, STM32G471CCT6, STM32G471CCU6, STM32G471CET3, STM32G471CET6, STM32G471CEU3, STM32G471CEU6, STM32G471MCT6, STM32G471MET3, STM32G471MET6, STM32G471MEY6TR, STM32G471QCT6, STM32G471QET3, STM32G471RCT6, STM32G471RET3, STM32G471RET6, STM32G471VCH6, STM32G471VCI6, STM32G471VCT6, STM32G471VEH3, STM32G471VEH6, STM32G471VEI3, STM32G471VEI6, STM32G471VET3, STM32G471VET6, STM32G474CCT6, STM32H503CBT6, STM32H503CBU6, STM32H503EBY6TR, STM32H503KBU6, STM32H503RBT6, STM32H562AGI6, STM32H562AII6, STM32H562IGK6, STM32H562IGT6, STM32H562IIK6, STM32H562IIT6, STM32H562RGT6, STM32H562RGV6, STM32H562RIT6, STM32H562RIV6, STM32H562VGT6, STM32H562VIT6, STM32H562ZGT6, STM32H562ZIT6, STM32H563AGI6, STM32H563AII3Q, STM32H563AII6, STM32H563IGK6, STM32H563IGT6, STM32H563IIK3Q, STM32H563IIK6, STM32H563IIT3Q, STM32H563IIT6, STM32H563MIY3QTR, STM32H563RGT6, STM32H563RGV6, STM32H563RIT6, STM32H563RIV6, STM32H563VGT6, STM32H563VIT3Q, STM32H563VIT6, STM32H563ZGT6, STM32H563ZIT3Q, STM32H563ZIT6, STM32H573AII3Q, STM32H573AII6, STM32H573I-DK, STM32H573IIK3Q, STM32H573IIK6, STM32H573IIT3Q, STM32H573IIT6, STM32H573MIY3QTR, STM32H573RIT6, STM32H573RIV6, STM32H573VIT3Q, STM32H573VIT6, STM32H573ZIT3Q, STM32H573ZIT6, STM32L4R5QGI6STR, STM32MP131AAE3, STM32MP131AAF3, STM32MP131AAG3, STM32MP131CAE3, STM32MP131CAF3, STM32MP131CAG3, STM32MP131DAE7, STM32MP131DAF7, STM32MP131DAG7, STM32MP131FAE7, STM32MP131FAF7, STM32MP131FAG7, STM32MP133AAE3, STM32MP133AAF3, STM32MP133AAG3, STM32MP133CAE3, STM32MP133CAF3, STM32MP133CAG3, STM32MP133DAE7, STM32MP133DAF7, STM32MP133DAG7, STM32MP133FAE7, STM32MP133FAF7, STM32MP133FAG7, STM32MP135AAE3, STM32MP135AAF3, STM32MP135AAG3, STM32MP135CAE3, STM32MP135CAF3, STM32MP135CAG3, STM32MP135DAE7, STM32MP135DAF7, STM32MP135DAG7, STM32MP135F-DK, STM32MP135FAE7, STM32MP135FAF7, STM32MP135FAF7T, STM32MP135FAF7U, STM32MP135FAG7, STM32U535CBT6, STM32U535CBT6Q, STM32U535CBU6, STM32U535CBU6Q, STM32U535CCT6, STM32U535CCT6Q, STM32U535CCU6, STM32U535CCU6Q, STM32U535CET6, STM32U535CET6Q, STM32U535CEU6, STM32U535CEU6Q, STM32U535JEY6QTR, STM32U535NCY6QTR, STM32U535NEY6QTR, STM32U535RBI6, STM32U535RBI6Q, STM32U535RBT6, STM32U535RBT6Q, STM32U535RCI6, STM32U535RCI6Q, STM32U535RCT6, STM32U535RCT6Q, STM32U535REI6, STM32U535REI6Q, STM32U535RET6, STM32U535RET6Q, STM32U535VCI6, STM32U535VCI6Q, STM32U535VCT6, STM32U535VCT6Q, STM32U535VEI6, STM32U535VEI6Q, STM32U535VET6, STM32U535VET6Q, STM32U545CET6, STM32U545CET6Q, STM32U545CEU6, STM32U545CEU6Q, STM32U545JEY6QTR, STM32U545NEY6QTR, STM32U545REI6, STM32U545REI6Q, STM32U545RET6, STM32U545RET6Q, STM32U545VEI6, STM32U545VEI6Q, STM32U545VET6, STM32U545VET6Q, STM32U595AIH6, STM32U595AIH6Q, STM32U595AJH6, STM32U595AJH6Q, STM32U595QII6, STM32U595QII6Q, STM32U595QJI6, STM32U595QJI6Q, STM32U595RIT6, STM32U595RIT6Q, STM32U595RJT6, STM32U595RJT6Q, STM32U595VIT6, STM32U595VIT6Q, STM32U595VJT6, STM32U595VJT6Q, STM32U595ZIT6, STM32U595ZIT6Q, STM32U595ZIY6QTR, STM32U595ZJT6, STM32U595ZJT6Q, STM32U595ZJY6QTR, STM32U599BJY6QTR, STM32U599NIH6Q, STM32U599NJH6Q, STM32U599VIT6Q, STM32U599VJT6, STM32U599VJT6Q, STM32U599ZIT6Q, STM32U599ZIY6QTR, STM32U599ZJT6Q, STM32U599ZJY6QTR, STM32U5A5AJH6, STM32U5A5AJH6Q, STM32U5A5QJI6, STM32U5A5QJI6Q, STM32U5A5RJT6, STM32U5A5RJT6Q, STM32U5A5VJT6, STM32U5A5VJT6Q, STM32U5A5ZJT6, STM32U5A5ZJT6Q, STM32U5A5ZJY6QTR, STM32U5A9BJY6QTR, STM32U5A9J-DK, STM32U5A9NJH6Q, STM32U5A9VJT6Q, STM32U5A9ZJT6Q, STM32U5A9ZJY6QTR, STM32WB1MMCH6, STM32WBA52CEU6, STM32WBA52CEU6T, STM32WBA52CGU6, STM32WBA52CGU6T, STM32WL5MOCH6, STM32WL5MOCH6TR]
2023-06-27 09:36:27,680 [INFO] DbMcus:216 - Found 3775 MCUs, 3775 are supported
2023-06-27 09:36:27,683 [INFO] ApiDb:423 - Load user favorites file /home/dinesh/.stm32cubeide/favorites.mcus.txt: 0 item(s)
2023-06-27 09:36:27,683 [INFO] ApiDb:427 - User favorites MCUs=[]
2023-06-27 09:36:27,683 [INFO] DbMcus:222 - Set 0 / 0 favorites MCUs
2023-06-27 09:36:28,029 [INFO] ApiDb:423 - Load user favorites file /home/dinesh/.stm32cubeide/favorites.boards.txt: 0 item(s)
2023-06-27 09:36:28,029 [INFO] ApiDb:427 - User favorites Boards=[]
2023-06-27 09:36:28,029 [INFO] DbBoards:190 - Set 0 / 0 favorites Boards
2023-06-27 09:36:28,029 [INFO] McuFinderGlobals:66 - Set McuFinderConnectedMode to true
2023-06-27 09:36:28,036 [INFO] MultiScanPanel:200 - Auto-refresh data requested => check proxy status ongoing
2023-06-27 09:36:28,039 [INFO] FinderPluginLoader:95 - Searching for filters in installed packs
2023-06-27 09:36:29,355 [INFO] LoadUrlFilesThread:185 - End of LoadServerUrlFiles without Thread
2023-06-27 09:36:29,369 [INFO] DetailPanel:341 - Set advertising image to /home/dinesh/STM32Cube/Repository//en.prom-stm32h5-mcu-finder.jpg
2023-06-27 09:37:43,783 [INFO] MainUpdater:2854 - connection check result : 10
2023-06-27 09:37:43,783 [INFO] MainUpdater:2854 - connection check result : 10
2023-06-27 09:37:43,801 [INFO] MicroXplorer:468 - Change Database Path : 
2023-06-27 09:37:43,801 [INFO] MicroXplorer:498 - Change Database Version : DB.6.0.81
2023-06-27 09:37:43,802 [WARN] ThirdParty:871 - waiting for thirdparty lock release [close project]
2023-06-27 09:37:43,802 [INFO] ThirdParty:873 - entering critical section [close project]
2023-06-27 09:37:43,803 [INFO] ThirdParty:883 - exiting critical section [close project]
2023-06-27 09:37:43,824 [INFO] PinOutPanel:1499 - setPackage(No Configuration,No Configuration)
2023-06-27 09:37:43,836 [INFO] UtilMem:75 - Begin LoadConfig() Used Memory: 529499776 Bytes (692060160)
2023-06-27 09:37:43,837 [INFO] MicroXplorer:468 - Change Database Path : 
2023-06-27 09:37:43,838 [INFO] MicroXplorer:498 - Change Database Version : DB.6.0.81
2023-06-27 09:37:43,838 [INFO] OpenFileManager:308 - Change cursor
2023-06-27 09:37:43,933 [INFO] Mcu:1937 - Initializing MCU STM32F411RETx STM32F411RETx 
2023-06-27 09:37:43,933 [INFO] Mcu:1950 - No CPN specified => set CPN to STM32F411RET6
2023-06-27 09:37:45,336 [INFO] Context:659 - Trying to add GPIOservice into a context  which must be forbidden
2023-06-27 09:37:45,759 [INFO] ImportTextPane:194 - (OptionalMessage_ERROR) Unable to find key (Mcu.ThirdPartyNb) in loaded IOC file
2023-06-27 09:37:45,760 [INFO] ImportTextPane:194 - (OptionalMessage_ERROR) Unable to find key (Mcu.PinsNb) in loaded IOC file
2023-06-27 09:37:45,760 [INFO] ImportTextPane:194 - (OptionalMessage_ERROR) Unable to find key (Mcu.IPNb) in loaded IOC file
2023-06-27 09:37:45,977 [INFO] RtosManager:555 - Registered RTOS mode: class=CMSIS, group=RTOS, mode=CMSIS_V1, owner=FREERTOS
2023-06-27 09:37:45,977 [INFO] RtosManager:555 - Registered RTOS mode: class=CMSIS, group=RTOS2, mode=CMSIS_V2, owner=FREERTOS
2023-06-27 09:37:45,977 [INFO] RtosManager:555 - Registered RTOS mode: class=RTOS, group=Core, mode=CMSIS_V1, owner=FREERTOS
2023-06-27 09:37:45,977 [INFO] RtosManager:555 - Registered RTOS mode: class=RTOS, group=Core, mode=CMSIS_V2, owner=FREERTOS
2023-06-27 09:37:45,977 [WARN] ModelIntegratedComponent:184 - Missing modes for component STMicroelectronics:FreeRTOS:0.0.1:STMicroelectronics:RTOS:FreeRTOS:Core:::10.2.0:
2023-06-27 09:37:45,982 [WARN] ModelIntegratedComponent:182 - Modes not found for component STMicroelectronics:USB_HOST:1.0.0:STMicroelectronics:USB::USB Host:Audio HS::1.0:USB_HOST_1_0_RESTRICTED_HS
2023-06-27 09:37:45,982 [WARN] ModelIntegratedComponent:188 - Modes not found for component STMicroelectronics:USB_HOST:1.0.0:STMicroelectronics:USB::USB Host:Audio HS::1.0:USB_HOST_1_0_RESTRICTED_HS
2023-06-27 09:37:45,982 [WARN] ModelIntegratedComponent:182 - Modes not found for component STMicroelectronics:USB_HOST:1.0.0:STMicroelectronics:USB::USB Host:CDC HS::1.0:USB_HOST_1_0_RESTRICTED_HS
2023-06-27 09:37:45,982 [WARN] ModelIntegratedComponent:188 - Modes not found for component STMicroelectronics:USB_HOST:1.0.0:STMicroelectronics:USB::USB Host:CDC HS::1.0:USB_HOST_1_0_RESTRICTED_HS
2023-06-27 09:37:45,982 [WARN] ModelIntegratedComponent:182 - Modes not found for component STMicroelectronics:USB_HOST:1.0.0:STMicroelectronics:USB::USB Host:MSC HS::1.0:USB_HOST_1_0_RESTRICTED_HS
2023-06-27 09:37:45,982 [WARN] ModelIntegratedComponent:188 - Modes not found for component STMicroelectronics:USB_HOST:1.0.0:STMicroelectronics:USB::USB Host:MSC HS::1.0:USB_HOST_1_0_RESTRICTED_HS
2023-06-27 09:37:45,982 [WARN] ModelIntegratedComponent:182 - Modes not found for component STMicroelectronics:USB_HOST:1.0.0:STMicroelectronics:USB::USB Host:HID HS::1.0:USB_HOST_1_0_RESTRICTED_HS
2023-06-27 09:37:45,982 [WARN] ModelIntegratedComponent:188 - Modes not found for component STMicroelectronics:USB_HOST:1.0.0:STMicroelectronics:USB::USB Host:HID HS::1.0:USB_HOST_1_0_RESTRICTED_HS
2023-06-27 09:37:45,982 [WARN] ModelIntegratedComponent:182 - Modes not found for component STMicroelectronics:USB_HOST:1.0.0:STMicroelectronics:USB::USB Host:MTP HS::1.0:USB_HOST_1_0_RESTRICTED_HS
2023-06-27 09:37:45,982 [WARN] ModelIntegratedComponent:188 - Modes not found for component STMicroelectronics:USB_HOST:1.0.0:STMicroelectronics:USB::USB Host:MTP HS::1.0:USB_HOST_1_0_RESTRICTED_HS
2023-06-27 09:37:45,989 [WARN] ModelIntegratedComponent:63 - No mode defined for component null
2023-06-27 09:37:45,989 [WARN] ModelIntegratedComponent:63 - No mode defined for component null
2023-06-27 09:37:45,989 [WARN] ModelIntegratedComponent:63 - No mode defined for component null
2023-06-27 09:37:45,989 [WARN] ModelIntegratedComponent:63 - No mode defined for component null
2023-06-27 09:37:45,989 [WARN] ModelIntegratedComponent:63 - No mode defined for component null
2023-06-27 09:37:45,989 [WARN] ModelIntegratedComponent:63 - No mode defined for component null
2023-06-27 09:37:45,989 [WARN] ModelIntegratedComponent:63 - No mode defined for component null
2023-06-27 09:37:45,989 [WARN] ModelIntegratedComponent:63 - No mode defined for component null
2023-06-27 09:37:45,989 [WARN] ModelIntegratedComponent:63 - No mode defined for component null
2023-06-27 09:37:45,989 [WARN] ModelIntegratedComponent:63 - No mode defined for component null
2023-06-27 09:37:45,989 [WARN] ModelIntegratedComponent:63 - No mode defined for component null
2023-06-27 09:37:45,990 [WARN] ModelIntegratedComponent:63 - No mode defined for component null
2023-06-27 09:37:45,990 [WARN] ModelIntegratedComponent:63 - No mode defined for component null
2023-06-27 09:37:45,990 [WARN] ModelIntegratedComponent:63 - No mode defined for component null
2023-06-27 09:37:45,990 [WARN] ModelIntegratedComponent:63 - No mode defined for component null
2023-06-27 09:37:45,990 [WARN] ModelIntegratedComponent:63 - No mode defined for component null
2023-06-27 09:37:45,990 [WARN] ModelIntegratedComponent:63 - No mode defined for component null
2023-06-27 09:37:45,990 [WARN] ModelIntegratedComponent:63 - No mode defined for component null
2023-06-27 09:37:45,990 [WARN] ModelIntegratedComponent:63 - No mode defined for component null
2023-06-27 09:37:45,990 [WARN] ModelIntegratedComponent:63 - No mode defined for component null
2023-06-27 09:37:45,990 [WARN] ModelIntegratedComponent:63 - No mode defined for component null
2023-06-27 09:37:45,990 [WARN] ModelIntegratedComponent:63 - No mode defined for component null
2023-06-27 09:37:45,990 [WARN] ModelIntegratedComponent:63 - No mode defined for component null
2023-06-27 09:37:45,990 [WARN] ModelIntegratedComponent:63 - No mode defined for component null
2023-06-27 09:37:45,990 [WARN] ModelIntegratedComponent:63 - No mode defined for component null
2023-06-27 09:37:45,990 [WARN] ModelIntegratedComponent:63 - No mode defined for component null
2023-06-27 09:37:45,990 [WARN] ModelIntegratedComponent:63 - No mode defined for component null
2023-06-27 09:37:45,990 [WARN] ModelIntegratedComponent:63 - No mode defined for component null
2023-06-27 09:37:45,990 [WARN] ModelIntegratedComponent:63 - No mode defined for component null
2023-06-27 09:37:45,990 [WARN] ModelIntegratedComponent:63 - No mode defined for component null
2023-06-27 09:37:45,990 [WARN] ModelIntegratedComponent:63 - No mode defined for component null
2023-06-27 09:37:45,990 [WARN] ModelIntegratedComponent:63 - No mode defined for component null
2023-06-27 09:37:45,991 [WARN] ModelIntegratedComponent:63 - No mode defined for component null
2023-06-27 09:37:46,000 [WARN] ModelIntegratedComponent:182 - Modes not found for component STMicroelectronics:USB_DEVICE:1.0.0:STMicroelectronics:USB::USB Device:Audio HS::1.0:USB_DEVICE_1_0_RESTRICTED_HS
2023-06-27 09:37:46,000 [WARN] ModelIntegratedComponent:188 - Modes not found for component STMicroelectronics:USB_DEVICE:1.0.0:STMicroelectronics:USB::USB Device:Audio HS::1.0:USB_DEVICE_1_0_RESTRICTED_HS
2023-06-27 09:37:46,000 [WARN] ModelIntegratedComponent:182 - Modes not found for component STMicroelectronics:USB_DEVICE:1.0.0:STMicroelectronics:USB::USB Device:CDC HS::1.0:USB_DEVICE_1_0_RESTRICTED_HS
2023-06-27 09:37:46,000 [WARN] ModelIntegratedComponent:188 - Modes not found for component STMicroelectronics:USB_DEVICE:1.0.0:STMicroelectronics:USB::USB Device:CDC HS::1.0:USB_DEVICE_1_0_RESTRICTED_HS
2023-06-27 09:37:46,000 [WARN] ModelIntegratedComponent:182 - Modes not found for component STMicroelectronics:USB_DEVICE:1.0.0:STMicroelectronics:USB::USB Device:DFU HS::1.0:USB_DEVICE_1_0_RESTRICTED_HS
2023-06-27 09:37:46,000 [WARN] ModelIntegratedComponent:188 - Modes not found for component STMicroelectronics:USB_DEVICE:1.0.0:STMicroelectronics:USB::USB Device:DFU HS::1.0:USB_DEVICE_1_0_RESTRICTED_HS
2023-06-27 09:37:46,000 [WARN] ModelIntegratedComponent:182 - Modes not found for component STMicroelectronics:USB_DEVICE:1.0.0:STMicroelectronics:USB::USB Device:HID HS::1.0:USB_DEVICE_1_0_RESTRICTED_HS
2023-06-27 09:37:46,000 [WARN] ModelIntegratedComponent:188 - Modes not found for component STMicroelectronics:USB_DEVICE:1.0.0:STMicroelectronics:USB::USB Device:HID HS::1.0:USB_DEVICE_1_0_RESTRICTED_HS
2023-06-27 09:37:46,000 [WARN] ModelIntegratedComponent:182 - Modes not found for component STMicroelectronics:USB_DEVICE:1.0.0:STMicroelectronics:USB::USB Device:Custom HID HS::1.0:USB_DEVICE_1_0_RESTRICTED_HS
2023-06-27 09:37:46,000 [WARN] ModelIntegratedComponent:188 - Modes not found for component STMicroelectronics:USB_DEVICE:1.0.0:STMicroelectronics:USB::USB Device:Custom HID HS::1.0:USB_DEVICE_1_0_RESTRICTED_HS
2023-06-27 09:37:46,000 [WARN] ModelIntegratedComponent:182 - Modes not found for component STMicroelectronics:USB_DEVICE:1.0.0:STMicroelectronics:USB::USB Device:MSC HS::1.0:USB_DEVICE_1_0_RESTRICTED_HS
2023-06-27 09:37:46,001 [WARN] ModelIntegratedComponent:188 - Modes not found for component STMicroelectronics:USB_DEVICE:1.0.0:STMicroelectronics:USB::USB Device:MSC HS::1.0:USB_DEVICE_1_0_RESTRICTED_HS
2023-06-27 09:37:46,028 [INFO] ThirdPartyModel:298 - Start build external matchings
2023-06-27 09:37:46,608 [INFO] ThirdPartyModel:316 - End build external matchings
2023-06-27 09:37:46,759 [INFO] UtilMem:75 - End LoadConfig() Used Memory: 586447248 Bytes (692060160)
2023-06-27 09:37:46,770 [WARN] ThirdParty:833 - waiting for thirdparty lock release [change project]
2023-06-27 09:37:46,770 [INFO] ThirdParty:835 - entering critical section [change project]
2023-06-27 09:37:46,770 [INFO] ThirdParty:1030 - CMSIS Pack Vendor :STMicroelectronics X-CUBE-ISPU 1.1.0
2023-06-27 09:37:46,771 [INFO] ThirdParty:1030 - CMSIS Pack Vendor :STMicroelectronics X-CUBE-GNSS1 6.0.0
2023-06-27 09:37:46,771 [INFO] ThirdParty:1030 - CMSIS Pack Vendor :STMicroelectronics USB_HOST 2.0.0
2023-06-27 09:37:46,771 [INFO] ThirdParty:1030 - CMSIS Pack Vendor :STMicroelectronics X-CUBE-AZRTOS-F4 1.1.0
2023-06-27 09:37:46,771 [INFO] ThirdParty:1030 - CMSIS Pack Vendor :STMicroelectronics LIBJPEG 8.0.0
2023-06-27 09:37:46,771 [INFO] ThirdParty:1030 - CMSIS Pack Vendor :STMicroelectronics X-CUBE-SMBUS 2.1.0
2023-06-27 09:37:46,771 [INFO] ThirdParty:1030 - CMSIS Pack Vendor :wolfSSL I-CUBE-wolfSSL 5.6.0
2023-06-27 09:37:46,771 [INFO] ThirdParty:1030 - CMSIS Pack Vendor :STMicroelectronics USB_DEVICE 3.0.0
2023-06-27 09:37:46,771 [INFO] ThirdParty:1030 - CMSIS Pack Vendor :STMicroelectronics X-CUBE-AI 8.0.0
2023-06-27 09:37:46,771 [INFO] ThirdParty:1030 - CMSIS Pack Vendor :STMicroelectronics X-CUBE-FREERTOS 1.0.1
2023-06-27 09:37:46,771 [INFO] ThirdParty:1030 - CMSIS Pack Vendor :STMicroelectronics X-CUBE-TOUCHGFX 4.21.3
2023-06-27 09:37:46,771 [INFO] ThirdParty:1030 - CMSIS Pack Vendor :STMicroelectronics X-CUBE-AZRTOS-F7 1.1.0
2023-06-27 09:37:46,772 [INFO] ThirdParty:1030 - CMSIS Pack Vendor :STMicroelectronics X-CUBE-TOUCHGFX 4.21.4
2023-06-27 09:37:46,772 [INFO] ThirdParty:1030 - CMSIS Pack Vendor :STMicroelectronics USB_DEVICE 2.0.0
2023-06-27 09:37:46,772 [INFO] ThirdParty:1030 - CMSIS Pack Vendor :STMicroelectronics X-CUBE-MEMS1 9.6.0
2023-06-27 09:37:46,772 [INFO] ThirdParty:1030 - CMSIS Pack Vendor :STMicroelectronics FP-SNS-MOTENV1 4.3.0
2023-06-27 09:37:46,772 [INFO] ThirdParty:1030 - CMSIS Pack Vendor :STMicroelectronics FP-SNS-FLIGHT1 5.0.0
2023-06-27 09:37:46,772 [INFO] ThirdParty:1030 - CMSIS Pack Vendor :STMicroelectronics FP-SNS-MOTENV1 4.3.1
2023-06-27 09:37:46,772 [INFO] ThirdParty:1030 - CMSIS Pack Vendor :STMicroelectronics FP-SNS-FLIGHT1 5.0.1
2023-06-27 09:37:46,772 [INFO] ThirdParty:1030 - CMSIS Pack Vendor :STMicroelectronics X-CUBE-ALGOBUILD 1.3.0
2023-06-27 09:37:46,772 [INFO] ThirdParty:1030 - CMSIS Pack Vendor :STMicroelectronics X-CUBE-BLE1 6.2.4
2023-06-27 09:37:46,772 [INFO] ThirdParty:1030 - CMSIS Pack Vendor :STMicroelectronics X-CUBE-AZRTOS-L5 1.1.0
2023-06-27 09:37:46,772 [INFO] ThirdParty:1030 - CMSIS Pack Vendor :STMicroelectronics FreeRTOS 0.0.1
2023-06-27 09:37:46,772 [INFO] ThirdParty:1030 - CMSIS Pack Vendor :STMicroelectronics X-CUBE-AZRTOS-G0 1.1.0
2023-06-27 09:37:46,772 [INFO] ThirdParty:1030 - CMSIS Pack Vendor :emotas I-CUBE-CANOPEN 1.1.3
2023-06-27 09:37:46,772 [INFO] ThirdParty:1030 - CMSIS Pack Vendor :STMicroelectronics X-CUBE-BLEMGR 2.0.0
2023-06-27 09:37:46,773 [INFO] ThirdParty:1030 - CMSIS Pack Vendor :STMicroelectronics X-CUBE-AI 8.0.1
2023-06-27 09:37:46,773 [INFO] ThirdParty:1030 - CMSIS Pack Vendor :STMicroelectronics X-CUBE-NFC4 3.0.0
2023-06-27 09:37:46,773 [INFO] ThirdParty:1030 - CMSIS Pack Vendor :STMicroelectronics X-CUBE-SUBG2 5.0.0
2023-06-27 09:37:46,773 [INFO] ThirdParty:1030 - CMSIS Pack Vendor :STMicroelectronics STM32_WPAN 1.0.0
2023-06-27 09:37:46,773 [INFO] ThirdParty:1030 - CMSIS Pack Vendor :STMicroelectronics lwIP 2.0.3
2023-06-27 09:37:46,773 [INFO] ThirdParty:1030 - CMSIS Pack Vendor :STMicroelectronics USB_HOST 1.0.0
2023-06-27 09:37:46,773 [INFO] ThirdParty:1030 - CMSIS Pack Vendor :STMicroelectronics X-CUBE-AZRTOS-G4 2.0.0
2023-06-27 09:37:46,773 [INFO] ThirdParty:1030 - CMSIS Pack Vendor :STMicroelectronics PDM2PCM 3.1.0
2023-06-27 09:37:46,773 [INFO] ThirdParty:1030 - CMSIS Pack Vendor :STMicroelectronics X-CUBE-AZRTOS-H7 3.1.0
2023-06-27 09:37:46,773 [INFO] ThirdParty:1030 - CMSIS Pack Vendor :STMicroelectronics X-CUBE-TOF1 3.3.0
2023-06-27 09:37:46,773 [INFO] ThirdParty:1030 - CMSIS Pack Vendor :STMicroelectronics PDM2PCM 3.3.0
2023-06-27 09:37:46,773 [INFO] ThirdParty:1030 - CMSIS Pack Vendor :STMicroelectronics X-CUBE-DISPLAY 3.0.0
2023-06-27 09:37:46,773 [INFO] ThirdParty:1030 - CMSIS Pack Vendor :STMicroelectronics FP-ATR-SIGFOX1 3.2.0
2023-06-27 09:37:46,773 [INFO] ThirdParty:1030 - CMSIS Pack Vendor :STMicroelectronics X-CUBE-AZRTOS-L4 1.0.0
2023-06-27 09:37:46,774 [INFO] ThirdParty:1030 - CMSIS Pack Vendor :STMicroelectronics HAL Drivers 0.0.0
2023-06-27 09:37:46,774 [INFO] ThirdParty:1030 - CMSIS Pack Vendor :STMicroelectronics MBEDTLS 2.16.2
2023-06-27 09:37:46,774 [INFO] ThirdParty:1030 - CMSIS Pack Vendor :STMicroelectronics X-CUBE-NFC7 1.0.1
2023-06-27 09:37:46,774 [INFO] ThirdParty:1030 - CMSIS Pack Vendor :STMicroelectronics MBEDTLS 2.14.1
2023-06-27 09:37:46,774 [INFO] ThirdParty:1030 - CMSIS Pack Vendor :STMicroelectronics X-CUBE-NFC7 1.0.0
2023-06-27 09:37:46,774 [INFO] ThirdParty:1030 - CMSIS Pack Vendor :STMicroelectronics X-CUBE-AZRTOS-WL 1.0.0
2023-06-27 09:37:46,774 [INFO] ThirdParty:1030 - CMSIS Pack Vendor :STMicroelectronics X-CUBE-EEPRMA1 4.1.0
2023-06-27 09:37:46,774 [INFO] ThirdParty:1030 - CMSIS Pack Vendor :portGmbH I-Cube-SoM-uGOAL 1.1.0
2023-06-27 09:37:46,774 [INFO] ThirdParty:1030 - CMSIS Pack Vendor :STMicroelectronics X-CUBE-ALS 1.0.1
2023-06-27 09:37:46,774 [INFO] ThirdParty:1030 - CMSIS Pack Vendor :STMicroelectronics ThreadX 1.0.0
2023-06-27 09:37:46,774 [INFO] ThirdParty:1030 - CMSIS Pack Vendor :STMicroelectronics X-CUBE-AZRTOS-WB 1.1.0
2023-06-27 09:37:46,774 [INFO] ThirdParty:1030 - CMSIS Pack Vendor :STMicroelectronics X-CUBE-AZRTOS-WL 2.0.0
2023-06-27 09:37:46,775 [INFO] ThirdParty:1030 - CMSIS Pack Vendor :SEGGER I-CUBE-embOS 1.3.1
2023-06-27 09:37:46,775 [INFO] ThirdParty:1030 - CMSIS Pack Vendor :STMicroelectronics USB_DEVICE 1.0.0
2023-06-27 09:37:46,775 [INFO] ThirdParty:1030 - CMSIS Pack Vendor :STMicroelectronics X-CUBE-AZRTOS-L4 2.0.0
2023-06-27 09:37:46,775 [INFO] ThirdParty:1030 - CMSIS Pack Vendor :STMicroelectronics ThreadX 0.0.2
2023-06-27 09:37:46,775 [INFO] ThirdParty:1030 - CMSIS Pack Vendor :WES I-CUBE-Cesium 1.3.0
2023-06-27 09:37:46,775 [INFO] ThirdParty:1030 - CMSIS Pack Vendor :STMicroelectronics FP-ATR-ASTRA1 2.0.0
2023-06-27 09:37:46,775 [INFO] ThirdParty:1030 - CMSIS Pack Vendor :STMicroelectronics lwIP 2.1.2
2023-06-27 09:37:46,775 [INFO] ThirdParty:1030 - CMSIS Pack Vendor :STMicroelectronics X-CUBE-SFXS2LP1 4.0.0
2023-06-27 09:37:46,775 [INFO] ThirdParty:1030 - CMSIS Pack Vendor :STMicroelectronics X-CUBE-BLE2 3.3.0
2023-06-27 09:37:46,775 [INFO] ThirdParty:1030 - CMSIS Pack Vendor :STMicroelectronics PDM2PCM 3.2.0
2023-06-27 09:37:46,775 [INFO] ThirdParty:841 - exiting critical section [change project]
2023-06-27 09:37:47,264 [INFO] PinOutPanel:1499 - setPackage(No Configuration,No Configuration)
2023-06-27 09:37:47,265 [INFO] PinOutPanel:1499 - setPackage(STM32F411RETx,LQFP64)
2023-06-27 09:37:47,791 [INFO] UtilMem:75 - Before build in PCC Used Memory: 573208696 Bytes (692060160)
2023-06-27 09:37:48,571 [INFO] UtilMem:75 - After build in PCC Used Memory: 602434792 Bytes (692060160)
2023-06-27 09:37:48,619 [INFO] IPUIPlugin:80 - create IPUIPlugin
2023-06-27 09:37:48,619 [INFO] IPUIPlugin:80 - create IPUIPlugin
2023-06-27 09:37:48,619 [INFO] IPUIPlugin:80 - create IPUIPlugin
2023-06-27 09:37:48,619 [INFO] IPUIPlugin:80 - create IPUIPlugin
2023-06-27 09:37:48,620 [INFO] IPUIPlugin:80 - create IPUIPlugin
2023-06-27 09:37:48,620 [INFO] IPUIPlugin:80 - create IPUIPlugin
2023-06-27 09:37:48,620 [INFO] IPUIPlugin:80 - create IPUIPlugin
2023-06-27 09:37:48,620 [INFO] IPUIPlugin:80 - create IPUIPlugin
2023-06-27 09:37:48,620 [INFO] IPUIPlugin:80 - create IPUIPlugin
2023-06-27 09:37:48,620 [INFO] IPUIPlugin:80 - create IPUIPlugin
2023-06-27 09:37:48,620 [INFO] IPUIPlugin:80 - create IPUIPlugin
2023-06-27 09:37:48,620 [INFO] IPUIPlugin:80 - create IPUIPlugin
2023-06-27 09:37:48,621 [INFO] IPUIPlugin:80 - create IPUIPlugin
2023-06-27 09:37:48,621 [INFO] IPUIPlugin:80 - create IPUIPlugin
2023-06-27 09:37:48,621 [INFO] IPUIPlugin:80 - create IPUIPlugin
2023-06-27 09:37:48,621 [INFO] IPUIPlugin:80 - create IPUIPlugin
2023-06-27 09:37:48,621 [INFO] IPUIPlugin:80 - create IPUIPlugin
2023-06-27 09:37:48,621 [INFO] IPUIPlugin:80 - create IPUIPlugin
2023-06-27 09:37:48,622 [INFO] IPUIPlugin:80 - create IPUIPlugin
2023-06-27 09:37:48,622 [INFO] IPUIPlugin:80 - create IPUIPlugin
2023-06-27 09:37:48,622 [INFO] IPUIPlugin:80 - create IPUIPlugin
2023-06-27 09:37:48,622 [INFO] IPUIPlugin:80 - create IPUIPlugin
2023-06-27 09:37:48,622 [INFO] IPUIPlugin:80 - create IPUIPlugin
2023-06-27 09:37:48,623 [INFO] IPUIPlugin:80 - create IPUIPlugin
2023-06-27 09:37:48,623 [INFO] IPUIPlugin:80 - create IPUIPlugin
2023-06-27 09:37:48,623 [INFO] IPUIPlugin:80 - create IPUIPlugin
2023-06-27 09:37:48,623 [INFO] IPUIPlugin:80 - create IPUIPlugin
2023-06-27 09:37:48,623 [INFO] IPUIPlugin:80 - create IPUIPlugin
2023-06-27 09:37:48,624 [INFO] IPUIPlugin:80 - create IPUIPlugin
2023-06-27 09:37:48,624 [INFO] IPUIPlugin:80 - create IPUIPlugin
2023-06-27 09:37:48,624 [INFO] IPUIPlugin:80 - create IPUIPlugin
2023-06-27 09:37:48,624 [INFO] IPUIPlugin:80 - create IPUIPlugin
2023-06-27 09:37:48,624 [INFO] IPUIPlugin:80 - create IPUIPlugin
2023-06-27 09:37:48,624 [INFO] IPUIPlugin:80 - create IPUIPlugin
2023-06-27 09:37:48,625 [INFO] IPUIPlugin:80 - create IPUIPlugin
2023-06-27 09:37:48,625 [INFO] IPUIPlugin:80 - create IPUIPlugin
2023-06-27 09:37:48,625 [INFO] IPUIPlugin:80 - create IPUIPlugin
2023-06-27 09:37:48,625 [INFO] IPUIPlugin:80 - create IPUIPlugin
2023-06-27 09:37:48,625 [INFO] IPUIPlugin:80 - create IPUIPlugin
2023-06-27 09:37:48,625 [INFO] IPUIPlugin:80 - create IPUIPlugin
2023-06-27 09:37:48,625 [INFO] IPUIPlugin:80 - create IPUIPlugin
2023-06-27 09:37:48,626 [INFO] IPUIPlugin:80 - create IPUIPlugin
2023-06-27 09:37:48,626 [INFO] IPUIPlugin:80 - create IPUIPlugin
2023-06-27 09:37:48,677 [INFO] ApiDbMcu:507 - Load IP Config File for PDM2PCM
2023-06-27 09:37:48,831 [INFO] CADModel:165 - CPN selected for project levelSTM32F411RET6
2023-06-27 09:37:48,831 [INFO] CADModel:114 - Register for checkConnection events
2023-06-27 09:37:48,871 [INFO] OpenFileManager:328 - Restore cursor
2023-06-27 09:37:49,401 [INFO] UtilMem:75 - End SaveConfig() Used Memory: 611384832 Bytes (692060160)
2023-06-27 09:37:49,499 [INFO] UtilMem:75 - End SaveConfig() Used Memory: 523545952 Bytes (692060160)
2023-06-27 09:37:50,445 [INFO] BlockDiagram:2759 - set Specific Code input for plugin: NVIC
2023-06-27 09:37:50,445 [INFO] BlockDiagram:2759 - set Specific Code input for plugin: RCC
2023-06-27 09:37:50,446 [INFO] CodeGenerator:793 - code generatio: config db path: /opt/st/stm32cubeide_1.12.1/plugins/com.st.stm32cube.common.mx_6.8.1.202304191431//db/
2023-06-27 09:37:50,812 [INFO] CodeEngine:255 - oldGeneratedFile, /home/dinesh/STM32CubeIDE/workspace_1.12.1/Queue/MXTmpFiles/license.tmp_save
2023-06-27 09:37:51,281 [INFO] CodeEngine:279 - Generated code: /home/dinesh/STM32CubeIDE/workspace_1.12.1/Queue/MXTmpFiles/license.tmp
2023-06-27 09:37:51,291 [INFO] CodeEngine:255 - oldGeneratedFile, /home/dinesh/STM32CubeIDE/workspace_1.12.1/Queue/Core/Src/stm32f4xx_it.c_save
2023-06-27 09:37:51,482 [INFO] CodeEngine:279 - Generated code: /home/dinesh/STM32CubeIDE/workspace_1.12.1/Queue/Core/Src/stm32f4xx_it.c
2023-06-27 09:37:51,484 [INFO] CodeEngine:255 - oldGeneratedFile, /home/dinesh/STM32CubeIDE/workspace_1.12.1/Queue/Core/Inc/stm32f4xx_it.h_save
2023-06-27 09:37:51,602 [INFO] CodeEngine:279 - Generated code: /home/dinesh/STM32CubeIDE/workspace_1.12.1/Queue/Core/Inc/stm32f4xx_it.h
2023-06-27 09:37:51,679 [INFO] CodeEngine:255 - oldGeneratedFile, /home/dinesh/STM32CubeIDE/workspace_1.12.1/Queue/Core/Src/stm32f4xx_hal_msp.c_save
2023-06-27 09:37:51,765 [INFO] CodeEngine:279 - Generated code: /home/dinesh/STM32CubeIDE/workspace_1.12.1/Queue/Core/Src/stm32f4xx_hal_msp.c
2023-06-27 09:37:51,766 [INFO] CodeEngine:255 - oldGeneratedFile, /home/dinesh/STM32CubeIDE/workspace_1.12.1/Queue/MXTmpFiles/system.tmp_save
2023-06-27 09:37:51,825 [INFO] CodeEngine:279 - Generated code: /home/dinesh/STM32CubeIDE/workspace_1.12.1/Queue/MXTmpFiles/system.tmp
2023-06-27 09:37:51,827 [INFO] CodeEngine:311 - oldGeneratedFile, /home/dinesh/STM32CubeIDE/workspace_1.12.1/Queue/Core/Inc/stm32f4xx_hal_conf.h_save
2023-06-27 09:37:51,908 [INFO] CodeEngine:335 - Generated code: /home/dinesh/STM32CubeIDE/workspace_1.12.1/Queue/Core/Inc/stm32f4xx_hal_conf.h
2023-06-27 09:37:51,968 [INFO] CodeEngine:255 - oldGeneratedFile, /home/dinesh/STM32CubeIDE/workspace_1.12.1/Queue/Core/Inc/main.h_save
2023-06-27 09:37:52,055 [INFO] CodeEngine:279 - Generated code: /home/dinesh/STM32CubeIDE/workspace_1.12.1/Queue/Core/Inc/main.h
2023-06-27 09:37:52,057 [INFO] CodeEngine:255 - oldGeneratedFile, /home/dinesh/STM32CubeIDE/workspace_1.12.1/Queue/Core/Src/main.c_save
2023-06-27 09:37:52,258 [INFO] CodeEngine:279 - Generated code: /home/dinesh/STM32CubeIDE/workspace_1.12.1/Queue/Core/Src/main.c
2023-06-27 09:37:53,157 [INFO] ProjectBuilder:2996 - Time for Copy HAL[1] : 222mS.
2023-06-27 09:37:53,166 [INFO] ProjectBuilder:4304 - Project Generator version: 3.19.2
2023-06-27 09:37:53,580 [INFO] ConfigFileManager:1483 - The Die is : DIE431
2023-06-27 09:37:53,600 [INFO] ApiDbMcu:507 - Load IP Config File for FATFS
2023-06-27 09:37:53,650 [INFO] ApiDbMcu:507 - Load IP Config File for FREERTOS
2023-06-27 09:37:53,657 [INFO] ApiDbMcu:507 - Load IP Config File for LIBJPEG
2023-06-27 09:37:53,718 [INFO] ApiDbMcu:507 - Load IP Config File for MBEDTLS
2023-06-27 09:37:53,775 [INFO] ApiDbMcu:507 - Load IP Config File for USB_DEVICE
2023-06-27 09:37:53,790 [INFO] ApiDbMcu:507 - Load IP Config File for USB_HOST
2023-06-27 09:37:54,583 [ERROR] ConfigurationRetriever:142 - IOException on connection: connect timed out
2023-06-27 09:37:54,701 [INFO] LogOutputStream:77 - [STDOUT_REDIRECT] 
2023-06-27 09:37:59,587 [ERROR] ConfigurationRetriever:142 - IOException on connection: connect timed out
2023-06-27 09:38:00,294 [INFO] ProjectBuilder:4505 - Time for Generating toolchain IDE Files: 7128mS.
2023-06-27 09:38:00,294 [INFO] ProjectBuilder:2867 - Time for Copy CMSIS : 0mS.
2023-06-27 09:38:00,295 [INFO] ProjectBuilder:2867 - Time for Copy CMSIS : 0mS.
2023-06-27 09:38:01,432 [INFO] McuFinderGlobals:66 - Set McuFinderConnectedMode to true
2023-06-27 09:38:01,434 [INFO] ApiDb:448 - Save user favorites file /home/dinesh/.stm32cubeide/favorites.mcus.txt: 0 item(s)
2023-06-27 09:38:01,434 [INFO] ApiDb:452 - User favorites MCUs=[]
2023-06-27 09:38:02,850 [ERROR] ConfigurationRetriever:142 - IOException on connection: connect timed out
2023-06-27 09:38:04,594 [ERROR] ConfigurationRetriever:142 - IOException on connection: connect timed out
2023-06-27 09:38:04,853 [ERROR] ConfigurationRetriever:142 - IOException on connection: connect timed out
2023-06-27 09:38:06,855 [ERROR] ConfigurationRetriever:142 - IOException on connection: connect timed out
2023-06-27 09:38:19,369 [INFO] RtosManager:919 - Current active RTOS is FREERTOS [Cortex-M4NS]
2023-06-27 09:38:19,808 [ERROR] RtosPanel:558 - Can not restore the selected Tab for FREERTOS(A reason can be that the tab is no more available.)
2023-06-27 09:38:19,895 [ERROR] RtosPanel:558 - Can not restore the selected Tab for FREERTOS(A reason can be that the tab is no more available.)
2023-06-27 09:38:26,632 [INFO] TasksAndQueuesTab:757 - Dynamic
2023-06-27 09:38:26,633 [WARN] TasksAndQueuesTab:763 - 128 128
2023-06-27 09:38:26,633 [WARN] TasksAndQueuesTab:775 - max value is: 3840.0
2023-06-27 10:43:10,893 [ERROR] RtosPanel:558 - Can not restore the selected Tab for FREERTOS(A reason can be that the tab is no more available.)
2023-06-27 10:43:50,418 [WARN] IP:2113 - I2C_Coeff_DF not found: check if there is a RefParameter without a condition.
2023-06-27 10:43:50,418 [WARN] IP:2113 - Analog_Filter not found: check if there is a RefParameter without a condition.
2023-06-27 10:43:50,432 [WARN] IP:2113 - I2C_Coeff_DF not found: check if there is a RefParameter without a condition.
2023-06-27 10:43:50,432 [WARN] IP:2113 - Analog_Filter not found: check if there is a RefParameter without a condition.
2023-06-27 10:43:50,433 [WARN] IP:2113 - I2C_Coeff_DF not found: check if there is a RefParameter without a condition.
2023-06-27 10:43:50,433 [WARN] IP:2113 - Analog_Filter not found: check if there is a RefParameter without a condition.
2023-06-27 10:43:50,471 [WARN] IP:2113 - I2C_Coeff_DF not found: check if there is a RefParameter without a condition.
2023-06-27 10:43:50,472 [WARN] IP:2113 - Analog_Filter not found: check if there is a RefParameter without a condition.
2023-06-27 10:43:50,473 [WARN] IP:2113 - I2C_Coeff_DF not found: check if there is a RefParameter without a condition.
2023-06-27 10:43:50,473 [WARN] IP:2113 - Analog_Filter not found: check if there is a RefParameter without a condition.
2023-06-27 10:43:53,887 [WARN] IP:2113 - I2C_Coeff_DF not found: check if there is a RefParameter without a condition.
2023-06-27 10:43:53,887 [WARN] IP:2113 - Analog_Filter not found: check if there is a RefParameter without a condition.
2023-06-27 10:43:53,939 [WARN] IP:2113 - I2C_Coeff_DF not found: check if there is a RefParameter without a condition.
2023-06-27 10:43:53,939 [WARN] IP:2113 - Analog_Filter not found: check if there is a RefParameter without a condition.
2023-06-27 10:43:53,939 [WARN] IP:2113 - I2C_Coeff_DF not found: check if there is a RefParameter without a condition.
2023-06-27 10:43:53,939 [WARN] IP:2113 - Analog_Filter not found: check if there is a RefParameter without a condition.
2023-06-27 10:43:54,110 [WARN] IP:2113 - I2C_Coeff_DF not found: check if there is a RefParameter without a condition.
2023-06-27 10:43:54,110 [WARN] IP:2113 - Analog_Filter not found: check if there is a RefParameter without a condition.
2023-06-27 10:43:54,111 [WARN] IP:2113 - I2C_Coeff_DF not found: check if there is a RefParameter without a condition.
2023-06-27 10:43:54,111 [WARN] IP:2113 - Analog_Filter not found: check if there is a RefParameter without a condition.
2023-06-27 10:43:56,797 [WARN] IP:2113 - I2C_Coeff_DF not found: check if there is a RefParameter without a condition.
2023-06-27 10:43:56,797 [WARN] IP:2113 - Analog_Filter not found: check if there is a RefParameter without a condition.
2023-06-27 10:43:56,833 [WARN] IP:2113 - I2C_Coeff_DF not found: check if there is a RefParameter without a condition.
2023-06-27 10:43:56,833 [WARN] IP:2113 - Analog_Filter not found: check if there is a RefParameter without a condition.
2023-06-27 10:43:56,834 [WARN] IP:2113 - I2C_Coeff_DF not found: check if there is a RefParameter without a condition.
2023-06-27 10:43:56,834 [WARN] IP:2113 - Analog_Filter not found: check if there is a RefParameter without a condition.
2023-06-27 10:43:56,923 [WARN] IP:2113 - I2C_Coeff_DF not found: check if there is a RefParameter without a condition.
2023-06-27 10:43:56,924 [WARN] IP:2113 - Analog_Filter not found: check if there is a RefParameter without a condition.
2023-06-27 10:43:56,924 [WARN] IP:2113 - I2C_Coeff_DF not found: check if there is a RefParameter without a condition.
2023-06-27 10:43:56,924 [WARN] IP:2113 - Analog_Filter not found: check if there is a RefParameter without a condition.
2023-06-27 10:44:05,970 [WARN] IP:2113 - I2C_Coeff_DF not found: check if there is a RefParameter without a condition.
2023-06-27 10:44:05,970 [WARN] IP:2113 - Analog_Filter not found: check if there is a RefParameter without a condition.
2023-06-27 10:44:05,971 [WARN] IP:2113 - I2C_Coeff_DF not found: check if there is a RefParameter without a condition.
2023-06-27 10:44:05,971 [WARN] IP:2113 - Analog_Filter not found: check if there is a RefParameter without a condition.
2023-06-27 10:44:05,988 [WARN] IP:2113 - I2C_Coeff_DF not found: check if there is a RefParameter without a condition.
2023-06-27 10:44:05,989 [WARN] IP:2113 - Analog_Filter not found: check if there is a RefParameter without a condition.
2023-06-27 10:44:06,010 [WARN] IP:2113 - I2C_Coeff_DF not found: check if there is a RefParameter without a condition.
2023-06-27 10:44:06,010 [WARN] IP:2113 - Analog_Filter not found: check if there is a RefParameter without a condition.
2023-06-27 10:45:04,350 [INFO] UtilMem:75 - End SaveConfig() Used Memory: 734620448 Bytes (908066816)
2023-06-27 10:45:06,543 [INFO] UtilMem:75 - End SaveConfig() Used Memory: 300365976 Bytes (908066816)
2023-06-27 10:45:06,846 [INFO] BlockDiagram:2759 - set Specific Code input for plugin: NVIC
2023-06-27 10:45:06,846 [INFO] BlockDiagram:2759 - set Specific Code input for plugin: FREERTOS
2023-06-27 10:45:06,846 [INFO] BlockDiagram:2759 - set Specific Code input for plugin: USART
2023-06-27 10:45:06,846 [INFO] BlockDiagram:2759 - set Specific Code input for plugin: USART
2023-06-27 10:45:06,846 [INFO] BlockDiagram:2759 - set Specific Code input for plugin: SYS
2023-06-27 10:45:06,846 [INFO] BlockDiagram:2759 - set Specific Code input for plugin: GPIO
2023-06-27 10:45:06,846 [INFO] BlockDiagram:2759 - set Specific Code input for plugin: RCC
2023-06-27 10:45:06,846 [INFO] BlockDiagram:2759 - set Specific Code input for plugin: I2C
2023-06-27 10:45:06,847 [INFO] CodeGenerator:793 - code generatio: config db path: /opt/st/stm32cubeide_1.12.1/plugins/com.st.stm32cube.common.mx_6.8.1.202304191431//db/
2023-06-27 10:45:06,853 [WARN] IP:2113 - I2C_Coeff_DF not found: check if there is a RefParameter without a condition.
2023-06-27 10:45:06,853 [WARN] IP:2113 - Analog_Filter not found: check if there is a RefParameter without a condition.
2023-06-27 10:45:07,023 [INFO] CodeEngine:255 - oldGeneratedFile, /home/dinesh/STM32CubeIDE/workspace_1.12.1/Queue/MXTmpFiles/license.tmp_save
2023-06-27 10:45:07,136 [INFO] CodeEngine:279 - Generated code: /home/dinesh/STM32CubeIDE/workspace_1.12.1/Queue/MXTmpFiles/license.tmp
2023-06-27 10:45:07,198 [INFO] CodeEngine:255 - oldGeneratedFile, /home/dinesh/STM32CubeIDE/workspace_1.12.1/Queue/MXTmpFiles/gpio.tmp_save
2023-06-27 10:45:07,313 [INFO] CodeEngine:279 - Generated code: /home/dinesh/STM32CubeIDE/workspace_1.12.1/Queue/MXTmpFiles/gpio.tmp
2023-06-27 10:45:07,551 [INFO] Middleware:1439 - No code input for Bsp Dependency
2023-06-27 10:45:07,555 [INFO] CodeEngine:255 - oldGeneratedFile, /home/dinesh/STM32CubeIDE/workspace_1.12.1/Queue/MXTmpFiles/rtos_inc.tmp_save
2023-06-27 10:45:07,615 [INFO] CodeEngine:279 - Generated code: /home/dinesh/STM32CubeIDE/workspace_1.12.1/Queue/MXTmpFiles/rtos_inc.tmp
2023-06-27 10:45:07,616 [INFO] CodeEngine:255 - oldGeneratedFile, /home/dinesh/STM32CubeIDE/workspace_1.12.1/Queue/MXTmpFiles/rtos_vars.tmp_save
2023-06-27 10:45:07,676 [INFO] CodeEngine:279 - Generated code: /home/dinesh/STM32CubeIDE/workspace_1.12.1/Queue/MXTmpFiles/rtos_vars.tmp
2023-06-27 10:45:07,677 [INFO] CodeEngine:255 - oldGeneratedFile, /home/dinesh/STM32CubeIDE/workspace_1.12.1/Queue/MXTmpFiles/rtos_pfp.tmp_save
2023-06-27 10:45:07,734 [INFO] CodeEngine:279 - Generated code: /home/dinesh/STM32CubeIDE/workspace_1.12.1/Queue/MXTmpFiles/rtos_pfp.tmp
2023-06-27 10:45:07,735 [INFO] CodeEngine:255 - oldGeneratedFile, /home/dinesh/STM32CubeIDE/workspace_1.12.1/Queue/MXTmpFiles/rtos_obj_creat.tmp_save
2023-06-27 10:45:07,792 [INFO] CodeEngine:279 - Generated code: /home/dinesh/STM32CubeIDE/workspace_1.12.1/Queue/MXTmpFiles/rtos_obj_creat.tmp
2023-06-27 10:45:07,793 [INFO] CodeEngine:255 - oldGeneratedFile, /home/dinesh/STM32CubeIDE/workspace_1.12.1/Queue/MXTmpFiles/rtos_kernelStart.tmp_save
2023-06-27 10:45:07,857 [INFO] CodeEngine:279 - Generated code: /home/dinesh/STM32CubeIDE/workspace_1.12.1/Queue/MXTmpFiles/rtos_kernelStart.tmp
2023-06-27 10:45:07,858 [INFO] CodeEngine:255 - oldGeneratedFile, /home/dinesh/STM32CubeIDE/workspace_1.12.1/Queue/MXTmpFiles/rtos_default_thread.tmp_save
2023-06-27 10:45:07,916 [INFO] CodeEngine:279 - Generated code: /home/dinesh/STM32CubeIDE/workspace_1.12.1/Queue/MXTmpFiles/rtos_default_thread.tmp
2023-06-27 10:45:07,917 [INFO] CodeEngine:255 - oldGeneratedFile, /home/dinesh/STM32CubeIDE/workspace_1.12.1/Queue/MXTmpFiles/rtos_threads.tmp_save
2023-06-27 10:45:07,978 [INFO] CodeEngine:279 - Generated code: /home/dinesh/STM32CubeIDE/workspace_1.12.1/Queue/MXTmpFiles/rtos_threads.tmp
2023-06-27 10:45:07,989 [INFO] Middleware:1439 - No code input for Bsp Dependency
2023-06-27 10:45:07,992 [INFO] CodeEngine:255 - oldGeneratedFile, /home/dinesh/STM32CubeIDE/workspace_1.12.1/Queue/MXTmpFiles/rtos_inc.tmp_save
2023-06-27 10:45:08,052 [INFO] CodeEngine:279 - Generated code: /home/dinesh/STM32CubeIDE/workspace_1.12.1/Queue/MXTmpFiles/rtos_inc.tmp
2023-06-27 10:45:08,053 [INFO] CodeEngine:255 - oldGeneratedFile, /home/dinesh/STM32CubeIDE/workspace_1.12.1/Queue/MXTmpFiles/rtos_vars.tmp_save
2023-06-27 10:45:08,115 [INFO] CodeEngine:279 - Generated code: /home/dinesh/STM32CubeIDE/workspace_1.12.1/Queue/MXTmpFiles/rtos_vars.tmp
2023-06-27 10:45:08,116 [INFO] CodeEngine:255 - oldGeneratedFile, /home/dinesh/STM32CubeIDE/workspace_1.12.1/Queue/MXTmpFiles/rtos_pfp.tmp_save
2023-06-27 10:45:08,165 [INFO] CodeEngine:279 - Generated code: /home/dinesh/STM32CubeIDE/workspace_1.12.1/Queue/MXTmpFiles/rtos_pfp.tmp
2023-06-27 10:45:08,166 [INFO] CodeEngine:255 - oldGeneratedFile, /home/dinesh/STM32CubeIDE/workspace_1.12.1/Queue/MXTmpFiles/rtos_obj_creat.tmp_save
2023-06-27 10:45:08,220 [INFO] CodeEngine:279 - Generated code: /home/dinesh/STM32CubeIDE/workspace_1.12.1/Queue/MXTmpFiles/rtos_obj_creat.tmp
2023-06-27 10:45:08,221 [INFO] CodeEngine:255 - oldGeneratedFile, /home/dinesh/STM32CubeIDE/workspace_1.12.1/Queue/MXTmpFiles/rtos_kernelStart.tmp_save
2023-06-27 10:45:08,273 [INFO] CodeEngine:279 - Generated code: /home/dinesh/STM32CubeIDE/workspace_1.12.1/Queue/MXTmpFiles/rtos_kernelStart.tmp
2023-06-27 10:45:08,274 [INFO] CodeEngine:255 - oldGeneratedFile, /home/dinesh/STM32CubeIDE/workspace_1.12.1/Queue/MXTmpFiles/rtos_default_thread.tmp_save
2023-06-27 10:45:08,322 [INFO] CodeEngine:279 - Generated code: /home/dinesh/STM32CubeIDE/workspace_1.12.1/Queue/MXTmpFiles/rtos_default_thread.tmp
2023-06-27 10:45:08,323 [INFO] CodeEngine:255 - oldGeneratedFile, /home/dinesh/STM32CubeIDE/workspace_1.12.1/Queue/MXTmpFiles/rtos_threads.tmp_save
2023-06-27 10:45:08,374 [INFO] CodeEngine:279 - Generated code: /home/dinesh/STM32CubeIDE/workspace_1.12.1/Queue/MXTmpFiles/rtos_threads.tmp
2023-06-27 10:45:08,377 [INFO] CodeEngine:255 - oldGeneratedFile, /home/dinesh/STM32CubeIDE/workspace_1.12.1/Queue/Core/Inc/FreeRTOSConfig.h_save
2023-06-27 10:45:08,433 [INFO] CodeEngine:279 - Generated code: /home/dinesh/STM32CubeIDE/workspace_1.12.1/Queue/Core/Inc/FreeRTOSConfig.h
2023-06-27 10:45:08,435 [INFO] CodeEngine:255 - oldGeneratedFile, /home/dinesh/STM32CubeIDE/workspace_1.12.1/Queue/Core/Src/freertos.c_save
2023-06-27 10:45:08,496 [INFO] CodeEngine:279 - Generated code: /home/dinesh/STM32CubeIDE/workspace_1.12.1/Queue/Core/Src/freertos.c
2023-06-27 10:45:08,501 [INFO] CodeEngine:255 - oldGeneratedFile, /home/dinesh/STM32CubeIDE/workspace_1.12.1/Queue/Core/Src/stm32f4xx_it.c_save
2023-06-27 10:45:08,733 [INFO] CodeEngine:279 - Generated code: /home/dinesh/STM32CubeIDE/workspace_1.12.1/Queue/Core/Src/stm32f4xx_it.c
2023-06-27 10:45:08,735 [INFO] CodeEngine:255 - oldGeneratedFile, /home/dinesh/STM32CubeIDE/workspace_1.12.1/Queue/Core/Inc/stm32f4xx_it.h_save
2023-06-27 10:45:08,864 [INFO] CodeEngine:279 - Generated code: /home/dinesh/STM32CubeIDE/workspace_1.12.1/Queue/Core/Inc/stm32f4xx_it.h
2023-06-27 10:45:08,869 [INFO] CodeEngine:255 - oldGeneratedFile, /home/dinesh/STM32CubeIDE/workspace_1.12.1/Queue/Core/Src/stm32f4xx_hal_msp.c_save
2023-06-27 10:45:08,977 [INFO] CodeEngine:279 - Generated code: /home/dinesh/STM32CubeIDE/workspace_1.12.1/Queue/Core/Src/stm32f4xx_hal_msp.c
2023-06-27 10:45:08,979 [INFO] CodeEngine:255 - oldGeneratedFile, /home/dinesh/STM32CubeIDE/workspace_1.12.1/Queue/MXTmpFiles/system.tmp_save
2023-06-27 10:45:09,039 [INFO] CodeEngine:279 - Generated code: /home/dinesh/STM32CubeIDE/workspace_1.12.1/Queue/MXTmpFiles/system.tmp
2023-06-27 10:45:09,041 [INFO] CodeEngine:255 - oldGeneratedFile, /home/dinesh/STM32CubeIDE/workspace_1.12.1/Queue/Core/Src/stm32f4xx_hal_timebase_tim.c_save
2023-06-27 10:45:09,103 [INFO] CodeEngine:279 - Generated code: /home/dinesh/STM32CubeIDE/workspace_1.12.1/Queue/Core/Src/stm32f4xx_hal_timebase_tim.c
2023-06-27 10:45:09,105 [INFO] CodeEngine:311 - oldGeneratedFile, /home/dinesh/STM32CubeIDE/workspace_1.12.1/Queue/Core/Inc/stm32f4xx_hal_conf.h_save
2023-06-27 10:45:09,176 [INFO] CodeEngine:335 - Generated code: /home/dinesh/STM32CubeIDE/workspace_1.12.1/Queue/Core/Inc/stm32f4xx_hal_conf.h
2023-06-27 10:45:09,214 [INFO] CodeEngine:255 - oldGeneratedFile, /home/dinesh/STM32CubeIDE/workspace_1.12.1/Queue/Core/Inc/main.h_save
2023-06-27 10:45:09,283 [INFO] CodeEngine:279 - Generated code: /home/dinesh/STM32CubeIDE/workspace_1.12.1/Queue/Core/Inc/main.h
2023-06-27 10:45:09,284 [INFO] CodeEngine:255 - oldGeneratedFile, /home/dinesh/STM32CubeIDE/workspace_1.12.1/Queue/Core/Src/main.c_save
2023-06-27 10:45:09,392 [INFO] CodeEngine:279 - Generated code: /home/dinesh/STM32CubeIDE/workspace_1.12.1/Queue/Core/Src/main.c
2023-06-27 10:45:10,016 [INFO] ProjectBuilder:2996 - Time for Copy HAL[1] : 143mS.
2023-06-27 10:45:10,020 [INFO] ProjectBuilder:4304 - Project Generator version: 3.19.2
2023-06-27 10:45:10,234 [INFO] ConfigFileManager:1483 - The Die is : DIE431
2023-06-27 10:45:11,862 [INFO] ProjectBuilder:4505 - Time for Generating toolchain IDE Files: 1842mS.
2023-06-27 10:45:11,863 [INFO] ProjectBuilder:2867 - Time for Copy CMSIS : 0mS.
2023-06-27 10:45:11,864 [INFO] ProjectBuilder:2867 - Time for Copy CMSIS : 0mS.
2023-06-27 12:23:19,909 [INFO] NvicIntPanel:101 - NVIC parent = com.st.microxplorer.plugins.ip.nvic.MultiNvicIntPanel[,0,0,668x498,layout=javax.swing.BoxLayout,alignmentX=0.0,alignmentY=0.0,border=,flags=9,maximumSize=,minimumSize=,preferredSize=]
2023-06-27 12:23:22,098 [INFO] NvicIntPanel:101 - NVIC parent = com.st.microxplorer.plugins.ip.nvic.MultiNvicIntPanel[,0,0,0x0,invalid,layout=javax.swing.BoxLayout,alignmentX=0.0,alignmentY=0.0,border=,flags=9,maximumSize=,minimumSize=,preferredSize=]
2023-06-27 12:23:27,190 [INFO] UtilMem:75 - End SaveConfig() Used Memory: 343507152 Bytes (981467136)
2023-06-27 12:23:28,992 [INFO] UtilMem:75 - End SaveConfig() Used Memory: 346840120 Bytes (981467136)
2023-06-27 12:23:29,243 [INFO] BlockDiagram:2759 - set Specific Code input for plugin: NVIC
2023-06-27 12:23:29,244 [INFO] BlockDiagram:2759 - set Specific Code input for plugin: FREERTOS
2023-06-27 12:23:29,244 [INFO] BlockDiagram:2759 - set Specific Code input for plugin: USART
2023-06-27 12:23:29,244 [INFO] BlockDiagram:2759 - set Specific Code input for plugin: USART
2023-06-27 12:23:29,244 [INFO] BlockDiagram:2759 - set Specific Code input for plugin: SYS
2023-06-27 12:23:29,244 [INFO] BlockDiagram:2759 - set Specific Code input for plugin: GPIO
2023-06-27 12:23:29,245 [INFO] BlockDiagram:2759 - set Specific Code input for plugin: RCC
2023-06-27 12:23:29,245 [INFO] BlockDiagram:2759 - set Specific Code input for plugin: I2C
2023-06-27 12:23:29,245 [INFO] CodeGenerator:793 - code generatio: config db path: /opt/st/stm32cubeide_1.12.1/plugins/com.st.stm32cube.common.mx_6.8.1.202304191431//db/
2023-06-27 12:23:29,250 [WARN] IP:2113 - I2C_Coeff_DF not found: check if there is a RefParameter without a condition.
2023-06-27 12:23:29,250 [WARN] IP:2113 - Analog_Filter not found: check if there is a RefParameter without a condition.
2023-06-27 12:23:29,501 [INFO] CodeEngine:255 - oldGeneratedFile, /home/dinesh/STM32CubeIDE/workspace_1.12.1/Queue/MXTmpFiles/license.tmp_save
2023-06-27 12:23:29,621 [INFO] CodeEngine:279 - Generated code: /home/dinesh/STM32CubeIDE/workspace_1.12.1/Queue/MXTmpFiles/license.tmp
2023-06-27 12:23:29,637 [INFO] CodeEngine:255 - oldGeneratedFile, /home/dinesh/STM32CubeIDE/workspace_1.12.1/Queue/MXTmpFiles/gpio.tmp_save
2023-06-27 12:23:29,716 [INFO] CodeEngine:279 - Generated code: /home/dinesh/STM32CubeIDE/workspace_1.12.1/Queue/MXTmpFiles/gpio.tmp
2023-06-27 12:23:29,852 [INFO] Middleware:1439 - No code input for Bsp Dependency
2023-06-27 12:23:29,854 [INFO] CodeEngine:255 - oldGeneratedFile, /home/dinesh/STM32CubeIDE/workspace_1.12.1/Queue/MXTmpFiles/rtos_inc.tmp_save
2023-06-27 12:23:29,912 [INFO] CodeEngine:279 - Generated code: /home/dinesh/STM32CubeIDE/workspace_1.12.1/Queue/MXTmpFiles/rtos_inc.tmp
2023-06-27 12:23:29,913 [INFO] CodeEngine:255 - oldGeneratedFile, /home/dinesh/STM32CubeIDE/workspace_1.12.1/Queue/MXTmpFiles/rtos_vars.tmp_save
2023-06-27 12:23:29,972 [INFO] CodeEngine:279 - Generated code: /home/dinesh/STM32CubeIDE/workspace_1.12.1/Queue/MXTmpFiles/rtos_vars.tmp
2023-06-27 12:23:29,973 [INFO] CodeEngine:255 - oldGeneratedFile, /home/dinesh/STM32CubeIDE/workspace_1.12.1/Queue/MXTmpFiles/rtos_pfp.tmp_save
2023-06-27 12:23:30,027 [INFO] CodeEngine:279 - Generated code: /home/dinesh/STM32CubeIDE/workspace_1.12.1/Queue/MXTmpFiles/rtos_pfp.tmp
2023-06-27 12:23:30,028 [INFO] CodeEngine:255 - oldGeneratedFile, /home/dinesh/STM32CubeIDE/workspace_1.12.1/Queue/MXTmpFiles/rtos_obj_creat.tmp_save
2023-06-27 12:23:30,078 [INFO] CodeEngine:279 - Generated code: /home/dinesh/STM32CubeIDE/workspace_1.12.1/Queue/MXTmpFiles/rtos_obj_creat.tmp
2023-06-27 12:23:30,079 [INFO] CodeEngine:255 - oldGeneratedFile, /home/dinesh/STM32CubeIDE/workspace_1.12.1/Queue/MXTmpFiles/rtos_kernelStart.tmp_save
2023-06-27 12:23:30,126 [INFO] CodeEngine:279 - Generated code: /home/dinesh/STM32CubeIDE/workspace_1.12.1/Queue/MXTmpFiles/rtos_kernelStart.tmp
2023-06-27 12:23:30,127 [INFO] CodeEngine:255 - oldGeneratedFile, /home/dinesh/STM32CubeIDE/workspace_1.12.1/Queue/MXTmpFiles/rtos_default_thread.tmp_save
2023-06-27 12:23:30,173 [INFO] CodeEngine:279 - Generated code: /home/dinesh/STM32CubeIDE/workspace_1.12.1/Queue/MXTmpFiles/rtos_default_thread.tmp
2023-06-27 12:23:30,174 [INFO] CodeEngine:255 - oldGeneratedFile, /home/dinesh/STM32CubeIDE/workspace_1.12.1/Queue/MXTmpFiles/rtos_threads.tmp_save
2023-06-27 12:23:30,220 [INFO] CodeEngine:279 - Generated code: /home/dinesh/STM32CubeIDE/workspace_1.12.1/Queue/MXTmpFiles/rtos_threads.tmp
2023-06-27 12:23:30,229 [INFO] Middleware:1439 - No code input for Bsp Dependency
2023-06-27 12:23:30,231 [INFO] CodeEngine:255 - oldGeneratedFile, /home/dinesh/STM32CubeIDE/workspace_1.12.1/Queue/MXTmpFiles/rtos_inc.tmp_save
2023-06-27 12:23:30,307 [INFO] CodeEngine:279 - Generated code: /home/dinesh/STM32CubeIDE/workspace_1.12.1/Queue/MXTmpFiles/rtos_inc.tmp
2023-06-27 12:23:30,308 [INFO] CodeEngine:255 - oldGeneratedFile, /home/dinesh/STM32CubeIDE/workspace_1.12.1/Queue/MXTmpFiles/rtos_vars.tmp_save
2023-06-27 12:23:30,357 [INFO] CodeEngine:279 - Generated code: /home/dinesh/STM32CubeIDE/workspace_1.12.1/Queue/MXTmpFiles/rtos_vars.tmp
2023-06-27 12:23:30,358 [INFO] CodeEngine:255 - oldGeneratedFile, /home/dinesh/STM32CubeIDE/workspace_1.12.1/Queue/MXTmpFiles/rtos_pfp.tmp_save
2023-06-27 12:23:30,402 [INFO] CodeEngine:279 - Generated code: /home/dinesh/STM32CubeIDE/workspace_1.12.1/Queue/MXTmpFiles/rtos_pfp.tmp
2023-06-27 12:23:30,403 [INFO] CodeEngine:255 - oldGeneratedFile, /home/dinesh/STM32CubeIDE/workspace_1.12.1/Queue/MXTmpFiles/rtos_obj_creat.tmp_save
2023-06-27 12:23:30,451 [INFO] CodeEngine:279 - Generated code: /home/dinesh/STM32CubeIDE/workspace_1.12.1/Queue/MXTmpFiles/rtos_obj_creat.tmp
2023-06-27 12:23:30,452 [INFO] CodeEngine:255 - oldGeneratedFile, /home/dinesh/STM32CubeIDE/workspace_1.12.1/Queue/MXTmpFiles/rtos_kernelStart.tmp_save
2023-06-27 12:23:30,497 [INFO] CodeEngine:279 - Generated code: /home/dinesh/STM32CubeIDE/workspace_1.12.1/Queue/MXTmpFiles/rtos_kernelStart.tmp
2023-06-27 12:23:30,497 [INFO] CodeEngine:255 - oldGeneratedFile, /home/dinesh/STM32CubeIDE/workspace_1.12.1/Queue/MXTmpFiles/rtos_default_thread.tmp_save
2023-06-27 12:23:30,542 [INFO] CodeEngine:279 - Generated code: /home/dinesh/STM32CubeIDE/workspace_1.12.1/Queue/MXTmpFiles/rtos_default_thread.tmp
2023-06-27 12:23:30,543 [INFO] CodeEngine:255 - oldGeneratedFile, /home/dinesh/STM32CubeIDE/workspace_1.12.1/Queue/MXTmpFiles/rtos_threads.tmp_save
2023-06-27 12:23:30,590 [INFO] CodeEngine:279 - Generated code: /home/dinesh/STM32CubeIDE/workspace_1.12.1/Queue/MXTmpFiles/rtos_threads.tmp
2023-06-27 12:23:30,591 [INFO] CodeEngine:255 - oldGeneratedFile, /home/dinesh/STM32CubeIDE/workspace_1.12.1/Queue/Core/Inc/FreeRTOSConfig.h_save
2023-06-27 12:23:30,649 [INFO] CodeEngine:279 - Generated code: /home/dinesh/STM32CubeIDE/workspace_1.12.1/Queue/Core/Inc/FreeRTOSConfig.h
2023-06-27 12:23:30,650 [INFO] CodeEngine:255 - oldGeneratedFile, /home/dinesh/STM32CubeIDE/workspace_1.12.1/Queue/Core/Src/freertos.c_save
2023-06-27 12:23:30,730 [INFO] CodeEngine:279 - Generated code: /home/dinesh/STM32CubeIDE/workspace_1.12.1/Queue/Core/Src/freertos.c
2023-06-27 12:23:30,734 [INFO] CodeEngine:255 - oldGeneratedFile, /home/dinesh/STM32CubeIDE/workspace_1.12.1/Queue/Core/Src/stm32f4xx_it.c_save
2023-06-27 12:23:31,002 [INFO] CodeEngine:279 - Generated code: /home/dinesh/STM32CubeIDE/workspace_1.12.1/Queue/Core/Src/stm32f4xx_it.c
2023-06-27 12:23:31,004 [INFO] CodeEngine:255 - oldGeneratedFile, /home/dinesh/STM32CubeIDE/workspace_1.12.1/Queue/Core/Inc/stm32f4xx_it.h_save
2023-06-27 12:23:31,062 [INFO] CodeEngine:279 - Generated code: /home/dinesh/STM32CubeIDE/workspace_1.12.1/Queue/Core/Inc/stm32f4xx_it.h
2023-06-27 12:23:31,065 [INFO] CodeEngine:255 - oldGeneratedFile, /home/dinesh/STM32CubeIDE/workspace_1.12.1/Queue/Core/Src/stm32f4xx_hal_msp.c_save
2023-06-27 12:23:31,155 [INFO] CodeEngine:279 - Generated code: /home/dinesh/STM32CubeIDE/workspace_1.12.1/Queue/Core/Src/stm32f4xx_hal_msp.c
2023-06-27 12:23:31,156 [INFO] CodeEngine:255 - oldGeneratedFile, /home/dinesh/STM32CubeIDE/workspace_1.12.1/Queue/MXTmpFiles/system.tmp_save
2023-06-27 12:23:31,207 [INFO] CodeEngine:279 - Generated code: /home/dinesh/STM32CubeIDE/workspace_1.12.1/Queue/MXTmpFiles/system.tmp
2023-06-27 12:23:31,208 [INFO] CodeEngine:255 - oldGeneratedFile, /home/dinesh/STM32CubeIDE/workspace_1.12.1/Queue/Core/Src/stm32f4xx_hal_timebase_tim.c_save
2023-06-27 12:23:31,262 [INFO] CodeEngine:279 - Generated code: /home/dinesh/STM32CubeIDE/workspace_1.12.1/Queue/Core/Src/stm32f4xx_hal_timebase_tim.c
2023-06-27 12:23:31,264 [INFO] CodeEngine:311 - oldGeneratedFile, /home/dinesh/STM32CubeIDE/workspace_1.12.1/Queue/Core/Inc/stm32f4xx_hal_conf.h_save
2023-06-27 12:23:31,316 [INFO] CodeEngine:335 - Generated code: /home/dinesh/STM32CubeIDE/workspace_1.12.1/Queue/Core/Inc/stm32f4xx_hal_conf.h
2023-06-27 12:23:31,343 [INFO] CodeEngine:255 - oldGeneratedFile, /home/dinesh/STM32CubeIDE/workspace_1.12.1/Queue/Core/Inc/main.h_save
2023-06-27 12:23:31,403 [INFO] CodeEngine:279 - Generated code: /home/dinesh/STM32CubeIDE/workspace_1.12.1/Queue/Core/Inc/main.h
2023-06-27 12:23:31,404 [INFO] CodeEngine:255 - oldGeneratedFile, /home/dinesh/STM32CubeIDE/workspace_1.12.1/Queue/Core/Src/main.c_save
2023-06-27 12:23:31,492 [INFO] CodeEngine:279 - Generated code: /home/dinesh/STM32CubeIDE/workspace_1.12.1/Queue/Core/Src/main.c
2023-06-27 12:23:32,033 [INFO] ProjectBuilder:2996 - Time for Copy HAL[1] : 30mS.
2023-06-27 12:23:32,035 [INFO] ProjectBuilder:4304 - Project Generator version: 3.19.2
2023-06-27 12:23:32,262 [INFO] ConfigFileManager:1483 - The Die is : DIE431
2023-06-27 12:23:33,959 [INFO] ProjectBuilder:4505 - Time for Generating toolchain IDE Files: 1923mS.
2023-06-27 12:23:33,959 [INFO] ProjectBuilder:2867 - Time for Copy CMSIS : 0mS.
2023-06-27 12:23:33,961 [INFO] ProjectBuilder:2867 - Time for Copy CMSIS : 0mS.
2023-06-27 14:21:58,277 [ERROR] AdobePublisher:162 - Exception while opening the connection: java.net.SocketTimeoutException: connect timed out
2023-06-27 14:22:39,463 [ERROR] ConfigurationRetriever:142 - IOException on connection: connect timed out
2023-06-27 14:27:58,281 [ERROR] ConfigurationRetriever:142 - IOException on connection: connect timed out
2023-06-27 14:28:59,823 [ERROR] ConfigurationRetriever:142 - IOException on connection: connect timed out
2023-06-27 14:29:01,827 [ERROR] ConfigurationRetriever:142 - IOException on connection: connect timed out
2023-06-27 14:29:04,623 [ERROR] ConfigurationRetriever:142 - IOException on connection: connect timed out
2023-06-27 14:34:24,731 [ERROR] ConfigurationRetriever:142 - IOException on connection: connect timed out
2023-06-27 14:34:26,734 [ERROR] ConfigurationRetriever:142 - IOException on connection: connect timed out
2023-06-27 14:34:28,737 [ERROR] ConfigurationRetriever:142 - IOException on connection: connect timed out
2023-06-27 14:34:35,118 [ERROR] ConfigurationRetriever:142 - IOException on connection: connect timed out
2023-06-27 14:34:37,121 [ERROR] ConfigurationRetriever:142 - IOException on connection: connect timed out
2023-06-27 14:38:37,109 [ERROR] ConfigurationRetriever:142 - IOException on connection: Read timed out
2023-06-27 14:38:39,113 [ERROR] ConfigurationRetriever:142 - IOException on connection: connect timed out
2023-06-27 14:38:41,116 [ERROR] ConfigurationRetriever:142 - IOException on connection: connect timed out
2023-06-27 14:38:43,130 [ERROR] ConfigurationRetriever:142 - IOException on connection: connect timed out
2023-06-27 14:38:45,130 [ERROR] ConfigurationRetriever:142 - IOException on connection: connect timed out
2023-06-27 14:38:47,134 [ERROR] ConfigurationRetriever:142 - IOException on connection: connect timed out
2023-06-27 14:40:38,614 [ERROR] ConfigurationRetriever:142 - IOException on connection: connect timed out
2023-06-27 14:40:40,617 [ERROR] ConfigurationRetriever:142 - IOException on connection: connect timed out
2023-06-27 14:41:00,406 [ERROR] ConfigurationRetriever:142 - IOException on connection: connect timed out
2023-06-27 14:41:02,409 [ERROR] ConfigurationRetriever:142 - IOException on connection: connect timed out
2023-06-27 14:41:22,214 [ERROR] ConfigurationRetriever:142 - IOException on connection: connect timed out
2023-06-27 14:41:24,218 [ERROR] ConfigurationRetriever:142 - IOException on connection: connect timed out
2023-06-27 14:44:46,046 [ERROR] ConfigurationRetriever:142 - IOException on connection: connect timed out
2023-06-27 14:44:51,010 [ERROR] ConfigurationRetriever:142 - IOException on connection: connect timed out
2023-06-27 14:45:52,353 [ERROR] ConfigurationRetriever:142 - IOException on connection: connect timed out
2023-06-27 14:45:56,606 [ERROR] AdobePublisher:162 - Exception while opening the connection: java.net.SocketTimeoutException: connect timed out
2023-06-27 14:45:58,609 [ERROR] AdobePublisher:162 - Exception while opening the connection: java.net.SocketTimeoutException: connect timed out
2023-06-27 14:46:00,612 [ERROR] AdobePublisher:162 - Exception while opening the connection: java.net.SocketTimeoutException: connect timed out
2023-06-27 14:46:02,614 [ERROR] AdobePublisher:162 - Exception while opening the connection: java.net.SocketTimeoutException: connect timed out
2023-06-27 14:46:04,617 [ERROR] AdobePublisher:162 - Exception while opening the connection: java.net.SocketTimeoutException: connect timed out
2023-06-27 14:46:06,621 [ERROR] ConfigurationRetriever:142 - IOException on connection: connect timed out
2023-06-27 14:46:08,622 [ERROR] ConfigurationRetriever:142 - IOException on connection: connect timed out
2023-06-27 14:46:10,625 [ERROR] ConfigurationRetriever:142 - IOException on connection: connect timed out
2023-06-27 14:50:22,460 [ERROR] ConfigurationRetriever:142 - IOException on connection: connect timed out
2023-06-27 14:50:26,344 [ERROR] ConfigurationRetriever:142 - IOException on connection: Read timed out
2023-06-27 14:50:29,485 [ERROR] ConfigurationRetriever:142 - IOException on connection: connect timed out
2023-06-27 14:50:34,350 [ERROR] AdobePublisher:162 - Exception while opening the connection: java.net.SocketTimeoutException: connect timed out
2023-06-27 17:10:40,345 [ERROR] ConfigurationRetriever:142 - IOException on connection: sw-center.st.com
2023-06-27 17:10:40,346 [ERROR] ConfigurationRetriever:142 - IOException on connection: sw-center.st.com
2023-06-27 17:10:40,346 [ERROR] ConfigurationRetriever:142 - IOException on connection: sw-center.st.com
2023-06-27 20:09:30,817 [ERROR] AdobePublisher:162 - Exception while opening the connection: java.net.SocketTimeoutException: connect timed out
2023-06-27 20:11:41,705 [ERROR] AdobePublisher:162 - Exception while opening the connection: java.net.SocketTimeoutException: Read timed out
2023-06-27 21:12:37,425 [ERROR] ConfigurationRetriever:142 - IOException on connection: sw-center.st.com
2023-06-27 21:12:37,426 [ERROR] ConfigurationRetriever:142 - IOException on connection: sw-center.st.com
2023-06-27 21:12:37,426 [ERROR] ConfigurationRetriever:142 - IOException on connection: sw-center.st.com
2023-06-27 21:14:04,653 [ERROR] ConfigurationRetriever:142 - IOException on connection: sw-center.st.com
2023-06-27 21:14:04,654 [ERROR] ConfigurationRetriever:142 - IOException on connection: sw-center.st.com
2023-06-27 21:14:04,655 [ERROR] ConfigurationRetriever:142 - IOException on connection: sw-center.st.com
2023-06-27 21:14:31,832 [ERROR] ConfigurationRetriever:142 - IOException on connection: sw-center.st.com
2023-06-27 21:14:31,835 [ERROR] ConfigurationRetriever:142 - IOException on connection: sw-center.st.com
2023-06-27 21:14:31,838 [ERROR] ConfigurationRetriever:142 - IOException on connection: sw-center.st.com
2023-06-27 21:14:33,096 [ERROR] ConfigurationRetriever:142 - IOException on connection: sw-center.st.com
2023-06-27 21:14:33,098 [ERROR] ConfigurationRetriever:142 - IOException on connection: sw-center.st.com
2023-06-27 21:14:33,098 [ERROR] ConfigurationRetriever:142 - IOException on connection: sw-center.st.com
2023-06-27 21:17:01,409 [ERROR] ConfigurationRetriever:142 - IOException on connection: sw-center.st.com
2023-06-27 21:17:01,410 [ERROR] ConfigurationRetriever:142 - IOException on connection: sw-center.st.com
2023-06-27 21:17:01,411 [ERROR] ConfigurationRetriever:142 - IOException on connection: sw-center.st.com
2023-06-27 21:17:42,789 [ERROR] ConfigurationRetriever:142 - IOException on connection: sw-center.st.com
2023-06-27 21:17:42,789 [ERROR] ConfigurationRetriever:142 - IOException on connection: sw-center.st.com
2023-06-27 21:17:42,789 [ERROR] ConfigurationRetriever:142 - IOException on connection: sw-center.st.com
2023-06-27 22:05:46,506 [INFO] Activator:176 - 


2023-06-27 22:05:46,511 [INFO] Activator:177 - !SESSION log4j initialized
2023-06-27 22:05:52,752 [INFO] LogOutputStream:77 - [STDOUT_REDIRECT] 
2023-06-27 22:05:53,708 [ERROR] ConfigurationRetriever:142 - IOException on connection: sw-center.st.com
2023-06-27 22:05:53,710 [ERROR] ConfigurationRetriever:142 - IOException on connection: sw-center.st.com
2023-06-27 22:05:53,711 [ERROR] ConfigurationRetriever:142 - IOException on connection: sw-center.st.com
2023-06-27 22:06:16,125 [ERROR] LogOutputStream:75 - [STDERR_REDIRECT] SLF4J: Failed to load class "org.slf4j.impl.StaticLoggerBinder".
2023-06-27 22:06:16,126 [ERROR] LogOutputStream:75 - [STDERR_REDIRECT] SLF4J: Defaulting to no-operation (NOP) logger implementation
2023-06-27 22:06:16,127 [ERROR] LogOutputStream:75 - [STDERR_REDIRECT] SLF4J: See http://www.slf4j.org/codes.html#StaticLoggerBinder for further details.
2023-06-27 22:09:38,646 [ERROR] ConfigurationRetriever:142 - IOException on connection: connect timed out
2023-06-27 22:09:40,655 [ERROR] ConfigurationRetriever:142 - IOException on connection: connect timed out
2023-06-27 22:09:42,657 [ERROR] ConfigurationRetriever:142 - IOException on connection: connect timed out
2023-06-27 22:14:09,859 [ERROR] ConfigurationRetriever:142 - IOException on connection: connect timed out
2023-06-27 22:15:17,531 [ERROR] ConfigurationRetriever:142 - IOException on connection: connect timed out
2023-06-27 22:25:46,653 [ERROR] ConfigurationRetriever:142 - IOException on connection: Read timed out
2023-06-27 22:25:48,724 [ERROR] ConfigurationRetriever:142 - IOException on connection: Read timed out
