2023-06-19 09:46:41,760 [INFO] Activator:176 - 


2023-06-19 09:46:41,765 [INFO] Activator:177 - !SESSION log4j initialized
2023-06-19 09:46:46,974 [INFO] LogOutputStream:77 - [STDOUT_REDIRECT] 
2023-06-19 09:47:08,459 [ERROR] LogOutputStream:75 - [STDERR_REDIRECT] SLF4J: Failed to load class "org.slf4j.impl.StaticLoggerBinder".
2023-06-19 09:47:08,459 [ERROR] LogOutputStream:75 - [STDERR_REDIRECT] SLF4J: Defaulting to no-operation (NOP) logger implementation
2023-06-19 09:47:08,460 [ERROR] LogOutputStream:75 - [STDERR_REDIRECT] SLF4J: See http://www.slf4j.org/codes.html#StaticLoggerBinder for further details.
2023-06-19 10:41:10,364 [INFO] ApplicationProperties:184 - Using Application install path: /opt/st/stm32cubeide_1.12.1/plugins/com.st.stm32cube.common.mx_6.8.1.202304191431
2023-06-19 10:41:10,386 [INFO] DbMcusXml:78 - Set database path to: /opt/st/stm32cubeide_1.12.1/plugins/com.st.stm32cube.common.mx_6.8.1.202304191431//db//mcu/
2023-06-19 10:41:10,386 [INFO] ApiDb:274 - Set plugin database path to: /opt/st/stm32cubeide_1.12.1/plugins/com.st.stm32cube.common.mx_6.8.1.202304191431//db//plugins/boardmanager/
2023-06-19 10:41:10,389 [WARN] ApiDb:259 - Overriding images path with different value:  => /opt/st/stm32cubeide_1.12.1/plugins/com.st.stm32cube.common.mx_6.8.1.202304191431//db//plugins/mcufinder/images/
2023-06-19 10:41:10,412 [INFO] ApiDb:250 - Set database path to: /home/dinesh/.stmcufinder/plugins/mcufinder//mcu/
2023-06-19 10:41:10,413 [INFO] DbMcusAds:125 - Set database path to: /home/dinesh/.stmcufinder/plugins/mcufinder//mcu/
2023-06-19 10:41:10,714 [INFO] CrossReferenceDbSqlite:203 - Set database path to: /home/dinesh/.stmcufinder/plugins/mcufinder//mcu/cs/
2023-06-19 10:41:10,857 [INFO] RulesReader:64 - Compatibility file has been processed (293 Rules)
2023-06-19 10:41:10,913 [INFO] DbMcusXml:78 - Set database path to: /opt/st/stm32cubeide_1.12.1/plugins/com.st.stm32cube.common.mx_6.8.1.202304191431//db//mcu/
2023-06-19 10:41:10,913 [INFO] ApiDb:274 - Set plugin database path to: /opt/st/stm32cubeide_1.12.1/plugins/com.st.stm32cube.common.mx_6.8.1.202304191431//db//plugins/boardmanager/
2023-06-19 10:41:10,914 [INFO] ApiDb:261 - Set plugin images path to: /opt/st/stm32cubeide_1.12.1/plugins/com.st.stm32cube.common.mx_6.8.1.202304191431//db//plugins/mcufinder/images/
2023-06-19 10:41:10,914 [WARN] DbFile:41 - Overriding database path with different value: /home/dinesh/.stmcufinder/plugins/mcufinder/ => /home/dinesh/.stmcufinder/plugins/mcufinder
2023-06-19 10:41:10,914 [INFO] ApiDb:250 - Set database path to: /home/dinesh/.stmcufinder/plugins/mcufinder//mcu/
2023-06-19 10:41:10,914 [WARN] DbFile:41 - Overriding database path with different value: /home/dinesh/.stmcufinder/plugins/mcufinder/ => /home/dinesh/.stmcufinder/plugins/mcufinder
2023-06-19 10:41:10,914 [INFO] DbMcusAds:125 - Set database path to: /home/dinesh/.stmcufinder/plugins/mcufinder//mcu/
2023-06-19 10:41:10,914 [WARN] DbFile:41 - Overriding database path with different value: /home/dinesh/.stmcufinder/plugins/mcufinder/ => /home/dinesh/.stmcufinder/plugins/mcufinder
2023-06-19 10:41:10,914 [WARN] DbFile:41 - Overriding database path with different value: /home/dinesh/.stmcufinder/plugins/mcufinder/ => /home/dinesh/.stmcufinder/plugins/mcufinder
2023-06-19 10:41:10,914 [INFO] CrossReferenceDbSqlite:203 - Set database path to: /home/dinesh/.stmcufinder/plugins/mcufinder//mcu/cs/
2023-06-19 10:41:10,995 [INFO] MainPanel:253 - HeapMemory: 449839104
2023-06-19 10:41:11,118 [INFO] DbMcusXml:78 - Set database path to: /opt/st/stm32cubeide_1.12.1/plugins/com.st.stm32cube.common.mx_6.8.1.202304191431//db//mcu/
2023-06-19 10:41:11,118 [INFO] ApiDb:274 - Set plugin database path to: /opt/st/stm32cubeide_1.12.1/plugins/com.st.stm32cube.common.mx_6.8.1.202304191431//db//plugins/boardmanager/
2023-06-19 10:41:11,119 [INFO] ApiDb:261 - Set plugin images path to: /opt/st/stm32cubeide_1.12.1/plugins/com.st.stm32cube.common.mx_6.8.1.202304191431//db//plugins/mcufinder/images/
2023-06-19 10:41:11,120 [WARN] DbFile:41 - Overriding database path with different value: /home/dinesh/.stmcufinder/plugins/mcufinder/ => /home/dinesh/.stmcufinder/plugins/mcufinder
2023-06-19 10:41:11,120 [INFO] ApiDb:250 - Set database path to: /home/dinesh/.stmcufinder/plugins/mcufinder//mcu/
2023-06-19 10:41:11,120 [WARN] DbFile:41 - Overriding database path with different value: /home/dinesh/.stmcufinder/plugins/mcufinder/ => /home/dinesh/.stmcufinder/plugins/mcufinder
2023-06-19 10:41:11,120 [INFO] DbMcusAds:125 - Set database path to: /home/dinesh/.stmcufinder/plugins/mcufinder//mcu/
2023-06-19 10:41:11,120 [WARN] DbFile:41 - Overriding database path with different value: /home/dinesh/.stmcufinder/plugins/mcufinder/ => /home/dinesh/.stmcufinder/plugins/mcufinder
2023-06-19 10:41:11,120 [WARN] DbFile:41 - Overriding database path with different value: /home/dinesh/.stmcufinder/plugins/mcufinder/ => /home/dinesh/.stmcufinder/plugins/mcufinder
2023-06-19 10:41:11,121 [INFO] CrossReferenceDbSqlite:203 - Set database path to: /home/dinesh/.stmcufinder/plugins/mcufinder//mcu/cs/
2023-06-19 10:41:11,146 [INFO] ApplicationProperties:184 - Using Application install path: /opt/st/stm32cubeide_1.12.1/plugins/com.st.stm32cube.common.mx_6.8.1.202304191431
2023-06-19 10:41:11,148 [INFO] PluginManage:196 - Search for loadable plugins [exclusion list=, ]
2023-06-19 10:41:11,149 [INFO] PluginManage:310 - Check plugin analytics
2023-06-19 10:41:11,339 [INFO] AnalyticsPlugin:253 - Accepted Software Licenses: 
2023-06-19 10:41:11,340 [INFO] AnalyticsPlugin:255 - Accepted CMSIS Pack Licenses: 
2023-06-19 10:41:11,340 [INFO] AnalyticsPlugin:257 - Accepted Firmware Licenses: FW.F4.1.27.0
2023-06-19 10:41:11,343 [INFO] PluginManage:359 - Loaded plugin analytics (category:tool,tabindex:-1)
2023-06-19 10:41:11,344 [INFO] PluginManage:310 - Check plugin cadmodel
2023-06-19 10:41:11,431 [INFO] CADModel:105 - Init CAD model plugin
2023-06-19 10:41:11,431 [INFO] PluginManage:359 - Loaded plugin cadmodel (category:power,tabindex:5)
2023-06-19 10:41:11,431 [INFO] PluginManage:310 - Check plugin clock
2023-06-19 10:41:11,443 [INFO] PluginManage:359 - Loaded plugin clock (category:base,tabindex:2)
2023-06-19 10:41:11,443 [INFO] PluginManage:310 - Check plugin ddr
2023-06-19 10:41:11,446 [INFO] PluginManage:359 - Loaded plugin ddr (category:tool,tabindex:6)
2023-06-19 10:41:11,446 [INFO] PluginManage:310 - Check plugin filemanager
2023-06-19 10:41:11,587 [INFO] PluginManage:359 - Loaded plugin filemanager (category:base,tabindex:10)
2023-06-19 10:41:11,588 [INFO] PluginManage:310 - Check plugin ipmanager
2023-06-19 10:41:11,604 [INFO] PluginManage:359 - Loaded plugin ipmanager (category:base,tabindex:5)
2023-06-19 10:41:11,604 [INFO] PluginManage:310 - Check plugin lpbam
2023-06-19 10:41:11,619 [INFO] PluginManage:359 - Loaded plugin lpbam (category:base,tabindex:0)
2023-06-19 10:41:11,619 [INFO] PluginManage:310 - Check plugin pinoutandconfiguration
2023-06-19 10:41:11,632 [INFO] PluginManage:359 - Loaded plugin pinoutandconfiguration (category:base,tabindex:1)
2023-06-19 10:41:11,632 [INFO] PluginManage:310 - Check plugin pinoutconfig
2023-06-19 10:41:11,754 [WARN] SupportedApi:132 - Cannot load RTOS API schema: s4s-elt-must-match.1: The content of 'definitions' must match (annotation?, (simpleType | complexType)?, (unique | key | keyref)*)). A problem was found starting at: attribute.
2023-06-19 10:41:11,893 [INFO] PluginManage:359 - Loaded plugin pinoutconfig (category:base,tabindex:0)
2023-06-19 10:41:11,893 [INFO] PluginManage:310 - Check plugin power
2023-06-19 10:41:11,905 [INFO] PluginManage:359 - Loaded plugin power (category:power,tabindex:4)
2023-06-19 10:41:11,905 [INFO] PluginManage:310 - Check plugin projectmanager
2023-06-19 10:41:11,919 [INFO] PluginManage:359 - Loaded plugin projectmanager (category:projectmanager,tabindex:3)
2023-06-19 10:41:11,919 [INFO] PluginManage:310 - Check plugin thirdparty
2023-06-19 10:41:12,046 [INFO] PluginManage:359 - Loaded plugin thirdparty (category:base,tabindex:-1)
2023-06-19 10:41:12,046 [WARN] IntegrityCheckThread:84 - waiting for thirdparty lock release [integrity check]
2023-06-19 10:41:12,046 [INFO] PluginManage:310 - Check plugin tools
2023-06-19 10:41:12,046 [INFO] IntegrityCheckThread:86 - entering critical section [integrity check]
2023-06-19 10:41:12,048 [INFO] ThirdPartyUpdaterWithRetryManager:70 - Updater plugin not ready yet. [1/15]
2023-06-19 10:41:12,049 [INFO] PluginManage:359 - Loaded plugin tools (category:base,tabindex:7)
2023-06-19 10:41:12,049 [INFO] PluginManage:310 - Check plugin tutovideos
2023-06-19 10:41:12,257 [INFO] PluginManage:359 - Loaded plugin tutovideos (category:base,tabindex:-1)
2023-06-19 10:41:12,257 [INFO] PluginManage:310 - Check plugin updater
2023-06-19 10:41:12,289 [INFO] PluginManage:359 - Loaded plugin updater (category:base,tabindex:12)
2023-06-19 10:41:12,289 [INFO] PluginManage:283 - PluginManage : Loaded plugins [15]
2023-06-19 10:41:12,501 [INFO] PinOutPanel:1499 - setPackage(No Configuration,No Configuration)
2023-06-19 10:41:12,555 [INFO] CADModel:165 - CPN selected for project level
2023-06-19 10:41:12,556 [INFO] CADModel:114 - Register for checkConnection events
2023-06-19 10:41:12,580 [INFO] IPUIPlugin:80 - create IPUIPlugin
2023-06-19 10:41:12,580 [INFO] PluginManager:220 - loadIPPluginJar : add cryp
2023-06-19 10:41:12,590 [INFO] IPUIPlugin:80 - create IPUIPlugin
2023-06-19 10:41:12,590 [INFO] PluginManager:220 - loadIPPluginJar : add resmgrutility
2023-06-19 10:41:12,594 [INFO] IPUIPlugin:80 - create IPUIPlugin
2023-06-19 10:41:12,594 [INFO] PluginManager:220 - loadIPPluginJar : add ipddr
2023-06-19 10:41:12,601 [INFO] IPUIPlugin:80 - create IPUIPlugin
2023-06-19 10:41:12,601 [INFO] PluginManager:220 - loadIPPluginJar : add adc
2023-06-19 10:41:12,603 [INFO] IPUIPlugin:80 - create IPUIPlugin
2023-06-19 10:41:12,603 [INFO] PluginManager:220 - loadIPPluginJar : add tsc
2023-06-19 10:41:12,604 [INFO] IPUIPlugin:80 - create IPUIPlugin
2023-06-19 10:41:12,604 [INFO] PluginManager:220 - loadIPPluginJar : add ltdc
2023-06-19 10:41:12,609 [INFO] IPUIPlugin:80 - create IPUIPlugin
2023-06-19 10:41:12,609 [INFO] PluginManager:220 - loadIPPluginJar : add stm32_wpan
2023-06-19 10:41:12,612 [INFO] IPUIPlugin:80 - create IPUIPlugin
2023-06-19 10:41:12,612 [INFO] PluginManager:220 - loadIPPluginJar : add gtzc
2023-06-19 10:41:12,615 [INFO] IPUIPlugin:80 - create IPUIPlugin
2023-06-19 10:41:12,615 [INFO] PluginManager:220 - loadIPPluginJar : add usart
2023-06-19 10:41:12,616 [INFO] IPUIPlugin:80 - create IPUIPlugin
2023-06-19 10:41:12,617 [INFO] PluginManager:220 - loadIPPluginJar : add hash
2023-06-19 10:41:12,618 [INFO] IPUIPlugin:80 - create IPUIPlugin
2023-06-19 10:41:12,619 [INFO] PluginManager:220 - loadIPPluginJar : add ucpd
2023-06-19 10:41:12,621 [INFO] IPUIPlugin:80 - create IPUIPlugin
2023-06-19 10:41:12,622 [INFO] PluginManager:220 - loadIPPluginJar : add touchsensing
2023-06-19 10:41:12,624 [INFO] IPUIPlugin:80 - create IPUIPlugin
2023-06-19 10:41:12,624 [INFO] PluginManager:220 - loadIPPluginJar : add pdm2pcm
2023-06-19 10:41:12,626 [INFO] IPUIPlugin:80 - create IPUIPlugin
2023-06-19 10:41:12,626 [INFO] PluginManager:220 - loadIPPluginJar : add ts
2023-06-19 10:41:12,631 [INFO] IPUIPlugin:80 - create IPUIPlugin
2023-06-19 10:41:12,632 [INFO] PluginManager:220 - loadIPPluginJar : add gpio
2023-06-19 10:41:12,634 [INFO] IPUIPlugin:80 - create IPUIPlugin
2023-06-19 10:41:12,634 [INFO] PluginManager:220 - loadIPPluginJar : add quadspi
2023-06-19 10:41:12,637 [INFO] IPUIPlugin:80 - create IPUIPlugin
2023-06-19 10:41:12,637 [INFO] PluginManager:220 - loadIPPluginJar : add i2c
2023-06-19 10:41:12,640 [INFO] IPUIPlugin:80 - create IPUIPlugin
2023-06-19 10:41:12,640 [INFO] PluginManager:220 - loadIPPluginJar : add spi
2023-06-19 10:41:12,643 [INFO] IPUIPlugin:80 - create IPUIPlugin
2023-06-19 10:41:12,643 [INFO] PluginManager:220 - loadIPPluginJar : add opamp
2023-06-19 10:41:12,650 [INFO] IPUIPlugin:80 - create IPUIPlugin
2023-06-19 10:41:12,651 [INFO] PluginManager:220 - loadIPPluginJar : add gic
2023-06-19 10:41:12,653 [INFO] IPUIPlugin:80 - create IPUIPlugin
2023-06-19 10:41:12,653 [INFO] PluginManager:220 - loadIPPluginJar : add aes
2023-06-19 10:41:12,661 [INFO] IPUIPlugin:80 - create IPUIPlugin
2023-06-19 10:41:12,661 [INFO] PluginManager:220 - loadIPPluginJar : add linkedlist
2023-06-19 10:41:12,665 [INFO] IPUIPlugin:80 - create IPUIPlugin
2023-06-19 10:41:12,665 [INFO] PluginManager:220 - loadIPPluginJar : add lorawan
2023-06-19 10:41:12,668 [INFO] IPUIPlugin:80 - create IPUIPlugin
2023-06-19 10:41:12,668 [INFO] PluginManager:220 - loadIPPluginJar : add sai
2023-06-19 10:41:12,677 [INFO] IPUIPlugin:80 - create IPUIPlugin
2023-06-19 10:41:12,678 [INFO] PluginManager:220 - loadIPPluginJar : add dma
2023-06-19 10:41:12,679 [INFO] IPUIPlugin:80 - create IPUIPlugin
2023-06-19 10:41:12,679 [INFO] PluginManager:220 - loadIPPluginJar : add genericplugin
2023-06-19 10:41:12,681 [INFO] IPUIPlugin:80 - create IPUIPlugin
2023-06-19 10:41:12,682 [INFO] PluginManager:220 - loadIPPluginJar : add tim
2023-06-19 10:41:12,685 [INFO] IPUIPlugin:80 - create IPUIPlugin
2023-06-19 10:41:12,685 [INFO] PluginManager:220 - loadIPPluginJar : add usbx
2023-06-19 10:41:12,692 [INFO] IPUIPlugin:80 - create IPUIPlugin
2023-06-19 10:41:12,693 [INFO] PluginManager:220 - loadIPPluginJar : add freertos
2023-06-19 10:41:12,694 [INFO] IPUIPlugin:80 - create IPUIPlugin
2023-06-19 10:41:12,694 [INFO] PluginManager:220 - loadIPPluginJar : add comp
2023-06-19 10:41:12,700 [INFO] IPUIPlugin:80 - create IPUIPlugin
2023-06-19 10:41:12,700 [INFO] PluginManager:220 - loadIPPluginJar : add fmc
2023-06-19 10:41:12,702 [INFO] IPUIPlugin:80 - create IPUIPlugin
2023-06-19 10:41:12,702 [INFO] PluginManager:220 - loadIPPluginJar : add tracer_emb
2023-06-19 10:41:12,709 [INFO] IPUIPlugin:80 - create IPUIPlugin
2023-06-19 10:41:12,709 [INFO] PluginManager:220 - loadIPPluginJar : add mdma
2023-06-19 10:41:12,712 [INFO] IPUIPlugin:80 - create IPUIPlugin
2023-06-19 10:41:12,712 [INFO] PluginManager:220 - loadIPPluginJar : add gfxmmu
2023-06-19 10:41:12,715 [INFO] IPUIPlugin:80 - create IPUIPlugin
2023-06-19 10:41:12,715 [INFO] PluginManager:220 - loadIPPluginJar : add i3c
2023-06-19 10:41:12,719 [INFO] IPUIPlugin:80 - create IPUIPlugin
2023-06-19 10:41:12,719 [INFO] PluginManager:220 - loadIPPluginJar : add openamp
2023-06-19 10:41:12,729 [INFO] IPUIPlugin:80 - create IPUIPlugin
2023-06-19 10:41:12,731 [INFO] PluginManager:220 - loadIPPluginJar : add plateformsettings
2023-06-19 10:41:12,734 [INFO] IPUIPlugin:80 - create IPUIPlugin
2023-06-19 10:41:12,734 [INFO] PluginManager:220 - loadIPPluginJar : add dma3
2023-06-19 10:41:12,737 [INFO] IPUIPlugin:80 - create IPUIPlugin
2023-06-19 10:41:12,737 [INFO] PluginManager:220 - loadIPPluginJar : add can
2023-06-19 10:41:12,738 [INFO] IPUIPlugin:80 - create IPUIPlugin
2023-06-19 10:41:12,738 [INFO] PluginManager:220 - loadIPPluginJar : add fatfs
2023-06-19 10:41:12,740 [INFO] IPUIPlugin:80 - create IPUIPlugin
2023-06-19 10:41:12,741 [INFO] PluginManager:220 - loadIPPluginJar : add i2s
2023-06-19 10:41:12,743 [INFO] IPUIPlugin:80 - create IPUIPlugin
2023-06-19 10:41:12,743 [INFO] PluginManager:220 - loadIPPluginJar : add dfsdm
2023-06-19 10:41:12,747 [INFO] IPUIPlugin:80 - create IPUIPlugin
2023-06-19 10:41:12,747 [INFO] PluginManager:220 - loadIPPluginJar : add nvic
2023-06-19 10:41:12,850 [INFO] CADModel:165 - CPN selected for project level
2023-06-19 10:41:12,850 [INFO] CADModel:114 - Register for checkConnection events
2023-06-19 10:41:12,850 [FATAL] Updater:308 - Updater called before beeing initialized
2023-06-19 10:41:12,850 [ERROR] CADModel:125 - Updater not yet initialized, retry later 
2023-06-19 10:41:12,999 [INFO] CADModel:165 - CPN selected for project level
2023-06-19 10:41:12,999 [INFO] CADModel:114 - Register for checkConnection events
2023-06-19 10:41:12,999 [FATAL] Updater:308 - Updater called before beeing initialized
2023-06-19 10:41:12,999 [ERROR] CADModel:125 - Updater not yet initialized, retry later 
2023-06-19 10:41:13,002 [FATAL] Updater:308 - Updater called before beeing initialized
2023-06-19 10:41:13,105 [FATAL] Updater:308 - Updater called before beeing initialized
2023-06-19 10:41:13,112 [INFO] DbMcusAds:53 - JSON generation date=Tue Mar 07 14:20:55 IST 2023 (1678179055335)
2023-06-19 10:41:13,112 [FATAL] Updater:308 - Updater called before beeing initialized
2023-06-19 10:41:13,158 [WARN] DetailPanel:346 - Failed to get advertising image, set to default
2023-06-19 10:41:13,254 [FATAL] Updater:308 - Updater called before beeing initialized
2023-06-19 10:41:13,256 [FATAL] Updater:308 - Updater called before beeing initialized
2023-06-19 10:41:13,256 [FATAL] Updater:308 - Updater called before beeing initialized
2023-06-19 10:41:13,256 [WARN] DetailPanel:346 - Failed to get advertising image, set to default
2023-06-19 10:41:13,257 [FATAL] Updater:308 - Updater called before beeing initialized
2023-06-19 10:41:13,286 [ERROR] Updater:1120 - MainUpdater not yet initialized. External WinMGr cannot be set.
2023-06-19 10:41:13,288 [INFO] Updater:1056 - Updater Version found : 6.8.1
2023-06-19 10:41:13,345 [INFO] ApplicationProperties:184 - Using Application install path: /opt/st/stm32cubeide_1.12.1/plugins/com.st.stm32cube.common.mx_6.8.1.202304191431
2023-06-19 10:41:13,602 [INFO] MainUpdater:2854 - connection check result : 10
2023-06-19 10:41:13,603 [INFO] MainUpdater:3548 - Updater definition file requires update
2023-06-19 10:41:13,604 [INFO] MainUpdater:283 - Updater Check For Update Now.
2023-06-19 10:41:13,606 [INFO] MicroXplorer:498 - Change Database Version : DB.6.0.81
2023-06-19 10:41:13,709 [INFO] ServerAccessManage:473 - Download File updaters.zip
2023-06-19 10:41:13,851 [INFO] FileExtend:240 - Unzip File : updaters.zip
2023-06-19 10:41:13,851 [INFO] FileExtend:255 - Standard Zip Deflate
2023-06-19 10:41:14,114 [INFO] ServerAccessManage:473 - Download File PacksControlFlags.xml
2023-06-19 10:41:14,200 [INFO] ServerAccessManage:473 - Download File cubemx.pidx
2023-06-19 10:41:14,947 [INFO] ServerAccessManage:473 - Download File STMicroelectronics.X-CUBE-NFC7.pdsc
2023-06-19 10:41:15,049 [WARN] MainUpdater:1187 - Updater busy. Cannot search thirdparties
2023-06-19 10:41:15,049 [INFO] ThirdPartyUpdaterWithRetryManager:96 - Updater plugin is busy. [1/15]
2023-06-19 10:41:16,753 [ERROR] ServerAccessManage:1096 - Problem, Http access forbiden
2023-06-19 10:41:16,755 [ERROR] ServerAccessManage:651 - Problem, Http access forbiden : RoweBots.I-CUBE-UNISONRTOS.pdsc.
2023-06-19 10:41:16,857 [WARN] PackLoader:240 - Cannot read IP mode file for STMicroelectronics.X-CUBE-NFC7.1.0.1
2023-06-19 10:41:16,869 [INFO] PopulateThirdPartyThread:66 - Ending populate Thread
2023-06-19 10:41:16,874 [INFO] ThirdParty:1030 - CMSIS Pack Vendor :STMicroelectronics X-CUBE-NFC7 1.0.1
2023-06-19 10:41:16,874 [INFO] LoadServerUpdatesThread:373 - End of LoadServerUpdate Thread
2023-06-19 10:41:16,977 [INFO] CheckServerUpdateThread:120 - End of CheckServer Thread
2023-06-19 10:41:17,031 [INFO] MainUpdater:2854 - connection check result : 10
2023-06-19 10:41:17,358 [INFO] ApiDb:581 - Connected to CubeFinder SQLite database (/home/dinesh/.stmcufinder/plugins/mcufinder/mcu/cube-finder-db.db)
2023-06-19 10:41:17,453 [INFO] ApiDb:668 - CubeFinder database Data Model version=2.1
2023-06-19 10:41:17,454 [INFO] ApiDb:669 - CubeFinder database Configuration version=3.0.35
2023-06-19 10:41:17,455 [INFO] ApiDb:670 - CubeFinder database generation date=2023-05-12 (1683877179)
2023-06-19 10:41:17,456 [INFO] ApiDb:671 - CubeFinder database FW Pack versions=[FP-ATR-ASTRA1_V2.0.0, FP-SNS-FLIGHT1_V5.0.0, FP-SNS-MOTENV1_V4.3.0, STM32Cube_FW_C0_V1.0.1, STM32Cube_FW_F0_V1.11.4, STM32Cube_FW_F3_V1.11.4, STM32Cube_FW_F4_V1.27.1, STM32Cube_FW_F7_V1.17.0, STM32Cube_FW_G0_V1.6.1, STM32Cube_FW_G4_V1.5.1, STM32Cube_FW_H5_V0.5.1, STM32Cube_FW_H5_V1.0.0, STM32Cube_FW_H7_V1.11.0, STM32Cube_FW_L0_V1.12.2, STM32Cube_FW_L5_V1.5.0, STM32Cube_FW_U5_V1.2.0, STM32Cube_FW_WBA_V1.0.0, STM32Cube_FW_WBA_V1.0.0RC1, STM32Cube_FW_WBA_V1.0.0RC3, STM32Cube_FW_WB_V1.15.0RC1, STM32Cube_FW_WB_V1.16.0, STM32Cube_FW_WB_V1.16.0RC2, STM32Cube_FW_WL_V1.3.0, X-CUBE-ALGOBUILD_V1.3.0, X-CUBE-ALS_V1.0.1, X-CUBE-AZRTOS-F4_V1.1.0, X-CUBE-AZRTOS-F7_V1.1.0, X-CUBE-AZRTOS-G0_V1.1.0, X-CUBE-AZRTOS-G4_V2.0.0, X-CUBE-AZRTOS-H7_V3.1.0, X-CUBE-AZRTOS-L4_V1.0.0, X-CUBE-AZRTOS-L5_V1.1.0, X-CUBE-AZRTOS-WB_V1.1.0, X-CUBE-AZRTOS-WL_V1.0.0, X-CUBE-BLE1_V6.2.4, X-CUBE-BLE2_V3.3.0, X-CUBE-BLEMGR_V2.0.0, X-CUBE-EEPRMA1_V4.1.0, X-CUBE-FREERTOS_V1.0.1, X-CUBE-GNSS1_V6.0.0, X-CUBE-MEMS1_V9.1.0, X-CUBE-MEMS1_V9.4.0, X-CUBE-MEMS1_V9.6.0, X-CUBE-NFC4_V3.0.0, X-CUBE-NFC7_V1.0.0, X-CUBE-SFXS2LP1_V4.0.0, X-CUBE-SUBG2_V5.0.0]
2023-06-19 10:41:17,618 [INFO] DbBoardsSqlite:226 - include board P-NUCLEO-WB55-NUCLEO as a kit item of type 'Nucleo-64'
2023-06-19 10:41:17,618 [INFO] DbBoardsSqlite:226 - include board P-NUCLEO-WB55-USBDONGLE as a kit item of type 'Nucleo USB Dongle'
2023-06-19 10:41:17,620 [INFO] DbBoardsSqlite:226 - include board STEVAL-IDP005V1 as a kit item of type 'Evaluation Board'
2023-06-19 10:41:17,621 [INFO] DbBoardsSqlite:226 - include board STEVAL-IDP005V2 as a kit item of type 'Evaluation Board'
2023-06-19 10:41:17,829 [INFO] ApiDb:240 - Found 297 in-development CPN: [B-G473E-ZEST1S, B-WB1M-WPAN1, B-WL5M-SUBG1, NUCLEO-C031C6, NUCLEO-H503RB, NUCLEO-H563ZI, NUCLEO-U545RE-Q, NUCLEO-U5A5ZJ-Q, NUCLEO-WBA52CG, STEVAL-PROTEUS1, STEVAL-STWINBX1, STM320518-EVAL, STM32C0116-DK, STM32C011D6Y3TR, STM32C011D6Y6TR, STM32C011F4P3, STM32C011F4P6, STM32C011F4U3, STM32C011F4U6TR, STM32C011F6P3, STM32C011F6P6, STM32C011F6U3, STM32C011F6U6TR, STM32C011J4M3, STM32C011J4M6, STM32C011J6M3, STM32C011J6M6, STM32C0316-DK, STM32C031C4T3, STM32C031C4T6, STM32C031C4U3, STM32C031C4U6, STM32C031C6T3, STM32C031C6T6, STM32C031C6U3, STM32C031C6U6, STM32C031F4P3, STM32C031F4P6, STM32C031F6P3, STM32C031F6P6, STM32C031G4U3, STM32C031G4U6, STM32C031G6U3, STM32C031G6U6, STM32C031K4T3, STM32C031K4T6, STM32C031K4U3, STM32C031K4U6, STM32C031K6T3, STM32C031K6T6, STM32C031K6U3, STM32C031K6U6, STM32G071K8TXN, STM32G071K8UXN, STM32G081GBU6N, STM32G081KBT6N, STM32G081KBUXN, STM32G0B1CCT6N, STM32G0B1KCT6, STM32G0B1NEY6TR, STM32G0B1RCT6N, STM32G0C1CCT6, STM32G0C1CCT6N, STM32G0C1CCU6N, STM32G0C1CET6N, STM32G0C1CEU6N, STM32G0C1KCT6, STM32G0C1NEY6TR, STM32G0C1RCI6N, STM32G0C1RCT6N, STM32G0C1REI6N, STM32G0C1RET6N, STM32G0C1VCI6, STM32G0C1VEI6, STM32G471CCT6, STM32G471CCU6, STM32G471CET3, STM32G471CET6, STM32G471CEU3, STM32G471CEU6, STM32G471MCT6, STM32G471MET3, STM32G471MET6, STM32G471MEY6TR, STM32G471QCT6, STM32G471QET3, STM32G471RCT6, STM32G471RET3, STM32G471RET6, STM32G471VCH6, STM32G471VCI6, STM32G471VCT6, STM32G471VEH3, STM32G471VEH6, STM32G471VEI3, STM32G471VEI6, STM32G471VET3, STM32G471VET6, STM32G474CCT6, STM32H503CBT6, STM32H503CBU6, STM32H503EBY6TR, STM32H503KBU6, STM32H503RBT6, STM32H562AGI6, STM32H562AII6, STM32H562IGK6, STM32H562IGT6, STM32H562IIK6, STM32H562IIT6, STM32H562RGT6, STM32H562RGV6, STM32H562RIT6, STM32H562RIV6, STM32H562VGT6, STM32H562VIT6, STM32H562ZGT6, STM32H562ZIT6, STM32H563AGI6, STM32H563AII3Q, STM32H563AII6, STM32H563IGK6, STM32H563IGT6, STM32H563IIK3Q, STM32H563IIK6, STM32H563IIT3Q, STM32H563IIT6, STM32H563MIY3QTR, STM32H563RGT6, STM32H563RGV6, STM32H563RIT6, STM32H563RIV6, STM32H563VGT6, STM32H563VIT3Q, STM32H563VIT6, STM32H563ZGT6, STM32H563ZIT3Q, STM32H563ZIT6, STM32H573AII3Q, STM32H573AII6, STM32H573I-DK, STM32H573IIK3Q, STM32H573IIK6, STM32H573IIT3Q, STM32H573IIT6, STM32H573MIY3QTR, STM32H573RIT6, STM32H573RIV6, STM32H573VIT3Q, STM32H573VIT6, STM32H573ZIT3Q, STM32H573ZIT6, STM32L4R5QGI6STR, STM32MP131AAE3, STM32MP131AAF3, STM32MP131AAG3, STM32MP131CAE3, STM32MP131CAF3, STM32MP131CAG3, STM32MP131DAE7, STM32MP131DAF7, STM32MP131DAG7, STM32MP131FAE7, STM32MP131FAF7, STM32MP131FAG7, STM32MP133AAE3, STM32MP133AAF3, STM32MP133AAG3, STM32MP133CAE3, STM32MP133CAF3, STM32MP133CAG3, STM32MP133DAE7, STM32MP133DAF7, STM32MP133DAG7, STM32MP133FAE7, STM32MP133FAF7, STM32MP133FAG7, STM32MP135AAE3, STM32MP135AAF3, STM32MP135AAG3, STM32MP135CAE3, STM32MP135CAF3, STM32MP135CAG3, STM32MP135DAE7, STM32MP135DAF7, STM32MP135DAG7, STM32MP135F-DK, STM32MP135FAE7, STM32MP135FAF7, STM32MP135FAF7T, STM32MP135FAF7U, STM32MP135FAG7, STM32U535CBT6, STM32U535CBT6Q, STM32U535CBU6, STM32U535CBU6Q, STM32U535CCT6, STM32U535CCT6Q, STM32U535CCU6, STM32U535CCU6Q, STM32U535CET6, STM32U535CET6Q, STM32U535CEU6, STM32U535CEU6Q, STM32U535JEY6QTR, STM32U535NCY6QTR, STM32U535NEY6QTR, STM32U535RBI6, STM32U535RBI6Q, STM32U535RBT6, STM32U535RBT6Q, STM32U535RCI6, STM32U535RCI6Q, STM32U535RCT6, STM32U535RCT6Q, STM32U535REI6, STM32U535REI6Q, STM32U535RET6, STM32U535RET6Q, STM32U535VCI6, STM32U535VCI6Q, STM32U535VCT6, STM32U535VCT6Q, STM32U535VEI6, STM32U535VEI6Q, STM32U535VET6, STM32U535VET6Q, STM32U545CET6, STM32U545CET6Q, STM32U545CEU6, STM32U545CEU6Q, STM32U545JEY6QTR, STM32U545NEY6QTR, STM32U545REI6, STM32U545REI6Q, STM32U545RET6, STM32U545RET6Q, STM32U545VEI6, STM32U545VEI6Q, STM32U545VET6, STM32U545VET6Q, STM32U595AIH6, STM32U595AIH6Q, STM32U595AJH6, STM32U595AJH6Q, STM32U595QII6, STM32U595QII6Q, STM32U595QJI6, STM32U595QJI6Q, STM32U595RIT6, STM32U595RIT6Q, STM32U595RJT6, STM32U595RJT6Q, STM32U595VIT6, STM32U595VIT6Q, STM32U595VJT6, STM32U595VJT6Q, STM32U595ZIT6, STM32U595ZIT6Q, STM32U595ZIY6QTR, STM32U595ZJT6, STM32U595ZJT6Q, STM32U595ZJY6QTR, STM32U599BJY6QTR, STM32U599NIH6Q, STM32U599NJH6Q, STM32U599VIT6Q, STM32U599VJT6, STM32U599VJT6Q, STM32U599ZIT6Q, STM32U599ZIY6QTR, STM32U599ZJT6Q, STM32U599ZJY6QTR, STM32U5A5AJH6, STM32U5A5AJH6Q, STM32U5A5QJI6, STM32U5A5QJI6Q, STM32U5A5RJT6, STM32U5A5RJT6Q, STM32U5A5VJT6, STM32U5A5VJT6Q, STM32U5A5ZJT6, STM32U5A5ZJT6Q, STM32U5A5ZJY6QTR, STM32U5A9BJY6QTR, STM32U5A9J-DK, STM32U5A9NJH6Q, STM32U5A9VJT6Q, STM32U5A9ZJT6Q, STM32U5A9ZJY6QTR, STM32WB1MMCH6, STM32WBA52CEU6, STM32WBA52CEU6T, STM32WBA52CGU6, STM32WBA52CGU6T, STM32WL5MOCH6, STM32WL5MOCH6TR]
2023-06-19 10:41:17,933 [INFO] BoardInfo:880 - No configuration file found for board P-NUCLEO-WB55
2023-06-19 10:41:17,933 [INFO] DbBoards:157 - Kit is not supported: P-NUCLEO-WB55
2023-06-19 10:41:17,936 [INFO] BoardInfo:880 - No configuration file found for board STEVAL-BFA001V1B
2023-06-19 10:41:17,936 [INFO] DbBoards:157 - Kit is not supported: STEVAL-BFA001V1B
2023-06-19 10:41:17,937 [INFO] BoardInfo:880 - No configuration file found for board STEVAL-BFA001V2B
2023-06-19 10:41:17,937 [INFO] DbBoards:157 - Kit is not supported: STEVAL-BFA001V2B
2023-06-19 10:41:18,025 [INFO] DbBoards:161 - Found 187 boards, 184 are supported
2023-06-19 10:41:18,029 [INFO] ApiDb:668 - CubeFinder database Data Model version=2.1
2023-06-19 10:41:18,029 [INFO] ApiDb:669 - CubeFinder database Configuration version=3.0.35
2023-06-19 10:41:18,029 [INFO] ApiDb:670 - CubeFinder database generation date=2023-05-12 (1683877179)
2023-06-19 10:41:18,029 [INFO] ApiDb:671 - CubeFinder database FW Pack versions=[FP-ATR-ASTRA1_V2.0.0, FP-SNS-FLIGHT1_V5.0.0, FP-SNS-MOTENV1_V4.3.0, STM32Cube_FW_C0_V1.0.1, STM32Cube_FW_F0_V1.11.4, STM32Cube_FW_F3_V1.11.4, STM32Cube_FW_F4_V1.27.1, STM32Cube_FW_F7_V1.17.0, STM32Cube_FW_G0_V1.6.1, STM32Cube_FW_G4_V1.5.1, STM32Cube_FW_H5_V0.5.1, STM32Cube_FW_H5_V1.0.0, STM32Cube_FW_H7_V1.11.0, STM32Cube_FW_L0_V1.12.2, STM32Cube_FW_L5_V1.5.0, STM32Cube_FW_U5_V1.2.0, STM32Cube_FW_WBA_V1.0.0, STM32Cube_FW_WBA_V1.0.0RC1, STM32Cube_FW_WBA_V1.0.0RC3, STM32Cube_FW_WB_V1.15.0RC1, STM32Cube_FW_WB_V1.16.0, STM32Cube_FW_WB_V1.16.0RC2, STM32Cube_FW_WL_V1.3.0, X-CUBE-ALGOBUILD_V1.3.0, X-CUBE-ALS_V1.0.1, X-CUBE-AZRTOS-F4_V1.1.0, X-CUBE-AZRTOS-F7_V1.1.0, X-CUBE-AZRTOS-G0_V1.1.0, X-CUBE-AZRTOS-G4_V2.0.0, X-CUBE-AZRTOS-H7_V3.1.0, X-CUBE-AZRTOS-L4_V1.0.0, X-CUBE-AZRTOS-L5_V1.1.0, X-CUBE-AZRTOS-WB_V1.1.0, X-CUBE-AZRTOS-WL_V1.0.0, X-CUBE-BLE1_V6.2.4, X-CUBE-BLE2_V3.3.0, X-CUBE-BLEMGR_V2.0.0, X-CUBE-EEPRMA1_V4.1.0, X-CUBE-FREERTOS_V1.0.1, X-CUBE-GNSS1_V6.0.0, X-CUBE-MEMS1_V9.1.0, X-CUBE-MEMS1_V9.4.0, X-CUBE-MEMS1_V9.6.0, X-CUBE-NFC4_V3.0.0, X-CUBE-NFC7_V1.0.0, X-CUBE-SFXS2LP1_V4.0.0, X-CUBE-SUBG2_V5.0.0]
2023-06-19 10:41:18,174 [WARN] PackLoader:240 - Cannot read IP mode file for STMicroelectronics.X-CUBE-SMBUS.2.1.0
2023-06-19 10:41:18,221 [WARN] PackLoader:240 - Cannot read IP mode file for STMicroelectronics.X-CUBE-AZRTOS-F7.1.1.0
2023-06-19 10:41:18,242 [ERROR] RealEvaluatedCondition:428 - Found unsupported composite condition: CLASS='Data Exchange' GROUP='STM32_MetaDataManager'
2023-06-19 10:41:18,242 [ERROR] RealEvaluatedCondition:428 - Found unsupported composite condition: CLASS='Data Exchange' GROUP='STM32_MetaDataManager'
2023-06-19 10:41:18,245 [WARN] PackLoader:240 - Cannot read IP mode file for STMicroelectronics.FP-SNS-MOTENV1.4.3.0
2023-06-19 10:41:18,252 [WARN] PackLoader:240 - Cannot read IP mode file for STMicroelectronics.FP-SNS-FLIGHT1.5.0.0
2023-06-19 10:41:18,255 [ERROR] RealEvaluatedCondition:428 - Found unsupported composite condition: GROUP='STM32_MetaDataManager' CLASS='Data Exchange'
2023-06-19 10:41:18,256 [ERROR] RealEvaluatedCondition:428 - Found unsupported composite condition: CLASS='Data Exchange' GROUP='STM32_MetaDataManager'
2023-06-19 10:41:18,257 [WARN] PackLoader:240 - Cannot read IP mode file for STMicroelectronics.FP-SNS-MOTENV1.4.3.1
2023-06-19 10:41:18,262 [WARN] PackLoader:240 - Cannot read IP mode file for STMicroelectronics.FP-SNS-FLIGHT1.5.0.1
2023-06-19 10:41:18,270 [WARN] PackLoader:240 - Cannot read IP mode file for STMicroelectronics.X-CUBE-BLE1.6.2.4
2023-06-19 10:41:18,276 [WARN] PackLoader:240 - Cannot read IP mode file for STMicroelectronics.X-CUBE-DISPLAY.3.0.0
2023-06-19 10:41:18,290 [INFO] LogOutputStream:77 - [STDOUT_REDIRECT] 1 : Invalid condition id : UX_CORESTACK_Condition cause : null
2023-06-19 10:41:18,290 [INFO] LogOutputStream:77 - [STDOUT_REDIRECT] 1 : Invalid condition id : UX_CORESTACK_Condition cause : null
2023-06-19 10:41:18,290 [INFO] LogOutputStream:77 - [STDOUT_REDIRECT] 1 : Invalid condition id : UX_CORESTACK_Condition cause : null
2023-06-19 10:41:18,291 [INFO] LogOutputStream:77 - [STDOUT_REDIRECT] 1 : Invalid condition id : UX_CORESTACK_Condition cause : null
2023-06-19 10:41:18,291 [INFO] LogOutputStream:77 - [STDOUT_REDIRECT] 1 : Invalid condition id : UX_CORESTACK_Condition cause : null
2023-06-19 10:41:18,295 [WARN] PackLoader:240 - Cannot read IP mode file for STMicroelectronics.X-CUBE-AZRTOS-WL.2.0.0
2023-06-19 10:41:18,304 [WARN] PackLoader:240 - Cannot read IP mode file for WES.I-CUBE-Cesium.1.3.0
2023-06-19 10:41:18,315 [WARN] PackLoader:240 - Cannot read IP mode file for STMicroelectronics.X-CUBE-BLE2.3.3.0
2023-06-19 10:41:18,318 [WARN] PackLoader:240 - Cannot read IP mode file for STMicroelectronics.X-CUBE-TOUCHGFX.4.21.3
2023-06-19 10:41:18,321 [WARN] PackLoader:240 - Cannot read IP mode file for STMicroelectronics.X-CUBE-TOUCHGFX.4.21.4
2023-06-19 10:41:18,331 [WARN] PackLoader:240 - Cannot read IP mode file for STMicroelectronics.X-CUBE-ALGOBUILD.1.3.0
2023-06-19 10:41:18,384 [WARN] PackLoader:240 - Cannot read IP mode file for STMicroelectronics.X-CUBE-AZRTOS-G0.1.1.0
2023-06-19 10:41:18,398 [WARN] PackLoader:240 - Cannot read IP mode file for STMicroelectronics.X-CUBE-NFC4.3.0.0
2023-06-19 10:41:18,405 [WARN] PackLoader:240 - Cannot read IP mode file for STMicroelectronics.FP-ATR-SIGFOX1.3.2.0
2023-06-19 10:41:18,451 [WARN] PackLoader:240 - Cannot read IP mode file for SEGGER.I-CUBE-embOS.1.3.1
2023-06-19 10:41:18,549 [WARN] PackLoader:240 - Cannot read IP mode file for STMicroelectronics.X-CUBE-GNSS1.6.0.0
2023-06-19 10:41:18,573 [WARN] PackLoader:240 - Cannot read IP mode file for STMicroelectronics.X-CUBE-AZRTOS-F4.1.1.0
2023-06-19 10:41:18,582 [WARN] PackLoader:240 - Cannot read IP mode file for wolfSSL.I-CUBE-wolfSSL.5.6.0
2023-06-19 10:41:18,660 [WARN] PackLoader:240 - Cannot read IP mode file for STMicroelectronics.X-CUBE-MEMS1.9.6.0
2023-06-19 10:41:18,966 [WARN] PackLoader:240 - Cannot read IP mode file for emotas.I-CUBE-CANOPEN.1.1.3
2023-06-19 10:41:18,983 [WARN] PackLoader:240 - Cannot read IP mode file for STMicroelectronics.X-CUBE-BLEMGR.2.0.0
2023-06-19 10:41:19,010 [WARN] ConditionMgr:438 - getConditionDescription Invalid condition id : UX DEVICE CLASS RTOS Condition cause : null
2023-06-19 10:41:19,010 [WARN] ConditionMgr:438 - getConditionDescription Invalid condition id : UX DEVICE CLASS RTOS Condition cause : null
2023-06-19 10:41:19,023 [WARN] PackLoader:240 - Cannot read IP mode file for STMicroelectronics.X-CUBE-AZRTOS-H7.3.1.0
2023-06-19 10:41:19,029 [WARN] ConditionMgr:1039 - genDependencies : Invalid condition id : UX DEVICE CLASS RTOS Condition cause : null
2023-06-19 10:41:19,030 [WARN] ConditionMgr:1039 - genDependencies : Invalid condition id : UX DEVICE CLASS RTOS Condition cause : null
2023-06-19 10:41:19,032 [WARN] ConditionMgr:1039 - genDependencies : Invalid condition id : UX DEVICE CLASS RTOS Condition cause : null
2023-06-19 10:41:19,034 [WARN] ConditionMgr:1039 - genDependencies : Invalid condition id : UX DEVICE CLASS RTOS Condition cause : null
2023-06-19 10:41:19,034 [WARN] ConditionMgr:1039 - genDependencies : Invalid condition id : UX DEVICE CLASS RTOS Condition cause : null
2023-06-19 10:41:19,047 [WARN] PackLoader:240 - Cannot read IP mode file for STMicroelectronics.X-CUBE-NFC7.1.0.1
2023-06-19 10:41:19,056 [WARN] PackLoader:240 - Cannot read IP mode file for STMicroelectronics.X-CUBE-NFC7.1.0.0
2023-06-19 10:41:19,066 [WARN] PackLoader:240 - Cannot read IP mode file for STMicroelectronics.X-CUBE-EEPRMA1.4.1.0
2023-06-19 10:41:19,134 [WARN] ConditionMgr:438 - getConditionDescription Invalid condition id : LAN8742 Phy interface Condition cause : null
2023-06-19 10:41:19,136 [WARN] PackLoader:240 - Cannot read IP mode file for STMicroelectronics.X-CUBE-AZRTOS-L4.2.0.0
2023-06-19 10:41:19,138 [WARN] ConditionMgr:1039 - genDependencies : Invalid condition id : LAN8742 Phy interface Condition cause : null
2023-06-19 10:41:19,138 [WARN] ConditionMgr:1039 - genDependencies : Invalid condition id : LAN8742 Phy interface Condition cause : null
2023-06-19 10:41:19,139 [WARN] ConditionMgr:1039 - genDependencies : Invalid condition id : LAN8742 Phy interface Condition cause : null
2023-06-19 10:41:19,151 [WARN] PackLoader:240 - Cannot read IP mode file for STMicroelectronics.X-CUBE-SFXS2LP1.4.0.0
2023-06-19 10:41:19,158 [WARN] PackLoader:240 - Cannot read IP mode file for STMicroelectronics.X-CUBE-ISPU.1.1.0
2023-06-19 10:41:19,163 [WARN] PackLoader:240 - Cannot read IP mode file for STMicroelectronics.X-CUBE-AI.8.0.0
2023-06-19 10:41:19,170 [WARN] PackLoader:240 - Cannot read IP mode file for STMicroelectronics.X-CUBE-FREERTOS.1.0.1
2023-06-19 10:41:19,188 [WARN] PackLoader:240 - Cannot read IP mode file for STMicroelectronics.X-CUBE-AZRTOS-L5.1.1.0
2023-06-19 10:41:19,195 [WARN] PackLoader:240 - Cannot read IP mode file for STMicroelectronics.X-CUBE-AI.8.0.1
2023-06-19 10:41:19,208 [WARN] PackLoader:240 - Cannot read IP mode file for STMicroelectronics.X-CUBE-SUBG2.5.0.0
2023-06-19 10:41:19,232 [WARN] PackLoader:240 - Cannot read IP mode file for STMicroelectronics.X-CUBE-AZRTOS-G4.2.0.0
2023-06-19 10:41:19,260 [WARN] PackLoader:240 - Cannot read IP mode file for STMicroelectronics.X-CUBE-TOF1.3.3.0
2023-06-19 10:41:19,313 [WARN] PackLoader:240 - Cannot read IP mode file for STMicroelectronics.X-CUBE-AZRTOS-L4.1.0.0
2023-06-19 10:41:19,329 [WARN] PackLoader:240 - Cannot read IP mode file for STMicroelectronics.X-CUBE-AZRTOS-WL.1.0.0
2023-06-19 10:41:19,335 [WARN] PackLoader:240 - Cannot read IP mode file for portGmbH.I-Cube-SoM-uGOAL.1.1.0
2023-06-19 10:41:19,340 [WARN] PackLoader:240 - Cannot read IP mode file for STMicroelectronics.X-CUBE-ALS.1.0.1
2023-06-19 10:41:19,377 [WARN] PackLoader:240 - Cannot read IP mode file for STMicroelectronics.X-CUBE-AZRTOS-WB.1.1.0
2023-06-19 10:41:19,385 [WARN] PackLoader:240 - Cannot read IP mode file for STMicroelectronics.FP-ATR-ASTRA1.2.0.0
2023-06-19 10:41:19,386 [INFO] ThirdParty:978 - Integrity check success = true
2023-06-19 10:41:19,387 [INFO] IntegrityCheckThread:100 - exiting critical section [integrity check]
2023-06-19 10:41:19,387 [INFO] IntegrityCheckThread:103 - End integrity checks thread
2023-06-19 10:41:20,563 [INFO] ApiDb:240 - Found 297 in-development CPN: [B-G473E-ZEST1S, B-WB1M-WPAN1, B-WL5M-SUBG1, NUCLEO-C031C6, NUCLEO-H503RB, NUCLEO-H563ZI, NUCLEO-U545RE-Q, NUCLEO-U5A5ZJ-Q, NUCLEO-WBA52CG, STEVAL-PROTEUS1, STEVAL-STWINBX1, STM320518-EVAL, STM32C0116-DK, STM32C011D6Y3TR, STM32C011D6Y6TR, STM32C011F4P3, STM32C011F4P6, STM32C011F4U3, STM32C011F4U6TR, STM32C011F6P3, STM32C011F6P6, STM32C011F6U3, STM32C011F6U6TR, STM32C011J4M3, STM32C011J4M6, STM32C011J6M3, STM32C011J6M6, STM32C0316-DK, STM32C031C4T3, STM32C031C4T6, STM32C031C4U3, STM32C031C4U6, STM32C031C6T3, STM32C031C6T6, STM32C031C6U3, STM32C031C6U6, STM32C031F4P3, STM32C031F4P6, STM32C031F6P3, STM32C031F6P6, STM32C031G4U3, STM32C031G4U6, STM32C031G6U3, STM32C031G6U6, STM32C031K4T3, STM32C031K4T6, STM32C031K4U3, STM32C031K4U6, STM32C031K6T3, STM32C031K6T6, STM32C031K6U3, STM32C031K6U6, STM32G071K8TXN, STM32G071K8UXN, STM32G081GBU6N, STM32G081KBT6N, STM32G081KBUXN, STM32G0B1CCT6N, STM32G0B1KCT6, STM32G0B1NEY6TR, STM32G0B1RCT6N, STM32G0C1CCT6, STM32G0C1CCT6N, STM32G0C1CCU6N, STM32G0C1CET6N, STM32G0C1CEU6N, STM32G0C1KCT6, STM32G0C1NEY6TR, STM32G0C1RCI6N, STM32G0C1RCT6N, STM32G0C1REI6N, STM32G0C1RET6N, STM32G0C1VCI6, STM32G0C1VEI6, STM32G471CCT6, STM32G471CCU6, STM32G471CET3, STM32G471CET6, STM32G471CEU3, STM32G471CEU6, STM32G471MCT6, STM32G471MET3, STM32G471MET6, STM32G471MEY6TR, STM32G471QCT6, STM32G471QET3, STM32G471RCT6, STM32G471RET3, STM32G471RET6, STM32G471VCH6, STM32G471VCI6, STM32G471VCT6, STM32G471VEH3, STM32G471VEH6, STM32G471VEI3, STM32G471VEI6, STM32G471VET3, STM32G471VET6, STM32G474CCT6, STM32H503CBT6, STM32H503CBU6, STM32H503EBY6TR, STM32H503KBU6, STM32H503RBT6, STM32H562AGI6, STM32H562AII6, STM32H562IGK6, STM32H562IGT6, STM32H562IIK6, STM32H562IIT6, STM32H562RGT6, STM32H562RGV6, STM32H562RIT6, STM32H562RIV6, STM32H562VGT6, STM32H562VIT6, STM32H562ZGT6, STM32H562ZIT6, STM32H563AGI6, STM32H563AII3Q, STM32H563AII6, STM32H563IGK6, STM32H563IGT6, STM32H563IIK3Q, STM32H563IIK6, STM32H563IIT3Q, STM32H563IIT6, STM32H563MIY3QTR, STM32H563RGT6, STM32H563RGV6, STM32H563RIT6, STM32H563RIV6, STM32H563VGT6, STM32H563VIT3Q, STM32H563VIT6, STM32H563ZGT6, STM32H563ZIT3Q, STM32H563ZIT6, STM32H573AII3Q, STM32H573AII6, STM32H573I-DK, STM32H573IIK3Q, STM32H573IIK6, STM32H573IIT3Q, STM32H573IIT6, STM32H573MIY3QTR, STM32H573RIT6, STM32H573RIV6, STM32H573VIT3Q, STM32H573VIT6, STM32H573ZIT3Q, STM32H573ZIT6, STM32L4R5QGI6STR, STM32MP131AAE3, STM32MP131AAF3, STM32MP131AAG3, STM32MP131CAE3, STM32MP131CAF3, STM32MP131CAG3, STM32MP131DAE7, STM32MP131DAF7, STM32MP131DAG7, STM32MP131FAE7, STM32MP131FAF7, STM32MP131FAG7, STM32MP133AAE3, STM32MP133AAF3, STM32MP133AAG3, STM32MP133CAE3, STM32MP133CAF3, STM32MP133CAG3, STM32MP133DAE7, STM32MP133DAF7, STM32MP133DAG7, STM32MP133FAE7, STM32MP133FAF7, STM32MP133FAG7, STM32MP135AAE3, STM32MP135AAF3, STM32MP135AAG3, STM32MP135CAE3, STM32MP135CAF3, STM32MP135CAG3, STM32MP135DAE7, STM32MP135DAF7, STM32MP135DAG7, STM32MP135F-DK, STM32MP135FAE7, STM32MP135FAF7, STM32MP135FAF7T, STM32MP135FAF7U, STM32MP135FAG7, STM32U535CBT6, STM32U535CBT6Q, STM32U535CBU6, STM32U535CBU6Q, STM32U535CCT6, STM32U535CCT6Q, STM32U535CCU6, STM32U535CCU6Q, STM32U535CET6, STM32U535CET6Q, STM32U535CEU6, STM32U535CEU6Q, STM32U535JEY6QTR, STM32U535NCY6QTR, STM32U535NEY6QTR, STM32U535RBI6, STM32U535RBI6Q, STM32U535RBT6, STM32U535RBT6Q, STM32U535RCI6, STM32U535RCI6Q, STM32U535RCT6, STM32U535RCT6Q, STM32U535REI6, STM32U535REI6Q, STM32U535RET6, STM32U535RET6Q, STM32U535VCI6, STM32U535VCI6Q, STM32U535VCT6, STM32U535VCT6Q, STM32U535VEI6, STM32U535VEI6Q, STM32U535VET6, STM32U535VET6Q, STM32U545CET6, STM32U545CET6Q, STM32U545CEU6, STM32U545CEU6Q, STM32U545JEY6QTR, STM32U545NEY6QTR, STM32U545REI6, STM32U545REI6Q, STM32U545RET6, STM32U545RET6Q, STM32U545VEI6, STM32U545VEI6Q, STM32U545VET6, STM32U545VET6Q, STM32U595AIH6, STM32U595AIH6Q, STM32U595AJH6, STM32U595AJH6Q, STM32U595QII6, STM32U595QII6Q, STM32U595QJI6, STM32U595QJI6Q, STM32U595RIT6, STM32U595RIT6Q, STM32U595RJT6, STM32U595RJT6Q, STM32U595VIT6, STM32U595VIT6Q, STM32U595VJT6, STM32U595VJT6Q, STM32U595ZIT6, STM32U595ZIT6Q, STM32U595ZIY6QTR, STM32U595ZJT6, STM32U595ZJT6Q, STM32U595ZJY6QTR, STM32U599BJY6QTR, STM32U599NIH6Q, STM32U599NJH6Q, STM32U599VIT6Q, STM32U599VJT6, STM32U599VJT6Q, STM32U599ZIT6Q, STM32U599ZIY6QTR, STM32U599ZJT6Q, STM32U599ZJY6QTR, STM32U5A5AJH6, STM32U5A5AJH6Q, STM32U5A5QJI6, STM32U5A5QJI6Q, STM32U5A5RJT6, STM32U5A5RJT6Q, STM32U5A5VJT6, STM32U5A5VJT6Q, STM32U5A5ZJT6, STM32U5A5ZJT6Q, STM32U5A5ZJY6QTR, STM32U5A9BJY6QTR, STM32U5A9J-DK, STM32U5A9NJH6Q, STM32U5A9VJT6Q, STM32U5A9ZJT6Q, STM32U5A9ZJY6QTR, STM32WB1MMCH6, STM32WBA52CEU6, STM32WBA52CEU6T, STM32WBA52CGU6, STM32WBA52CGU6T, STM32WL5MOCH6, STM32WL5MOCH6TR]
2023-06-19 10:41:20,565 [INFO] DbMcus:216 - Found 3775 MCUs, 3775 are supported
2023-06-19 10:41:20,568 [INFO] ApiDb:423 - Load user favorites file /home/dinesh/.stm32cubeide/favorites.mcus.txt: 0 item(s)
2023-06-19 10:41:20,568 [INFO] ApiDb:427 - User favorites MCUs=[]
2023-06-19 10:41:20,568 [INFO] DbMcus:222 - Set 0 / 0 favorites MCUs
2023-06-19 10:41:20,847 [INFO] ApiDb:423 - Load user favorites file /home/dinesh/.stm32cubeide/favorites.boards.txt: 0 item(s)
2023-06-19 10:41:20,847 [INFO] ApiDb:427 - User favorites Boards=[]
2023-06-19 10:41:20,847 [INFO] DbBoards:190 - Set 0 / 0 favorites Boards
2023-06-19 10:41:20,848 [INFO] McuFinderGlobals:66 - Set McuFinderConnectedMode to true
2023-06-19 10:41:20,854 [INFO] MultiScanPanel:200 - Auto-refresh data requested => check proxy status ongoing
2023-06-19 10:41:20,857 [INFO] FinderPluginLoader:95 - Searching for filters in installed packs
2023-06-19 10:41:22,201 [INFO] LoadUrlFilesThread:185 - End of LoadServerUrlFiles without Thread
2023-06-19 10:41:22,313 [INFO] DetailPanel:341 - Set advertising image to /home/dinesh/STM32Cube/Repository//en.prom-stm32h5-mcu-finder.jpg
2023-06-19 10:41:49,396 [INFO] MainUpdater:2854 - connection check result : 10
2023-06-19 10:41:49,396 [INFO] MainUpdater:2854 - connection check result : 10
2023-06-19 10:41:49,409 [INFO] MicroXplorer:468 - Change Database Path : 
2023-06-19 10:41:49,409 [INFO] MicroXplorer:498 - Change Database Version : DB.6.0.81
2023-06-19 10:41:49,409 [WARN] ThirdParty:871 - waiting for thirdparty lock release [close project]
2023-06-19 10:41:49,409 [INFO] ThirdParty:873 - entering critical section [close project]
2023-06-19 10:41:49,410 [INFO] ThirdParty:883 - exiting critical section [close project]
2023-06-19 10:41:49,413 [INFO] PinOutPanel:1499 - setPackage(No Configuration,No Configuration)
2023-06-19 10:41:49,418 [INFO] UtilMem:75 - Begin LoadConfig() Used Memory: 367386112 Bytes (721420288)
2023-06-19 10:41:49,419 [INFO] MicroXplorer:468 - Change Database Path : 
2023-06-19 10:41:49,420 [INFO] MicroXplorer:498 - Change Database Version : DB.6.0.81
2023-06-19 10:41:49,420 [INFO] OpenFileManager:308 - Change cursor
2023-06-19 10:41:49,474 [INFO] Mcu:1937 - Initializing MCU STM32F411RETx STM32F411RETx 
2023-06-19 10:41:49,475 [INFO] Mcu:1950 - No CPN specified => set CPN to STM32F411RET6
2023-06-19 10:41:51,093 [INFO] Context:659 - Trying to add GPIOservice into a context  which must be forbidden
2023-06-19 10:41:51,586 [INFO] ImportTextPane:194 - (OptionalMessage_ERROR) Unable to find key (Mcu.ThirdPartyNb) in loaded IOC file
2023-06-19 10:41:51,586 [INFO] ImportTextPane:194 - (OptionalMessage_ERROR) Unable to find key (Mcu.PinsNb) in loaded IOC file
2023-06-19 10:41:51,586 [INFO] ImportTextPane:194 - (OptionalMessage_ERROR) Unable to find key (Mcu.IPNb) in loaded IOC file
2023-06-19 10:41:51,840 [INFO] RtosManager:555 - Registered RTOS mode: class=CMSIS, group=RTOS, mode=CMSIS_V1, owner=FREERTOS
2023-06-19 10:41:51,841 [INFO] RtosManager:555 - Registered RTOS mode: class=CMSIS, group=RTOS2, mode=CMSIS_V2, owner=FREERTOS
2023-06-19 10:41:51,841 [INFO] RtosManager:555 - Registered RTOS mode: class=RTOS, group=Core, mode=CMSIS_V1, owner=FREERTOS
2023-06-19 10:41:51,842 [INFO] RtosManager:555 - Registered RTOS mode: class=RTOS, group=Core, mode=CMSIS_V2, owner=FREERTOS
2023-06-19 10:41:51,843 [WARN] ModelIntegratedComponent:184 - Missing modes for component STMicroelectronics:FreeRTOS:0.0.1:STMicroelectronics:RTOS:FreeRTOS:Core:::10.2.0:
2023-06-19 10:41:51,887 [WARN] ModelIntegratedComponent:182 - Modes not found for component STMicroelectronics:USB_HOST:1.0.0:STMicroelectronics:USB::USB Host:Audio HS::1.0:USB_HOST_1_0_RESTRICTED_HS
2023-06-19 10:41:51,887 [WARN] ModelIntegratedComponent:188 - Modes not found for component STMicroelectronics:USB_HOST:1.0.0:STMicroelectronics:USB::USB Host:Audio HS::1.0:USB_HOST_1_0_RESTRICTED_HS
2023-06-19 10:41:51,887 [WARN] ModelIntegratedComponent:182 - Modes not found for component STMicroelectronics:USB_HOST:1.0.0:STMicroelectronics:USB::USB Host:CDC HS::1.0:USB_HOST_1_0_RESTRICTED_HS
2023-06-19 10:41:51,887 [WARN] ModelIntegratedComponent:188 - Modes not found for component STMicroelectronics:USB_HOST:1.0.0:STMicroelectronics:USB::USB Host:CDC HS::1.0:USB_HOST_1_0_RESTRICTED_HS
2023-06-19 10:41:51,887 [WARN] ModelIntegratedComponent:182 - Modes not found for component STMicroelectronics:USB_HOST:1.0.0:STMicroelectronics:USB::USB Host:MSC HS::1.0:USB_HOST_1_0_RESTRICTED_HS
2023-06-19 10:41:51,887 [WARN] ModelIntegratedComponent:188 - Modes not found for component STMicroelectronics:USB_HOST:1.0.0:STMicroelectronics:USB::USB Host:MSC HS::1.0:USB_HOST_1_0_RESTRICTED_HS
2023-06-19 10:41:51,887 [WARN] ModelIntegratedComponent:182 - Modes not found for component STMicroelectronics:USB_HOST:1.0.0:STMicroelectronics:USB::USB Host:HID HS::1.0:USB_HOST_1_0_RESTRICTED_HS
2023-06-19 10:41:51,888 [WARN] ModelIntegratedComponent:188 - Modes not found for component STMicroelectronics:USB_HOST:1.0.0:STMicroelectronics:USB::USB Host:HID HS::1.0:USB_HOST_1_0_RESTRICTED_HS
2023-06-19 10:41:51,888 [WARN] ModelIntegratedComponent:182 - Modes not found for component STMicroelectronics:USB_HOST:1.0.0:STMicroelectronics:USB::USB Host:MTP HS::1.0:USB_HOST_1_0_RESTRICTED_HS
2023-06-19 10:41:51,888 [WARN] ModelIntegratedComponent:188 - Modes not found for component STMicroelectronics:USB_HOST:1.0.0:STMicroelectronics:USB::USB Host:MTP HS::1.0:USB_HOST_1_0_RESTRICTED_HS
2023-06-19 10:41:51,898 [WARN] ModelIntegratedComponent:63 - No mode defined for component null
2023-06-19 10:41:51,898 [WARN] ModelIntegratedComponent:63 - No mode defined for component null
2023-06-19 10:41:51,898 [WARN] ModelIntegratedComponent:63 - No mode defined for component null
2023-06-19 10:41:51,898 [WARN] ModelIntegratedComponent:63 - No mode defined for component null
2023-06-19 10:41:51,899 [WARN] ModelIntegratedComponent:63 - No mode defined for component null
2023-06-19 10:41:51,899 [WARN] ModelIntegratedComponent:63 - No mode defined for component null
2023-06-19 10:41:51,899 [WARN] ModelIntegratedComponent:63 - No mode defined for component null
2023-06-19 10:41:51,899 [WARN] ModelIntegratedComponent:63 - No mode defined for component null
2023-06-19 10:41:51,899 [WARN] ModelIntegratedComponent:63 - No mode defined for component null
2023-06-19 10:41:51,899 [WARN] ModelIntegratedComponent:63 - No mode defined for component null
2023-06-19 10:41:51,899 [WARN] ModelIntegratedComponent:63 - No mode defined for component null
2023-06-19 10:41:51,899 [WARN] ModelIntegratedComponent:63 - No mode defined for component null
2023-06-19 10:41:51,899 [WARN] ModelIntegratedComponent:63 - No mode defined for component null
2023-06-19 10:41:51,899 [WARN] ModelIntegratedComponent:63 - No mode defined for component null
2023-06-19 10:41:51,899 [WARN] ModelIntegratedComponent:63 - No mode defined for component null
2023-06-19 10:41:51,899 [WARN] ModelIntegratedComponent:63 - No mode defined for component null
2023-06-19 10:41:51,899 [WARN] ModelIntegratedComponent:63 - No mode defined for component null
2023-06-19 10:41:51,899 [WARN] ModelIntegratedComponent:63 - No mode defined for component null
2023-06-19 10:41:51,899 [WARN] ModelIntegratedComponent:63 - No mode defined for component null
2023-06-19 10:41:51,899 [WARN] ModelIntegratedComponent:63 - No mode defined for component null
2023-06-19 10:41:51,899 [WARN] ModelIntegratedComponent:63 - No mode defined for component null
2023-06-19 10:41:51,899 [WARN] ModelIntegratedComponent:63 - No mode defined for component null
2023-06-19 10:41:51,899 [WARN] ModelIntegratedComponent:63 - No mode defined for component null
2023-06-19 10:41:51,900 [WARN] ModelIntegratedComponent:63 - No mode defined for component null
2023-06-19 10:41:51,900 [WARN] ModelIntegratedComponent:63 - No mode defined for component null
2023-06-19 10:41:51,900 [WARN] ModelIntegratedComponent:63 - No mode defined for component null
2023-06-19 10:41:51,900 [WARN] ModelIntegratedComponent:63 - No mode defined for component null
2023-06-19 10:41:51,900 [WARN] ModelIntegratedComponent:63 - No mode defined for component null
2023-06-19 10:41:51,900 [WARN] ModelIntegratedComponent:63 - No mode defined for component null
2023-06-19 10:41:51,900 [WARN] ModelIntegratedComponent:63 - No mode defined for component null
2023-06-19 10:41:51,900 [WARN] ModelIntegratedComponent:63 - No mode defined for component null
2023-06-19 10:41:51,900 [WARN] ModelIntegratedComponent:63 - No mode defined for component null
2023-06-19 10:41:51,900 [WARN] ModelIntegratedComponent:63 - No mode defined for component null
2023-06-19 10:41:51,913 [WARN] ModelIntegratedComponent:182 - Modes not found for component STMicroelectronics:USB_DEVICE:1.0.0:STMicroelectronics:USB::USB Device:Audio HS::1.0:USB_DEVICE_1_0_RESTRICTED_HS
2023-06-19 10:41:51,913 [WARN] ModelIntegratedComponent:188 - Modes not found for component STMicroelectronics:USB_DEVICE:1.0.0:STMicroelectronics:USB::USB Device:Audio HS::1.0:USB_DEVICE_1_0_RESTRICTED_HS
2023-06-19 10:41:51,913 [WARN] ModelIntegratedComponent:182 - Modes not found for component STMicroelectronics:USB_DEVICE:1.0.0:STMicroelectronics:USB::USB Device:CDC HS::1.0:USB_DEVICE_1_0_RESTRICTED_HS
2023-06-19 10:41:51,913 [WARN] ModelIntegratedComponent:188 - Modes not found for component STMicroelectronics:USB_DEVICE:1.0.0:STMicroelectronics:USB::USB Device:CDC HS::1.0:USB_DEVICE_1_0_RESTRICTED_HS
2023-06-19 10:41:51,913 [WARN] ModelIntegratedComponent:182 - Modes not found for component STMicroelectronics:USB_DEVICE:1.0.0:STMicroelectronics:USB::USB Device:DFU HS::1.0:USB_DEVICE_1_0_RESTRICTED_HS
2023-06-19 10:41:51,913 [WARN] ModelIntegratedComponent:188 - Modes not found for component STMicroelectronics:USB_DEVICE:1.0.0:STMicroelectronics:USB::USB Device:DFU HS::1.0:USB_DEVICE_1_0_RESTRICTED_HS
2023-06-19 10:41:51,913 [WARN] ModelIntegratedComponent:182 - Modes not found for component STMicroelectronics:USB_DEVICE:1.0.0:STMicroelectronics:USB::USB Device:HID HS::1.0:USB_DEVICE_1_0_RESTRICTED_HS
2023-06-19 10:41:51,913 [WARN] ModelIntegratedComponent:188 - Modes not found for component STMicroelectronics:USB_DEVICE:1.0.0:STMicroelectronics:USB::USB Device:HID HS::1.0:USB_DEVICE_1_0_RESTRICTED_HS
2023-06-19 10:41:51,913 [WARN] ModelIntegratedComponent:182 - Modes not found for component STMicroelectronics:USB_DEVICE:1.0.0:STMicroelectronics:USB::USB Device:Custom HID HS::1.0:USB_DEVICE_1_0_RESTRICTED_HS
2023-06-19 10:41:51,913 [WARN] ModelIntegratedComponent:188 - Modes not found for component STMicroelectronics:USB_DEVICE:1.0.0:STMicroelectronics:USB::USB Device:Custom HID HS::1.0:USB_DEVICE_1_0_RESTRICTED_HS
2023-06-19 10:41:51,914 [WARN] ModelIntegratedComponent:182 - Modes not found for component STMicroelectronics:USB_DEVICE:1.0.0:STMicroelectronics:USB::USB Device:MSC HS::1.0:USB_DEVICE_1_0_RESTRICTED_HS
2023-06-19 10:41:51,914 [WARN] ModelIntegratedComponent:188 - Modes not found for component STMicroelectronics:USB_DEVICE:1.0.0:STMicroelectronics:USB::USB Device:MSC HS::1.0:USB_DEVICE_1_0_RESTRICTED_HS
2023-06-19 10:41:51,926 [INFO] ThirdPartyModel:298 - Start build external matchings
2023-06-19 10:41:52,392 [INFO] ThirdPartyModel:316 - End build external matchings
2023-06-19 10:41:52,714 [INFO] UtilMem:75 - End LoadConfig() Used Memory: 326164928 Bytes (721420288)
2023-06-19 10:41:52,748 [WARN] ThirdParty:833 - waiting for thirdparty lock release [change project]
2023-06-19 10:41:52,749 [INFO] ThirdParty:835 - entering critical section [change project]
2023-06-19 10:41:52,749 [INFO] ThirdParty:1030 - CMSIS Pack Vendor :STMicroelectronics X-CUBE-ISPU 1.1.0
2023-06-19 10:41:52,749 [INFO] ThirdParty:1030 - CMSIS Pack Vendor :STMicroelectronics X-CUBE-GNSS1 6.0.0
2023-06-19 10:41:52,749 [INFO] ThirdParty:1030 - CMSIS Pack Vendor :STMicroelectronics USB_HOST 2.0.0
2023-06-19 10:41:52,749 [INFO] ThirdParty:1030 - CMSIS Pack Vendor :STMicroelectronics X-CUBE-AZRTOS-F4 1.1.0
2023-06-19 10:41:52,754 [INFO] ThirdParty:1030 - CMSIS Pack Vendor :STMicroelectronics LIBJPEG 8.0.0
2023-06-19 10:41:52,755 [INFO] ThirdParty:1030 - CMSIS Pack Vendor :STMicroelectronics X-CUBE-SMBUS 2.1.0
2023-06-19 10:41:52,755 [INFO] ThirdParty:1030 - CMSIS Pack Vendor :wolfSSL I-CUBE-wolfSSL 5.6.0
2023-06-19 10:41:52,755 [INFO] ThirdParty:1030 - CMSIS Pack Vendor :STMicroelectronics USB_DEVICE 3.0.0
2023-06-19 10:41:52,755 [INFO] ThirdParty:1030 - CMSIS Pack Vendor :STMicroelectronics X-CUBE-AI 8.0.0
2023-06-19 10:41:52,755 [INFO] ThirdParty:1030 - CMSIS Pack Vendor :STMicroelectronics X-CUBE-FREERTOS 1.0.1
2023-06-19 10:41:52,756 [INFO] ThirdParty:1030 - CMSIS Pack Vendor :STMicroelectronics X-CUBE-TOUCHGFX 4.21.3
2023-06-19 10:41:52,756 [INFO] ThirdParty:1030 - CMSIS Pack Vendor :STMicroelectronics X-CUBE-AZRTOS-F7 1.1.0
2023-06-19 10:41:52,756 [INFO] ThirdParty:1030 - CMSIS Pack Vendor :STMicroelectronics X-CUBE-TOUCHGFX 4.21.4
2023-06-19 10:41:52,756 [INFO] ThirdParty:1030 - CMSIS Pack Vendor :STMicroelectronics USB_DEVICE 2.0.0
2023-06-19 10:41:52,756 [INFO] ThirdParty:1030 - CMSIS Pack Vendor :STMicroelectronics X-CUBE-MEMS1 9.6.0
2023-06-19 10:41:52,756 [INFO] ThirdParty:1030 - CMSIS Pack Vendor :STMicroelectronics FP-SNS-MOTENV1 4.3.0
2023-06-19 10:41:52,756 [INFO] ThirdParty:1030 - CMSIS Pack Vendor :STMicroelectronics FP-SNS-FLIGHT1 5.0.0
2023-06-19 10:41:52,757 [INFO] ThirdParty:1030 - CMSIS Pack Vendor :STMicroelectronics FP-SNS-MOTENV1 4.3.1
2023-06-19 10:41:52,757 [INFO] ThirdParty:1030 - CMSIS Pack Vendor :STMicroelectronics FP-SNS-FLIGHT1 5.0.1
2023-06-19 10:41:52,757 [INFO] ThirdParty:1030 - CMSIS Pack Vendor :STMicroelectronics X-CUBE-ALGOBUILD 1.3.0
2023-06-19 10:41:52,757 [INFO] ThirdParty:1030 - CMSIS Pack Vendor :STMicroelectronics X-CUBE-BLE1 6.2.4
2023-06-19 10:41:52,757 [INFO] ThirdParty:1030 - CMSIS Pack Vendor :STMicroelectronics X-CUBE-AZRTOS-L5 1.1.0
2023-06-19 10:41:52,757 [INFO] ThirdParty:1030 - CMSIS Pack Vendor :STMicroelectronics FreeRTOS 0.0.1
2023-06-19 10:41:52,757 [INFO] ThirdParty:1030 - CMSIS Pack Vendor :STMicroelectronics X-CUBE-AZRTOS-G0 1.1.0
2023-06-19 10:41:52,757 [INFO] ThirdParty:1030 - CMSIS Pack Vendor :emotas I-CUBE-CANOPEN 1.1.3
2023-06-19 10:41:52,757 [INFO] ThirdParty:1030 - CMSIS Pack Vendor :STMicroelectronics X-CUBE-BLEMGR 2.0.0
2023-06-19 10:41:52,758 [INFO] ThirdParty:1030 - CMSIS Pack Vendor :STMicroelectronics X-CUBE-AI 8.0.1
2023-06-19 10:41:52,758 [INFO] ThirdParty:1030 - CMSIS Pack Vendor :STMicroelectronics X-CUBE-NFC4 3.0.0
2023-06-19 10:41:52,758 [INFO] ThirdParty:1030 - CMSIS Pack Vendor :STMicroelectronics X-CUBE-SUBG2 5.0.0
2023-06-19 10:41:52,758 [INFO] ThirdParty:1030 - CMSIS Pack Vendor :STMicroelectronics STM32_WPAN 1.0.0
2023-06-19 10:41:52,758 [INFO] ThirdParty:1030 - CMSIS Pack Vendor :STMicroelectronics lwIP 2.0.3
2023-06-19 10:41:52,758 [INFO] ThirdParty:1030 - CMSIS Pack Vendor :STMicroelectronics USB_HOST 1.0.0
2023-06-19 10:41:52,758 [INFO] ThirdParty:1030 - CMSIS Pack Vendor :STMicroelectronics X-CUBE-AZRTOS-G4 2.0.0
2023-06-19 10:41:52,758 [INFO] ThirdParty:1030 - CMSIS Pack Vendor :STMicroelectronics PDM2PCM 3.1.0
2023-06-19 10:41:52,758 [INFO] ThirdParty:1030 - CMSIS Pack Vendor :STMicroelectronics X-CUBE-AZRTOS-H7 3.1.0
2023-06-19 10:41:52,758 [INFO] ThirdParty:1030 - CMSIS Pack Vendor :STMicroelectronics X-CUBE-TOF1 3.3.0
2023-06-19 10:41:52,758 [INFO] ThirdParty:1030 - CMSIS Pack Vendor :STMicroelectronics PDM2PCM 3.3.0
2023-06-19 10:41:52,759 [INFO] ThirdParty:1030 - CMSIS Pack Vendor :STMicroelectronics X-CUBE-DISPLAY 3.0.0
2023-06-19 10:41:52,759 [INFO] ThirdParty:1030 - CMSIS Pack Vendor :STMicroelectronics FP-ATR-SIGFOX1 3.2.0
2023-06-19 10:41:52,759 [INFO] ThirdParty:1030 - CMSIS Pack Vendor :STMicroelectronics X-CUBE-AZRTOS-L4 1.0.0
2023-06-19 10:41:52,759 [INFO] ThirdParty:1030 - CMSIS Pack Vendor :STMicroelectronics HAL Drivers 0.0.0
2023-06-19 10:41:52,759 [INFO] ThirdParty:1030 - CMSIS Pack Vendor :STMicroelectronics MBEDTLS 2.16.2
2023-06-19 10:41:52,759 [INFO] ThirdParty:1030 - CMSIS Pack Vendor :STMicroelectronics X-CUBE-NFC7 1.0.1
2023-06-19 10:41:52,759 [INFO] ThirdParty:1030 - CMSIS Pack Vendor :STMicroelectronics MBEDTLS 2.14.1
2023-06-19 10:41:52,759 [INFO] ThirdParty:1030 - CMSIS Pack Vendor :STMicroelectronics X-CUBE-NFC7 1.0.0
2023-06-19 10:41:52,759 [INFO] ThirdParty:1030 - CMSIS Pack Vendor :STMicroelectronics X-CUBE-AZRTOS-WL 1.0.0
2023-06-19 10:41:52,759 [INFO] ThirdParty:1030 - CMSIS Pack Vendor :STMicroelectronics X-CUBE-EEPRMA1 4.1.0
2023-06-19 10:41:52,760 [INFO] ThirdParty:1030 - CMSIS Pack Vendor :portGmbH I-Cube-SoM-uGOAL 1.1.0
2023-06-19 10:41:52,760 [INFO] ThirdParty:1030 - CMSIS Pack Vendor :STMicroelectronics X-CUBE-ALS 1.0.1
2023-06-19 10:41:52,760 [INFO] ThirdParty:1030 - CMSIS Pack Vendor :STMicroelectronics ThreadX 1.0.0
2023-06-19 10:41:52,760 [INFO] ThirdParty:1030 - CMSIS Pack Vendor :STMicroelectronics X-CUBE-AZRTOS-WB 1.1.0
2023-06-19 10:41:52,760 [INFO] ThirdParty:1030 - CMSIS Pack Vendor :STMicroelectronics X-CUBE-AZRTOS-WL 2.0.0
2023-06-19 10:41:52,760 [INFO] ThirdParty:1030 - CMSIS Pack Vendor :SEGGER I-CUBE-embOS 1.3.1
2023-06-19 10:41:52,760 [INFO] ThirdParty:1030 - CMSIS Pack Vendor :STMicroelectronics USB_DEVICE 1.0.0
2023-06-19 10:41:52,760 [INFO] ThirdParty:1030 - CMSIS Pack Vendor :STMicroelectronics X-CUBE-AZRTOS-L4 2.0.0
2023-06-19 10:41:52,760 [INFO] ThirdParty:1030 - CMSIS Pack Vendor :STMicroelectronics ThreadX 0.0.2
2023-06-19 10:41:52,760 [INFO] ThirdParty:1030 - CMSIS Pack Vendor :WES I-CUBE-Cesium 1.3.0
2023-06-19 10:41:52,761 [INFO] ThirdParty:1030 - CMSIS Pack Vendor :STMicroelectronics FP-ATR-ASTRA1 2.0.0
2023-06-19 10:41:52,761 [INFO] ThirdParty:1030 - CMSIS Pack Vendor :STMicroelectronics lwIP 2.1.2
2023-06-19 10:41:52,761 [INFO] ThirdParty:1030 - CMSIS Pack Vendor :STMicroelectronics X-CUBE-SFXS2LP1 4.0.0
2023-06-19 10:41:52,761 [INFO] ThirdParty:1030 - CMSIS Pack Vendor :STMicroelectronics X-CUBE-BLE2 3.3.0
2023-06-19 10:41:52,761 [INFO] ThirdParty:1030 - CMSIS Pack Vendor :STMicroelectronics PDM2PCM 3.2.0
2023-06-19 10:41:52,761 [INFO] ThirdParty:841 - exiting critical section [change project]
2023-06-19 10:41:53,350 [INFO] PinOutPanel:1499 - setPackage(No Configuration,No Configuration)
2023-06-19 10:41:53,355 [INFO] PinOutPanel:1499 - setPackage(STM32F411RETx,LQFP64)
2023-06-19 10:41:54,033 [INFO] UtilMem:75 - Before build in PCC Used Memory: 544795072 Bytes (721420288)
2023-06-19 10:41:54,990 [INFO] UtilMem:75 - After build in PCC Used Memory: 271051072 Bytes (721420288)
2023-06-19 10:41:55,037 [INFO] IPUIPlugin:80 - create IPUIPlugin
2023-06-19 10:41:55,038 [INFO] IPUIPlugin:80 - create IPUIPlugin
2023-06-19 10:41:55,039 [INFO] IPUIPlugin:80 - create IPUIPlugin
2023-06-19 10:41:55,039 [INFO] IPUIPlugin:80 - create IPUIPlugin
2023-06-19 10:41:55,040 [INFO] IPUIPlugin:80 - create IPUIPlugin
2023-06-19 10:41:55,040 [INFO] IPUIPlugin:80 - create IPUIPlugin
2023-06-19 10:41:55,041 [INFO] IPUIPlugin:80 - create IPUIPlugin
2023-06-19 10:41:55,041 [INFO] IPUIPlugin:80 - create IPUIPlugin
2023-06-19 10:41:55,041 [INFO] IPUIPlugin:80 - create IPUIPlugin
2023-06-19 10:41:55,042 [INFO] IPUIPlugin:80 - create IPUIPlugin
2023-06-19 10:41:55,043 [INFO] IPUIPlugin:80 - create IPUIPlugin
2023-06-19 10:41:55,043 [INFO] IPUIPlugin:80 - create IPUIPlugin
2023-06-19 10:41:55,044 [INFO] IPUIPlugin:80 - create IPUIPlugin
2023-06-19 10:41:55,044 [INFO] IPUIPlugin:80 - create IPUIPlugin
2023-06-19 10:41:55,045 [INFO] IPUIPlugin:80 - create IPUIPlugin
2023-06-19 10:41:55,045 [INFO] IPUIPlugin:80 - create IPUIPlugin
2023-06-19 10:41:55,046 [INFO] IPUIPlugin:80 - create IPUIPlugin
2023-06-19 10:41:55,046 [INFO] IPUIPlugin:80 - create IPUIPlugin
2023-06-19 10:41:55,046 [INFO] IPUIPlugin:80 - create IPUIPlugin
2023-06-19 10:41:55,047 [INFO] IPUIPlugin:80 - create IPUIPlugin
2023-06-19 10:41:55,047 [INFO] IPUIPlugin:80 - create IPUIPlugin
2023-06-19 10:41:55,048 [INFO] IPUIPlugin:80 - create IPUIPlugin
2023-06-19 10:41:55,048 [INFO] IPUIPlugin:80 - create IPUIPlugin
2023-06-19 10:41:55,048 [INFO] IPUIPlugin:80 - create IPUIPlugin
2023-06-19 10:41:55,049 [INFO] IPUIPlugin:80 - create IPUIPlugin
2023-06-19 10:41:55,049 [INFO] IPUIPlugin:80 - create IPUIPlugin
2023-06-19 10:41:55,049 [INFO] IPUIPlugin:80 - create IPUIPlugin
2023-06-19 10:41:55,050 [INFO] IPUIPlugin:80 - create IPUIPlugin
2023-06-19 10:41:55,051 [INFO] IPUIPlugin:80 - create IPUIPlugin
2023-06-19 10:41:55,051 [INFO] IPUIPlugin:80 - create IPUIPlugin
2023-06-19 10:41:55,052 [INFO] IPUIPlugin:80 - create IPUIPlugin
2023-06-19 10:41:55,052 [INFO] IPUIPlugin:80 - create IPUIPlugin
2023-06-19 10:41:55,053 [INFO] IPUIPlugin:80 - create IPUIPlugin
2023-06-19 10:41:55,053 [INFO] IPUIPlugin:80 - create IPUIPlugin
2023-06-19 10:41:55,053 [INFO] IPUIPlugin:80 - create IPUIPlugin
2023-06-19 10:41:55,054 [INFO] IPUIPlugin:80 - create IPUIPlugin
2023-06-19 10:41:55,054 [INFO] IPUIPlugin:80 - create IPUIPlugin
2023-06-19 10:41:55,054 [INFO] IPUIPlugin:80 - create IPUIPlugin
2023-06-19 10:41:55,054 [INFO] IPUIPlugin:80 - create IPUIPlugin
2023-06-19 10:41:55,055 [INFO] IPUIPlugin:80 - create IPUIPlugin
2023-06-19 10:41:55,055 [INFO] IPUIPlugin:80 - create IPUIPlugin
2023-06-19 10:41:55,056 [INFO] IPUIPlugin:80 - create IPUIPlugin
2023-06-19 10:41:55,056 [INFO] IPUIPlugin:80 - create IPUIPlugin
2023-06-19 10:41:55,127 [INFO] ApiDbMcu:507 - Load IP Config File for PDM2PCM
2023-06-19 10:41:55,339 [INFO] CADModel:165 - CPN selected for project levelSTM32F411RET6
2023-06-19 10:41:55,339 [INFO] CADModel:114 - Register for checkConnection events
2023-06-19 10:41:55,385 [INFO] OpenFileManager:328 - Restore cursor
2023-06-19 10:41:55,927 [INFO] UtilMem:75 - End SaveConfig() Used Memory: 385868096 Bytes (721420288)
2023-06-19 10:41:55,992 [INFO] UtilMem:75 - End SaveConfig() Used Memory: 400548160 Bytes (721420288)
2023-06-19 10:41:56,925 [INFO] BlockDiagram:2759 - set Specific Code input for plugin: NVIC
2023-06-19 10:41:56,926 [INFO] BlockDiagram:2759 - set Specific Code input for plugin: RCC
2023-06-19 10:41:56,926 [INFO] CodeGenerator:793 - code generatio: config db path: /opt/st/stm32cubeide_1.12.1/plugins/com.st.stm32cube.common.mx_6.8.1.202304191431//db/
2023-06-19 10:41:57,541 [INFO] CodeEngine:255 - oldGeneratedFile, /home/dinesh/STM32CubeIDE/workspace_1.12.1/Test_Temperature/MXTmpFiles/license.tmp_save
2023-06-19 10:41:58,166 [INFO] CodeEngine:279 - Generated code: /home/dinesh/STM32CubeIDE/workspace_1.12.1/Test_Temperature/MXTmpFiles/license.tmp
2023-06-19 10:41:58,175 [INFO] CodeEngine:255 - oldGeneratedFile, /home/dinesh/STM32CubeIDE/workspace_1.12.1/Test_Temperature/Core/Src/stm32f4xx_it.c_save
2023-06-19 10:41:58,442 [INFO] CodeEngine:279 - Generated code: /home/dinesh/STM32CubeIDE/workspace_1.12.1/Test_Temperature/Core/Src/stm32f4xx_it.c
2023-06-19 10:41:58,444 [INFO] CodeEngine:255 - oldGeneratedFile, /home/dinesh/STM32CubeIDE/workspace_1.12.1/Test_Temperature/Core/Inc/stm32f4xx_it.h_save
2023-06-19 10:41:58,604 [INFO] CodeEngine:279 - Generated code: /home/dinesh/STM32CubeIDE/workspace_1.12.1/Test_Temperature/Core/Inc/stm32f4xx_it.h
2023-06-19 10:41:58,700 [INFO] CodeEngine:255 - oldGeneratedFile, /home/dinesh/STM32CubeIDE/workspace_1.12.1/Test_Temperature/Core/Src/stm32f4xx_hal_msp.c_save
2023-06-19 10:41:58,924 [INFO] CodeEngine:279 - Generated code: /home/dinesh/STM32CubeIDE/workspace_1.12.1/Test_Temperature/Core/Src/stm32f4xx_hal_msp.c
2023-06-19 10:41:58,926 [INFO] CodeEngine:255 - oldGeneratedFile, /home/dinesh/STM32CubeIDE/workspace_1.12.1/Test_Temperature/MXTmpFiles/system.tmp_save
2023-06-19 10:41:59,019 [INFO] CodeEngine:279 - Generated code: /home/dinesh/STM32CubeIDE/workspace_1.12.1/Test_Temperature/MXTmpFiles/system.tmp
2023-06-19 10:41:59,022 [INFO] CodeEngine:311 - oldGeneratedFile, /home/dinesh/STM32CubeIDE/workspace_1.12.1/Test_Temperature/Core/Inc/stm32f4xx_hal_conf.h_save
2023-06-19 10:41:59,123 [INFO] CodeEngine:335 - Generated code: /home/dinesh/STM32CubeIDE/workspace_1.12.1/Test_Temperature/Core/Inc/stm32f4xx_hal_conf.h
2023-06-19 10:41:59,173 [INFO] CodeEngine:255 - oldGeneratedFile, /home/dinesh/STM32CubeIDE/workspace_1.12.1/Test_Temperature/Core/Inc/main.h_save
2023-06-19 10:41:59,316 [INFO] CodeEngine:279 - Generated code: /home/dinesh/STM32CubeIDE/workspace_1.12.1/Test_Temperature/Core/Inc/main.h
2023-06-19 10:41:59,318 [INFO] CodeEngine:255 - oldGeneratedFile, /home/dinesh/STM32CubeIDE/workspace_1.12.1/Test_Temperature/Core/Src/main.c_save
2023-06-19 10:41:59,532 [INFO] CodeEngine:279 - Generated code: /home/dinesh/STM32CubeIDE/workspace_1.12.1/Test_Temperature/Core/Src/main.c
2023-06-19 10:42:00,761 [INFO] ProjectBuilder:2996 - Time for Copy HAL[1] : 184mS.
2023-06-19 10:42:00,781 [INFO] ProjectBuilder:4304 - Project Generator version: 3.19.2
2023-06-19 10:42:01,197 [INFO] ConfigFileManager:1483 - The Die is : DIE431
2023-06-19 10:42:01,206 [INFO] ApiDbMcu:507 - Load IP Config File for FATFS
2023-06-19 10:42:01,218 [INFO] ApiDbMcu:507 - Load IP Config File for FREERTOS
2023-06-19 10:42:01,221 [INFO] ApiDbMcu:507 - Load IP Config File for LIBJPEG
2023-06-19 10:42:01,231 [INFO] ApiDbMcu:507 - Load IP Config File for MBEDTLS
2023-06-19 10:42:01,253 [INFO] ApiDbMcu:507 - Load IP Config File for USB_DEVICE
2023-06-19 10:42:01,263 [INFO] ApiDbMcu:507 - Load IP Config File for USB_HOST
2023-06-19 10:42:02,619 [INFO] LogOutputStream:77 - [STDOUT_REDIRECT] 
2023-06-19 10:42:08,155 [INFO] ProjectBuilder:4505 - Time for Generating toolchain IDE Files: 7373mS.
2023-06-19 10:42:08,156 [INFO] ProjectBuilder:2867 - Time for Copy CMSIS : 0mS.
2023-06-19 10:42:08,158 [INFO] ProjectBuilder:2867 - Time for Copy CMSIS : 0mS.
2023-06-19 10:42:09,197 [INFO] McuFinderGlobals:66 - Set McuFinderConnectedMode to true
2023-06-19 10:42:09,200 [INFO] ApiDb:448 - Save user favorites file /home/dinesh/.stm32cubeide/favorites.mcus.txt: 0 item(s)
2023-06-19 10:42:09,200 [INFO] ApiDb:452 - User favorites MCUs=[]
2023-06-19 10:49:36,744 [WARN] IP:2113 - I2C_Coeff_DF not found: check if there is a RefParameter without a condition.
2023-06-19 10:49:36,745 [WARN] IP:2113 - Analog_Filter not found: check if there is a RefParameter without a condition.
2023-06-19 10:49:36,816 [WARN] IP:2113 - I2C_Coeff_DF not found: check if there is a RefParameter without a condition.
2023-06-19 10:49:36,816 [WARN] IP:2113 - Analog_Filter not found: check if there is a RefParameter without a condition.
2023-06-19 10:49:36,818 [WARN] IP:2113 - I2C_Coeff_DF not found: check if there is a RefParameter without a condition.
2023-06-19 10:49:36,818 [WARN] IP:2113 - Analog_Filter not found: check if there is a RefParameter without a condition.
2023-06-19 10:49:37,075 [WARN] IP:2113 - I2C_Coeff_DF not found: check if there is a RefParameter without a condition.
2023-06-19 10:49:37,076 [WARN] IP:2113 - Analog_Filter not found: check if there is a RefParameter without a condition.
2023-06-19 10:49:37,080 [WARN] IP:2113 - I2C_Coeff_DF not found: check if there is a RefParameter without a condition.
2023-06-19 10:49:37,080 [WARN] IP:2113 - Analog_Filter not found: check if there is a RefParameter without a condition.
2023-06-19 10:49:43,390 [WARN] IP:2113 - I2C_Coeff_DF not found: check if there is a RefParameter without a condition.
2023-06-19 10:49:43,390 [WARN] IP:2113 - Analog_Filter not found: check if there is a RefParameter without a condition.
2023-06-19 10:49:43,533 [WARN] IP:2113 - I2C_Coeff_DF not found: check if there is a RefParameter without a condition.
2023-06-19 10:49:43,533 [WARN] IP:2113 - Analog_Filter not found: check if there is a RefParameter without a condition.
2023-06-19 10:49:43,534 [WARN] IP:2113 - I2C_Coeff_DF not found: check if there is a RefParameter without a condition.
2023-06-19 10:49:43,534 [WARN] IP:2113 - Analog_Filter not found: check if there is a RefParameter without a condition.
2023-06-19 10:49:43,760 [WARN] IP:2113 - I2C_Coeff_DF not found: check if there is a RefParameter without a condition.
2023-06-19 10:49:43,761 [WARN] IP:2113 - Analog_Filter not found: check if there is a RefParameter without a condition.
2023-06-19 10:49:43,762 [WARN] IP:2113 - I2C_Coeff_DF not found: check if there is a RefParameter without a condition.
2023-06-19 10:49:43,762 [WARN] IP:2113 - Analog_Filter not found: check if there is a RefParameter without a condition.
2023-06-19 10:49:47,328 [WARN] IP:2113 - I2C_Coeff_DF not found: check if there is a RefParameter without a condition.
2023-06-19 10:49:47,329 [WARN] IP:2113 - Analog_Filter not found: check if there is a RefParameter without a condition.
2023-06-19 10:49:47,407 [WARN] IP:2113 - I2C_Coeff_DF not found: check if there is a RefParameter without a condition.
2023-06-19 10:49:47,407 [WARN] IP:2113 - Analog_Filter not found: check if there is a RefParameter without a condition.
2023-06-19 10:49:47,408 [WARN] IP:2113 - I2C_Coeff_DF not found: check if there is a RefParameter without a condition.
2023-06-19 10:49:47,408 [WARN] IP:2113 - Analog_Filter not found: check if there is a RefParameter without a condition.
2023-06-19 10:49:47,591 [WARN] IP:2113 - I2C_Coeff_DF not found: check if there is a RefParameter without a condition.
2023-06-19 10:49:47,591 [WARN] IP:2113 - Analog_Filter not found: check if there is a RefParameter without a condition.
2023-06-19 10:49:47,591 [WARN] IP:2113 - I2C_Coeff_DF not found: check if there is a RefParameter without a condition.
2023-06-19 10:49:47,591 [WARN] IP:2113 - Analog_Filter not found: check if there is a RefParameter without a condition.
2023-06-19 10:49:51,304 [INFO] UtilMem:75 - End SaveConfig() Used Memory: 541523208 Bytes (720371712)
2023-06-19 10:49:54,252 [INFO] UtilMem:75 - End SaveConfig() Used Memory: 332586256 Bytes (720371712)
2023-06-19 10:49:54,629 [INFO] BlockDiagram:2759 - set Specific Code input for plugin: NVIC
2023-06-19 10:49:54,629 [INFO] BlockDiagram:2759 - set Specific Code input for plugin: GPIO
2023-06-19 10:49:54,629 [INFO] BlockDiagram:2759 - set Specific Code input for plugin: RCC
2023-06-19 10:49:54,630 [INFO] BlockDiagram:2759 - set Specific Code input for plugin: I2C
2023-06-19 10:49:54,630 [INFO] CodeGenerator:793 - code generatio: config db path: /opt/st/stm32cubeide_1.12.1/plugins/com.st.stm32cube.common.mx_6.8.1.202304191431//db/
2023-06-19 10:49:54,631 [WARN] IP:2113 - I2C_Coeff_DF not found: check if there is a RefParameter without a condition.
2023-06-19 10:49:54,631 [WARN] IP:2113 - Analog_Filter not found: check if there is a RefParameter without a condition.
2023-06-19 10:49:55,037 [INFO] CodeEngine:255 - oldGeneratedFile, /home/dinesh/STM32CubeIDE/workspace_1.12.1/Test_Temperature/MXTmpFiles/license.tmp_save
2023-06-19 10:49:55,143 [INFO] CodeEngine:279 - Generated code: /home/dinesh/STM32CubeIDE/workspace_1.12.1/Test_Temperature/MXTmpFiles/license.tmp
2023-06-19 10:49:55,172 [INFO] CodeEngine:255 - oldGeneratedFile, /home/dinesh/STM32CubeIDE/workspace_1.12.1/Test_Temperature/MXTmpFiles/gpio.tmp_save
2023-06-19 10:49:55,253 [INFO] CodeEngine:279 - Generated code: /home/dinesh/STM32CubeIDE/workspace_1.12.1/Test_Temperature/MXTmpFiles/gpio.tmp
2023-06-19 10:49:55,284 [INFO] CodeEngine:255 - oldGeneratedFile, /home/dinesh/STM32CubeIDE/workspace_1.12.1/Test_Temperature/Core/Src/stm32f4xx_it.c_save
2023-06-19 10:49:55,417 [INFO] CodeEngine:279 - Generated code: /home/dinesh/STM32CubeIDE/workspace_1.12.1/Test_Temperature/Core/Src/stm32f4xx_it.c
2023-06-19 10:49:55,419 [INFO] CodeEngine:255 - oldGeneratedFile, /home/dinesh/STM32CubeIDE/workspace_1.12.1/Test_Temperature/Core/Inc/stm32f4xx_it.h_save
2023-06-19 10:49:55,525 [INFO] CodeEngine:279 - Generated code: /home/dinesh/STM32CubeIDE/workspace_1.12.1/Test_Temperature/Core/Inc/stm32f4xx_it.h
2023-06-19 10:49:55,539 [INFO] CodeEngine:255 - oldGeneratedFile, /home/dinesh/STM32CubeIDE/workspace_1.12.1/Test_Temperature/Core/Src/stm32f4xx_hal_msp.c_save
2023-06-19 10:49:55,695 [INFO] CodeEngine:279 - Generated code: /home/dinesh/STM32CubeIDE/workspace_1.12.1/Test_Temperature/Core/Src/stm32f4xx_hal_msp.c
2023-06-19 10:49:55,697 [INFO] CodeEngine:255 - oldGeneratedFile, /home/dinesh/STM32CubeIDE/workspace_1.12.1/Test_Temperature/MXTmpFiles/system.tmp_save
2023-06-19 10:49:55,772 [INFO] CodeEngine:279 - Generated code: /home/dinesh/STM32CubeIDE/workspace_1.12.1/Test_Temperature/MXTmpFiles/system.tmp
2023-06-19 10:49:55,775 [INFO] CodeEngine:311 - oldGeneratedFile, /home/dinesh/STM32CubeIDE/workspace_1.12.1/Test_Temperature/Core/Inc/stm32f4xx_hal_conf.h_save
2023-06-19 10:49:55,839 [INFO] CodeEngine:335 - Generated code: /home/dinesh/STM32CubeIDE/workspace_1.12.1/Test_Temperature/Core/Inc/stm32f4xx_hal_conf.h
2023-06-19 10:49:55,887 [INFO] CodeEngine:255 - oldGeneratedFile, /home/dinesh/STM32CubeIDE/workspace_1.12.1/Test_Temperature/Core/Inc/main.h_save
2023-06-19 10:49:55,986 [INFO] CodeEngine:279 - Generated code: /home/dinesh/STM32CubeIDE/workspace_1.12.1/Test_Temperature/Core/Inc/main.h
2023-06-19 10:49:55,987 [INFO] CodeEngine:255 - oldGeneratedFile, /home/dinesh/STM32CubeIDE/workspace_1.12.1/Test_Temperature/Core/Src/main.c_save
2023-06-19 10:49:56,101 [INFO] CodeEngine:279 - Generated code: /home/dinesh/STM32CubeIDE/workspace_1.12.1/Test_Temperature/Core/Src/main.c
2023-06-19 10:49:56,995 [INFO] ProjectBuilder:2996 - Time for Copy HAL[1] : 54mS.
2023-06-19 10:49:56,999 [INFO] ProjectBuilder:4304 - Project Generator version: 3.19.2
2023-06-19 10:49:57,474 [INFO] ConfigFileManager:1483 - The Die is : DIE431
2023-06-19 10:49:59,231 [INFO] ProjectBuilder:4505 - Time for Generating toolchain IDE Files: 2232mS.
2023-06-19 10:49:59,231 [INFO] ProjectBuilder:2867 - Time for Copy CMSIS : 0mS.
2023-06-19 10:49:59,232 [INFO] ProjectBuilder:2867 - Time for Copy CMSIS : 0mS.
2023-06-19 12:24:55,602 [INFO] UtilMem:75 - End SaveConfig() Used Memory: 285210632 Bytes (842006528)
2023-06-19 12:24:55,871 [INFO] BlockDiagram:2759 - set Specific Code input for plugin: NVIC
2023-06-19 12:24:55,871 [INFO] BlockDiagram:2759 - set Specific Code input for plugin: GPIO
2023-06-19 12:24:55,872 [INFO] BlockDiagram:2759 - set Specific Code input for plugin: RCC
2023-06-19 12:24:55,872 [INFO] BlockDiagram:2759 - set Specific Code input for plugin: I2C
2023-06-19 12:24:55,872 [INFO] CodeGenerator:793 - code generatio: config db path: /opt/st/stm32cubeide_1.12.1/plugins/com.st.stm32cube.common.mx_6.8.1.202304191431//db/
2023-06-19 12:24:55,873 [WARN] IP:2113 - I2C_Coeff_DF not found: check if there is a RefParameter without a condition.
2023-06-19 12:24:55,873 [WARN] IP:2113 - Analog_Filter not found: check if there is a RefParameter without a condition.
2023-06-19 12:24:56,101 [INFO] CodeEngine:255 - oldGeneratedFile, /home/dinesh/STM32CubeIDE/workspace_1.12.1/Test_Temperature/MXTmpFiles/license.tmp_save
2023-06-19 12:24:56,233 [INFO] CodeEngine:279 - Generated code: /home/dinesh/STM32CubeIDE/workspace_1.12.1/Test_Temperature/MXTmpFiles/license.tmp
2023-06-19 12:24:56,242 [INFO] CodeEngine:255 - oldGeneratedFile, /home/dinesh/STM32CubeIDE/workspace_1.12.1/Test_Temperature/MXTmpFiles/gpio.tmp_save
2023-06-19 12:24:56,330 [INFO] CodeEngine:279 - Generated code: /home/dinesh/STM32CubeIDE/workspace_1.12.1/Test_Temperature/MXTmpFiles/gpio.tmp
2023-06-19 12:24:56,357 [INFO] CodeEngine:255 - oldGeneratedFile, /home/dinesh/STM32CubeIDE/workspace_1.12.1/Test_Temperature/Core/Src/stm32f4xx_it.c_save
2023-06-19 12:24:56,617 [INFO] CodeEngine:279 - Generated code: /home/dinesh/STM32CubeIDE/workspace_1.12.1/Test_Temperature/Core/Src/stm32f4xx_it.c
2023-06-19 12:24:56,620 [INFO] CodeEngine:255 - oldGeneratedFile, /home/dinesh/STM32CubeIDE/workspace_1.12.1/Test_Temperature/Core/Inc/stm32f4xx_it.h_save
2023-06-19 12:24:56,693 [INFO] CodeEngine:279 - Generated code: /home/dinesh/STM32CubeIDE/workspace_1.12.1/Test_Temperature/Core/Inc/stm32f4xx_it.h
2023-06-19 12:24:56,701 [INFO] CodeEngine:255 - oldGeneratedFile, /home/dinesh/STM32CubeIDE/workspace_1.12.1/Test_Temperature/Core/Src/stm32f4xx_hal_msp.c_save
2023-06-19 12:24:56,804 [INFO] CodeEngine:279 - Generated code: /home/dinesh/STM32CubeIDE/workspace_1.12.1/Test_Temperature/Core/Src/stm32f4xx_hal_msp.c
2023-06-19 12:24:56,805 [INFO] CodeEngine:255 - oldGeneratedFile, /home/dinesh/STM32CubeIDE/workspace_1.12.1/Test_Temperature/MXTmpFiles/system.tmp_save
2023-06-19 12:24:56,856 [INFO] CodeEngine:279 - Generated code: /home/dinesh/STM32CubeIDE/workspace_1.12.1/Test_Temperature/MXTmpFiles/system.tmp
2023-06-19 12:24:56,858 [INFO] CodeEngine:311 - oldGeneratedFile, /home/dinesh/STM32CubeIDE/workspace_1.12.1/Test_Temperature/Core/Inc/stm32f4xx_hal_conf.h_save
2023-06-19 12:24:56,920 [INFO] CodeEngine:335 - Generated code: /home/dinesh/STM32CubeIDE/workspace_1.12.1/Test_Temperature/Core/Inc/stm32f4xx_hal_conf.h
2023-06-19 12:24:56,939 [INFO] CodeEngine:255 - oldGeneratedFile, /home/dinesh/STM32CubeIDE/workspace_1.12.1/Test_Temperature/Core/Inc/main.h_save
2023-06-19 12:24:57,129 [INFO] CodeEngine:279 - Generated code: /home/dinesh/STM32CubeIDE/workspace_1.12.1/Test_Temperature/Core/Inc/main.h
2023-06-19 12:24:57,130 [INFO] CodeEngine:255 - oldGeneratedFile, /home/dinesh/STM32CubeIDE/workspace_1.12.1/Test_Temperature/Core/Src/main.c_save
2023-06-19 12:24:57,225 [INFO] CodeEngine:279 - Generated code: /home/dinesh/STM32CubeIDE/workspace_1.12.1/Test_Temperature/Core/Src/main.c
2023-06-19 12:24:57,718 [INFO] ProjectBuilder:2996 - Time for Copy HAL[1] : 19mS.
2023-06-19 12:24:57,719 [INFO] ProjectBuilder:4304 - Project Generator version: 3.19.2
2023-06-19 12:24:57,938 [INFO] ConfigFileManager:1483 - The Die is : DIE431
2023-06-19 12:24:59,381 [INFO] ProjectBuilder:4505 - Time for Generating toolchain IDE Files: 1661mS.
2023-06-19 12:24:59,382 [INFO] ProjectBuilder:2867 - Time for Copy CMSIS : 1mS.
2023-06-19 12:24:59,392 [INFO] ProjectBuilder:2867 - Time for Copy CMSIS : 1mS.
2023-06-19 15:08:57,684 [ERROR] LogOutputStream:75 - [STDERR_REDIRECT] SWT SessionManagerDBus: Failed to UnregisterClient: GDBus.Error:org.freedesktop.DBus.Error.NoReply: Message recipient disconnected from message bus without replying
2023-06-19 15:29:17,437 [INFO] Activator:176 - 


2023-06-19 15:29:17,440 [INFO] Activator:177 - !SESSION log4j initialized
2023-06-19 15:29:20,222 [INFO] LogOutputStream:77 - [STDOUT_REDIRECT] 
2023-06-19 15:29:42,526 [ERROR] LogOutputStream:75 - [STDERR_REDIRECT] SLF4J: Failed to load class "org.slf4j.impl.StaticLoggerBinder".
2023-06-19 15:29:42,528 [ERROR] LogOutputStream:75 - [STDERR_REDIRECT] SLF4J: Defaulting to no-operation (NOP) logger implementation
2023-06-19 15:29:42,528 [ERROR] LogOutputStream:75 - [STDERR_REDIRECT] SLF4J: See http://www.slf4j.org/codes.html#StaticLoggerBinder for further details.
2023-06-19 16:20:10,118 [ERROR] ConfigurationRetriever:142 - IOException on connection: sw-center.st.com
2023-06-19 16:20:10,120 [ERROR] ConfigurationRetriever:142 - IOException on connection: sw-center.st.com
2023-06-19 16:20:10,121 [ERROR] ConfigurationRetriever:142 - IOException on connection: sw-center.st.com
