2023-06-20 10:15:17,047 [INFO] Activator:176 - 


2023-06-20 10:15:17,053 [INFO] Activator:177 - !SESSION log4j initialized
2023-06-20 10:15:21,667 [INFO] LogOutputStream:77 - [STDOUT_REDIRECT] 
2023-06-20 10:15:42,793 [ERROR] LogOutputStream:75 - [STDERR_REDIRECT] SLF4J: Failed to load class "org.slf4j.impl.StaticLoggerBinder".
2023-06-20 10:15:42,793 [ERROR] LogOutputStream:75 - [STDERR_REDIRECT] SLF4J: Defaulting to no-operation (NOP) logger implementation
2023-06-20 10:15:42,794 [ERROR] LogOutputStream:75 - [STDERR_REDIRECT] SLF4J: See http://www.slf4j.org/codes.html#StaticLoggerBinder for further details.
2023-06-20 10:51:45,867 [INFO] ApplicationProperties:184 - Using Application install path: /opt/st/stm32cubeide_1.12.1/plugins/com.st.stm32cube.common.mx_6.8.1.202304191431
2023-06-20 10:51:45,894 [INFO] DbMcusXml:78 - Set database path to: /opt/st/stm32cubeide_1.12.1/plugins/com.st.stm32cube.common.mx_6.8.1.202304191431//db//mcu/
2023-06-20 10:51:45,895 [INFO] ApiDb:274 - Set plugin database path to: /opt/st/stm32cubeide_1.12.1/plugins/com.st.stm32cube.common.mx_6.8.1.202304191431//db//plugins/boardmanager/
2023-06-20 10:51:45,899 [WARN] ApiDb:259 - Overriding images path with different value:  => /opt/st/stm32cubeide_1.12.1/plugins/com.st.stm32cube.common.mx_6.8.1.202304191431//db//plugins/mcufinder/images/
2023-06-20 10:51:45,931 [INFO] ApiDb:250 - Set database path to: /home/dinesh/.stmcufinder/plugins/mcufinder//mcu/
2023-06-20 10:51:45,932 [INFO] DbMcusAds:125 - Set database path to: /home/dinesh/.stmcufinder/plugins/mcufinder//mcu/
2023-06-20 10:51:46,193 [INFO] CrossReferenceDbSqlite:203 - Set database path to: /home/dinesh/.stmcufinder/plugins/mcufinder//mcu/cs/
2023-06-20 10:51:46,347 [INFO] RulesReader:64 - Compatibility file has been processed (293 Rules)
2023-06-20 10:51:46,420 [INFO] DbMcusXml:78 - Set database path to: /opt/st/stm32cubeide_1.12.1/plugins/com.st.stm32cube.common.mx_6.8.1.202304191431//db//mcu/
2023-06-20 10:51:46,420 [INFO] ApiDb:274 - Set plugin database path to: /opt/st/stm32cubeide_1.12.1/plugins/com.st.stm32cube.common.mx_6.8.1.202304191431//db//plugins/boardmanager/
2023-06-20 10:51:46,420 [INFO] ApiDb:261 - Set plugin images path to: /opt/st/stm32cubeide_1.12.1/plugins/com.st.stm32cube.common.mx_6.8.1.202304191431//db//plugins/mcufinder/images/
2023-06-20 10:51:46,421 [WARN] DbFile:41 - Overriding database path with different value: /home/dinesh/.stmcufinder/plugins/mcufinder/ => /home/dinesh/.stmcufinder/plugins/mcufinder
2023-06-20 10:51:46,421 [INFO] ApiDb:250 - Set database path to: /home/dinesh/.stmcufinder/plugins/mcufinder//mcu/
2023-06-20 10:51:46,421 [WARN] DbFile:41 - Overriding database path with different value: /home/dinesh/.stmcufinder/plugins/mcufinder/ => /home/dinesh/.stmcufinder/plugins/mcufinder
2023-06-20 10:51:46,421 [INFO] DbMcusAds:125 - Set database path to: /home/dinesh/.stmcufinder/plugins/mcufinder//mcu/
2023-06-20 10:51:46,421 [WARN] DbFile:41 - Overriding database path with different value: /home/dinesh/.stmcufinder/plugins/mcufinder/ => /home/dinesh/.stmcufinder/plugins/mcufinder
2023-06-20 10:51:46,421 [WARN] DbFile:41 - Overriding database path with different value: /home/dinesh/.stmcufinder/plugins/mcufinder/ => /home/dinesh/.stmcufinder/plugins/mcufinder
2023-06-20 10:51:46,421 [INFO] CrossReferenceDbSqlite:203 - Set database path to: /home/dinesh/.stmcufinder/plugins/mcufinder//mcu/cs/
2023-06-20 10:51:46,508 [INFO] MainPanel:253 - HeapMemory: 510656512
2023-06-20 10:51:46,644 [INFO] DbMcusXml:78 - Set database path to: /opt/st/stm32cubeide_1.12.1/plugins/com.st.stm32cube.common.mx_6.8.1.202304191431//db//mcu/
2023-06-20 10:51:46,644 [INFO] ApiDb:274 - Set plugin database path to: /opt/st/stm32cubeide_1.12.1/plugins/com.st.stm32cube.common.mx_6.8.1.202304191431//db//plugins/boardmanager/
2023-06-20 10:51:46,644 [INFO] ApiDb:261 - Set plugin images path to: /opt/st/stm32cubeide_1.12.1/plugins/com.st.stm32cube.common.mx_6.8.1.202304191431//db//plugins/mcufinder/images/
2023-06-20 10:51:46,645 [WARN] DbFile:41 - Overriding database path with different value: /home/dinesh/.stmcufinder/plugins/mcufinder/ => /home/dinesh/.stmcufinder/plugins/mcufinder
2023-06-20 10:51:46,645 [INFO] ApiDb:250 - Set database path to: /home/dinesh/.stmcufinder/plugins/mcufinder//mcu/
2023-06-20 10:51:46,645 [WARN] DbFile:41 - Overriding database path with different value: /home/dinesh/.stmcufinder/plugins/mcufinder/ => /home/dinesh/.stmcufinder/plugins/mcufinder
2023-06-20 10:51:46,645 [INFO] DbMcusAds:125 - Set database path to: /home/dinesh/.stmcufinder/plugins/mcufinder//mcu/
2023-06-20 10:51:46,645 [WARN] DbFile:41 - Overriding database path with different value: /home/dinesh/.stmcufinder/plugins/mcufinder/ => /home/dinesh/.stmcufinder/plugins/mcufinder
2023-06-20 10:51:46,645 [WARN] DbFile:41 - Overriding database path with different value: /home/dinesh/.stmcufinder/plugins/mcufinder/ => /home/dinesh/.stmcufinder/plugins/mcufinder
2023-06-20 10:51:46,645 [INFO] CrossReferenceDbSqlite:203 - Set database path to: /home/dinesh/.stmcufinder/plugins/mcufinder//mcu/cs/
2023-06-20 10:51:46,667 [INFO] ApplicationProperties:184 - Using Application install path: /opt/st/stm32cubeide_1.12.1/plugins/com.st.stm32cube.common.mx_6.8.1.202304191431
2023-06-20 10:51:46,669 [INFO] PluginManage:196 - Search for loadable plugins [exclusion list=, ]
2023-06-20 10:51:46,673 [INFO] PluginManage:310 - Check plugin analytics
2023-06-20 10:51:46,928 [INFO] AnalyticsPlugin:253 - Accepted Software Licenses: 
2023-06-20 10:51:46,928 [INFO] AnalyticsPlugin:255 - Accepted CMSIS Pack Licenses: 
2023-06-20 10:51:46,929 [INFO] AnalyticsPlugin:257 - Accepted Firmware Licenses: FW.F4.1.27.0
2023-06-20 10:51:46,937 [INFO] PluginManage:359 - Loaded plugin analytics (category:tool,tabindex:-1)
2023-06-20 10:51:46,938 [INFO] PluginManage:310 - Check plugin cadmodel
2023-06-20 10:51:47,062 [INFO] CADModel:105 - Init CAD model plugin
2023-06-20 10:51:47,063 [INFO] PluginManage:359 - Loaded plugin cadmodel (category:power,tabindex:5)
2023-06-20 10:51:47,063 [INFO] PluginManage:310 - Check plugin clock
2023-06-20 10:51:47,081 [INFO] PluginManage:359 - Loaded plugin clock (category:base,tabindex:2)
2023-06-20 10:51:47,081 [INFO] PluginManage:310 - Check plugin ddr
2023-06-20 10:51:47,084 [INFO] PluginManage:359 - Loaded plugin ddr (category:tool,tabindex:6)
2023-06-20 10:51:47,085 [INFO] PluginManage:310 - Check plugin filemanager
2023-06-20 10:51:47,262 [INFO] PluginManage:359 - Loaded plugin filemanager (category:base,tabindex:10)
2023-06-20 10:51:47,263 [INFO] PluginManage:310 - Check plugin ipmanager
2023-06-20 10:51:47,273 [INFO] PluginManage:359 - Loaded plugin ipmanager (category:base,tabindex:5)
2023-06-20 10:51:47,273 [INFO] PluginManage:310 - Check plugin lpbam
2023-06-20 10:51:47,288 [INFO] PluginManage:359 - Loaded plugin lpbam (category:base,tabindex:0)
2023-06-20 10:51:47,288 [INFO] PluginManage:310 - Check plugin pinoutandconfiguration
2023-06-20 10:51:47,306 [INFO] PluginManage:359 - Loaded plugin pinoutandconfiguration (category:base,tabindex:1)
2023-06-20 10:51:47,306 [INFO] PluginManage:310 - Check plugin pinoutconfig
2023-06-20 10:51:47,411 [WARN] SupportedApi:132 - Cannot load RTOS API schema: s4s-elt-must-match.1: The content of 'definitions' must match (annotation?, (simpleType | complexType)?, (unique | key | keyref)*)). A problem was found starting at: attribute.
2023-06-20 10:51:47,583 [INFO] PluginManage:359 - Loaded plugin pinoutconfig (category:base,tabindex:0)
2023-06-20 10:51:47,583 [INFO] PluginManage:310 - Check plugin power
2023-06-20 10:51:47,602 [INFO] PluginManage:359 - Loaded plugin power (category:power,tabindex:4)
2023-06-20 10:51:47,602 [INFO] PluginManage:310 - Check plugin projectmanager
2023-06-20 10:51:47,625 [INFO] PluginManage:359 - Loaded plugin projectmanager (category:projectmanager,tabindex:3)
2023-06-20 10:51:47,625 [INFO] PluginManage:310 - Check plugin thirdparty
2023-06-20 10:51:47,839 [WARN] IntegrityCheckThread:84 - waiting for thirdparty lock release [integrity check]
2023-06-20 10:51:47,839 [INFO] PluginManage:359 - Loaded plugin thirdparty (category:base,tabindex:-1)
2023-06-20 10:51:47,839 [INFO] IntegrityCheckThread:86 - entering critical section [integrity check]
2023-06-20 10:51:47,839 [INFO] PluginManage:310 - Check plugin tools
2023-06-20 10:51:47,842 [INFO] ThirdPartyUpdaterWithRetryManager:70 - Updater plugin not ready yet. [1/15]
2023-06-20 10:51:47,843 [INFO] PluginManage:359 - Loaded plugin tools (category:base,tabindex:7)
2023-06-20 10:51:47,843 [INFO] PluginManage:310 - Check plugin tutovideos
2023-06-20 10:51:48,052 [INFO] PluginManage:359 - Loaded plugin tutovideos (category:base,tabindex:-1)
2023-06-20 10:51:48,052 [INFO] PluginManage:310 - Check plugin updater
2023-06-20 10:51:48,090 [INFO] PluginManage:359 - Loaded plugin updater (category:base,tabindex:12)
2023-06-20 10:51:48,091 [INFO] PluginManage:283 - PluginManage : Loaded plugins [15]
2023-06-20 10:51:48,373 [INFO] PinOutPanel:1499 - setPackage(No Configuration,No Configuration)
2023-06-20 10:51:48,445 [INFO] CADModel:165 - CPN selected for project level
2023-06-20 10:51:48,445 [INFO] CADModel:114 - Register for checkConnection events
2023-06-20 10:51:48,472 [INFO] IPUIPlugin:80 - create IPUIPlugin
2023-06-20 10:51:48,473 [INFO] PluginManager:220 - loadIPPluginJar : add cryp
2023-06-20 10:51:48,490 [INFO] IPUIPlugin:80 - create IPUIPlugin
2023-06-20 10:51:48,490 [INFO] PluginManager:220 - loadIPPluginJar : add resmgrutility
2023-06-20 10:51:48,495 [INFO] IPUIPlugin:80 - create IPUIPlugin
2023-06-20 10:51:48,496 [INFO] PluginManager:220 - loadIPPluginJar : add ipddr
2023-06-20 10:51:48,506 [INFO] IPUIPlugin:80 - create IPUIPlugin
2023-06-20 10:51:48,506 [INFO] PluginManager:220 - loadIPPluginJar : add adc
2023-06-20 10:51:48,509 [INFO] IPUIPlugin:80 - create IPUIPlugin
2023-06-20 10:51:48,509 [INFO] PluginManager:220 - loadIPPluginJar : add tsc
2023-06-20 10:51:48,511 [INFO] IPUIPlugin:80 - create IPUIPlugin
2023-06-20 10:51:48,511 [INFO] PluginManager:220 - loadIPPluginJar : add ltdc
2023-06-20 10:51:48,520 [INFO] IPUIPlugin:80 - create IPUIPlugin
2023-06-20 10:51:48,520 [INFO] PluginManager:220 - loadIPPluginJar : add stm32_wpan
2023-06-20 10:51:48,525 [INFO] IPUIPlugin:80 - create IPUIPlugin
2023-06-20 10:51:48,525 [INFO] PluginManager:220 - loadIPPluginJar : add gtzc
2023-06-20 10:51:48,530 [INFO] IPUIPlugin:80 - create IPUIPlugin
2023-06-20 10:51:48,531 [INFO] PluginManager:220 - loadIPPluginJar : add usart
2023-06-20 10:51:48,534 [INFO] IPUIPlugin:80 - create IPUIPlugin
2023-06-20 10:51:48,534 [INFO] PluginManager:220 - loadIPPluginJar : add hash
2023-06-20 10:51:48,537 [INFO] IPUIPlugin:80 - create IPUIPlugin
2023-06-20 10:51:48,537 [INFO] PluginManager:220 - loadIPPluginJar : add ucpd
2023-06-20 10:51:48,542 [INFO] IPUIPlugin:80 - create IPUIPlugin
2023-06-20 10:51:48,542 [INFO] PluginManager:220 - loadIPPluginJar : add touchsensing
2023-06-20 10:51:48,545 [INFO] IPUIPlugin:80 - create IPUIPlugin
2023-06-20 10:51:48,545 [INFO] PluginManager:220 - loadIPPluginJar : add pdm2pcm
2023-06-20 10:51:48,548 [INFO] IPUIPlugin:80 - create IPUIPlugin
2023-06-20 10:51:48,548 [INFO] PluginManager:220 - loadIPPluginJar : add ts
2023-06-20 10:51:48,555 [INFO] IPUIPlugin:80 - create IPUIPlugin
2023-06-20 10:51:48,555 [INFO] PluginManager:220 - loadIPPluginJar : add gpio
2023-06-20 10:51:48,557 [INFO] IPUIPlugin:80 - create IPUIPlugin
2023-06-20 10:51:48,557 [INFO] PluginManager:220 - loadIPPluginJar : add quadspi
2023-06-20 10:51:48,560 [INFO] IPUIPlugin:80 - create IPUIPlugin
2023-06-20 10:51:48,561 [INFO] PluginManager:220 - loadIPPluginJar : add i2c
2023-06-20 10:51:48,564 [INFO] IPUIPlugin:80 - create IPUIPlugin
2023-06-20 10:51:48,564 [INFO] PluginManager:220 - loadIPPluginJar : add spi
2023-06-20 10:51:48,567 [INFO] IPUIPlugin:80 - create IPUIPlugin
2023-06-20 10:51:48,568 [INFO] PluginManager:220 - loadIPPluginJar : add opamp
2023-06-20 10:51:48,575 [INFO] IPUIPlugin:80 - create IPUIPlugin
2023-06-20 10:51:48,576 [INFO] PluginManager:220 - loadIPPluginJar : add gic
2023-06-20 10:51:48,579 [INFO] IPUIPlugin:80 - create IPUIPlugin
2023-06-20 10:51:48,579 [INFO] PluginManager:220 - loadIPPluginJar : add aes
2023-06-20 10:51:48,589 [INFO] IPUIPlugin:80 - create IPUIPlugin
2023-06-20 10:51:48,589 [INFO] PluginManager:220 - loadIPPluginJar : add linkedlist
2023-06-20 10:51:48,593 [INFO] IPUIPlugin:80 - create IPUIPlugin
2023-06-20 10:51:48,593 [INFO] PluginManager:220 - loadIPPluginJar : add lorawan
2023-06-20 10:51:48,598 [INFO] IPUIPlugin:80 - create IPUIPlugin
2023-06-20 10:51:48,598 [INFO] PluginManager:220 - loadIPPluginJar : add sai
2023-06-20 10:51:48,608 [INFO] IPUIPlugin:80 - create IPUIPlugin
2023-06-20 10:51:48,608 [INFO] PluginManager:220 - loadIPPluginJar : add dma
2023-06-20 10:51:48,609 [INFO] IPUIPlugin:80 - create IPUIPlugin
2023-06-20 10:51:48,610 [INFO] PluginManager:220 - loadIPPluginJar : add genericplugin
2023-06-20 10:51:48,612 [INFO] IPUIPlugin:80 - create IPUIPlugin
2023-06-20 10:51:48,612 [INFO] PluginManager:220 - loadIPPluginJar : add tim
2023-06-20 10:51:48,616 [INFO] IPUIPlugin:80 - create IPUIPlugin
2023-06-20 10:51:48,616 [INFO] PluginManager:220 - loadIPPluginJar : add usbx
2023-06-20 10:51:48,625 [INFO] IPUIPlugin:80 - create IPUIPlugin
2023-06-20 10:51:48,625 [INFO] PluginManager:220 - loadIPPluginJar : add freertos
2023-06-20 10:51:48,627 [INFO] IPUIPlugin:80 - create IPUIPlugin
2023-06-20 10:51:48,627 [INFO] PluginManager:220 - loadIPPluginJar : add comp
2023-06-20 10:51:48,633 [INFO] IPUIPlugin:80 - create IPUIPlugin
2023-06-20 10:51:48,633 [INFO] PluginManager:220 - loadIPPluginJar : add fmc
2023-06-20 10:51:48,637 [INFO] IPUIPlugin:80 - create IPUIPlugin
2023-06-20 10:51:48,637 [INFO] PluginManager:220 - loadIPPluginJar : add tracer_emb
2023-06-20 10:51:48,648 [INFO] IPUIPlugin:80 - create IPUIPlugin
2023-06-20 10:51:48,648 [INFO] PluginManager:220 - loadIPPluginJar : add mdma
2023-06-20 10:51:48,652 [INFO] IPUIPlugin:80 - create IPUIPlugin
2023-06-20 10:51:48,652 [INFO] PluginManager:220 - loadIPPluginJar : add gfxmmu
2023-06-20 10:51:48,656 [INFO] IPUIPlugin:80 - create IPUIPlugin
2023-06-20 10:51:48,656 [INFO] PluginManager:220 - loadIPPluginJar : add i3c
2023-06-20 10:51:48,660 [INFO] IPUIPlugin:80 - create IPUIPlugin
2023-06-20 10:51:48,660 [INFO] PluginManager:220 - loadIPPluginJar : add openamp
2023-06-20 10:51:48,670 [INFO] IPUIPlugin:80 - create IPUIPlugin
2023-06-20 10:51:48,674 [INFO] PluginManager:220 - loadIPPluginJar : add plateformsettings
2023-06-20 10:51:48,677 [INFO] IPUIPlugin:80 - create IPUIPlugin
2023-06-20 10:51:48,678 [INFO] PluginManager:220 - loadIPPluginJar : add dma3
2023-06-20 10:51:48,681 [INFO] IPUIPlugin:80 - create IPUIPlugin
2023-06-20 10:51:48,681 [INFO] PluginManager:220 - loadIPPluginJar : add can
2023-06-20 10:51:48,683 [INFO] IPUIPlugin:80 - create IPUIPlugin
2023-06-20 10:51:48,683 [INFO] PluginManager:220 - loadIPPluginJar : add fatfs
2023-06-20 10:51:48,686 [INFO] IPUIPlugin:80 - create IPUIPlugin
2023-06-20 10:51:48,686 [INFO] PluginManager:220 - loadIPPluginJar : add i2s
2023-06-20 10:51:48,690 [INFO] IPUIPlugin:80 - create IPUIPlugin
2023-06-20 10:51:48,690 [INFO] PluginManager:220 - loadIPPluginJar : add dfsdm
2023-06-20 10:51:48,696 [INFO] IPUIPlugin:80 - create IPUIPlugin
2023-06-20 10:51:48,696 [INFO] PluginManager:220 - loadIPPluginJar : add nvic
2023-06-20 10:51:48,804 [INFO] CADModel:165 - CPN selected for project level
2023-06-20 10:51:48,804 [INFO] CADModel:114 - Register for checkConnection events
2023-06-20 10:51:48,804 [FATAL] Updater:308 - Updater called before beeing initialized
2023-06-20 10:51:48,805 [ERROR] CADModel:125 - Updater not yet initialized, retry later 
2023-06-20 10:51:48,978 [INFO] CADModel:165 - CPN selected for project level
2023-06-20 10:51:48,978 [INFO] CADModel:114 - Register for checkConnection events
2023-06-20 10:51:48,978 [FATAL] Updater:308 - Updater called before beeing initialized
2023-06-20 10:51:48,978 [ERROR] CADModel:125 - Updater not yet initialized, retry later 
2023-06-20 10:51:48,982 [FATAL] Updater:308 - Updater called before beeing initialized
2023-06-20 10:51:49,090 [FATAL] Updater:308 - Updater called before beeing initialized
2023-06-20 10:51:49,097 [INFO] DbMcusAds:53 - JSON generation date=Tue Mar 07 14:20:55 IST 2023 (1678179055335)
2023-06-20 10:51:49,097 [FATAL] Updater:308 - Updater called before beeing initialized
2023-06-20 10:51:49,179 [WARN] DetailPanel:346 - Failed to get advertising image, set to default
2023-06-20 10:51:49,359 [FATAL] Updater:308 - Updater called before beeing initialized
2023-06-20 10:51:49,362 [FATAL] Updater:308 - Updater called before beeing initialized
2023-06-20 10:51:49,362 [FATAL] Updater:308 - Updater called before beeing initialized
2023-06-20 10:51:49,362 [WARN] DetailPanel:346 - Failed to get advertising image, set to default
2023-06-20 10:51:49,363 [FATAL] Updater:308 - Updater called before beeing initialized
2023-06-20 10:51:49,403 [ERROR] Updater:1120 - MainUpdater not yet initialized. External WinMGr cannot be set.
2023-06-20 10:51:49,406 [INFO] Updater:1056 - Updater Version found : 6.8.1
2023-06-20 10:51:49,471 [INFO] ApplicationProperties:184 - Using Application install path: /opt/st/stm32cubeide_1.12.1/plugins/com.st.stm32cube.common.mx_6.8.1.202304191431
2023-06-20 10:51:49,604 [INFO] MainUpdater:2854 - connection check result : 10
2023-06-20 10:51:49,606 [INFO] MainUpdater:283 - Updater Check For Update Now.
2023-06-20 10:51:49,607 [INFO] MicroXplorer:498 - Change Database Version : DB.6.0.81
2023-06-20 10:51:49,811 [INFO] CheckServerUpdateThread:120 - End of CheckServer Thread
2023-06-20 10:51:49,827 [INFO] MainUpdater:2854 - connection check result : 10
2023-06-20 10:51:50,284 [INFO] ApiDb:581 - Connected to CubeFinder SQLite database (/home/dinesh/.stmcufinder/plugins/mcufinder/mcu/cube-finder-db.db)
2023-06-20 10:51:50,433 [INFO] ApiDb:668 - CubeFinder database Data Model version=2.1
2023-06-20 10:51:50,433 [INFO] ApiDb:669 - CubeFinder database Configuration version=3.0.35
2023-06-20 10:51:50,434 [INFO] ApiDb:670 - CubeFinder database generation date=2023-05-12 (1683877179)
2023-06-20 10:51:50,434 [INFO] ApiDb:671 - CubeFinder database FW Pack versions=[FP-ATR-ASTRA1_V2.0.0, FP-SNS-FLIGHT1_V5.0.0, FP-SNS-MOTENV1_V4.3.0, STM32Cube_FW_C0_V1.0.1, STM32Cube_FW_F0_V1.11.4, STM32Cube_FW_F3_V1.11.4, STM32Cube_FW_F4_V1.27.1, STM32Cube_FW_F7_V1.17.0, STM32Cube_FW_G0_V1.6.1, STM32Cube_FW_G4_V1.5.1, STM32Cube_FW_H5_V0.5.1, STM32Cube_FW_H5_V1.0.0, STM32Cube_FW_H7_V1.11.0, STM32Cube_FW_L0_V1.12.2, STM32Cube_FW_L5_V1.5.0, STM32Cube_FW_U5_V1.2.0, STM32Cube_FW_WBA_V1.0.0, STM32Cube_FW_WBA_V1.0.0RC1, STM32Cube_FW_WBA_V1.0.0RC3, STM32Cube_FW_WB_V1.15.0RC1, STM32Cube_FW_WB_V1.16.0, STM32Cube_FW_WB_V1.16.0RC2, STM32Cube_FW_WL_V1.3.0, X-CUBE-ALGOBUILD_V1.3.0, X-CUBE-ALS_V1.0.1, X-CUBE-AZRTOS-F4_V1.1.0, X-CUBE-AZRTOS-F7_V1.1.0, X-CUBE-AZRTOS-G0_V1.1.0, X-CUBE-AZRTOS-G4_V2.0.0, X-CUBE-AZRTOS-H7_V3.1.0, X-CUBE-AZRTOS-L4_V1.0.0, X-CUBE-AZRTOS-L5_V1.1.0, X-CUBE-AZRTOS-WB_V1.1.0, X-CUBE-AZRTOS-WL_V1.0.0, X-CUBE-BLE1_V6.2.4, X-CUBE-BLE2_V3.3.0, X-CUBE-BLEMGR_V2.0.0, X-CUBE-EEPRMA1_V4.1.0, X-CUBE-FREERTOS_V1.0.1, X-CUBE-GNSS1_V6.0.0, X-CUBE-MEMS1_V9.1.0, X-CUBE-MEMS1_V9.4.0, X-CUBE-MEMS1_V9.6.0, X-CUBE-NFC4_V3.0.0, X-CUBE-NFC7_V1.0.0, X-CUBE-SFXS2LP1_V4.0.0, X-CUBE-SUBG2_V5.0.0]
2023-06-20 10:51:50,603 [INFO] DbBoardsSqlite:226 - include board P-NUCLEO-WB55-NUCLEO as a kit item of type 'Nucleo-64'
2023-06-20 10:51:50,603 [INFO] DbBoardsSqlite:226 - include board P-NUCLEO-WB55-USBDONGLE as a kit item of type 'Nucleo USB Dongle'
2023-06-20 10:51:50,605 [INFO] DbBoardsSqlite:226 - include board STEVAL-IDP005V1 as a kit item of type 'Evaluation Board'
2023-06-20 10:51:50,606 [INFO] DbBoardsSqlite:226 - include board STEVAL-IDP005V2 as a kit item of type 'Evaluation Board'
2023-06-20 10:51:50,785 [INFO] ApiDb:240 - Found 297 in-development CPN: [B-G473E-ZEST1S, B-WB1M-WPAN1, B-WL5M-SUBG1, NUCLEO-C031C6, NUCLEO-H503RB, NUCLEO-H563ZI, NUCLEO-U545RE-Q, NUCLEO-U5A5ZJ-Q, NUCLEO-WBA52CG, STEVAL-PROTEUS1, STEVAL-STWINBX1, STM320518-EVAL, STM32C0116-DK, STM32C011D6Y3TR, STM32C011D6Y6TR, STM32C011F4P3, STM32C011F4P6, STM32C011F4U3, STM32C011F4U6TR, STM32C011F6P3, STM32C011F6P6, STM32C011F6U3, STM32C011F6U6TR, STM32C011J4M3, STM32C011J4M6, STM32C011J6M3, STM32C011J6M6, STM32C0316-DK, STM32C031C4T3, STM32C031C4T6, STM32C031C4U3, STM32C031C4U6, STM32C031C6T3, STM32C031C6T6, STM32C031C6U3, STM32C031C6U6, STM32C031F4P3, STM32C031F4P6, STM32C031F6P3, STM32C031F6P6, STM32C031G4U3, STM32C031G4U6, STM32C031G6U3, STM32C031G6U6, STM32C031K4T3, STM32C031K4T6, STM32C031K4U3, STM32C031K4U6, STM32C031K6T3, STM32C031K6T6, STM32C031K6U3, STM32C031K6U6, STM32G071K8TXN, STM32G071K8UXN, STM32G081GBU6N, STM32G081KBT6N, STM32G081KBUXN, STM32G0B1CCT6N, STM32G0B1KCT6, STM32G0B1NEY6TR, STM32G0B1RCT6N, STM32G0C1CCT6, STM32G0C1CCT6N, STM32G0C1CCU6N, STM32G0C1CET6N, STM32G0C1CEU6N, STM32G0C1KCT6, STM32G0C1NEY6TR, STM32G0C1RCI6N, STM32G0C1RCT6N, STM32G0C1REI6N, STM32G0C1RET6N, STM32G0C1VCI6, STM32G0C1VEI6, STM32G471CCT6, STM32G471CCU6, STM32G471CET3, STM32G471CET6, STM32G471CEU3, STM32G471CEU6, STM32G471MCT6, STM32G471MET3, STM32G471MET6, STM32G471MEY6TR, STM32G471QCT6, STM32G471QET3, STM32G471RCT6, STM32G471RET3, STM32G471RET6, STM32G471VCH6, STM32G471VCI6, STM32G471VCT6, STM32G471VEH3, STM32G471VEH6, STM32G471VEI3, STM32G471VEI6, STM32G471VET3, STM32G471VET6, STM32G474CCT6, STM32H503CBT6, STM32H503CBU6, STM32H503EBY6TR, STM32H503KBU6, STM32H503RBT6, STM32H562AGI6, STM32H562AII6, STM32H562IGK6, STM32H562IGT6, STM32H562IIK6, STM32H562IIT6, STM32H562RGT6, STM32H562RGV6, STM32H562RIT6, STM32H562RIV6, STM32H562VGT6, STM32H562VIT6, STM32H562ZGT6, STM32H562ZIT6, STM32H563AGI6, STM32H563AII3Q, STM32H563AII6, STM32H563IGK6, STM32H563IGT6, STM32H563IIK3Q, STM32H563IIK6, STM32H563IIT3Q, STM32H563IIT6, STM32H563MIY3QTR, STM32H563RGT6, STM32H563RGV6, STM32H563RIT6, STM32H563RIV6, STM32H563VGT6, STM32H563VIT3Q, STM32H563VIT6, STM32H563ZGT6, STM32H563ZIT3Q, STM32H563ZIT6, STM32H573AII3Q, STM32H573AII6, STM32H573I-DK, STM32H573IIK3Q, STM32H573IIK6, STM32H573IIT3Q, STM32H573IIT6, STM32H573MIY3QTR, STM32H573RIT6, STM32H573RIV6, STM32H573VIT3Q, STM32H573VIT6, STM32H573ZIT3Q, STM32H573ZIT6, STM32L4R5QGI6STR, STM32MP131AAE3, STM32MP131AAF3, STM32MP131AAG3, STM32MP131CAE3, STM32MP131CAF3, STM32MP131CAG3, STM32MP131DAE7, STM32MP131DAF7, STM32MP131DAG7, STM32MP131FAE7, STM32MP131FAF7, STM32MP131FAG7, STM32MP133AAE3, STM32MP133AAF3, STM32MP133AAG3, STM32MP133CAE3, STM32MP133CAF3, STM32MP133CAG3, STM32MP133DAE7, STM32MP133DAF7, STM32MP133DAG7, STM32MP133FAE7, STM32MP133FAF7, STM32MP133FAG7, STM32MP135AAE3, STM32MP135AAF3, STM32MP135AAG3, STM32MP135CAE3, STM32MP135CAF3, STM32MP135CAG3, STM32MP135DAE7, STM32MP135DAF7, STM32MP135DAG7, STM32MP135F-DK, STM32MP135FAE7, STM32MP135FAF7, STM32MP135FAF7T, STM32MP135FAF7U, STM32MP135FAG7, STM32U535CBT6, STM32U535CBT6Q, STM32U535CBU6, STM32U535CBU6Q, STM32U535CCT6, STM32U535CCT6Q, STM32U535CCU6, STM32U535CCU6Q, STM32U535CET6, STM32U535CET6Q, STM32U535CEU6, STM32U535CEU6Q, STM32U535JEY6QTR, STM32U535NCY6QTR, STM32U535NEY6QTR, STM32U535RBI6, STM32U535RBI6Q, STM32U535RBT6, STM32U535RBT6Q, STM32U535RCI6, STM32U535RCI6Q, STM32U535RCT6, STM32U535RCT6Q, STM32U535REI6, STM32U535REI6Q, STM32U535RET6, STM32U535RET6Q, STM32U535VCI6, STM32U535VCI6Q, STM32U535VCT6, STM32U535VCT6Q, STM32U535VEI6, STM32U535VEI6Q, STM32U535VET6, STM32U535VET6Q, STM32U545CET6, STM32U545CET6Q, STM32U545CEU6, STM32U545CEU6Q, STM32U545JEY6QTR, STM32U545NEY6QTR, STM32U545REI6, STM32U545REI6Q, STM32U545RET6, STM32U545RET6Q, STM32U545VEI6, STM32U545VEI6Q, STM32U545VET6, STM32U545VET6Q, STM32U595AIH6, STM32U595AIH6Q, STM32U595AJH6, STM32U595AJH6Q, STM32U595QII6, STM32U595QII6Q, STM32U595QJI6, STM32U595QJI6Q, STM32U595RIT6, STM32U595RIT6Q, STM32U595RJT6, STM32U595RJT6Q, STM32U595VIT6, STM32U595VIT6Q, STM32U595VJT6, STM32U595VJT6Q, STM32U595ZIT6, STM32U595ZIT6Q, STM32U595ZIY6QTR, STM32U595ZJT6, STM32U595ZJT6Q, STM32U595ZJY6QTR, STM32U599BJY6QTR, STM32U599NIH6Q, STM32U599NJH6Q, STM32U599VIT6Q, STM32U599VJT6, STM32U599VJT6Q, STM32U599ZIT6Q, STM32U599ZIY6QTR, STM32U599ZJT6Q, STM32U599ZJY6QTR, STM32U5A5AJH6, STM32U5A5AJH6Q, STM32U5A5QJI6, STM32U5A5QJI6Q, STM32U5A5RJT6, STM32U5A5RJT6Q, STM32U5A5VJT6, STM32U5A5VJT6Q, STM32U5A5ZJT6, STM32U5A5ZJT6Q, STM32U5A5ZJY6QTR, STM32U5A9BJY6QTR, STM32U5A9J-DK, STM32U5A9NJH6Q, STM32U5A9VJT6Q, STM32U5A9ZJT6Q, STM32U5A9ZJY6QTR, STM32WB1MMCH6, STM32WBA52CEU6, STM32WBA52CEU6T, STM32WBA52CGU6, STM32WBA52CGU6T, STM32WL5MOCH6, STM32WL5MOCH6TR]
2023-06-20 10:51:50,929 [INFO] BoardInfo:880 - No configuration file found for board P-NUCLEO-WB55
2023-06-20 10:51:50,929 [INFO] DbBoards:157 - Kit is not supported: P-NUCLEO-WB55
2023-06-20 10:51:50,935 [INFO] BoardInfo:880 - No configuration file found for board STEVAL-BFA001V1B
2023-06-20 10:51:50,935 [INFO] DbBoards:157 - Kit is not supported: STEVAL-BFA001V1B
2023-06-20 10:51:50,937 [INFO] BoardInfo:880 - No configuration file found for board STEVAL-BFA001V2B
2023-06-20 10:51:50,937 [INFO] DbBoards:157 - Kit is not supported: STEVAL-BFA001V2B
2023-06-20 10:51:51,007 [WARN] PackLoader:240 - Cannot read IP mode file for STMicroelectronics.X-CUBE-SMBUS.2.1.0
2023-06-20 10:51:51,055 [WARN] PackLoader:240 - Cannot read IP mode file for STMicroelectronics.X-CUBE-AZRTOS-F7.1.1.0
2023-06-20 10:51:51,063 [ERROR] RealEvaluatedCondition:428 - Found unsupported composite condition: GROUP='STM32_MetaDataManager' CLASS='Data Exchange'
2023-06-20 10:51:51,064 [ERROR] RealEvaluatedCondition:428 - Found unsupported composite condition: CLASS='Data Exchange' GROUP='STM32_MetaDataManager'
2023-06-20 10:51:51,065 [INFO] DbBoards:161 - Found 187 boards, 184 are supported
2023-06-20 10:51:51,065 [WARN] PackLoader:240 - Cannot read IP mode file for STMicroelectronics.FP-SNS-MOTENV1.4.3.0
2023-06-20 10:51:51,071 [INFO] ApiDb:668 - CubeFinder database Data Model version=2.1
2023-06-20 10:51:51,071 [INFO] ApiDb:669 - CubeFinder database Configuration version=3.0.35
2023-06-20 10:51:51,072 [INFO] ApiDb:670 - CubeFinder database generation date=2023-05-12 (1683877179)
2023-06-20 10:51:51,072 [INFO] ApiDb:671 - CubeFinder database FW Pack versions=[FP-ATR-ASTRA1_V2.0.0, FP-SNS-FLIGHT1_V5.0.0, FP-SNS-MOTENV1_V4.3.0, STM32Cube_FW_C0_V1.0.1, STM32Cube_FW_F0_V1.11.4, STM32Cube_FW_F3_V1.11.4, STM32Cube_FW_F4_V1.27.1, STM32Cube_FW_F7_V1.17.0, STM32Cube_FW_G0_V1.6.1, STM32Cube_FW_G4_V1.5.1, STM32Cube_FW_H5_V0.5.1, STM32Cube_FW_H5_V1.0.0, STM32Cube_FW_H7_V1.11.0, STM32Cube_FW_L0_V1.12.2, STM32Cube_FW_L5_V1.5.0, STM32Cube_FW_U5_V1.2.0, STM32Cube_FW_WBA_V1.0.0, STM32Cube_FW_WBA_V1.0.0RC1, STM32Cube_FW_WBA_V1.0.0RC3, STM32Cube_FW_WB_V1.15.0RC1, STM32Cube_FW_WB_V1.16.0, STM32Cube_FW_WB_V1.16.0RC2, STM32Cube_FW_WL_V1.3.0, X-CUBE-ALGOBUILD_V1.3.0, X-CUBE-ALS_V1.0.1, X-CUBE-AZRTOS-F4_V1.1.0, X-CUBE-AZRTOS-F7_V1.1.0, X-CUBE-AZRTOS-G0_V1.1.0, X-CUBE-AZRTOS-G4_V2.0.0, X-CUBE-AZRTOS-H7_V3.1.0, X-CUBE-AZRTOS-L4_V1.0.0, X-CUBE-AZRTOS-L5_V1.1.0, X-CUBE-AZRTOS-WB_V1.1.0, X-CUBE-AZRTOS-WL_V1.0.0, X-CUBE-BLE1_V6.2.4, X-CUBE-BLE2_V3.3.0, X-CUBE-BLEMGR_V2.0.0, X-CUBE-EEPRMA1_V4.1.0, X-CUBE-FREERTOS_V1.0.1, X-CUBE-GNSS1_V6.0.0, X-CUBE-MEMS1_V9.1.0, X-CUBE-MEMS1_V9.4.0, X-CUBE-MEMS1_V9.6.0, X-CUBE-NFC4_V3.0.0, X-CUBE-NFC7_V1.0.0, X-CUBE-SFXS2LP1_V4.0.0, X-CUBE-SUBG2_V5.0.0]
2023-06-20 10:51:51,073 [WARN] PackLoader:240 - Cannot read IP mode file for STMicroelectronics.FP-SNS-FLIGHT1.5.0.0
2023-06-20 10:51:51,078 [ERROR] RealEvaluatedCondition:428 - Found unsupported composite condition: CLASS='Data Exchange' GROUP='STM32_MetaDataManager'
2023-06-20 10:51:51,078 [ERROR] RealEvaluatedCondition:428 - Found unsupported composite condition: CLASS='Data Exchange' GROUP='STM32_MetaDataManager'
2023-06-20 10:51:51,080 [WARN] PackLoader:240 - Cannot read IP mode file for STMicroelectronics.FP-SNS-MOTENV1.4.3.1
2023-06-20 10:51:51,089 [WARN] PackLoader:240 - Cannot read IP mode file for STMicroelectronics.FP-SNS-FLIGHT1.5.0.1
2023-06-20 10:51:51,100 [WARN] PackLoader:240 - Cannot read IP mode file for STMicroelectronics.X-CUBE-BLE1.6.2.4
2023-06-20 10:51:51,110 [WARN] PackLoader:240 - Cannot read IP mode file for STMicroelectronics.X-CUBE-DISPLAY.3.0.0
2023-06-20 10:51:51,136 [INFO] LogOutputStream:77 - [STDOUT_REDIRECT] 1 : Invalid condition id : UX_CORESTACK_Condition cause : null
2023-06-20 10:51:51,137 [INFO] LogOutputStream:77 - [STDOUT_REDIRECT] 1 : Invalid condition id : UX_CORESTACK_Condition cause : null
2023-06-20 10:51:51,138 [INFO] LogOutputStream:77 - [STDOUT_REDIRECT] 1 : Invalid condition id : UX_CORESTACK_Condition cause : null
2023-06-20 10:51:51,138 [INFO] LogOutputStream:77 - [STDOUT_REDIRECT] 1 : Invalid condition id : UX_CORESTACK_Condition cause : null
2023-06-20 10:51:51,139 [INFO] LogOutputStream:77 - [STDOUT_REDIRECT] 1 : Invalid condition id : UX_CORESTACK_Condition cause : null
2023-06-20 10:51:51,145 [WARN] PackLoader:240 - Cannot read IP mode file for STMicroelectronics.X-CUBE-AZRTOS-WL.2.0.0
2023-06-20 10:51:51,159 [WARN] PackLoader:240 - Cannot read IP mode file for WES.I-CUBE-Cesium.1.3.0
2023-06-20 10:51:51,169 [WARN] PackLoader:240 - Cannot read IP mode file for STMicroelectronics.X-CUBE-BLE2.3.3.0
2023-06-20 10:51:51,175 [WARN] PackLoader:240 - Cannot read IP mode file for STMicroelectronics.X-CUBE-TOUCHGFX.4.21.3
2023-06-20 10:51:51,179 [WARN] PackLoader:240 - Cannot read IP mode file for STMicroelectronics.X-CUBE-TOUCHGFX.4.21.4
2023-06-20 10:51:51,189 [WARN] PackLoader:240 - Cannot read IP mode file for STMicroelectronics.X-CUBE-ALGOBUILD.1.3.0
2023-06-20 10:51:51,216 [WARN] PackLoader:240 - Cannot read IP mode file for STMicroelectronics.X-CUBE-AZRTOS-G0.1.1.0
2023-06-20 10:51:51,227 [WARN] PackLoader:240 - Cannot read IP mode file for STMicroelectronics.X-CUBE-NFC4.3.0.0
2023-06-20 10:51:51,236 [WARN] PackLoader:240 - Cannot read IP mode file for STMicroelectronics.FP-ATR-SIGFOX1.3.2.0
2023-06-20 10:51:51,306 [WARN] PackLoader:240 - Cannot read IP mode file for SEGGER.I-CUBE-embOS.1.3.1
2023-06-20 10:51:51,396 [WARN] PackLoader:240 - Cannot read IP mode file for STMicroelectronics.X-CUBE-GNSS1.6.0.0
2023-06-20 10:51:51,422 [WARN] PackLoader:240 - Cannot read IP mode file for STMicroelectronics.X-CUBE-AZRTOS-F4.1.1.0
2023-06-20 10:51:51,431 [WARN] PackLoader:240 - Cannot read IP mode file for wolfSSL.I-CUBE-wolfSSL.5.6.0
2023-06-20 10:51:51,517 [WARN] PackLoader:240 - Cannot read IP mode file for STMicroelectronics.X-CUBE-MEMS1.9.6.0
2023-06-20 10:51:51,793 [WARN] PackLoader:240 - Cannot read IP mode file for emotas.I-CUBE-CANOPEN.1.1.3
2023-06-20 10:51:51,805 [WARN] PackLoader:240 - Cannot read IP mode file for STMicroelectronics.X-CUBE-BLEMGR.2.0.0
2023-06-20 10:51:51,836 [WARN] ConditionMgr:438 - getConditionDescription Invalid condition id : UX DEVICE CLASS RTOS Condition cause : null
2023-06-20 10:51:51,837 [WARN] ConditionMgr:438 - getConditionDescription Invalid condition id : UX DEVICE CLASS RTOS Condition cause : null
2023-06-20 10:51:51,843 [WARN] PackLoader:240 - Cannot read IP mode file for STMicroelectronics.X-CUBE-AZRTOS-H7.3.1.0
2023-06-20 10:51:51,845 [WARN] ConditionMgr:1039 - genDependencies : Invalid condition id : UX DEVICE CLASS RTOS Condition cause : null
2023-06-20 10:51:51,847 [WARN] ConditionMgr:1039 - genDependencies : Invalid condition id : UX DEVICE CLASS RTOS Condition cause : null
2023-06-20 10:51:51,849 [WARN] ConditionMgr:1039 - genDependencies : Invalid condition id : UX DEVICE CLASS RTOS Condition cause : null
2023-06-20 10:51:51,850 [WARN] ConditionMgr:1039 - genDependencies : Invalid condition id : UX DEVICE CLASS RTOS Condition cause : null
2023-06-20 10:51:51,850 [WARN] ConditionMgr:1039 - genDependencies : Invalid condition id : UX DEVICE CLASS RTOS Condition cause : null
2023-06-20 10:51:51,869 [WARN] PackLoader:240 - Cannot read IP mode file for STMicroelectronics.X-CUBE-NFC7.1.0.1
2023-06-20 10:51:51,880 [WARN] PackLoader:240 - Cannot read IP mode file for STMicroelectronics.X-CUBE-NFC7.1.0.0
2023-06-20 10:51:51,942 [WARN] PackLoader:240 - Cannot read IP mode file for STMicroelectronics.X-CUBE-EEPRMA1.4.1.0
2023-06-20 10:51:52,024 [WARN] ConditionMgr:438 - getConditionDescription Invalid condition id : LAN8742 Phy interface Condition cause : null
2023-06-20 10:51:52,025 [WARN] PackLoader:240 - Cannot read IP mode file for STMicroelectronics.X-CUBE-AZRTOS-L4.2.0.0
2023-06-20 10:51:52,027 [WARN] ConditionMgr:1039 - genDependencies : Invalid condition id : LAN8742 Phy interface Condition cause : null
2023-06-20 10:51:52,028 [WARN] ConditionMgr:1039 - genDependencies : Invalid condition id : LAN8742 Phy interface Condition cause : null
2023-06-20 10:51:52,029 [WARN] ConditionMgr:1039 - genDependencies : Invalid condition id : LAN8742 Phy interface Condition cause : null
2023-06-20 10:51:52,054 [WARN] PackLoader:240 - Cannot read IP mode file for STMicroelectronics.X-CUBE-SFXS2LP1.4.0.0
2023-06-20 10:51:52,066 [WARN] PackLoader:240 - Cannot read IP mode file for STMicroelectronics.X-CUBE-ISPU.1.1.0
2023-06-20 10:51:52,074 [WARN] PackLoader:240 - Cannot read IP mode file for STMicroelectronics.X-CUBE-AI.8.0.0
2023-06-20 10:51:52,082 [WARN] PackLoader:240 - Cannot read IP mode file for STMicroelectronics.X-CUBE-FREERTOS.1.0.1
2023-06-20 10:51:52,112 [WARN] PackLoader:240 - Cannot read IP mode file for STMicroelectronics.X-CUBE-AZRTOS-L5.1.1.0
2023-06-20 10:51:52,123 [WARN] PackLoader:240 - Cannot read IP mode file for STMicroelectronics.X-CUBE-AI.8.0.1
2023-06-20 10:51:52,141 [WARN] PackLoader:240 - Cannot read IP mode file for STMicroelectronics.X-CUBE-SUBG2.5.0.0
2023-06-20 10:51:52,171 [WARN] PackLoader:240 - Cannot read IP mode file for STMicroelectronics.X-CUBE-AZRTOS-G4.2.0.0
2023-06-20 10:51:52,209 [WARN] PackLoader:240 - Cannot read IP mode file for STMicroelectronics.X-CUBE-TOF1.3.3.0
2023-06-20 10:51:52,252 [WARN] PackLoader:240 - Cannot read IP mode file for STMicroelectronics.X-CUBE-AZRTOS-L4.1.0.0
2023-06-20 10:51:52,283 [WARN] PackLoader:240 - Cannot read IP mode file for STMicroelectronics.X-CUBE-AZRTOS-WL.1.0.0
2023-06-20 10:51:52,309 [WARN] PackLoader:240 - Cannot read IP mode file for portGmbH.I-Cube-SoM-uGOAL.1.1.0
2023-06-20 10:51:52,318 [WARN] PackLoader:240 - Cannot read IP mode file for STMicroelectronics.X-CUBE-ALS.1.0.1
2023-06-20 10:51:52,339 [WARN] PackLoader:240 - Cannot read IP mode file for STMicroelectronics.X-CUBE-AZRTOS-WB.1.1.0
2023-06-20 10:51:52,345 [WARN] PackLoader:240 - Cannot read IP mode file for STMicroelectronics.FP-ATR-ASTRA1.2.0.0
2023-06-20 10:51:52,346 [INFO] ThirdParty:978 - Integrity check success = true
2023-06-20 10:51:52,347 [INFO] IntegrityCheckThread:100 - exiting critical section [integrity check]
2023-06-20 10:51:52,347 [INFO] IntegrityCheckThread:103 - End integrity checks thread
2023-06-20 10:51:54,075 [INFO] ApiDb:240 - Found 297 in-development CPN: [B-G473E-ZEST1S, B-WB1M-WPAN1, B-WL5M-SUBG1, NUCLEO-C031C6, NUCLEO-H503RB, NUCLEO-H563ZI, NUCLEO-U545RE-Q, NUCLEO-U5A5ZJ-Q, NUCLEO-WBA52CG, STEVAL-PROTEUS1, STEVAL-STWINBX1, STM320518-EVAL, STM32C0116-DK, STM32C011D6Y3TR, STM32C011D6Y6TR, STM32C011F4P3, STM32C011F4P6, STM32C011F4U3, STM32C011F4U6TR, STM32C011F6P3, STM32C011F6P6, STM32C011F6U3, STM32C011F6U6TR, STM32C011J4M3, STM32C011J4M6, STM32C011J6M3, STM32C011J6M6, STM32C0316-DK, STM32C031C4T3, STM32C031C4T6, STM32C031C4U3, STM32C031C4U6, STM32C031C6T3, STM32C031C6T6, STM32C031C6U3, STM32C031C6U6, STM32C031F4P3, STM32C031F4P6, STM32C031F6P3, STM32C031F6P6, STM32C031G4U3, STM32C031G4U6, STM32C031G6U3, STM32C031G6U6, STM32C031K4T3, STM32C031K4T6, STM32C031K4U3, STM32C031K4U6, STM32C031K6T3, STM32C031K6T6, STM32C031K6U3, STM32C031K6U6, STM32G071K8TXN, STM32G071K8UXN, STM32G081GBU6N, STM32G081KBT6N, STM32G081KBUXN, STM32G0B1CCT6N, STM32G0B1KCT6, STM32G0B1NEY6TR, STM32G0B1RCT6N, STM32G0C1CCT6, STM32G0C1CCT6N, STM32G0C1CCU6N, STM32G0C1CET6N, STM32G0C1CEU6N, STM32G0C1KCT6, STM32G0C1NEY6TR, STM32G0C1RCI6N, STM32G0C1RCT6N, STM32G0C1REI6N, STM32G0C1RET6N, STM32G0C1VCI6, STM32G0C1VEI6, STM32G471CCT6, STM32G471CCU6, STM32G471CET3, STM32G471CET6, STM32G471CEU3, STM32G471CEU6, STM32G471MCT6, STM32G471MET3, STM32G471MET6, STM32G471MEY6TR, STM32G471QCT6, STM32G471QET3, STM32G471RCT6, STM32G471RET3, STM32G471RET6, STM32G471VCH6, STM32G471VCI6, STM32G471VCT6, STM32G471VEH3, STM32G471VEH6, STM32G471VEI3, STM32G471VEI6, STM32G471VET3, STM32G471VET6, STM32G474CCT6, STM32H503CBT6, STM32H503CBU6, STM32H503EBY6TR, STM32H503KBU6, STM32H503RBT6, STM32H562AGI6, STM32H562AII6, STM32H562IGK6, STM32H562IGT6, STM32H562IIK6, STM32H562IIT6, STM32H562RGT6, STM32H562RGV6, STM32H562RIT6, STM32H562RIV6, STM32H562VGT6, STM32H562VIT6, STM32H562ZGT6, STM32H562ZIT6, STM32H563AGI6, STM32H563AII3Q, STM32H563AII6, STM32H563IGK6, STM32H563IGT6, STM32H563IIK3Q, STM32H563IIK6, STM32H563IIT3Q, STM32H563IIT6, STM32H563MIY3QTR, STM32H563RGT6, STM32H563RGV6, STM32H563RIT6, STM32H563RIV6, STM32H563VGT6, STM32H563VIT3Q, STM32H563VIT6, STM32H563ZGT6, STM32H563ZIT3Q, STM32H563ZIT6, STM32H573AII3Q, STM32H573AII6, STM32H573I-DK, STM32H573IIK3Q, STM32H573IIK6, STM32H573IIT3Q, STM32H573IIT6, STM32H573MIY3QTR, STM32H573RIT6, STM32H573RIV6, STM32H573VIT3Q, STM32H573VIT6, STM32H573ZIT3Q, STM32H573ZIT6, STM32L4R5QGI6STR, STM32MP131AAE3, STM32MP131AAF3, STM32MP131AAG3, STM32MP131CAE3, STM32MP131CAF3, STM32MP131CAG3, STM32MP131DAE7, STM32MP131DAF7, STM32MP131DAG7, STM32MP131FAE7, STM32MP131FAF7, STM32MP131FAG7, STM32MP133AAE3, STM32MP133AAF3, STM32MP133AAG3, STM32MP133CAE3, STM32MP133CAF3, STM32MP133CAG3, STM32MP133DAE7, STM32MP133DAF7, STM32MP133DAG7, STM32MP133FAE7, STM32MP133FAF7, STM32MP133FAG7, STM32MP135AAE3, STM32MP135AAF3, STM32MP135AAG3, STM32MP135CAE3, STM32MP135CAF3, STM32MP135CAG3, STM32MP135DAE7, STM32MP135DAF7, STM32MP135DAG7, STM32MP135F-DK, STM32MP135FAE7, STM32MP135FAF7, STM32MP135FAF7T, STM32MP135FAF7U, STM32MP135FAG7, STM32U535CBT6, STM32U535CBT6Q, STM32U535CBU6, STM32U535CBU6Q, STM32U535CCT6, STM32U535CCT6Q, STM32U535CCU6, STM32U535CCU6Q, STM32U535CET6, STM32U535CET6Q, STM32U535CEU6, STM32U535CEU6Q, STM32U535JEY6QTR, STM32U535NCY6QTR, STM32U535NEY6QTR, STM32U535RBI6, STM32U535RBI6Q, STM32U535RBT6, STM32U535RBT6Q, STM32U535RCI6, STM32U535RCI6Q, STM32U535RCT6, STM32U535RCT6Q, STM32U535REI6, STM32U535REI6Q, STM32U535RET6, STM32U535RET6Q, STM32U535VCI6, STM32U535VCI6Q, STM32U535VCT6, STM32U535VCT6Q, STM32U535VEI6, STM32U535VEI6Q, STM32U535VET6, STM32U535VET6Q, STM32U545CET6, STM32U545CET6Q, STM32U545CEU6, STM32U545CEU6Q, STM32U545JEY6QTR, STM32U545NEY6QTR, STM32U545REI6, STM32U545REI6Q, STM32U545RET6, STM32U545RET6Q, STM32U545VEI6, STM32U545VEI6Q, STM32U545VET6, STM32U545VET6Q, STM32U595AIH6, STM32U595AIH6Q, STM32U595AJH6, STM32U595AJH6Q, STM32U595QII6, STM32U595QII6Q, STM32U595QJI6, STM32U595QJI6Q, STM32U595RIT6, STM32U595RIT6Q, STM32U595RJT6, STM32U595RJT6Q, STM32U595VIT6, STM32U595VIT6Q, STM32U595VJT6, STM32U595VJT6Q, STM32U595ZIT6, STM32U595ZIT6Q, STM32U595ZIY6QTR, STM32U595ZJT6, STM32U595ZJT6Q, STM32U595ZJY6QTR, STM32U599BJY6QTR, STM32U599NIH6Q, STM32U599NJH6Q, STM32U599VIT6Q, STM32U599VJT6, STM32U599VJT6Q, STM32U599ZIT6Q, STM32U599ZIY6QTR, STM32U599ZJT6Q, STM32U599ZJY6QTR, STM32U5A5AJH6, STM32U5A5AJH6Q, STM32U5A5QJI6, STM32U5A5QJI6Q, STM32U5A5RJT6, STM32U5A5RJT6Q, STM32U5A5VJT6, STM32U5A5VJT6Q, STM32U5A5ZJT6, STM32U5A5ZJT6Q, STM32U5A5ZJY6QTR, STM32U5A9BJY6QTR, STM32U5A9J-DK, STM32U5A9NJH6Q, STM32U5A9VJT6Q, STM32U5A9ZJT6Q, STM32U5A9ZJY6QTR, STM32WB1MMCH6, STM32WBA52CEU6, STM32WBA52CEU6T, STM32WBA52CGU6, STM32WBA52CGU6T, STM32WL5MOCH6, STM32WL5MOCH6TR]
2023-06-20 10:51:54,079 [INFO] DbMcus:216 - Found 3775 MCUs, 3775 are supported
2023-06-20 10:51:54,081 [INFO] ApiDb:423 - Load user favorites file /home/dinesh/.stm32cubeide/favorites.mcus.txt: 0 item(s)
2023-06-20 10:51:54,081 [INFO] ApiDb:427 - User favorites MCUs=[]
2023-06-20 10:51:54,081 [INFO] DbMcus:222 - Set 0 / 0 favorites MCUs
2023-06-20 10:51:54,494 [INFO] ApiDb:423 - Load user favorites file /home/dinesh/.stm32cubeide/favorites.boards.txt: 0 item(s)
2023-06-20 10:51:54,494 [INFO] ApiDb:427 - User favorites Boards=[]
2023-06-20 10:51:54,494 [INFO] DbBoards:190 - Set 0 / 0 favorites Boards
2023-06-20 10:51:54,495 [INFO] McuFinderGlobals:66 - Set McuFinderConnectedMode to true
2023-06-20 10:51:54,505 [INFO] MultiScanPanel:200 - Auto-refresh data requested => check proxy status ongoing
2023-06-20 10:51:54,509 [INFO] FinderPluginLoader:95 - Searching for filters in installed packs
2023-06-20 10:51:56,174 [INFO] LoadUrlFilesThread:185 - End of LoadServerUrlFiles without Thread
2023-06-20 10:51:56,223 [INFO] DetailPanel:341 - Set advertising image to /home/dinesh/STM32Cube/Repository//en.prom-stm32h5-mcu-finder.jpg
2023-06-20 10:52:28,134 [INFO] MainUpdater:2854 - connection check result : 10
2023-06-20 10:52:28,134 [INFO] MainUpdater:2854 - connection check result : 10
2023-06-20 10:52:28,154 [INFO] MicroXplorer:468 - Change Database Path : 
2023-06-20 10:52:28,155 [INFO] MicroXplorer:498 - Change Database Version : DB.6.0.81
2023-06-20 10:52:28,155 [WARN] ThirdParty:871 - waiting for thirdparty lock release [close project]
2023-06-20 10:52:28,156 [INFO] ThirdParty:873 - entering critical section [close project]
2023-06-20 10:52:28,157 [INFO] ThirdParty:883 - exiting critical section [close project]
2023-06-20 10:52:28,166 [INFO] PinOutPanel:1499 - setPackage(No Configuration,No Configuration)
2023-06-20 10:52:28,175 [INFO] UtilMem:75 - Begin LoadConfig() Used Memory: 256346696 Bytes (510656512)
2023-06-20 10:52:28,176 [INFO] MicroXplorer:468 - Change Database Path : 
2023-06-20 10:52:28,176 [INFO] MicroXplorer:498 - Change Database Version : DB.6.0.81
2023-06-20 10:52:28,176 [INFO] OpenFileManager:308 - Change cursor
2023-06-20 10:52:28,247 [INFO] Mcu:1937 - Initializing MCU STM32F446RETx STM32F446RETx 
2023-06-20 10:52:28,249 [INFO] Mcu:1950 - No CPN specified => set CPN to STM32F446RET6
2023-06-20 10:52:30,616 [INFO] Context:659 - Trying to add GPIOservice into a context  which must be forbidden
2023-06-20 10:52:31,381 [INFO] ImportTextPane:194 - (OptionalMessage_ERROR) Unable to find key (Mcu.ThirdPartyNb) in loaded IOC file
2023-06-20 10:52:31,382 [INFO] ImportTextPane:194 - (OptionalMessage_ERROR) Unable to find key (Mcu.PinsNb) in loaded IOC file
2023-06-20 10:52:31,382 [INFO] ImportTextPane:194 - (OptionalMessage_ERROR) Unable to find key (Mcu.IPNb) in loaded IOC file
2023-06-20 10:52:31,673 [INFO] RtosManager:555 - Registered RTOS mode: class=CMSIS, group=RTOS, mode=CMSIS_V1, owner=FREERTOS
2023-06-20 10:52:31,673 [INFO] RtosManager:555 - Registered RTOS mode: class=CMSIS, group=RTOS2, mode=CMSIS_V2, owner=FREERTOS
2023-06-20 10:52:31,674 [INFO] RtosManager:555 - Registered RTOS mode: class=RTOS, group=Core, mode=CMSIS_V1, owner=FREERTOS
2023-06-20 10:52:31,674 [INFO] RtosManager:555 - Registered RTOS mode: class=RTOS, group=Core, mode=CMSIS_V2, owner=FREERTOS
2023-06-20 10:52:31,674 [WARN] ModelIntegratedComponent:184 - Missing modes for component STMicroelectronics:FreeRTOS:0.0.1:STMicroelectronics:RTOS:FreeRTOS:Core:::10.2.0:
2023-06-20 10:52:31,703 [WARN] ModelIntegratedComponent:63 - No mode defined for component null
2023-06-20 10:52:31,704 [WARN] ModelIntegratedComponent:63 - No mode defined for component null
2023-06-20 10:52:31,704 [WARN] ModelIntegratedComponent:63 - No mode defined for component null
2023-06-20 10:52:31,704 [WARN] ModelIntegratedComponent:63 - No mode defined for component null
2023-06-20 10:52:31,704 [WARN] ModelIntegratedComponent:63 - No mode defined for component null
2023-06-20 10:52:31,704 [WARN] ModelIntegratedComponent:63 - No mode defined for component null
2023-06-20 10:52:31,704 [WARN] ModelIntegratedComponent:63 - No mode defined for component null
2023-06-20 10:52:31,704 [WARN] ModelIntegratedComponent:63 - No mode defined for component null
2023-06-20 10:52:31,704 [WARN] ModelIntegratedComponent:63 - No mode defined for component null
2023-06-20 10:52:31,704 [WARN] ModelIntegratedComponent:63 - No mode defined for component null
2023-06-20 10:52:31,705 [WARN] ModelIntegratedComponent:63 - No mode defined for component null
2023-06-20 10:52:31,705 [WARN] ModelIntegratedComponent:63 - No mode defined for component null
2023-06-20 10:52:31,705 [WARN] ModelIntegratedComponent:63 - No mode defined for component null
2023-06-20 10:52:31,705 [WARN] ModelIntegratedComponent:63 - No mode defined for component null
2023-06-20 10:52:31,705 [WARN] ModelIntegratedComponent:63 - No mode defined for component null
2023-06-20 10:52:31,705 [WARN] ModelIntegratedComponent:63 - No mode defined for component null
2023-06-20 10:52:31,705 [WARN] ModelIntegratedComponent:63 - No mode defined for component null
2023-06-20 10:52:31,705 [WARN] ModelIntegratedComponent:63 - No mode defined for component null
2023-06-20 10:52:31,705 [WARN] ModelIntegratedComponent:63 - No mode defined for component null
2023-06-20 10:52:31,705 [WARN] ModelIntegratedComponent:63 - No mode defined for component null
2023-06-20 10:52:31,706 [WARN] ModelIntegratedComponent:63 - No mode defined for component null
2023-06-20 10:52:31,706 [WARN] ModelIntegratedComponent:63 - No mode defined for component null
2023-06-20 10:52:31,706 [WARN] ModelIntegratedComponent:63 - No mode defined for component null
2023-06-20 10:52:31,706 [WARN] ModelIntegratedComponent:63 - No mode defined for component null
2023-06-20 10:52:31,706 [WARN] ModelIntegratedComponent:63 - No mode defined for component null
2023-06-20 10:52:31,706 [WARN] ModelIntegratedComponent:63 - No mode defined for component null
2023-06-20 10:52:31,706 [WARN] ModelIntegratedComponent:63 - No mode defined for component null
2023-06-20 10:52:31,706 [WARN] ModelIntegratedComponent:63 - No mode defined for component null
2023-06-20 10:52:31,706 [WARN] ModelIntegratedComponent:63 - No mode defined for component null
2023-06-20 10:52:31,706 [WARN] ModelIntegratedComponent:63 - No mode defined for component null
2023-06-20 10:52:31,707 [WARN] ModelIntegratedComponent:63 - No mode defined for component null
2023-06-20 10:52:31,707 [WARN] ModelIntegratedComponent:63 - No mode defined for component null
2023-06-20 10:52:31,707 [WARN] ModelIntegratedComponent:63 - No mode defined for component null
2023-06-20 10:52:31,745 [INFO] ThirdPartyModel:298 - Start build external matchings
2023-06-20 10:52:32,290 [INFO] ThirdPartyModel:316 - End build external matchings
2023-06-20 10:52:32,618 [INFO] UtilMem:75 - End LoadConfig() Used Memory: 284284992 Bytes (510656512)
2023-06-20 10:52:32,634 [WARN] ThirdParty:833 - waiting for thirdparty lock release [change project]
2023-06-20 10:52:32,635 [INFO] ThirdParty:835 - entering critical section [change project]
2023-06-20 10:52:32,635 [INFO] ThirdParty:1030 - CMSIS Pack Vendor :STMicroelectronics X-CUBE-ISPU 1.1.0
2023-06-20 10:52:32,636 [INFO] ThirdParty:1030 - CMSIS Pack Vendor :STMicroelectronics X-CUBE-GNSS1 6.0.0
2023-06-20 10:52:32,636 [INFO] ThirdParty:1030 - CMSIS Pack Vendor :STMicroelectronics USB_HOST 2.0.0
2023-06-20 10:52:32,636 [INFO] ThirdParty:1030 - CMSIS Pack Vendor :STMicroelectronics X-CUBE-AZRTOS-F4 1.1.0
2023-06-20 10:52:32,636 [INFO] ThirdParty:1030 - CMSIS Pack Vendor :STMicroelectronics LIBJPEG 8.0.0
2023-06-20 10:52:32,636 [INFO] ThirdParty:1030 - CMSIS Pack Vendor :STMicroelectronics X-CUBE-SMBUS 2.1.0
2023-06-20 10:52:32,636 [INFO] ThirdParty:1030 - CMSIS Pack Vendor :wolfSSL I-CUBE-wolfSSL 5.6.0
2023-06-20 10:52:32,636 [INFO] ThirdParty:1030 - CMSIS Pack Vendor :STMicroelectronics USB_DEVICE 3.0.0
2023-06-20 10:52:32,636 [INFO] ThirdParty:1030 - CMSIS Pack Vendor :STMicroelectronics X-CUBE-AI 8.0.0
2023-06-20 10:52:32,636 [INFO] ThirdParty:1030 - CMSIS Pack Vendor :STMicroelectronics X-CUBE-FREERTOS 1.0.1
2023-06-20 10:52:32,636 [INFO] ThirdParty:1030 - CMSIS Pack Vendor :STMicroelectronics X-CUBE-TOUCHGFX 4.21.3
2023-06-20 10:52:32,636 [INFO] ThirdParty:1030 - CMSIS Pack Vendor :STMicroelectronics X-CUBE-AZRTOS-F7 1.1.0
2023-06-20 10:52:32,637 [INFO] ThirdParty:1030 - CMSIS Pack Vendor :STMicroelectronics X-CUBE-TOUCHGFX 4.21.4
2023-06-20 10:52:32,637 [INFO] ThirdParty:1030 - CMSIS Pack Vendor :STMicroelectronics USB_DEVICE 2.0.0
2023-06-20 10:52:32,637 [INFO] ThirdParty:1030 - CMSIS Pack Vendor :STMicroelectronics X-CUBE-MEMS1 9.6.0
2023-06-20 10:52:32,637 [INFO] ThirdParty:1030 - CMSIS Pack Vendor :STMicroelectronics FP-SNS-MOTENV1 4.3.0
2023-06-20 10:52:32,637 [INFO] ThirdParty:1030 - CMSIS Pack Vendor :STMicroelectronics FP-SNS-FLIGHT1 5.0.0
2023-06-20 10:52:32,637 [INFO] ThirdParty:1030 - CMSIS Pack Vendor :STMicroelectronics FP-SNS-MOTENV1 4.3.1
2023-06-20 10:52:32,637 [INFO] ThirdParty:1030 - CMSIS Pack Vendor :STMicroelectronics FP-SNS-FLIGHT1 5.0.1
2023-06-20 10:52:32,637 [INFO] ThirdParty:1030 - CMSIS Pack Vendor :STMicroelectronics X-CUBE-ALGOBUILD 1.3.0
2023-06-20 10:52:32,637 [INFO] ThirdParty:1030 - CMSIS Pack Vendor :STMicroelectronics X-CUBE-BLE1 6.2.4
2023-06-20 10:52:32,637 [INFO] ThirdParty:1030 - CMSIS Pack Vendor :STMicroelectronics X-CUBE-AZRTOS-L5 1.1.0
2023-06-20 10:52:32,637 [INFO] ThirdParty:1030 - CMSIS Pack Vendor :STMicroelectronics FreeRTOS 0.0.1
2023-06-20 10:52:32,638 [INFO] ThirdParty:1030 - CMSIS Pack Vendor :STMicroelectronics X-CUBE-AZRTOS-G0 1.1.0
2023-06-20 10:52:32,638 [INFO] ThirdParty:1030 - CMSIS Pack Vendor :emotas I-CUBE-CANOPEN 1.1.3
2023-06-20 10:52:32,638 [INFO] ThirdParty:1030 - CMSIS Pack Vendor :STMicroelectronics X-CUBE-BLEMGR 2.0.0
2023-06-20 10:52:32,638 [INFO] ThirdParty:1030 - CMSIS Pack Vendor :STMicroelectronics X-CUBE-AI 8.0.1
2023-06-20 10:52:32,638 [INFO] ThirdParty:1030 - CMSIS Pack Vendor :STMicroelectronics X-CUBE-NFC4 3.0.0
2023-06-20 10:52:32,638 [INFO] ThirdParty:1030 - CMSIS Pack Vendor :STMicroelectronics X-CUBE-SUBG2 5.0.0
2023-06-20 10:52:32,638 [INFO] ThirdParty:1030 - CMSIS Pack Vendor :STMicroelectronics STM32_WPAN 1.0.0
2023-06-20 10:52:32,638 [INFO] ThirdParty:1030 - CMSIS Pack Vendor :STMicroelectronics lwIP 2.0.3
2023-06-20 10:52:32,639 [INFO] ThirdParty:1030 - CMSIS Pack Vendor :STMicroelectronics USB_HOST 1.0.0
2023-06-20 10:52:32,639 [INFO] ThirdParty:1030 - CMSIS Pack Vendor :STMicroelectronics X-CUBE-AZRTOS-G4 2.0.0
2023-06-20 10:52:32,639 [INFO] ThirdParty:1030 - CMSIS Pack Vendor :STMicroelectronics PDM2PCM 3.1.0
2023-06-20 10:52:32,639 [INFO] ThirdParty:1030 - CMSIS Pack Vendor :STMicroelectronics X-CUBE-AZRTOS-H7 3.1.0
2023-06-20 10:52:32,639 [INFO] ThirdParty:1030 - CMSIS Pack Vendor :STMicroelectronics X-CUBE-TOF1 3.3.0
2023-06-20 10:52:32,639 [INFO] ThirdParty:1030 - CMSIS Pack Vendor :STMicroelectronics PDM2PCM 3.3.0
2023-06-20 10:52:32,639 [INFO] ThirdParty:1030 - CMSIS Pack Vendor :STMicroelectronics X-CUBE-DISPLAY 3.0.0
2023-06-20 10:52:32,639 [INFO] ThirdParty:1030 - CMSIS Pack Vendor :STMicroelectronics FP-ATR-SIGFOX1 3.2.0
2023-06-20 10:52:32,640 [INFO] ThirdParty:1030 - CMSIS Pack Vendor :STMicroelectronics X-CUBE-AZRTOS-L4 1.0.0
2023-06-20 10:52:32,640 [INFO] ThirdParty:1030 - CMSIS Pack Vendor :STMicroelectronics HAL Drivers 0.0.0
2023-06-20 10:52:32,640 [INFO] ThirdParty:1030 - CMSIS Pack Vendor :STMicroelectronics MBEDTLS 2.16.2
2023-06-20 10:52:32,640 [INFO] ThirdParty:1030 - CMSIS Pack Vendor :STMicroelectronics X-CUBE-NFC7 1.0.1
2023-06-20 10:52:32,640 [INFO] ThirdParty:1030 - CMSIS Pack Vendor :STMicroelectronics MBEDTLS 2.14.1
2023-06-20 10:52:32,640 [INFO] ThirdParty:1030 - CMSIS Pack Vendor :STMicroelectronics X-CUBE-NFC7 1.0.0
2023-06-20 10:52:32,640 [INFO] ThirdParty:1030 - CMSIS Pack Vendor :STMicroelectronics X-CUBE-AZRTOS-WL 1.0.0
2023-06-20 10:52:32,640 [INFO] ThirdParty:1030 - CMSIS Pack Vendor :STMicroelectronics X-CUBE-EEPRMA1 4.1.0
2023-06-20 10:52:32,640 [INFO] ThirdParty:1030 - CMSIS Pack Vendor :portGmbH I-Cube-SoM-uGOAL 1.1.0
2023-06-20 10:52:32,640 [INFO] ThirdParty:1030 - CMSIS Pack Vendor :STMicroelectronics X-CUBE-ALS 1.0.1
2023-06-20 10:52:32,641 [INFO] ThirdParty:1030 - CMSIS Pack Vendor :STMicroelectronics ThreadX 1.0.0
2023-06-20 10:52:32,641 [INFO] ThirdParty:1030 - CMSIS Pack Vendor :STMicroelectronics X-CUBE-AZRTOS-WB 1.1.0
2023-06-20 10:52:32,641 [INFO] ThirdParty:1030 - CMSIS Pack Vendor :STMicroelectronics X-CUBE-AZRTOS-WL 2.0.0
2023-06-20 10:52:32,641 [INFO] ThirdParty:1030 - CMSIS Pack Vendor :SEGGER I-CUBE-embOS 1.3.1
2023-06-20 10:52:32,641 [INFO] ThirdParty:1030 - CMSIS Pack Vendor :STMicroelectronics USB_DEVICE 1.0.0
2023-06-20 10:52:32,641 [INFO] ThirdParty:1030 - CMSIS Pack Vendor :STMicroelectronics X-CUBE-AZRTOS-L4 2.0.0
2023-06-20 10:52:32,641 [INFO] ThirdParty:1030 - CMSIS Pack Vendor :STMicroelectronics ThreadX 0.0.2
2023-06-20 10:52:32,641 [INFO] ThirdParty:1030 - CMSIS Pack Vendor :WES I-CUBE-Cesium 1.3.0
2023-06-20 10:52:32,641 [INFO] ThirdParty:1030 - CMSIS Pack Vendor :STMicroelectronics FP-ATR-ASTRA1 2.0.0
2023-06-20 10:52:32,641 [INFO] ThirdParty:1030 - CMSIS Pack Vendor :STMicroelectronics lwIP 2.1.2
2023-06-20 10:52:32,641 [INFO] ThirdParty:1030 - CMSIS Pack Vendor :STMicroelectronics X-CUBE-SFXS2LP1 4.0.0
2023-06-20 10:52:32,642 [INFO] ThirdParty:1030 - CMSIS Pack Vendor :STMicroelectronics X-CUBE-BLE2 3.3.0
2023-06-20 10:52:32,642 [INFO] ThirdParty:1030 - CMSIS Pack Vendor :STMicroelectronics PDM2PCM 3.2.0
2023-06-20 10:52:32,642 [INFO] ThirdParty:841 - exiting critical section [change project]
2023-06-20 10:52:33,462 [INFO] PinOutPanel:1499 - setPackage(No Configuration,No Configuration)
2023-06-20 10:52:33,464 [INFO] PinOutPanel:1499 - setPackage(STM32F446RETx,LQFP64)
2023-06-20 10:52:34,602 [INFO] UtilMem:75 - Before build in PCC Used Memory: 230874032 Bytes (510656512)
2023-06-20 10:52:35,611 [INFO] UtilMem:75 - After build in PCC Used Memory: 371567376 Bytes (510656512)
2023-06-20 10:52:35,667 [INFO] IPUIPlugin:80 - create IPUIPlugin
2023-06-20 10:52:35,668 [INFO] IPUIPlugin:80 - create IPUIPlugin
2023-06-20 10:52:35,668 [INFO] IPUIPlugin:80 - create IPUIPlugin
2023-06-20 10:52:35,668 [INFO] IPUIPlugin:80 - create IPUIPlugin
2023-06-20 10:52:35,668 [INFO] IPUIPlugin:80 - create IPUIPlugin
2023-06-20 10:52:35,669 [INFO] IPUIPlugin:80 - create IPUIPlugin
2023-06-20 10:52:35,669 [INFO] IPUIPlugin:80 - create IPUIPlugin
2023-06-20 10:52:35,669 [INFO] IPUIPlugin:80 - create IPUIPlugin
2023-06-20 10:52:35,670 [INFO] IPUIPlugin:80 - create IPUIPlugin
2023-06-20 10:52:35,670 [INFO] IPUIPlugin:80 - create IPUIPlugin
2023-06-20 10:52:35,670 [INFO] IPUIPlugin:80 - create IPUIPlugin
2023-06-20 10:52:35,670 [INFO] IPUIPlugin:80 - create IPUIPlugin
2023-06-20 10:52:35,670 [INFO] IPUIPlugin:80 - create IPUIPlugin
2023-06-20 10:52:35,671 [INFO] IPUIPlugin:80 - create IPUIPlugin
2023-06-20 10:52:35,671 [INFO] IPUIPlugin:80 - create IPUIPlugin
2023-06-20 10:52:35,671 [INFO] IPUIPlugin:80 - create IPUIPlugin
2023-06-20 10:52:35,671 [INFO] IPUIPlugin:80 - create IPUIPlugin
2023-06-20 10:52:35,672 [INFO] IPUIPlugin:80 - create IPUIPlugin
2023-06-20 10:52:35,672 [INFO] IPUIPlugin:80 - create IPUIPlugin
2023-06-20 10:52:35,673 [INFO] IPUIPlugin:80 - create IPUIPlugin
2023-06-20 10:52:35,673 [INFO] IPUIPlugin:80 - create IPUIPlugin
2023-06-20 10:52:35,673 [INFO] IPUIPlugin:80 - create IPUIPlugin
2023-06-20 10:52:35,674 [INFO] IPUIPlugin:80 - create IPUIPlugin
2023-06-20 10:52:35,674 [INFO] IPUIPlugin:80 - create IPUIPlugin
2023-06-20 10:52:35,674 [INFO] IPUIPlugin:80 - create IPUIPlugin
2023-06-20 10:52:35,675 [INFO] IPUIPlugin:80 - create IPUIPlugin
2023-06-20 10:52:35,675 [INFO] IPUIPlugin:80 - create IPUIPlugin
2023-06-20 10:52:35,676 [INFO] IPUIPlugin:80 - create IPUIPlugin
2023-06-20 10:52:35,676 [INFO] IPUIPlugin:80 - create IPUIPlugin
2023-06-20 10:52:35,676 [INFO] IPUIPlugin:80 - create IPUIPlugin
2023-06-20 10:52:35,677 [INFO] IPUIPlugin:80 - create IPUIPlugin
2023-06-20 10:52:35,677 [INFO] IPUIPlugin:80 - create IPUIPlugin
2023-06-20 10:52:35,677 [INFO] IPUIPlugin:80 - create IPUIPlugin
2023-06-20 10:52:35,678 [INFO] IPUIPlugin:80 - create IPUIPlugin
2023-06-20 10:52:35,678 [INFO] IPUIPlugin:80 - create IPUIPlugin
2023-06-20 10:52:35,679 [INFO] IPUIPlugin:80 - create IPUIPlugin
2023-06-20 10:52:35,679 [INFO] IPUIPlugin:80 - create IPUIPlugin
2023-06-20 10:52:35,679 [INFO] IPUIPlugin:80 - create IPUIPlugin
2023-06-20 10:52:35,680 [INFO] IPUIPlugin:80 - create IPUIPlugin
2023-06-20 10:52:35,680 [INFO] IPUIPlugin:80 - create IPUIPlugin
2023-06-20 10:52:35,680 [INFO] IPUIPlugin:80 - create IPUIPlugin
2023-06-20 10:52:35,681 [INFO] IPUIPlugin:80 - create IPUIPlugin
2023-06-20 10:52:35,681 [INFO] IPUIPlugin:80 - create IPUIPlugin
2023-06-20 10:52:35,681 [INFO] IPUIPlugin:80 - create IPUIPlugin
2023-06-20 10:52:35,682 [INFO] IPUIPlugin:80 - create IPUIPlugin
2023-06-20 10:52:35,682 [INFO] IPUIPlugin:80 - create IPUIPlugin
2023-06-20 10:52:35,683 [INFO] IPUIPlugin:80 - create IPUIPlugin
2023-06-20 10:52:35,683 [INFO] IPUIPlugin:80 - create IPUIPlugin
2023-06-20 10:52:35,684 [INFO] IPUIPlugin:80 - create IPUIPlugin
2023-06-20 10:52:35,684 [INFO] IPUIPlugin:80 - create IPUIPlugin
2023-06-20 10:52:35,684 [INFO] IPUIPlugin:80 - create IPUIPlugin
2023-06-20 10:52:35,684 [INFO] IPUIPlugin:80 - create IPUIPlugin
2023-06-20 10:52:35,684 [INFO] IPUIPlugin:80 - create IPUIPlugin
2023-06-20 10:52:35,685 [INFO] IPUIPlugin:80 - create IPUIPlugin
2023-06-20 10:52:35,685 [INFO] IPUIPlugin:80 - create IPUIPlugin
2023-06-20 10:52:35,686 [INFO] IPUIPlugin:80 - create IPUIPlugin
2023-06-20 10:52:35,686 [INFO] IPUIPlugin:80 - create IPUIPlugin
2023-06-20 10:52:35,688 [INFO] IPUIPlugin:80 - create IPUIPlugin
2023-06-20 10:52:35,688 [INFO] IPUIPlugin:80 - create IPUIPlugin
2023-06-20 10:52:35,689 [INFO] IPUIPlugin:80 - create IPUIPlugin
2023-06-20 10:52:35,762 [INFO] ApiDbMcu:507 - Load IP Config File for PDM2PCM
2023-06-20 10:52:36,062 [INFO] CADModel:165 - CPN selected for project levelSTM32F446RET6
2023-06-20 10:52:36,063 [INFO] CADModel:114 - Register for checkConnection events
2023-06-20 10:52:36,117 [INFO] OpenFileManager:328 - Restore cursor
2023-06-20 10:52:37,042 [INFO] UtilMem:75 - End SaveConfig() Used Memory: 298365600 Bytes (510656512)
2023-06-20 10:52:37,101 [INFO] UtilMem:75 - End SaveConfig() Used Memory: 320385696 Bytes (510656512)
2023-06-20 10:52:38,271 [INFO] BlockDiagram:2759 - set Specific Code input for plugin: RCC
2023-06-20 10:52:38,272 [INFO] BlockDiagram:2759 - set Specific Code input for plugin: NVIC
2023-06-20 10:52:38,274 [INFO] CodeGenerator:793 - code generatio: config db path: /opt/st/stm32cubeide_1.12.1/plugins/com.st.stm32cube.common.mx_6.8.1.202304191431//db/
2023-06-20 10:52:38,947 [INFO] CodeEngine:255 - oldGeneratedFile, /home/dinesh/STM32CubeIDE/workspace_1.12.1/timepass/MXTmpFiles/license.tmp_save
2023-06-20 10:52:39,588 [INFO] CodeEngine:279 - Generated code: /home/dinesh/STM32CubeIDE/workspace_1.12.1/timepass/MXTmpFiles/license.tmp
2023-06-20 10:52:39,602 [INFO] CodeEngine:255 - oldGeneratedFile, /home/dinesh/STM32CubeIDE/workspace_1.12.1/timepass/Core/Src/stm32f4xx_it.c_save
2023-06-20 10:52:39,855 [INFO] CodeEngine:279 - Generated code: /home/dinesh/STM32CubeIDE/workspace_1.12.1/timepass/Core/Src/stm32f4xx_it.c
2023-06-20 10:52:39,857 [INFO] CodeEngine:255 - oldGeneratedFile, /home/dinesh/STM32CubeIDE/workspace_1.12.1/timepass/Core/Inc/stm32f4xx_it.h_save
2023-06-20 10:52:39,990 [INFO] CodeEngine:279 - Generated code: /home/dinesh/STM32CubeIDE/workspace_1.12.1/timepass/Core/Inc/stm32f4xx_it.h
2023-06-20 10:52:40,067 [INFO] CodeEngine:255 - oldGeneratedFile, /home/dinesh/STM32CubeIDE/workspace_1.12.1/timepass/Core/Src/stm32f4xx_hal_msp.c_save
2023-06-20 10:52:40,249 [INFO] CodeEngine:279 - Generated code: /home/dinesh/STM32CubeIDE/workspace_1.12.1/timepass/Core/Src/stm32f4xx_hal_msp.c
2023-06-20 10:52:40,250 [INFO] CodeEngine:255 - oldGeneratedFile, /home/dinesh/STM32CubeIDE/workspace_1.12.1/timepass/MXTmpFiles/system.tmp_save
2023-06-20 10:52:40,450 [INFO] CodeEngine:279 - Generated code: /home/dinesh/STM32CubeIDE/workspace_1.12.1/timepass/MXTmpFiles/system.tmp
2023-06-20 10:52:40,456 [INFO] CodeEngine:311 - oldGeneratedFile, /home/dinesh/STM32CubeIDE/workspace_1.12.1/timepass/Core/Inc/stm32f4xx_hal_conf.h_save
2023-06-20 10:52:40,592 [INFO] CodeEngine:335 - Generated code: /home/dinesh/STM32CubeIDE/workspace_1.12.1/timepass/Core/Inc/stm32f4xx_hal_conf.h
2023-06-20 10:52:40,645 [WARN] IPConfigManager:2937 - Warning: the RefConfig PLL2P_FOR_MCO is not available in your config.xml file
2023-06-20 10:52:40,654 [INFO] CodeEngine:255 - oldGeneratedFile, /home/dinesh/STM32CubeIDE/workspace_1.12.1/timepass/Core/Inc/main.h_save
2023-06-20 10:52:40,782 [INFO] CodeEngine:279 - Generated code: /home/dinesh/STM32CubeIDE/workspace_1.12.1/timepass/Core/Inc/main.h
2023-06-20 10:52:40,784 [INFO] CodeEngine:255 - oldGeneratedFile, /home/dinesh/STM32CubeIDE/workspace_1.12.1/timepass/Core/Src/main.c_save
2023-06-20 10:52:41,102 [INFO] CodeEngine:279 - Generated code: /home/dinesh/STM32CubeIDE/workspace_1.12.1/timepass/Core/Src/main.c
2023-06-20 10:52:42,319 [INFO] ProjectBuilder:2996 - Time for Copy HAL[1] : 190mS.
2023-06-20 10:52:42,352 [INFO] ProjectBuilder:4304 - Project Generator version: 3.19.2
2023-06-20 10:52:43,011 [INFO] ConfigFileManager:1483 - The Die is : DIE421
2023-06-20 10:52:43,023 [INFO] ApiDbMcu:507 - Load IP Config File for FATFS
2023-06-20 10:52:43,039 [INFO] ApiDbMcu:507 - Load IP Config File for FREERTOS
2023-06-20 10:52:43,083 [INFO] ApiDbMcu:507 - Load IP Config File for LIBJPEG
2023-06-20 10:52:43,125 [INFO] ApiDbMcu:507 - Load IP Config File for MBEDTLS
2023-06-20 10:52:43,157 [INFO] ApiDbMcu:507 - Load IP Config File for USB_DEVICE
2023-06-20 10:52:43,169 [INFO] ApiDbMcu:507 - Load IP Config File for USB_HOST
2023-06-20 10:52:44,475 [INFO] LogOutputStream:77 - [STDOUT_REDIRECT] 
2023-06-20 10:52:50,800 [INFO] ProjectBuilder:4505 - Time for Generating toolchain IDE Files: 8448mS.
2023-06-20 10:52:50,801 [INFO] ProjectBuilder:2867 - Time for Copy CMSIS : 1mS.
2023-06-20 10:52:50,803 [INFO] ProjectBuilder:2867 - Time for Copy CMSIS : 0mS.
2023-06-20 10:52:51,731 [INFO] McuFinderGlobals:66 - Set McuFinderConnectedMode to true
2023-06-20 10:52:51,734 [INFO] ApiDb:448 - Save user favorites file /home/dinesh/.stm32cubeide/favorites.mcus.txt: 0 item(s)
2023-06-20 10:52:51,734 [INFO] ApiDb:452 - User favorites MCUs=[]
2023-06-20 12:04:58,422 [WARN] IP:2113 - I2C_Coeff_DF not found: check if there is a RefParameter without a condition.
2023-06-20 12:04:58,422 [WARN] IP:2113 - Analog_Filter not found: check if there is a RefParameter without a condition.
2023-06-20 12:04:58,511 [WARN] IP:2113 - I2C_Coeff_DF not found: check if there is a RefParameter without a condition.
2023-06-20 12:04:58,511 [WARN] IP:2113 - Analog_Filter not found: check if there is a RefParameter without a condition.
2023-06-20 12:04:58,512 [WARN] IP:2113 - I2C_Coeff_DF not found: check if there is a RefParameter without a condition.
2023-06-20 12:04:58,512 [WARN] IP:2113 - Analog_Filter not found: check if there is a RefParameter without a condition.
2023-06-20 12:04:58,586 [WARN] IP:2113 - I2C_Coeff_DF not found: check if there is a RefParameter without a condition.
2023-06-20 12:04:58,586 [WARN] IP:2113 - Analog_Filter not found: check if there is a RefParameter without a condition.
2023-06-20 12:04:58,587 [WARN] IP:2113 - I2C_Coeff_DF not found: check if there is a RefParameter without a condition.
2023-06-20 12:04:58,587 [WARN] IP:2113 - Analog_Filter not found: check if there is a RefParameter without a condition.
2023-06-20 12:05:16,645 [WARN] IP:2113 - I2C_Coeff_DF not found: check if there is a RefParameter without a condition.
2023-06-20 12:05:16,645 [WARN] IP:2113 - Analog_Filter not found: check if there is a RefParameter without a condition.
2023-06-20 12:05:16,841 [WARN] IP:2113 - I2C_Coeff_DF not found: check if there is a RefParameter without a condition.
2023-06-20 12:05:16,841 [WARN] IP:2113 - Analog_Filter not found: check if there is a RefParameter without a condition.
2023-06-20 12:05:16,841 [WARN] IP:2113 - I2C_Coeff_DF not found: check if there is a RefParameter without a condition.
2023-06-20 12:05:16,841 [WARN] IP:2113 - Analog_Filter not found: check if there is a RefParameter without a condition.
2023-06-20 12:05:17,053 [WARN] IP:2113 - I2C_Coeff_DF not found: check if there is a RefParameter without a condition.
2023-06-20 12:05:17,053 [WARN] IP:2113 - Analog_Filter not found: check if there is a RefParameter without a condition.
2023-06-20 12:05:17,054 [WARN] IP:2113 - I2C_Coeff_DF not found: check if there is a RefParameter without a condition.
2023-06-20 12:05:17,054 [WARN] IP:2113 - Analog_Filter not found: check if there is a RefParameter without a condition.
2023-06-20 12:05:29,179 [WARN] IP:2113 - I2C_Coeff_DF not found: check if there is a RefParameter without a condition.
2023-06-20 12:05:29,179 [WARN] IP:2113 - Analog_Filter not found: check if there is a RefParameter without a condition.
2023-06-20 12:05:29,339 [WARN] IP:2113 - I2C_Coeff_DF not found: check if there is a RefParameter without a condition.
2023-06-20 12:05:29,339 [WARN] IP:2113 - Analog_Filter not found: check if there is a RefParameter without a condition.
2023-06-20 12:05:29,341 [WARN] IP:2113 - I2C_Coeff_DF not found: check if there is a RefParameter without a condition.
2023-06-20 12:05:29,342 [WARN] IP:2113 - Analog_Filter not found: check if there is a RefParameter without a condition.
2023-06-20 12:05:29,770 [WARN] IP:2113 - I2C_Coeff_DF not found: check if there is a RefParameter without a condition.
2023-06-20 12:05:29,770 [WARN] IP:2113 - Analog_Filter not found: check if there is a RefParameter without a condition.
2023-06-20 12:05:29,771 [WARN] IP:2113 - I2C_Coeff_DF not found: check if there is a RefParameter without a condition.
2023-06-20 12:05:29,771 [WARN] IP:2113 - Analog_Filter not found: check if there is a RefParameter without a condition.
2023-06-20 12:06:21,113 [WARN] IP:2113 - I2C_Coeff_DF not found: check if there is a RefParameter without a condition.
2023-06-20 12:06:21,113 [WARN] IP:2113 - Analog_Filter not found: check if there is a RefParameter without a condition.
2023-06-20 12:06:21,114 [WARN] IP:2113 - I2C_Coeff_DF not found: check if there is a RefParameter without a condition.
2023-06-20 12:06:21,114 [WARN] IP:2113 - Analog_Filter not found: check if there is a RefParameter without a condition.
2023-06-20 12:06:23,572 [WARN] IP:2113 - I2C_Coeff_DF not found: check if there is a RefParameter without a condition.
2023-06-20 12:06:23,572 [WARN] IP:2113 - Analog_Filter not found: check if there is a RefParameter without a condition.
2023-06-20 12:06:23,573 [WARN] IP:2113 - I2C_Coeff_DF not found: check if there is a RefParameter without a condition.
2023-06-20 12:06:23,573 [WARN] IP:2113 - Analog_Filter not found: check if there is a RefParameter without a condition.
2023-06-20 12:06:28,131 [WARN] IP:2113 - I2C_Coeff_DF not found: check if there is a RefParameter without a condition.
2023-06-20 12:06:28,131 [WARN] IP:2113 - Analog_Filter not found: check if there is a RefParameter without a condition.
2023-06-20 12:06:28,132 [WARN] IP:2113 - I2C_Coeff_DF not found: check if there is a RefParameter without a condition.
2023-06-20 12:06:28,132 [WARN] IP:2113 - Analog_Filter not found: check if there is a RefParameter without a condition.
2023-06-20 12:06:46,037 [WARN] IP:2113 - I2C_Coeff_DF not found: check if there is a RefParameter without a condition.
2023-06-20 12:06:46,037 [WARN] IP:2113 - Analog_Filter not found: check if there is a RefParameter without a condition.
2023-06-20 12:06:46,038 [WARN] IP:2113 - I2C_Coeff_DF not found: check if there is a RefParameter without a condition.
2023-06-20 12:06:46,039 [WARN] IP:2113 - Analog_Filter not found: check if there is a RefParameter without a condition.
2023-06-20 12:06:57,899 [WARN] IP:2113 - I2C_Coeff_DF not found: check if there is a RefParameter without a condition.
2023-06-20 12:06:57,899 [WARN] IP:2113 - Analog_Filter not found: check if there is a RefParameter without a condition.
2023-06-20 12:06:57,900 [WARN] IP:2113 - I2C_Coeff_DF not found: check if there is a RefParameter without a condition.
2023-06-20 12:06:57,900 [WARN] IP:2113 - Analog_Filter not found: check if there is a RefParameter without a condition.
2023-06-20 12:08:08,213 [INFO] NvicIntPanel:101 - NVIC parent = com.st.microxplorer.plugins.ip.nvic.MultiNvicIntPanel[,0,0,0x0,invalid,layout=javax.swing.BoxLayout,alignmentX=0.0,alignmentY=0.0,border=,flags=9,maximumSize=,minimumSize=,preferredSize=]
2023-06-20 12:08:52,046 [INFO] NvicIntPanel:101 - NVIC parent = com.st.microxplorer.plugins.ip.nvic.MultiNvicIntPanel[,0,0,0x0,invalid,layout=javax.swing.BoxLayout,alignmentX=0.0,alignmentY=0.0,border=,flags=9,maximumSize=,minimumSize=,preferredSize=]
2023-06-20 12:08:55,891 [INFO] UtilMem:75 - End SaveConfig() Used Memory: 440408096 Bytes (656408576)
2023-06-20 12:08:58,412 [INFO] UtilMem:75 - End SaveConfig() Used Memory: 543694880 Bytes (656408576)
2023-06-20 12:08:59,166 [INFO] BlockDiagram:2759 - set Specific Code input for plugin: TIM6_7
2023-06-20 12:08:59,166 [INFO] BlockDiagram:2759 - set Specific Code input for plugin: RCC
2023-06-20 12:08:59,166 [INFO] BlockDiagram:2759 - set Specific Code input for plugin: I2C
2023-06-20 12:08:59,166 [INFO] BlockDiagram:2759 - set Specific Code input for plugin: NVIC
2023-06-20 12:08:59,166 [INFO] BlockDiagram:2759 - set Specific Code input for plugin: GPIO
2023-06-20 12:08:59,175 [INFO] CodeGenerator:793 - code generatio: config db path: /opt/st/stm32cubeide_1.12.1/plugins/com.st.stm32cube.common.mx_6.8.1.202304191431//db/
2023-06-20 12:08:59,176 [WARN] IP:2113 - I2C_Coeff_DF not found: check if there is a RefParameter without a condition.
2023-06-20 12:08:59,177 [WARN] IP:2113 - Analog_Filter not found: check if there is a RefParameter without a condition.
2023-06-20 12:08:59,606 [INFO] CodeEngine:255 - oldGeneratedFile, /home/dinesh/STM32CubeIDE/workspace_1.12.1/timepass/MXTmpFiles/license.tmp_save
2023-06-20 12:08:59,872 [INFO] CodeEngine:279 - Generated code: /home/dinesh/STM32CubeIDE/workspace_1.12.1/timepass/MXTmpFiles/license.tmp
2023-06-20 12:08:59,940 [INFO] CodeEngine:255 - oldGeneratedFile, /home/dinesh/STM32CubeIDE/workspace_1.12.1/timepass/MXTmpFiles/gpio.tmp_save
2023-06-20 12:09:00,236 [INFO] CodeEngine:279 - Generated code: /home/dinesh/STM32CubeIDE/workspace_1.12.1/timepass/MXTmpFiles/gpio.tmp
2023-06-20 12:09:00,411 [INFO] CodeEngine:255 - oldGeneratedFile, /home/dinesh/STM32CubeIDE/workspace_1.12.1/timepass/Core/Src/stm32f4xx_it.c_save
2023-06-20 12:09:00,929 [INFO] CodeEngine:279 - Generated code: /home/dinesh/STM32CubeIDE/workspace_1.12.1/timepass/Core/Src/stm32f4xx_it.c
2023-06-20 12:09:00,932 [INFO] CodeEngine:255 - oldGeneratedFile, /home/dinesh/STM32CubeIDE/workspace_1.12.1/timepass/Core/Inc/stm32f4xx_it.h_save
2023-06-20 12:09:01,405 [INFO] CodeEngine:279 - Generated code: /home/dinesh/STM32CubeIDE/workspace_1.12.1/timepass/Core/Inc/stm32f4xx_it.h
2023-06-20 12:09:01,431 [INFO] CodeEngine:255 - oldGeneratedFile, /home/dinesh/STM32CubeIDE/workspace_1.12.1/timepass/Core/Src/stm32f4xx_hal_msp.c_save
2023-06-20 12:09:01,740 [INFO] CodeEngine:279 - Generated code: /home/dinesh/STM32CubeIDE/workspace_1.12.1/timepass/Core/Src/stm32f4xx_hal_msp.c
2023-06-20 12:09:01,743 [INFO] CodeEngine:255 - oldGeneratedFile, /home/dinesh/STM32CubeIDE/workspace_1.12.1/timepass/MXTmpFiles/system.tmp_save
2023-06-20 12:09:01,913 [INFO] CodeEngine:279 - Generated code: /home/dinesh/STM32CubeIDE/workspace_1.12.1/timepass/MXTmpFiles/system.tmp
2023-06-20 12:09:01,918 [INFO] CodeEngine:311 - oldGeneratedFile, /home/dinesh/STM32CubeIDE/workspace_1.12.1/timepass/Core/Inc/stm32f4xx_hal_conf.h_save
2023-06-20 12:09:02,074 [INFO] CodeEngine:335 - Generated code: /home/dinesh/STM32CubeIDE/workspace_1.12.1/timepass/Core/Inc/stm32f4xx_hal_conf.h
2023-06-20 12:09:02,114 [WARN] IPConfigManager:2937 - Warning: the RefConfig PLL2P_FOR_MCO is not available in your config.xml file
2023-06-20 12:09:02,127 [WARN] IPConfigManager:3431 - IP not found : TIM
2023-06-20 12:09:02,128 [WARN] CodeGenerator:3754 - IP not found : null
2023-06-20 12:09:02,131 [INFO] CodeEngine:255 - oldGeneratedFile, /home/dinesh/STM32CubeIDE/workspace_1.12.1/timepass/Core/Inc/main.h_save
2023-06-20 12:09:02,420 [INFO] CodeEngine:279 - Generated code: /home/dinesh/STM32CubeIDE/workspace_1.12.1/timepass/Core/Inc/main.h
2023-06-20 12:09:02,424 [INFO] CodeEngine:255 - oldGeneratedFile, /home/dinesh/STM32CubeIDE/workspace_1.12.1/timepass/Core/Src/main.c_save
2023-06-20 12:09:02,766 [INFO] CodeEngine:279 - Generated code: /home/dinesh/STM32CubeIDE/workspace_1.12.1/timepass/Core/Src/main.c
2023-06-20 12:09:03,840 [INFO] ProjectBuilder:2996 - Time for Copy HAL[1] : 68mS.
2023-06-20 12:09:03,844 [INFO] ProjectBuilder:4304 - Project Generator version: 3.19.2
2023-06-20 12:09:04,723 [INFO] ConfigFileManager:1483 - The Die is : DIE421
2023-06-20 12:09:07,725 [INFO] ProjectBuilder:4505 - Time for Generating toolchain IDE Files: 3880mS.
2023-06-20 12:09:07,725 [INFO] ProjectBuilder:2867 - Time for Copy CMSIS : 0mS.
2023-06-20 12:09:07,726 [INFO] ProjectBuilder:2867 - Time for Copy CMSIS : 0mS.
2023-06-20 12:36:43,630 [ERROR] ConfigurationRetriever:142 - IOException on connection: connect timed out
