2023-06-15 09:45:54,571 [INFO] Activator:176 - 


2023-06-15 09:45:54,576 [INFO] Activator:177 - !SESSION log4j initialized
2023-06-15 09:45:59,893 [INFO] LogOutputStream:77 - [STDOUT_REDIRECT] 
2023-06-15 09:46:21,198 [ERROR] LogOutputStream:75 - [STDERR_REDIRECT] SLF4J: Failed to load class "org.slf4j.impl.StaticLoggerBinder".
2023-06-15 09:46:21,199 [ERROR] LogOutputStream:75 - [STDERR_REDIRECT] SLF4J: Defaulting to no-operation (NOP) logger implementation
2023-06-15 09:46:21,199 [ERROR] LogOutputStream:75 - [STDERR_REDIRECT] SLF4J: See http://www.slf4j.org/codes.html#StaticLoggerBinder for further details.
2023-06-15 09:53:34,535 [INFO] ApplicationProperties:184 - Using Application install path: /opt/st/stm32cubeide_1.12.1/plugins/com.st.stm32cube.common.mx_6.8.1.202304191431
2023-06-15 09:53:34,557 [INFO] DbMcusXml:78 - Set database path to: /opt/st/stm32cubeide_1.12.1/plugins/com.st.stm32cube.common.mx_6.8.1.202304191431//db//mcu/
2023-06-15 09:53:34,557 [INFO] ApiDb:274 - Set plugin database path to: /opt/st/stm32cubeide_1.12.1/plugins/com.st.stm32cube.common.mx_6.8.1.202304191431//db//plugins/boardmanager/
2023-06-15 09:53:34,560 [WARN] ApiDb:259 - Overriding images path with different value:  => /opt/st/stm32cubeide_1.12.1/plugins/com.st.stm32cube.common.mx_6.8.1.202304191431//db//plugins/mcufinder/images/
2023-06-15 09:53:34,580 [INFO] ApiDb:250 - Set database path to: /home/dinesh/.stmcufinder/plugins/mcufinder//mcu/
2023-06-15 09:53:34,581 [INFO] DbMcusAds:125 - Set database path to: /home/dinesh/.stmcufinder/plugins/mcufinder//mcu/
2023-06-15 09:53:35,041 [INFO] CrossReferenceDbSqlite:203 - Set database path to: /home/dinesh/.stmcufinder/plugins/mcufinder//mcu/cs/
2023-06-15 09:53:35,177 [INFO] RulesReader:64 - Compatibility file has been processed (293 Rules)
2023-06-15 09:53:35,239 [INFO] DbMcusXml:78 - Set database path to: /opt/st/stm32cubeide_1.12.1/plugins/com.st.stm32cube.common.mx_6.8.1.202304191431//db//mcu/
2023-06-15 09:53:35,239 [INFO] ApiDb:274 - Set plugin database path to: /opt/st/stm32cubeide_1.12.1/plugins/com.st.stm32cube.common.mx_6.8.1.202304191431//db//plugins/boardmanager/
2023-06-15 09:53:35,239 [INFO] ApiDb:261 - Set plugin images path to: /opt/st/stm32cubeide_1.12.1/plugins/com.st.stm32cube.common.mx_6.8.1.202304191431//db//plugins/mcufinder/images/
2023-06-15 09:53:35,240 [WARN] DbFile:41 - Overriding database path with different value: /home/dinesh/.stmcufinder/plugins/mcufinder/ => /home/dinesh/.stmcufinder/plugins/mcufinder
2023-06-15 09:53:35,240 [INFO] ApiDb:250 - Set database path to: /home/dinesh/.stmcufinder/plugins/mcufinder//mcu/
2023-06-15 09:53:35,240 [WARN] DbFile:41 - Overriding database path with different value: /home/dinesh/.stmcufinder/plugins/mcufinder/ => /home/dinesh/.stmcufinder/plugins/mcufinder
2023-06-15 09:53:35,240 [INFO] DbMcusAds:125 - Set database path to: /home/dinesh/.stmcufinder/plugins/mcufinder//mcu/
2023-06-15 09:53:35,240 [WARN] DbFile:41 - Overriding database path with different value: /home/dinesh/.stmcufinder/plugins/mcufinder/ => /home/dinesh/.stmcufinder/plugins/mcufinder
2023-06-15 09:53:35,240 [WARN] DbFile:41 - Overriding database path with different value: /home/dinesh/.stmcufinder/plugins/mcufinder/ => /home/dinesh/.stmcufinder/plugins/mcufinder
2023-06-15 09:53:35,240 [INFO] CrossReferenceDbSqlite:203 - Set database path to: /home/dinesh/.stmcufinder/plugins/mcufinder//mcu/cs/
2023-06-15 09:53:35,324 [INFO] MainPanel:253 - HeapMemory: 461373440
2023-06-15 09:53:35,438 [INFO] DbMcusXml:78 - Set database path to: /opt/st/stm32cubeide_1.12.1/plugins/com.st.stm32cube.common.mx_6.8.1.202304191431//db//mcu/
2023-06-15 09:53:35,439 [INFO] ApiDb:274 - Set plugin database path to: /opt/st/stm32cubeide_1.12.1/plugins/com.st.stm32cube.common.mx_6.8.1.202304191431//db//plugins/boardmanager/
2023-06-15 09:53:35,439 [INFO] ApiDb:261 - Set plugin images path to: /opt/st/stm32cubeide_1.12.1/plugins/com.st.stm32cube.common.mx_6.8.1.202304191431//db//plugins/mcufinder/images/
2023-06-15 09:53:35,440 [WARN] DbFile:41 - Overriding database path with different value: /home/dinesh/.stmcufinder/plugins/mcufinder/ => /home/dinesh/.stmcufinder/plugins/mcufinder
2023-06-15 09:53:35,440 [INFO] ApiDb:250 - Set database path to: /home/dinesh/.stmcufinder/plugins/mcufinder//mcu/
2023-06-15 09:53:35,440 [WARN] DbFile:41 - Overriding database path with different value: /home/dinesh/.stmcufinder/plugins/mcufinder/ => /home/dinesh/.stmcufinder/plugins/mcufinder
2023-06-15 09:53:35,440 [INFO] DbMcusAds:125 - Set database path to: /home/dinesh/.stmcufinder/plugins/mcufinder//mcu/
2023-06-15 09:53:35,440 [WARN] DbFile:41 - Overriding database path with different value: /home/dinesh/.stmcufinder/plugins/mcufinder/ => /home/dinesh/.stmcufinder/plugins/mcufinder
2023-06-15 09:53:35,440 [WARN] DbFile:41 - Overriding database path with different value: /home/dinesh/.stmcufinder/plugins/mcufinder/ => /home/dinesh/.stmcufinder/plugins/mcufinder
2023-06-15 09:53:35,440 [INFO] CrossReferenceDbSqlite:203 - Set database path to: /home/dinesh/.stmcufinder/plugins/mcufinder//mcu/cs/
2023-06-15 09:53:35,457 [INFO] ApplicationProperties:184 - Using Application install path: /opt/st/stm32cubeide_1.12.1/plugins/com.st.stm32cube.common.mx_6.8.1.202304191431
2023-06-15 09:53:35,459 [INFO] PluginManage:196 - Search for loadable plugins [exclusion list=, ]
2023-06-15 09:53:35,460 [INFO] PluginManage:310 - Check plugin analytics
2023-06-15 09:53:35,614 [INFO] AnalyticsPlugin:253 - Accepted Software Licenses: 
2023-06-15 09:53:35,614 [INFO] AnalyticsPlugin:255 - Accepted CMSIS Pack Licenses: 
2023-06-15 09:53:35,615 [INFO] AnalyticsPlugin:257 - Accepted Firmware Licenses: FW.F4.1.27.0
2023-06-15 09:53:35,620 [INFO] PluginManage:359 - Loaded plugin analytics (category:tool,tabindex:-1)
2023-06-15 09:53:35,620 [INFO] PluginManage:310 - Check plugin cadmodel
2023-06-15 09:53:35,701 [INFO] CADModel:105 - Init CAD model plugin
2023-06-15 09:53:35,701 [INFO] PluginManage:359 - Loaded plugin cadmodel (category:power,tabindex:5)
2023-06-15 09:53:35,702 [INFO] PluginManage:310 - Check plugin clock
2023-06-15 09:53:35,715 [INFO] PluginManage:359 - Loaded plugin clock (category:base,tabindex:2)
2023-06-15 09:53:35,716 [INFO] PluginManage:310 - Check plugin ddr
2023-06-15 09:53:35,718 [INFO] PluginManage:359 - Loaded plugin ddr (category:tool,tabindex:6)
2023-06-15 09:53:35,718 [INFO] PluginManage:310 - Check plugin filemanager
2023-06-15 09:53:35,880 [INFO] PluginManage:359 - Loaded plugin filemanager (category:base,tabindex:10)
2023-06-15 09:53:35,880 [INFO] PluginManage:310 - Check plugin ipmanager
2023-06-15 09:53:35,889 [INFO] PluginManage:359 - Loaded plugin ipmanager (category:base,tabindex:5)
2023-06-15 09:53:35,889 [INFO] PluginManage:310 - Check plugin lpbam
2023-06-15 09:53:35,901 [INFO] PluginManage:359 - Loaded plugin lpbam (category:base,tabindex:0)
2023-06-15 09:53:35,901 [INFO] PluginManage:310 - Check plugin pinoutandconfiguration
2023-06-15 09:53:35,916 [INFO] PluginManage:359 - Loaded plugin pinoutandconfiguration (category:base,tabindex:1)
2023-06-15 09:53:35,916 [INFO] PluginManage:310 - Check plugin pinoutconfig
2023-06-15 09:53:36,005 [WARN] SupportedApi:132 - Cannot load RTOS API schema: s4s-elt-must-match.1: The content of 'definitions' must match (annotation?, (simpleType | complexType)?, (unique | key | keyref)*)). A problem was found starting at: attribute.
2023-06-15 09:53:36,138 [INFO] PluginManage:359 - Loaded plugin pinoutconfig (category:base,tabindex:0)
2023-06-15 09:53:36,138 [INFO] PluginManage:310 - Check plugin power
2023-06-15 09:53:36,152 [INFO] PluginManage:359 - Loaded plugin power (category:power,tabindex:4)
2023-06-15 09:53:36,152 [INFO] PluginManage:310 - Check plugin projectmanager
2023-06-15 09:53:36,168 [INFO] PluginManage:359 - Loaded plugin projectmanager (category:projectmanager,tabindex:3)
2023-06-15 09:53:36,168 [INFO] PluginManage:310 - Check plugin thirdparty
2023-06-15 09:53:36,345 [WARN] IntegrityCheckThread:84 - waiting for thirdparty lock release [integrity check]
2023-06-15 09:53:36,346 [INFO] PluginManage:359 - Loaded plugin thirdparty (category:base,tabindex:-1)
2023-06-15 09:53:36,346 [INFO] IntegrityCheckThread:86 - entering critical section [integrity check]
2023-06-15 09:53:36,346 [INFO] PluginManage:310 - Check plugin tools
2023-06-15 09:53:36,347 [INFO] ThirdPartyUpdaterWithRetryManager:70 - Updater plugin not ready yet. [1/15]
2023-06-15 09:53:36,348 [INFO] PluginManage:359 - Loaded plugin tools (category:base,tabindex:7)
2023-06-15 09:53:36,349 [INFO] PluginManage:310 - Check plugin tutovideos
2023-06-15 09:53:36,546 [INFO] PluginManage:359 - Loaded plugin tutovideos (category:base,tabindex:-1)
2023-06-15 09:53:36,546 [INFO] PluginManage:310 - Check plugin updater
2023-06-15 09:53:36,582 [INFO] PluginManage:359 - Loaded plugin updater (category:base,tabindex:12)
2023-06-15 09:53:36,583 [INFO] PluginManage:283 - PluginManage : Loaded plugins [15]
2023-06-15 09:53:36,816 [INFO] PinOutPanel:1499 - setPackage(No Configuration,No Configuration)
2023-06-15 09:53:36,870 [INFO] CADModel:165 - CPN selected for project level
2023-06-15 09:53:36,870 [INFO] CADModel:114 - Register for checkConnection events
2023-06-15 09:53:36,891 [INFO] IPUIPlugin:80 - create IPUIPlugin
2023-06-15 09:53:36,892 [INFO] PluginManager:220 - loadIPPluginJar : add cryp
2023-06-15 09:53:36,902 [INFO] IPUIPlugin:80 - create IPUIPlugin
2023-06-15 09:53:36,902 [INFO] PluginManager:220 - loadIPPluginJar : add resmgrutility
2023-06-15 09:53:36,905 [INFO] IPUIPlugin:80 - create IPUIPlugin
2023-06-15 09:53:36,906 [INFO] PluginManager:220 - loadIPPluginJar : add ipddr
2023-06-15 09:53:36,924 [INFO] IPUIPlugin:80 - create IPUIPlugin
2023-06-15 09:53:36,924 [INFO] PluginManager:220 - loadIPPluginJar : add adc
2023-06-15 09:53:36,926 [INFO] IPUIPlugin:80 - create IPUIPlugin
2023-06-15 09:53:36,926 [INFO] PluginManager:220 - loadIPPluginJar : add tsc
2023-06-15 09:53:36,927 [INFO] IPUIPlugin:80 - create IPUIPlugin
2023-06-15 09:53:36,927 [INFO] PluginManager:220 - loadIPPluginJar : add ltdc
2023-06-15 09:53:36,932 [INFO] IPUIPlugin:80 - create IPUIPlugin
2023-06-15 09:53:36,932 [INFO] PluginManager:220 - loadIPPluginJar : add stm32_wpan
2023-06-15 09:53:36,935 [INFO] IPUIPlugin:80 - create IPUIPlugin
2023-06-15 09:53:36,935 [INFO] PluginManager:220 - loadIPPluginJar : add gtzc
2023-06-15 09:53:36,938 [INFO] IPUIPlugin:80 - create IPUIPlugin
2023-06-15 09:53:36,938 [INFO] PluginManager:220 - loadIPPluginJar : add usart
2023-06-15 09:53:36,940 [INFO] IPUIPlugin:80 - create IPUIPlugin
2023-06-15 09:53:36,940 [INFO] PluginManager:220 - loadIPPluginJar : add hash
2023-06-15 09:53:36,942 [INFO] IPUIPlugin:80 - create IPUIPlugin
2023-06-15 09:53:36,942 [INFO] PluginManager:220 - loadIPPluginJar : add ucpd
2023-06-15 09:53:36,945 [INFO] IPUIPlugin:80 - create IPUIPlugin
2023-06-15 09:53:36,945 [INFO] PluginManager:220 - loadIPPluginJar : add touchsensing
2023-06-15 09:53:36,948 [INFO] IPUIPlugin:80 - create IPUIPlugin
2023-06-15 09:53:36,948 [INFO] PluginManager:220 - loadIPPluginJar : add pdm2pcm
2023-06-15 09:53:36,950 [INFO] IPUIPlugin:80 - create IPUIPlugin
2023-06-15 09:53:36,950 [INFO] PluginManager:220 - loadIPPluginJar : add ts
2023-06-15 09:53:36,954 [INFO] IPUIPlugin:80 - create IPUIPlugin
2023-06-15 09:53:36,954 [INFO] PluginManager:220 - loadIPPluginJar : add gpio
2023-06-15 09:53:36,955 [INFO] IPUIPlugin:80 - create IPUIPlugin
2023-06-15 09:53:36,956 [INFO] PluginManager:220 - loadIPPluginJar : add quadspi
2023-06-15 09:53:36,958 [INFO] IPUIPlugin:80 - create IPUIPlugin
2023-06-15 09:53:36,958 [INFO] PluginManager:220 - loadIPPluginJar : add i2c
2023-06-15 09:53:36,960 [INFO] IPUIPlugin:80 - create IPUIPlugin
2023-06-15 09:53:36,960 [INFO] PluginManager:220 - loadIPPluginJar : add spi
2023-06-15 09:53:36,962 [INFO] IPUIPlugin:80 - create IPUIPlugin
2023-06-15 09:53:36,962 [INFO] PluginManager:220 - loadIPPluginJar : add opamp
2023-06-15 09:53:36,968 [INFO] IPUIPlugin:80 - create IPUIPlugin
2023-06-15 09:53:36,968 [INFO] PluginManager:220 - loadIPPluginJar : add gic
2023-06-15 09:53:36,971 [INFO] IPUIPlugin:80 - create IPUIPlugin
2023-06-15 09:53:36,971 [INFO] PluginManager:220 - loadIPPluginJar : add aes
2023-06-15 09:53:36,978 [INFO] IPUIPlugin:80 - create IPUIPlugin
2023-06-15 09:53:36,978 [INFO] PluginManager:220 - loadIPPluginJar : add linkedlist
2023-06-15 09:53:36,980 [INFO] IPUIPlugin:80 - create IPUIPlugin
2023-06-15 09:53:36,981 [INFO] PluginManager:220 - loadIPPluginJar : add lorawan
2023-06-15 09:53:36,984 [INFO] IPUIPlugin:80 - create IPUIPlugin
2023-06-15 09:53:36,984 [INFO] PluginManager:220 - loadIPPluginJar : add sai
2023-06-15 09:53:36,993 [INFO] IPUIPlugin:80 - create IPUIPlugin
2023-06-15 09:53:36,993 [INFO] PluginManager:220 - loadIPPluginJar : add dma
2023-06-15 09:53:36,995 [INFO] IPUIPlugin:80 - create IPUIPlugin
2023-06-15 09:53:36,995 [INFO] PluginManager:220 - loadIPPluginJar : add genericplugin
2023-06-15 09:53:36,998 [INFO] IPUIPlugin:80 - create IPUIPlugin
2023-06-15 09:53:36,998 [INFO] PluginManager:220 - loadIPPluginJar : add tim
2023-06-15 09:53:37,002 [INFO] IPUIPlugin:80 - create IPUIPlugin
2023-06-15 09:53:37,002 [INFO] PluginManager:220 - loadIPPluginJar : add usbx
2023-06-15 09:53:37,011 [INFO] IPUIPlugin:80 - create IPUIPlugin
2023-06-15 09:53:37,011 [INFO] PluginManager:220 - loadIPPluginJar : add freertos
2023-06-15 09:53:37,013 [INFO] IPUIPlugin:80 - create IPUIPlugin
2023-06-15 09:53:37,013 [INFO] PluginManager:220 - loadIPPluginJar : add comp
2023-06-15 09:53:37,019 [INFO] IPUIPlugin:80 - create IPUIPlugin
2023-06-15 09:53:37,019 [INFO] PluginManager:220 - loadIPPluginJar : add fmc
2023-06-15 09:53:37,021 [INFO] IPUIPlugin:80 - create IPUIPlugin
2023-06-15 09:53:37,022 [INFO] PluginManager:220 - loadIPPluginJar : add tracer_emb
2023-06-15 09:53:37,030 [INFO] IPUIPlugin:80 - create IPUIPlugin
2023-06-15 09:53:37,030 [INFO] PluginManager:220 - loadIPPluginJar : add mdma
2023-06-15 09:53:37,033 [INFO] IPUIPlugin:80 - create IPUIPlugin
2023-06-15 09:53:37,033 [INFO] PluginManager:220 - loadIPPluginJar : add gfxmmu
2023-06-15 09:53:37,036 [INFO] IPUIPlugin:80 - create IPUIPlugin
2023-06-15 09:53:37,037 [INFO] PluginManager:220 - loadIPPluginJar : add i3c
2023-06-15 09:53:37,040 [INFO] IPUIPlugin:80 - create IPUIPlugin
2023-06-15 09:53:37,040 [INFO] PluginManager:220 - loadIPPluginJar : add openamp
2023-06-15 09:53:37,049 [INFO] IPUIPlugin:80 - create IPUIPlugin
2023-06-15 09:53:37,053 [INFO] PluginManager:220 - loadIPPluginJar : add plateformsettings
2023-06-15 09:53:37,056 [INFO] IPUIPlugin:80 - create IPUIPlugin
2023-06-15 09:53:37,056 [INFO] PluginManager:220 - loadIPPluginJar : add dma3
2023-06-15 09:53:37,059 [INFO] IPUIPlugin:80 - create IPUIPlugin
2023-06-15 09:53:37,059 [INFO] PluginManager:220 - loadIPPluginJar : add can
2023-06-15 09:53:37,060 [INFO] IPUIPlugin:80 - create IPUIPlugin
2023-06-15 09:53:37,060 [INFO] PluginManager:220 - loadIPPluginJar : add fatfs
2023-06-15 09:53:37,063 [INFO] IPUIPlugin:80 - create IPUIPlugin
2023-06-15 09:53:37,063 [INFO] PluginManager:220 - loadIPPluginJar : add i2s
2023-06-15 09:53:37,065 [INFO] IPUIPlugin:80 - create IPUIPlugin
2023-06-15 09:53:37,065 [INFO] PluginManager:220 - loadIPPluginJar : add dfsdm
2023-06-15 09:53:37,069 [INFO] IPUIPlugin:80 - create IPUIPlugin
2023-06-15 09:53:37,069 [INFO] PluginManager:220 - loadIPPluginJar : add nvic
2023-06-15 09:53:37,173 [INFO] CADModel:165 - CPN selected for project level
2023-06-15 09:53:37,173 [INFO] CADModel:114 - Register for checkConnection events
2023-06-15 09:53:37,174 [FATAL] Updater:308 - Updater called before beeing initialized
2023-06-15 09:53:37,174 [ERROR] CADModel:125 - Updater not yet initialized, retry later 
2023-06-15 09:53:37,323 [INFO] CADModel:165 - CPN selected for project level
2023-06-15 09:53:37,323 [INFO] CADModel:114 - Register for checkConnection events
2023-06-15 09:53:37,323 [FATAL] Updater:308 - Updater called before beeing initialized
2023-06-15 09:53:37,323 [ERROR] CADModel:125 - Updater not yet initialized, retry later 
2023-06-15 09:53:37,326 [FATAL] Updater:308 - Updater called before beeing initialized
2023-06-15 09:53:37,407 [FATAL] Updater:308 - Updater called before beeing initialized
2023-06-15 09:53:37,415 [INFO] DbMcusAds:53 - JSON generation date=Tue Mar 07 14:20:55 IST 2023 (1678179055335)
2023-06-15 09:53:37,415 [FATAL] Updater:308 - Updater called before beeing initialized
2023-06-15 09:53:37,461 [WARN] DetailPanel:346 - Failed to get advertising image, set to default
2023-06-15 09:53:37,564 [FATAL] Updater:308 - Updater called before beeing initialized
2023-06-15 09:53:37,567 [FATAL] Updater:308 - Updater called before beeing initialized
2023-06-15 09:53:37,567 [FATAL] Updater:308 - Updater called before beeing initialized
2023-06-15 09:53:37,567 [WARN] DetailPanel:346 - Failed to get advertising image, set to default
2023-06-15 09:53:37,568 [FATAL] Updater:308 - Updater called before beeing initialized
2023-06-15 09:53:37,601 [ERROR] Updater:1120 - MainUpdater not yet initialized. External WinMGr cannot be set.
2023-06-15 09:53:37,603 [INFO] Updater:1056 - Updater Version found : 6.8.1
2023-06-15 09:53:37,654 [INFO] ApplicationProperties:184 - Using Application install path: /opt/st/stm32cubeide_1.12.1/plugins/com.st.stm32cube.common.mx_6.8.1.202304191431
2023-06-15 09:53:37,906 [INFO] MainUpdater:2854 - connection check result : 10
2023-06-15 09:53:37,908 [INFO] MainUpdater:283 - Updater Check For Update Now.
2023-06-15 09:53:37,908 [INFO] MicroXplorer:498 - Change Database Version : DB.6.0.81
2023-06-15 09:53:38,106 [INFO] CheckServerUpdateThread:120 - End of CheckServer Thread
2023-06-15 09:53:38,125 [INFO] MainUpdater:2854 - connection check result : 10
2023-06-15 09:53:38,125 [INFO] MainUpdater:2854 - connection check result : 10
2023-06-15 09:53:38,163 [INFO] MicroXplorer:468 - Change Database Path : 
2023-06-15 09:53:38,163 [INFO] MicroXplorer:498 - Change Database Version : DB.6.0.81
2023-06-15 09:53:38,164 [WARN] ThirdParty:871 - waiting for thirdparty lock release [close project]
2023-06-15 09:53:39,471 [WARN] PackLoader:240 - Cannot read IP mode file for STMicroelectronics.X-CUBE-SMBUS.2.1.0
2023-06-15 09:53:39,497 [WARN] PackLoader:240 - Cannot read IP mode file for STMicroelectronics.X-CUBE-AZRTOS-F7.1.1.0
2023-06-15 09:53:39,506 [ERROR] RealEvaluatedCondition:428 - Found unsupported composite condition: CLASS='Data Exchange' GROUP='STM32_MetaDataManager'
2023-06-15 09:53:39,506 [ERROR] RealEvaluatedCondition:428 - Found unsupported composite condition: CLASS='Data Exchange' GROUP='STM32_MetaDataManager'
2023-06-15 09:53:39,508 [WARN] PackLoader:240 - Cannot read IP mode file for STMicroelectronics.FP-SNS-MOTENV1.4.3.0
2023-06-15 09:53:39,516 [WARN] PackLoader:240 - Cannot read IP mode file for STMicroelectronics.FP-SNS-FLIGHT1.5.0.0
2023-06-15 09:53:39,520 [ERROR] RealEvaluatedCondition:428 - Found unsupported composite condition: CLASS='Data Exchange' GROUP='STM32_MetaDataManager'
2023-06-15 09:53:39,520 [ERROR] RealEvaluatedCondition:428 - Found unsupported composite condition: GROUP='STM32_MetaDataManager' CLASS='Data Exchange'
2023-06-15 09:53:39,522 [WARN] PackLoader:240 - Cannot read IP mode file for STMicroelectronics.FP-SNS-MOTENV1.4.3.1
2023-06-15 09:53:39,529 [WARN] PackLoader:240 - Cannot read IP mode file for STMicroelectronics.FP-SNS-FLIGHT1.5.0.1
2023-06-15 09:53:39,539 [WARN] PackLoader:240 - Cannot read IP mode file for STMicroelectronics.X-CUBE-BLE1.6.2.4
2023-06-15 09:53:39,548 [WARN] PackLoader:240 - Cannot read IP mode file for STMicroelectronics.X-CUBE-DISPLAY.3.0.0
2023-06-15 09:53:39,568 [INFO] LogOutputStream:77 - [STDOUT_REDIRECT] 1 : Invalid condition id : UX_CORESTACK_Condition cause : null
2023-06-15 09:53:39,569 [INFO] LogOutputStream:77 - [STDOUT_REDIRECT] 1 : Invalid condition id : UX_CORESTACK_Condition cause : null
2023-06-15 09:53:39,569 [INFO] LogOutputStream:77 - [STDOUT_REDIRECT] 1 : Invalid condition id : UX_CORESTACK_Condition cause : null
2023-06-15 09:53:39,569 [INFO] LogOutputStream:77 - [STDOUT_REDIRECT] 1 : Invalid condition id : UX_CORESTACK_Condition cause : null
2023-06-15 09:53:39,569 [INFO] LogOutputStream:77 - [STDOUT_REDIRECT] 1 : Invalid condition id : UX_CORESTACK_Condition cause : null
2023-06-15 09:53:39,583 [WARN] PackLoader:240 - Cannot read IP mode file for STMicroelectronics.X-CUBE-AZRTOS-WL.2.0.0
2023-06-15 09:53:39,594 [WARN] PackLoader:240 - Cannot read IP mode file for WES.I-CUBE-Cesium.1.3.0
2023-06-15 09:53:39,604 [WARN] PackLoader:240 - Cannot read IP mode file for STMicroelectronics.X-CUBE-BLE2.3.3.0
2023-06-15 09:53:39,609 [WARN] PackLoader:240 - Cannot read IP mode file for STMicroelectronics.X-CUBE-TOUCHGFX.4.21.3
2023-06-15 09:53:39,612 [WARN] PackLoader:240 - Cannot read IP mode file for STMicroelectronics.X-CUBE-TOUCHGFX.4.21.4
2023-06-15 09:53:39,620 [WARN] PackLoader:240 - Cannot read IP mode file for STMicroelectronics.X-CUBE-ALGOBUILD.1.3.0
2023-06-15 09:53:39,642 [WARN] PackLoader:240 - Cannot read IP mode file for STMicroelectronics.X-CUBE-AZRTOS-G0.1.1.0
2023-06-15 09:53:39,652 [WARN] PackLoader:240 - Cannot read IP mode file for STMicroelectronics.X-CUBE-NFC4.3.0.0
2023-06-15 09:53:39,659 [WARN] PackLoader:240 - Cannot read IP mode file for STMicroelectronics.FP-ATR-SIGFOX1.3.2.0
2023-06-15 09:53:39,709 [WARN] PackLoader:240 - Cannot read IP mode file for SEGGER.I-CUBE-embOS.1.3.1
2023-06-15 09:53:39,822 [WARN] PackLoader:240 - Cannot read IP mode file for STMicroelectronics.X-CUBE-GNSS1.6.0.0
2023-06-15 09:53:39,845 [WARN] PackLoader:240 - Cannot read IP mode file for STMicroelectronics.X-CUBE-AZRTOS-F4.1.1.0
2023-06-15 09:53:39,866 [WARN] PackLoader:240 - Cannot read IP mode file for wolfSSL.I-CUBE-wolfSSL.5.6.0
2023-06-15 09:53:39,944 [WARN] PackLoader:240 - Cannot read IP mode file for STMicroelectronics.X-CUBE-MEMS1.9.6.0
2023-06-15 09:53:40,190 [WARN] PackLoader:240 - Cannot read IP mode file for emotas.I-CUBE-CANOPEN.1.1.3
2023-06-15 09:53:40,212 [WARN] PackLoader:240 - Cannot read IP mode file for STMicroelectronics.X-CUBE-BLEMGR.2.0.0
2023-06-15 09:53:40,236 [WARN] ConditionMgr:438 - getConditionDescription Invalid condition id : UX DEVICE CLASS RTOS Condition cause : null
2023-06-15 09:53:40,236 [WARN] ConditionMgr:438 - getConditionDescription Invalid condition id : UX DEVICE CLASS RTOS Condition cause : null
2023-06-15 09:53:40,241 [WARN] PackLoader:240 - Cannot read IP mode file for STMicroelectronics.X-CUBE-AZRTOS-H7.3.1.0
2023-06-15 09:53:40,242 [WARN] ConditionMgr:1039 - genDependencies : Invalid condition id : UX DEVICE CLASS RTOS Condition cause : null
2023-06-15 09:53:40,242 [WARN] ConditionMgr:1039 - genDependencies : Invalid condition id : UX DEVICE CLASS RTOS Condition cause : null
2023-06-15 09:53:40,243 [WARN] ConditionMgr:1039 - genDependencies : Invalid condition id : UX DEVICE CLASS RTOS Condition cause : null
2023-06-15 09:53:40,244 [WARN] ConditionMgr:1039 - genDependencies : Invalid condition id : UX DEVICE CLASS RTOS Condition cause : null
2023-06-15 09:53:40,244 [WARN] ConditionMgr:1039 - genDependencies : Invalid condition id : UX DEVICE CLASS RTOS Condition cause : null
2023-06-15 09:53:40,250 [WARN] PackLoader:240 - Cannot read IP mode file for STMicroelectronics.X-CUBE-NFC7.1.0.0
2023-06-15 09:53:40,259 [WARN] PackLoader:240 - Cannot read IP mode file for STMicroelectronics.X-CUBE-EEPRMA1.4.1.0
2023-06-15 09:53:40,295 [WARN] ConditionMgr:438 - getConditionDescription Invalid condition id : LAN8742 Phy interface Condition cause : null
2023-06-15 09:53:40,296 [WARN] PackLoader:240 - Cannot read IP mode file for STMicroelectronics.X-CUBE-AZRTOS-L4.2.0.0
2023-06-15 09:53:40,297 [WARN] ConditionMgr:1039 - genDependencies : Invalid condition id : LAN8742 Phy interface Condition cause : null
2023-06-15 09:53:40,297 [WARN] ConditionMgr:1039 - genDependencies : Invalid condition id : LAN8742 Phy interface Condition cause : null
2023-06-15 09:53:40,298 [WARN] ConditionMgr:1039 - genDependencies : Invalid condition id : LAN8742 Phy interface Condition cause : null
2023-06-15 09:53:40,308 [WARN] PackLoader:240 - Cannot read IP mode file for STMicroelectronics.X-CUBE-SFXS2LP1.4.0.0
2023-06-15 09:53:40,314 [WARN] PackLoader:240 - Cannot read IP mode file for STMicroelectronics.X-CUBE-ISPU.1.1.0
2023-06-15 09:53:40,319 [WARN] PackLoader:240 - Cannot read IP mode file for STMicroelectronics.X-CUBE-AI.8.0.0
2023-06-15 09:53:40,325 [WARN] PackLoader:240 - Cannot read IP mode file for STMicroelectronics.X-CUBE-FREERTOS.1.0.1
2023-06-15 09:53:40,337 [WARN] PackLoader:240 - Cannot read IP mode file for STMicroelectronics.X-CUBE-AZRTOS-L5.1.1.0
2023-06-15 09:53:40,341 [WARN] PackLoader:240 - Cannot read IP mode file for STMicroelectronics.X-CUBE-AI.8.0.1
2023-06-15 09:53:40,365 [WARN] PackLoader:240 - Cannot read IP mode file for STMicroelectronics.X-CUBE-SUBG2.5.0.0
2023-06-15 09:53:40,382 [WARN] PackLoader:240 - Cannot read IP mode file for STMicroelectronics.X-CUBE-AZRTOS-G4.2.0.0
2023-06-15 09:53:40,399 [WARN] PackLoader:240 - Cannot read IP mode file for STMicroelectronics.X-CUBE-TOF1.3.3.0
2023-06-15 09:53:40,428 [WARN] PackLoader:240 - Cannot read IP mode file for STMicroelectronics.X-CUBE-AZRTOS-L4.1.0.0
2023-06-15 09:53:40,439 [WARN] PackLoader:240 - Cannot read IP mode file for STMicroelectronics.X-CUBE-AZRTOS-WL.1.0.0
2023-06-15 09:53:40,444 [WARN] PackLoader:240 - Cannot read IP mode file for portGmbH.I-Cube-SoM-uGOAL.1.1.0
2023-06-15 09:53:40,449 [WARN] PackLoader:240 - Cannot read IP mode file for STMicroelectronics.X-CUBE-ALS.1.0.1
2023-06-15 09:53:40,460 [WARN] PackLoader:240 - Cannot read IP mode file for STMicroelectronics.X-CUBE-AZRTOS-WB.1.1.0
2023-06-15 09:53:40,464 [WARN] PackLoader:240 - Cannot read IP mode file for STMicroelectronics.FP-ATR-ASTRA1.2.0.0
2023-06-15 09:53:40,464 [INFO] ThirdParty:978 - Integrity check success = true
2023-06-15 09:53:40,464 [INFO] IntegrityCheckThread:100 - exiting critical section [integrity check]
2023-06-15 09:53:40,465 [INFO] IntegrityCheckThread:103 - End integrity checks thread
2023-06-15 09:53:40,465 [INFO] ThirdParty:873 - entering critical section [close project]
2023-06-15 09:53:40,466 [INFO] ThirdParty:883 - exiting critical section [close project]
2023-06-15 09:53:40,470 [INFO] PinOutPanel:1499 - setPackage(No Configuration,No Configuration)
2023-06-15 09:53:40,476 [INFO] UtilMem:75 - Begin LoadConfig() Used Memory: 442971184 Bytes (461373440)
2023-06-15 09:53:41,005 [ERROR] ConfigurationRetriever:142 - IOException on connection: connect timed out
2023-06-15 09:53:46,557 [ERROR] ConfigurationRetriever:142 - IOException on connection: connect timed out
2023-06-15 10:55:04,792 [INFO] MainUpdater:2854 - connection check result : 10
2023-06-15 10:55:04,792 [INFO] MainUpdater:2854 - connection check result : 10
2023-06-15 10:55:04,806 [INFO] MicroXplorer:468 - Change Database Path : 
2023-06-15 10:55:04,806 [INFO] MicroXplorer:498 - Change Database Version : DB.6.0.81
2023-06-15 10:55:04,806 [WARN] ThirdParty:871 - waiting for thirdparty lock release [close project]
2023-06-15 10:55:04,806 [INFO] ThirdParty:873 - entering critical section [close project]
2023-06-15 10:55:04,806 [INFO] ThirdParty:883 - exiting critical section [close project]
2023-06-15 10:55:04,807 [INFO] PinOutPanel:1499 - setPackage(No Configuration,No Configuration)
2023-06-15 10:55:04,808 [INFO] UtilMem:75 - Begin LoadConfig() Used Memory: 416128912 Bytes (522190848)
2023-06-15 10:55:09,824 [INFO] ServerAccessManage:473 - Download File stm32cube_db_v6080.zip
2023-06-15 10:56:25,873 [INFO] FileExtend:240 - Unzip File : stm32cube_db_v6080.zip
2023-06-15 10:56:25,873 [INFO] FileExtend:255 - Standard Zip Deflate
2023-06-15 10:56:25,879 [ERROR] LogOutputStream:75 - [STDERR_REDIRECT] Exception in thread "AWT-EventQueue-0" java.lang.NullPointerException
2023-06-15 10:56:25,880 [ERROR] LogOutputStream:75 - [STDERR_REDIRECT] 	at java.desktop/javax.swing.plaf.basic.BasicProgressBarUI.updateSizes(BasicProgressBarUI.java:537)
2023-06-15 10:56:25,881 [ERROR] LogOutputStream:75 - [STDERR_REDIRECT] 	at java.desktop/javax.swing.plaf.basic.BasicProgressBarUI.getBox(BasicProgressBarUI.java:494)
2023-06-15 10:56:25,882 [ERROR] LogOutputStream:75 - [STDERR_REDIRECT] 	at java.desktop/javax.swing.plaf.metal.MetalProgressBarUI.paintIndeterminate(MetalProgressBarUI.java:163)
2023-06-15 10:56:25,882 [ERROR] LogOutputStream:75 - [STDERR_REDIRECT] 	at java.desktop/javax.swing.plaf.basic.BasicProgressBarUI.paint(BasicProgressBarUI.java:459)
2023-06-15 10:56:25,883 [ERROR] LogOutputStream:75 - [STDERR_REDIRECT] 	at java.desktop/javax.swing.plaf.ComponentUI.update(ComponentUI.java:161)
2023-06-15 10:56:25,884 [ERROR] LogOutputStream:75 - [STDERR_REDIRECT] 	at java.desktop/javax.swing.JComponent.paintComponent(JComponent.java:797)
2023-06-15 10:56:25,884 [ERROR] LogOutputStream:75 - [STDERR_REDIRECT] 	at java.desktop/javax.swing.JComponent.paint(JComponent.java:1074)
2023-06-15 10:56:25,885 [ERROR] LogOutputStream:75 - [STDERR_REDIRECT] 	at java.desktop/javax.swing.JComponent.paintToOffscreen(JComponent.java:5255)
2023-06-15 10:56:25,886 [ERROR] LogOutputStream:75 - [STDERR_REDIRECT] 	at java.desktop/javax.swing.BufferStrategyPaintManager.paint(BufferStrategyPaintManager.java:246)
2023-06-15 10:56:25,886 [ERROR] LogOutputStream:75 - [STDERR_REDIRECT] 	at java.desktop/javax.swing.RepaintManager.paint(RepaintManager.java:1323)
2023-06-15 10:56:25,887 [ERROR] LogOutputStream:75 - [STDERR_REDIRECT] 	at java.desktop/javax.swing.JComponent._paintImmediately(JComponent.java:5203)
2023-06-15 10:56:25,888 [ERROR] LogOutputStream:75 - [STDERR_REDIRECT] 	at java.desktop/javax.swing.JComponent.paintImmediately(JComponent.java:5013)
2023-06-15 10:56:25,888 [ERROR] LogOutputStream:75 - [STDERR_REDIRECT] 	at java.desktop/javax.swing.RepaintManager$4.run(RepaintManager.java:865)
2023-06-15 10:56:25,889 [ERROR] LogOutputStream:75 - [STDERR_REDIRECT] 	at java.desktop/javax.swing.RepaintManager$4.run(RepaintManager.java:848)
2023-06-15 10:56:25,890 [ERROR] LogOutputStream:75 - [STDERR_REDIRECT] 	at java.base/java.security.AccessController.doPrivileged(Native Method)
2023-06-15 10:56:25,890 [ERROR] LogOutputStream:75 - [STDERR_REDIRECT] 	at java.base/java.security.ProtectionDomain$JavaSecurityAccessImpl.doIntersectionPrivilege(ProtectionDomain.java:85)
2023-06-15 10:56:25,891 [ERROR] LogOutputStream:75 - [STDERR_REDIRECT] 	at java.desktop/javax.swing.RepaintManager.paintDirtyRegions(RepaintManager.java:848)
2023-06-15 10:56:25,892 [ERROR] LogOutputStream:75 - [STDERR_REDIRECT] 	at java.desktop/javax.swing.RepaintManager.paintDirtyRegions(RepaintManager.java:823)
2023-06-15 10:56:25,892 [ERROR] LogOutputStream:75 - [STDERR_REDIRECT] 	at java.desktop/javax.swing.RepaintManager.prePaintDirtyRegions(RepaintManager.java:772)
2023-06-15 10:56:25,893 [ERROR] LogOutputStream:75 - [STDERR_REDIRECT] 	at java.desktop/javax.swing.RepaintManager$ProcessingRunnable.run(RepaintManager.java:1890)
2023-06-15 10:56:25,894 [ERROR] LogOutputStream:75 - [STDERR_REDIRECT] 	at java.desktop/java.awt.event.InvocationEvent.dispatch(InvocationEvent.java:313)
2023-06-15 10:56:25,895 [ERROR] LogOutputStream:75 - [STDERR_REDIRECT] 	at java.desktop/java.awt.EventQueue.dispatchEventImpl(EventQueue.java:770)
2023-06-15 10:56:25,896 [ERROR] LogOutputStream:75 - [STDERR_REDIRECT] 	at java.desktop/java.awt.EventQueue$4.run(EventQueue.java:721)
2023-06-15 10:56:25,897 [ERROR] LogOutputStream:75 - [STDERR_REDIRECT] 	at java.desktop/java.awt.EventQueue$4.run(EventQueue.java:715)
2023-06-15 10:56:25,898 [ERROR] LogOutputStream:75 - [STDERR_REDIRECT] 	at java.base/java.security.AccessController.doPrivileged(Native Method)
2023-06-15 10:56:25,899 [ERROR] LogOutputStream:75 - [STDERR_REDIRECT] 	at java.base/java.security.ProtectionDomain$JavaSecurityAccessImpl.doIntersectionPrivilege(ProtectionDomain.java:85)
2023-06-15 10:56:25,900 [ERROR] LogOutputStream:75 - [STDERR_REDIRECT] 	at java.desktop/java.awt.EventQueue.dispatchEvent(EventQueue.java:740)
2023-06-15 10:56:25,901 [ERROR] LogOutputStream:75 - [STDERR_REDIRECT] 	at java.desktop/java.awt.EventDispatchThread.pumpOneEventForFilters(EventDispatchThread.java:203)
2023-06-15 10:56:25,902 [ERROR] LogOutputStream:75 - [STDERR_REDIRECT] 	at java.desktop/java.awt.EventDispatchThread.pumpEventsForFilter(EventDispatchThread.java:124)
2023-06-15 10:56:25,903 [ERROR] LogOutputStream:75 - [STDERR_REDIRECT] 	at java.desktop/java.awt.EventDispatchThread.pumpEventsForFilter(EventDispatchThread.java:117)
2023-06-15 10:56:25,904 [ERROR] LogOutputStream:75 - [STDERR_REDIRECT] 	at java.desktop/java.awt.WaitDispatchSupport$2.run(WaitDispatchSupport.java:190)
2023-06-15 10:56:25,904 [ERROR] LogOutputStream:75 - [STDERR_REDIRECT] 	at java.desktop/java.awt.WaitDispatchSupport$4.run(WaitDispatchSupport.java:235)
2023-06-15 10:56:25,905 [ERROR] LogOutputStream:75 - [STDERR_REDIRECT] 	at java.desktop/java.awt.WaitDispatchSupport$4.run(WaitDispatchSupport.java:233)
2023-06-15 10:56:25,905 [ERROR] LogOutputStream:75 - [STDERR_REDIRECT] 	at java.base/java.security.AccessController.doPrivileged(Native Method)
2023-06-15 10:56:25,905 [ERROR] LogOutputStream:75 - [STDERR_REDIRECT] 	at java.desktop/java.awt.WaitDispatchSupport.enter(WaitDispatchSupport.java:233)
2023-06-15 10:56:25,906 [ERROR] LogOutputStream:75 - [STDERR_REDIRECT] 	at java.desktop/java.awt.Dialog.show(Dialog.java:1070)
2023-06-15 10:56:25,906 [ERROR] LogOutputStream:75 - [STDERR_REDIRECT] 	at com.st.microxplorer.plugins.updater.gui.ProgressBarDialog.startProgressBar(ProgressBarDialog.java:154)
2023-06-15 10:56:25,906 [ERROR] LogOutputStream:75 - [STDERR_REDIRECT] 	at com.st.microxplorer.plugins.updater.engine.MainUpdater.loadDatabaseName(MainUpdater.java:2112)
2023-06-15 10:56:25,907 [ERROR] LogOutputStream:75 - [STDERR_REDIRECT] 	at com.st.microxplorer.plugins.updater.Updater.getSpecificTask(Updater.java:346)
2023-06-15 10:56:25,907 [ERROR] LogOutputStream:75 - [STDERR_REDIRECT] 	at com.st.microxplorer.plugins.projectmanager.engine.MainProjectManager.getLoadedFileDbVersion(MainProjectManager.java:1014)
2023-06-15 10:56:25,908 [ERROR] LogOutputStream:75 - [STDERR_REDIRECT] 	at com.st.microxplorer.plugins.projectmanager.ProjectManagerView.getSpecificTask(ProjectManagerView.java:689)
2023-06-15 10:56:25,909 [ERROR] LogOutputStream:75 - [STDERR_REDIRECT] 	at com.st.microxplorer.plugins.filemanager.engine.OpenFileManager.LoadConfig(OpenFileManager.java:305)
2023-06-15 10:56:25,909 [ERROR] LogOutputStream:75 - [STDERR_REDIRECT] 	at com.st.microxplorer.plugins.filemanager.engine.OpenFileManager.loadConfigurationFile(OpenFileManager.java:246)
2023-06-15 10:56:25,910 [ERROR] LogOutputStream:75 - [STDERR_REDIRECT] 	at com.st.microxplorer.plugins.filemanager.engine.MainFileManager.userLoadConfig(MainFileManager.java:285)
2023-06-15 10:56:25,910 [ERROR] LogOutputStream:75 - [STDERR_REDIRECT] 	at com.st.microxplorer.plugins.filemanager.FileManagerView.getSpecificTask(FileManagerView.java:246)
2023-06-15 10:56:25,910 [ERROR] LogOutputStream:75 - [STDERR_REDIRECT] 	at com.st.stm32cube.common.mx.editor.CubeMxEditor.getMxTabbedPaneInstance(CubeMxEditor.java:1190)
2023-06-15 10:56:25,911 [ERROR] LogOutputStream:75 - [STDERR_REDIRECT] 	at com.st.stm32cube.common.mx.editor.CubeMxEditor$12$1.createSwingComponent(CubeMxEditor.java:1071)
2023-06-15 10:56:25,912 [ERROR] LogOutputStream:75 - [STDERR_REDIRECT] 	at com.st.stm32cube.common.mx.oss.core.awtswtbridge.EmbeddedSwingComposite.doComponentCreation(EmbeddedSwingComposite.java:492)
2023-06-15 10:56:25,912 [ERROR] LogOutputStream:75 - [STDERR_REDIRECT] 	at com.st.stm32cube.common.mx.oss.core.awtswtbridge.EmbeddedSwingComposite$4.run(EmbeddedSwingComposite.java:291)
2023-06-15 10:56:25,913 [ERROR] LogOutputStream:75 - [STDERR_REDIRECT] 	at com.st.stm32cube.common.mx.oss.core.awtswtbridge.AwtEnvironment$2.run(AwtEnvironment.java:166)
2023-06-15 10:56:25,913 [ERROR] LogOutputStream:75 - [STDERR_REDIRECT] 	at java.desktop/java.awt.event.InvocationEvent.dispatch(InvocationEvent.java:313)
2023-06-15 10:56:25,913 [ERROR] LogOutputStream:75 - [STDERR_REDIRECT] 	at java.desktop/java.awt.EventQueue.dispatchEventImpl(EventQueue.java:770)
2023-06-15 10:56:25,914 [ERROR] LogOutputStream:75 - [STDERR_REDIRECT] 	at java.desktop/java.awt.EventQueue$4.run(EventQueue.java:721)
2023-06-15 10:56:25,914 [ERROR] LogOutputStream:75 - [STDERR_REDIRECT] 	at java.desktop/java.awt.EventQueue$4.run(EventQueue.java:715)
2023-06-15 10:56:25,914 [ERROR] LogOutputStream:75 - [STDERR_REDIRECT] 	at java.base/java.security.AccessController.doPrivileged(Native Method)
2023-06-15 10:56:25,914 [ERROR] LogOutputStream:75 - [STDERR_REDIRECT] 	at java.base/java.security.ProtectionDomain$JavaSecurityAccessImpl.doIntersectionPrivilege(ProtectionDomain.java:85)
2023-06-15 10:56:25,914 [ERROR] LogOutputStream:75 - [STDERR_REDIRECT] 	at java.desktop/java.awt.EventQueue.dispatchEvent(EventQueue.java:740)
2023-06-15 10:56:25,915 [ERROR] LogOutputStream:75 - [STDERR_REDIRECT] 	at java.desktop/java.awt.EventDispatchThread.pumpOneEventForFilters(EventDispatchThread.java:203)
2023-06-15 10:56:25,915 [ERROR] LogOutputStream:75 - [STDERR_REDIRECT] 	at java.desktop/java.awt.EventDispatchThread.pumpEventsForFilter(EventDispatchThread.java:124)
2023-06-15 10:56:25,915 [ERROR] LogOutputStream:75 - [STDERR_REDIRECT] 	at java.desktop/java.awt.EventDispatchThread.pumpEventsForHierarchy(EventDispatchThread.java:113)
2023-06-15 10:56:25,915 [ERROR] LogOutputStream:75 - [STDERR_REDIRECT] 	at java.desktop/java.awt.EventDispatchThread.pumpEvents(EventDispatchThread.java:109)
2023-06-15 10:56:25,916 [ERROR] LogOutputStream:75 - [STDERR_REDIRECT] 	at java.desktop/java.awt.EventDispatchThread.pumpEvents(EventDispatchThread.java:101)
2023-06-15 10:56:25,916 [ERROR] LogOutputStream:75 - [STDERR_REDIRECT] 	at java.desktop/java.awt.EventDispatchThread.run(EventDispatchThread.java:90)
2023-06-15 10:56:27,500 [INFO] LoadServerPackagesThread:196 - End of LoadServerPackages Thread
2023-06-15 10:56:27,635 [INFO] CheckServerUpdateThread:120 - End of CheckServer Thread
2023-06-15 10:56:27,640 [INFO] MicroXplorer:468 - Change Database Path : /home/dinesh/.stm32cubemx/databases/DB.6.0.80/db/
2023-06-15 10:56:27,640 [INFO] MicroXplorer:498 - Change Database Version : DB.6.0.80
2023-06-15 10:56:27,640 [INFO] OpenFileManager:308 - Change cursor
2023-06-15 10:56:27,678 [INFO] Mcu:1937 - Initializing MCU STM32F411R(C-E)Tx STM32F411RETx STM32F411RET6
2023-06-15 10:56:28,696 [INFO] Context:659 - Trying to add GPIOservice into a context  which must be forbidden
2023-06-15 10:56:29,300 [INFO] RtosManager:555 - Registered RTOS mode: class=CMSIS, group=RTOS, mode=CMSIS_V1, owner=FREERTOS
2023-06-15 10:56:29,300 [INFO] RtosManager:555 - Registered RTOS mode: class=CMSIS, group=RTOS2, mode=CMSIS_V2, owner=FREERTOS
2023-06-15 10:56:29,300 [INFO] RtosManager:555 - Registered RTOS mode: class=RTOS, group=Core, mode=CMSIS_V1, owner=FREERTOS
2023-06-15 10:56:29,300 [INFO] RtosManager:555 - Registered RTOS mode: class=RTOS, group=Core, mode=CMSIS_V2, owner=FREERTOS
2023-06-15 10:56:29,300 [WARN] ModelIntegratedComponent:184 - Missing modes for component STMicroelectronics:FreeRTOS:0.0.1:STMicroelectronics:RTOS:FreeRTOS:Core:::10.2.0:
2023-06-15 10:56:29,306 [WARN] ModelIntegratedComponent:182 - Modes not found for component STMicroelectronics:USB_HOST:1.0.0:STMicroelectronics:USB::USB Host:Audio HS::1.0:USB_HOST_1_0_RESTRICTED_HS
2023-06-15 10:56:29,307 [WARN] ModelIntegratedComponent:188 - Modes not found for component STMicroelectronics:USB_HOST:1.0.0:STMicroelectronics:USB::USB Host:Audio HS::1.0:USB_HOST_1_0_RESTRICTED_HS
2023-06-15 10:56:29,307 [WARN] ModelIntegratedComponent:182 - Modes not found for component STMicroelectronics:USB_HOST:1.0.0:STMicroelectronics:USB::USB Host:CDC HS::1.0:USB_HOST_1_0_RESTRICTED_HS
2023-06-15 10:56:29,307 [WARN] ModelIntegratedComponent:188 - Modes not found for component STMicroelectronics:USB_HOST:1.0.0:STMicroelectronics:USB::USB Host:CDC HS::1.0:USB_HOST_1_0_RESTRICTED_HS
2023-06-15 10:56:29,307 [WARN] ModelIntegratedComponent:182 - Modes not found for component STMicroelectronics:USB_HOST:1.0.0:STMicroelectronics:USB::USB Host:MSC HS::1.0:USB_HOST_1_0_RESTRICTED_HS
2023-06-15 10:56:29,307 [WARN] ModelIntegratedComponent:188 - Modes not found for component STMicroelectronics:USB_HOST:1.0.0:STMicroelectronics:USB::USB Host:MSC HS::1.0:USB_HOST_1_0_RESTRICTED_HS
2023-06-15 10:56:29,307 [WARN] ModelIntegratedComponent:182 - Modes not found for component STMicroelectronics:USB_HOST:1.0.0:STMicroelectronics:USB::USB Host:HID HS::1.0:USB_HOST_1_0_RESTRICTED_HS
2023-06-15 10:56:29,307 [WARN] ModelIntegratedComponent:188 - Modes not found for component STMicroelectronics:USB_HOST:1.0.0:STMicroelectronics:USB::USB Host:HID HS::1.0:USB_HOST_1_0_RESTRICTED_HS
2023-06-15 10:56:29,307 [WARN] ModelIntegratedComponent:182 - Modes not found for component STMicroelectronics:USB_HOST:1.0.0:STMicroelectronics:USB::USB Host:MTP HS::1.0:USB_HOST_1_0_RESTRICTED_HS
2023-06-15 10:56:29,307 [WARN] ModelIntegratedComponent:188 - Modes not found for component STMicroelectronics:USB_HOST:1.0.0:STMicroelectronics:USB::USB Host:MTP HS::1.0:USB_HOST_1_0_RESTRICTED_HS
2023-06-15 10:56:29,317 [WARN] ModelIntegratedComponent:63 - No mode defined for component null
2023-06-15 10:56:29,317 [WARN] ModelIntegratedComponent:63 - No mode defined for component null
2023-06-15 10:56:29,317 [WARN] ModelIntegratedComponent:63 - No mode defined for component null
2023-06-15 10:56:29,317 [WARN] ModelIntegratedComponent:63 - No mode defined for component null
2023-06-15 10:56:29,317 [WARN] ModelIntegratedComponent:63 - No mode defined for component null
2023-06-15 10:56:29,317 [WARN] ModelIntegratedComponent:63 - No mode defined for component null
2023-06-15 10:56:29,317 [WARN] ModelIntegratedComponent:63 - No mode defined for component null
2023-06-15 10:56:29,317 [WARN] ModelIntegratedComponent:63 - No mode defined for component null
2023-06-15 10:56:29,317 [WARN] ModelIntegratedComponent:63 - No mode defined for component null
2023-06-15 10:56:29,317 [WARN] ModelIntegratedComponent:63 - No mode defined for component null
2023-06-15 10:56:29,318 [WARN] ModelIntegratedComponent:63 - No mode defined for component null
2023-06-15 10:56:29,318 [WARN] ModelIntegratedComponent:63 - No mode defined for component null
2023-06-15 10:56:29,318 [WARN] ModelIntegratedComponent:63 - No mode defined for component null
2023-06-15 10:56:29,318 [WARN] ModelIntegratedComponent:63 - No mode defined for component null
2023-06-15 10:56:29,318 [WARN] ModelIntegratedComponent:63 - No mode defined for component null
2023-06-15 10:56:29,318 [WARN] ModelIntegratedComponent:63 - No mode defined for component null
2023-06-15 10:56:29,318 [WARN] ModelIntegratedComponent:63 - No mode defined for component null
2023-06-15 10:56:29,318 [WARN] ModelIntegratedComponent:63 - No mode defined for component null
2023-06-15 10:56:29,318 [WARN] ModelIntegratedComponent:63 - No mode defined for component null
2023-06-15 10:56:29,318 [WARN] ModelIntegratedComponent:63 - No mode defined for component null
2023-06-15 10:56:29,318 [WARN] ModelIntegratedComponent:63 - No mode defined for component null
2023-06-15 10:56:29,318 [WARN] ModelIntegratedComponent:63 - No mode defined for component null
2023-06-15 10:56:29,318 [WARN] ModelIntegratedComponent:63 - No mode defined for component null
2023-06-15 10:56:29,318 [WARN] ModelIntegratedComponent:63 - No mode defined for component null
2023-06-15 10:56:29,318 [WARN] ModelIntegratedComponent:63 - No mode defined for component null
2023-06-15 10:56:29,319 [WARN] ModelIntegratedComponent:63 - No mode defined for component null
2023-06-15 10:56:29,319 [WARN] ModelIntegratedComponent:63 - No mode defined for component null
2023-06-15 10:56:29,319 [WARN] ModelIntegratedComponent:63 - No mode defined for component null
2023-06-15 10:56:29,319 [WARN] ModelIntegratedComponent:63 - No mode defined for component null
2023-06-15 10:56:29,319 [WARN] ModelIntegratedComponent:63 - No mode defined for component null
2023-06-15 10:56:29,319 [WARN] ModelIntegratedComponent:63 - No mode defined for component null
2023-06-15 10:56:29,319 [WARN] ModelIntegratedComponent:63 - No mode defined for component null
2023-06-15 10:56:29,319 [WARN] ModelIntegratedComponent:63 - No mode defined for component null
2023-06-15 10:56:29,330 [WARN] ModelIntegratedComponent:182 - Modes not found for component STMicroelectronics:USB_DEVICE:1.0.0:STMicroelectronics:USB::USB Device:Audio HS::1.0:USB_DEVICE_1_0_RESTRICTED_HS
2023-06-15 10:56:29,330 [WARN] ModelIntegratedComponent:188 - Modes not found for component STMicroelectronics:USB_DEVICE:1.0.0:STMicroelectronics:USB::USB Device:Audio HS::1.0:USB_DEVICE_1_0_RESTRICTED_HS
2023-06-15 10:56:29,330 [WARN] ModelIntegratedComponent:182 - Modes not found for component STMicroelectronics:USB_DEVICE:1.0.0:STMicroelectronics:USB::USB Device:CDC HS::1.0:USB_DEVICE_1_0_RESTRICTED_HS
2023-06-15 10:56:29,330 [WARN] ModelIntegratedComponent:188 - Modes not found for component STMicroelectronics:USB_DEVICE:1.0.0:STMicroelectronics:USB::USB Device:CDC HS::1.0:USB_DEVICE_1_0_RESTRICTED_HS
2023-06-15 10:56:29,331 [WARN] ModelIntegratedComponent:182 - Modes not found for component STMicroelectronics:USB_DEVICE:1.0.0:STMicroelectronics:USB::USB Device:DFU HS::1.0:USB_DEVICE_1_0_RESTRICTED_HS
2023-06-15 10:56:29,331 [WARN] ModelIntegratedComponent:188 - Modes not found for component STMicroelectronics:USB_DEVICE:1.0.0:STMicroelectronics:USB::USB Device:DFU HS::1.0:USB_DEVICE_1_0_RESTRICTED_HS
2023-06-15 10:56:29,331 [WARN] ModelIntegratedComponent:182 - Modes not found for component STMicroelectronics:USB_DEVICE:1.0.0:STMicroelectronics:USB::USB Device:HID HS::1.0:USB_DEVICE_1_0_RESTRICTED_HS
2023-06-15 10:56:29,331 [WARN] ModelIntegratedComponent:188 - Modes not found for component STMicroelectronics:USB_DEVICE:1.0.0:STMicroelectronics:USB::USB Device:HID HS::1.0:USB_DEVICE_1_0_RESTRICTED_HS
2023-06-15 10:56:29,331 [WARN] ModelIntegratedComponent:182 - Modes not found for component STMicroelectronics:USB_DEVICE:1.0.0:STMicroelectronics:USB::USB Device:Custom HID HS::1.0:USB_DEVICE_1_0_RESTRICTED_HS
2023-06-15 10:56:29,331 [WARN] ModelIntegratedComponent:188 - Modes not found for component STMicroelectronics:USB_DEVICE:1.0.0:STMicroelectronics:USB::USB Device:Custom HID HS::1.0:USB_DEVICE_1_0_RESTRICTED_HS
2023-06-15 10:56:29,331 [WARN] ModelIntegratedComponent:182 - Modes not found for component STMicroelectronics:USB_DEVICE:1.0.0:STMicroelectronics:USB::USB Device:MSC HS::1.0:USB_DEVICE_1_0_RESTRICTED_HS
2023-06-15 10:56:29,331 [WARN] ModelIntegratedComponent:188 - Modes not found for component STMicroelectronics:USB_DEVICE:1.0.0:STMicroelectronics:USB::USB Device:MSC HS::1.0:USB_DEVICE_1_0_RESTRICTED_HS
2023-06-15 10:56:29,346 [INFO] ThirdPartyModel:298 - Start build external matchings
2023-06-15 10:56:29,577 [INFO] ThirdPartyModel:316 - End build external matchings
2023-06-15 10:56:29,600 [INFO] ImportTextPane:194 - (OptionalMessage_ERROR) IP (DMA) : Parameter (Instance) has Id (ADC1) currently not set
2023-06-15 10:56:29,600 [INFO] ImportTextPane:194 - (OptionalMessage_ERROR) IP (DMA) : Parameter (Channel) has Id (ADC1) currently not set
2023-06-15 10:56:29,600 [INFO] ImportTextPane:194 - (OptionalMessage_ERROR) IP (DMA) : Parameter (Direction) has Id (ADC1) currently not set
2023-06-15 10:56:29,600 [INFO] ImportTextPane:194 - (OptionalMessage_ERROR) IP (DMA) : Parameter (PeriphInc) has Id (ADC1) currently not set
2023-06-15 10:56:29,600 [INFO] ImportTextPane:194 - (OptionalMessage_ERROR) IP (DMA) : Parameter (MemInc) has Id (ADC1) currently not set
2023-06-15 10:56:29,601 [INFO] ImportTextPane:194 - (OptionalMessage_ERROR) IP (DMA) : Parameter (PeriphDataAlignment) has Id (ADC1) currently not set
2023-06-15 10:56:29,601 [INFO] ImportTextPane:194 - (OptionalMessage_ERROR) IP (DMA) : Parameter (MemDataAlignment) has Id (ADC1) currently not set
2023-06-15 10:56:29,601 [INFO] ImportTextPane:194 - (OptionalMessage_ERROR) IP (DMA) : Parameter (Mode) has Id (ADC1) currently not set
2023-06-15 10:56:29,601 [INFO] ImportTextPane:194 - (OptionalMessage_ERROR) IP (DMA) : Parameter (Priority) has Id (ADC1) currently not set
2023-06-15 10:56:29,601 [INFO] ImportTextPane:194 - (OptionalMessage_ERROR) IP (DMA) : Parameter (FIFOMode) has Id (ADC1) currently not set
2023-06-15 10:56:29,607 [INFO] ImportTextPane:194 - (OptionalMessage_ERROR) IP (RCC) : Parameter (RTCHSEDivFreq_Value) has invalid value (12500000)
2023-06-15 10:56:29,782 [INFO] UtilMem:75 - End LoadConfig() Used Memory: 803471968 Bytes (1073741824)
2023-06-15 10:56:29,888 [INFO] ApiDb:581 - Connected to CubeFinder SQLite database (/home/dinesh/.stmcufinder/plugins/mcufinder/mcu/cube-finder-db.db)
2023-06-15 10:56:29,981 [INFO] ApiDb:668 - CubeFinder database Data Model version=2.1
2023-06-15 10:56:29,982 [INFO] ApiDb:669 - CubeFinder database Configuration version=3.0.35
2023-06-15 10:56:29,986 [INFO] ApiDb:670 - CubeFinder database generation date=2023-05-12 (1683877179)
2023-06-15 10:56:29,986 [INFO] ApiDb:671 - CubeFinder database FW Pack versions=[FP-ATR-ASTRA1_V2.0.0, FP-SNS-FLIGHT1_V5.0.0, FP-SNS-MOTENV1_V4.3.0, STM32Cube_FW_C0_V1.0.1, STM32Cube_FW_F0_V1.11.4, STM32Cube_FW_F3_V1.11.4, STM32Cube_FW_F4_V1.27.1, STM32Cube_FW_F7_V1.17.0, STM32Cube_FW_G0_V1.6.1, STM32Cube_FW_G4_V1.5.1, STM32Cube_FW_H5_V0.5.1, STM32Cube_FW_H5_V1.0.0, STM32Cube_FW_H7_V1.11.0, STM32Cube_FW_L0_V1.12.2, STM32Cube_FW_L5_V1.5.0, STM32Cube_FW_U5_V1.2.0, STM32Cube_FW_WBA_V1.0.0, STM32Cube_FW_WBA_V1.0.0RC1, STM32Cube_FW_WBA_V1.0.0RC3, STM32Cube_FW_WB_V1.15.0RC1, STM32Cube_FW_WB_V1.16.0, STM32Cube_FW_WB_V1.16.0RC2, STM32Cube_FW_WL_V1.3.0, X-CUBE-ALGOBUILD_V1.3.0, X-CUBE-ALS_V1.0.1, X-CUBE-AZRTOS-F4_V1.1.0, X-CUBE-AZRTOS-F7_V1.1.0, X-CUBE-AZRTOS-G0_V1.1.0, X-CUBE-AZRTOS-G4_V2.0.0, X-CUBE-AZRTOS-H7_V3.1.0, X-CUBE-AZRTOS-L4_V1.0.0, X-CUBE-AZRTOS-L5_V1.1.0, X-CUBE-AZRTOS-WB_V1.1.0, X-CUBE-AZRTOS-WL_V1.0.0, X-CUBE-BLE1_V6.2.4, X-CUBE-BLE2_V3.3.0, X-CUBE-BLEMGR_V2.0.0, X-CUBE-EEPRMA1_V4.1.0, X-CUBE-FREERTOS_V1.0.1, X-CUBE-GNSS1_V6.0.0, X-CUBE-MEMS1_V9.1.0, X-CUBE-MEMS1_V9.4.0, X-CUBE-MEMS1_V9.6.0, X-CUBE-NFC4_V3.0.0, X-CUBE-NFC7_V1.0.0, X-CUBE-SFXS2LP1_V4.0.0, X-CUBE-SUBG2_V5.0.0]
2023-06-15 10:56:31,928 [INFO] ApiDb:240 - Found 297 in-development CPN: [B-G473E-ZEST1S, B-WB1M-WPAN1, B-WL5M-SUBG1, NUCLEO-C031C6, NUCLEO-H503RB, NUCLEO-H563ZI, NUCLEO-U545RE-Q, NUCLEO-U5A5ZJ-Q, NUCLEO-WBA52CG, STEVAL-PROTEUS1, STEVAL-STWINBX1, STM320518-EVAL, STM32C0116-DK, STM32C011D6Y3TR, STM32C011D6Y6TR, STM32C011F4P3, STM32C011F4P6, STM32C011F4U3, STM32C011F4U6TR, STM32C011F6P3, STM32C011F6P6, STM32C011F6U3, STM32C011F6U6TR, STM32C011J4M3, STM32C011J4M6, STM32C011J6M3, STM32C011J6M6, STM32C0316-DK, STM32C031C4T3, STM32C031C4T6, STM32C031C4U3, STM32C031C4U6, STM32C031C6T3, STM32C031C6T6, STM32C031C6U3, STM32C031C6U6, STM32C031F4P3, STM32C031F4P6, STM32C031F6P3, STM32C031F6P6, STM32C031G4U3, STM32C031G4U6, STM32C031G6U3, STM32C031G6U6, STM32C031K4T3, STM32C031K4T6, STM32C031K4U3, STM32C031K4U6, STM32C031K6T3, STM32C031K6T6, STM32C031K6U3, STM32C031K6U6, STM32G071K8TXN, STM32G071K8UXN, STM32G081GBU6N, STM32G081KBT6N, STM32G081KBUXN, STM32G0B1CCT6N, STM32G0B1KCT6, STM32G0B1NEY6TR, STM32G0B1RCT6N, STM32G0C1CCT6, STM32G0C1CCT6N, STM32G0C1CCU6N, STM32G0C1CET6N, STM32G0C1CEU6N, STM32G0C1KCT6, STM32G0C1NEY6TR, STM32G0C1RCI6N, STM32G0C1RCT6N, STM32G0C1REI6N, STM32G0C1RET6N, STM32G0C1VCI6, STM32G0C1VEI6, STM32G471CCT6, STM32G471CCU6, STM32G471CET3, STM32G471CET6, STM32G471CEU3, STM32G471CEU6, STM32G471MCT6, STM32G471MET3, STM32G471MET6, STM32G471MEY6TR, STM32G471QCT6, STM32G471QET3, STM32G471RCT6, STM32G471RET3, STM32G471RET6, STM32G471VCH6, STM32G471VCI6, STM32G471VCT6, STM32G471VEH3, STM32G471VEH6, STM32G471VEI3, STM32G471VEI6, STM32G471VET3, STM32G471VET6, STM32G474CCT6, STM32H503CBT6, STM32H503CBU6, STM32H503EBY6TR, STM32H503KBU6, STM32H503RBT6, STM32H562AGI6, STM32H562AII6, STM32H562IGK6, STM32H562IGT6, STM32H562IIK6, STM32H562IIT6, STM32H562RGT6, STM32H562RGV6, STM32H562RIT6, STM32H562RIV6, STM32H562VGT6, STM32H562VIT6, STM32H562ZGT6, STM32H562ZIT6, STM32H563AGI6, STM32H563AII3Q, STM32H563AII6, STM32H563IGK6, STM32H563IGT6, STM32H563IIK3Q, STM32H563IIK6, STM32H563IIT3Q, STM32H563IIT6, STM32H563MIY3QTR, STM32H563RGT6, STM32H563RGV6, STM32H563RIT6, STM32H563RIV6, STM32H563VGT6, STM32H563VIT3Q, STM32H563VIT6, STM32H563ZGT6, STM32H563ZIT3Q, STM32H563ZIT6, STM32H573AII3Q, STM32H573AII6, STM32H573I-DK, STM32H573IIK3Q, STM32H573IIK6, STM32H573IIT3Q, STM32H573IIT6, STM32H573MIY3QTR, STM32H573RIT6, STM32H573RIV6, STM32H573VIT3Q, STM32H573VIT6, STM32H573ZIT3Q, STM32H573ZIT6, STM32L4R5QGI6STR, STM32MP131AAE3, STM32MP131AAF3, STM32MP131AAG3, STM32MP131CAE3, STM32MP131CAF3, STM32MP131CAG3, STM32MP131DAE7, STM32MP131DAF7, STM32MP131DAG7, STM32MP131FAE7, STM32MP131FAF7, STM32MP131FAG7, STM32MP133AAE3, STM32MP133AAF3, STM32MP133AAG3, STM32MP133CAE3, STM32MP133CAF3, STM32MP133CAG3, STM32MP133DAE7, STM32MP133DAF7, STM32MP133DAG7, STM32MP133FAE7, STM32MP133FAF7, STM32MP133FAG7, STM32MP135AAE3, STM32MP135AAF3, STM32MP135AAG3, STM32MP135CAE3, STM32MP135CAF3, STM32MP135CAG3, STM32MP135DAE7, STM32MP135DAF7, STM32MP135DAG7, STM32MP135F-DK, STM32MP135FAE7, STM32MP135FAF7, STM32MP135FAF7T, STM32MP135FAF7U, STM32MP135FAG7, STM32U535CBT6, STM32U535CBT6Q, STM32U535CBU6, STM32U535CBU6Q, STM32U535CCT6, STM32U535CCT6Q, STM32U535CCU6, STM32U535CCU6Q, STM32U535CET6, STM32U535CET6Q, STM32U535CEU6, STM32U535CEU6Q, STM32U535JEY6QTR, STM32U535NCY6QTR, STM32U535NEY6QTR, STM32U535RBI6, STM32U535RBI6Q, STM32U535RBT6, STM32U535RBT6Q, STM32U535RCI6, STM32U535RCI6Q, STM32U535RCT6, STM32U535RCT6Q, STM32U535REI6, STM32U535REI6Q, STM32U535RET6, STM32U535RET6Q, STM32U535VCI6, STM32U535VCI6Q, STM32U535VCT6, STM32U535VCT6Q, STM32U535VEI6, STM32U535VEI6Q, STM32U535VET6, STM32U535VET6Q, STM32U545CET6, STM32U545CET6Q, STM32U545CEU6, STM32U545CEU6Q, STM32U545JEY6QTR, STM32U545NEY6QTR, STM32U545REI6, STM32U545REI6Q, STM32U545RET6, STM32U545RET6Q, STM32U545VEI6, STM32U545VEI6Q, STM32U545VET6, STM32U545VET6Q, STM32U595AIH6, STM32U595AIH6Q, STM32U595AJH6, STM32U595AJH6Q, STM32U595QII6, STM32U595QII6Q, STM32U595QJI6, STM32U595QJI6Q, STM32U595RIT6, STM32U595RIT6Q, STM32U595RJT6, STM32U595RJT6Q, STM32U595VIT6, STM32U595VIT6Q, STM32U595VJT6, STM32U595VJT6Q, STM32U595ZIT6, STM32U595ZIT6Q, STM32U595ZIY6QTR, STM32U595ZJT6, STM32U595ZJT6Q, STM32U595ZJY6QTR, STM32U599BJY6QTR, STM32U599NIH6Q, STM32U599NJH6Q, STM32U599VIT6Q, STM32U599VJT6, STM32U599VJT6Q, STM32U599ZIT6Q, STM32U599ZIY6QTR, STM32U599ZJT6Q, STM32U599ZJY6QTR, STM32U5A5AJH6, STM32U5A5AJH6Q, STM32U5A5QJI6, STM32U5A5QJI6Q, STM32U5A5RJT6, STM32U5A5RJT6Q, STM32U5A5VJT6, STM32U5A5VJT6Q, STM32U5A5ZJT6, STM32U5A5ZJT6Q, STM32U5A5ZJY6QTR, STM32U5A9BJY6QTR, STM32U5A9J-DK, STM32U5A9NJH6Q, STM32U5A9VJT6Q, STM32U5A9ZJT6Q, STM32U5A9ZJY6QTR, STM32WB1MMCH6, STM32WBA52CEU6, STM32WBA52CEU6T, STM32WBA52CGU6, STM32WBA52CGU6T, STM32WL5MOCH6, STM32WL5MOCH6TR]
2023-06-15 10:56:31,933 [INFO] DbMcus:216 - Found 3775 MCUs, 3775 are supported
2023-06-15 10:56:31,935 [INFO] ApiDb:423 - Load user favorites file /home/dinesh/.stm32cubeide/favorites.mcus.txt: 0 item(s)
2023-06-15 10:56:31,935 [INFO] ApiDb:427 - User favorites MCUs=[]
2023-06-15 10:56:31,935 [INFO] DbMcus:222 - Set 0 / 0 favorites MCUs
2023-06-15 10:56:32,271 [WARN] ThirdParty:833 - waiting for thirdparty lock release [change project]
2023-06-15 10:56:32,271 [INFO] ThirdParty:835 - entering critical section [change project]
2023-06-15 10:56:32,271 [INFO] ThirdParty:1030 - CMSIS Pack Vendor :STMicroelectronics X-CUBE-ISPU 1.1.0
2023-06-15 10:56:32,271 [INFO] ThirdParty:1030 - CMSIS Pack Vendor :STMicroelectronics X-CUBE-GNSS1 6.0.0
2023-06-15 10:56:32,271 [INFO] ThirdParty:1030 - CMSIS Pack Vendor :STMicroelectronics USB_HOST 2.0.0
2023-06-15 10:56:32,271 [INFO] ThirdParty:1030 - CMSIS Pack Vendor :STMicroelectronics X-CUBE-AZRTOS-F4 1.1.0
2023-06-15 10:56:32,271 [INFO] ThirdParty:1030 - CMSIS Pack Vendor :STMicroelectronics LIBJPEG 8.0.0
2023-06-15 10:56:32,272 [INFO] ThirdParty:1030 - CMSIS Pack Vendor :STMicroelectronics X-CUBE-SMBUS 2.1.0
2023-06-15 10:56:32,272 [INFO] ThirdParty:1030 - CMSIS Pack Vendor :wolfSSL I-CUBE-wolfSSL 5.6.0
2023-06-15 10:56:32,272 [INFO] ThirdParty:1030 - CMSIS Pack Vendor :STMicroelectronics USB_DEVICE 3.0.0
2023-06-15 10:56:32,272 [INFO] ThirdParty:1030 - CMSIS Pack Vendor :STMicroelectronics X-CUBE-AI 8.0.0
2023-06-15 10:56:32,272 [INFO] ThirdParty:1030 - CMSIS Pack Vendor :STMicroelectronics X-CUBE-FREERTOS 1.0.1
2023-06-15 10:56:32,272 [INFO] ThirdParty:1030 - CMSIS Pack Vendor :STMicroelectronics X-CUBE-TOUCHGFX 4.21.3
2023-06-15 10:56:32,272 [INFO] ThirdParty:1030 - CMSIS Pack Vendor :STMicroelectronics X-CUBE-AZRTOS-F7 1.1.0
2023-06-15 10:56:32,272 [INFO] ThirdParty:1030 - CMSIS Pack Vendor :STMicroelectronics X-CUBE-TOUCHGFX 4.21.4
2023-06-15 10:56:32,272 [INFO] ThirdParty:1030 - CMSIS Pack Vendor :STMicroelectronics USB_DEVICE 2.0.0
2023-06-15 10:56:32,272 [INFO] ThirdParty:1030 - CMSIS Pack Vendor :STMicroelectronics X-CUBE-MEMS1 9.6.0
2023-06-15 10:56:32,272 [INFO] ThirdParty:1030 - CMSIS Pack Vendor :STMicroelectronics FP-SNS-MOTENV1 4.3.0
2023-06-15 10:56:32,272 [INFO] ThirdParty:1030 - CMSIS Pack Vendor :STMicroelectronics FP-SNS-FLIGHT1 5.0.0
2023-06-15 10:56:32,272 [INFO] ThirdParty:1030 - CMSIS Pack Vendor :STMicroelectronics FP-SNS-MOTENV1 4.3.1
2023-06-15 10:56:32,272 [INFO] ThirdParty:1030 - CMSIS Pack Vendor :STMicroelectronics FP-SNS-FLIGHT1 5.0.1
2023-06-15 10:56:32,272 [INFO] ThirdParty:1030 - CMSIS Pack Vendor :STMicroelectronics X-CUBE-ALGOBUILD 1.3.0
2023-06-15 10:56:32,272 [INFO] ThirdParty:1030 - CMSIS Pack Vendor :STMicroelectronics X-CUBE-BLE1 6.2.4
2023-06-15 10:56:32,272 [INFO] ThirdParty:1030 - CMSIS Pack Vendor :STMicroelectronics X-CUBE-AZRTOS-L5 1.1.0
2023-06-15 10:56:32,272 [INFO] ThirdParty:1030 - CMSIS Pack Vendor :STMicroelectronics FreeRTOS 0.0.1
2023-06-15 10:56:32,272 [INFO] ThirdParty:1030 - CMSIS Pack Vendor :STMicroelectronics X-CUBE-AZRTOS-G0 1.1.0
2023-06-15 10:56:32,272 [INFO] ThirdParty:1030 - CMSIS Pack Vendor :emotas I-CUBE-CANOPEN 1.1.3
2023-06-15 10:56:32,272 [INFO] ThirdParty:1030 - CMSIS Pack Vendor :STMicroelectronics X-CUBE-BLEMGR 2.0.0
2023-06-15 10:56:32,272 [INFO] ThirdParty:1030 - CMSIS Pack Vendor :STMicroelectronics X-CUBE-AI 8.0.1
2023-06-15 10:56:32,272 [INFO] ThirdParty:1030 - CMSIS Pack Vendor :STMicroelectronics X-CUBE-NFC4 3.0.0
2023-06-15 10:56:32,272 [INFO] ThirdParty:1030 - CMSIS Pack Vendor :STMicroelectronics X-CUBE-SUBG2 5.0.0
2023-06-15 10:56:32,272 [INFO] ThirdParty:1030 - CMSIS Pack Vendor :STMicroelectronics STM32_WPAN 1.0.0
2023-06-15 10:56:32,273 [INFO] ThirdParty:1030 - CMSIS Pack Vendor :STMicroelectronics lwIP 2.0.3
2023-06-15 10:56:32,273 [INFO] ThirdParty:1030 - CMSIS Pack Vendor :STMicroelectronics USB_HOST 1.0.0
2023-06-15 10:56:32,273 [INFO] ThirdParty:1030 - CMSIS Pack Vendor :STMicroelectronics X-CUBE-AZRTOS-G4 2.0.0
2023-06-15 10:56:32,273 [INFO] ThirdParty:1030 - CMSIS Pack Vendor :STMicroelectronics PDM2PCM 3.1.0
2023-06-15 10:56:32,273 [INFO] ThirdParty:1030 - CMSIS Pack Vendor :STMicroelectronics X-CUBE-AZRTOS-H7 3.1.0
2023-06-15 10:56:32,273 [INFO] ThirdParty:1030 - CMSIS Pack Vendor :STMicroelectronics X-CUBE-TOF1 3.3.0
2023-06-15 10:56:32,273 [INFO] ThirdParty:1030 - CMSIS Pack Vendor :STMicroelectronics PDM2PCM 3.3.0
2023-06-15 10:56:32,273 [INFO] ThirdParty:1030 - CMSIS Pack Vendor :STMicroelectronics X-CUBE-DISPLAY 3.0.0
2023-06-15 10:56:32,273 [INFO] ThirdParty:1030 - CMSIS Pack Vendor :STMicroelectronics FP-ATR-SIGFOX1 3.2.0
2023-06-15 10:56:32,273 [INFO] ThirdParty:1030 - CMSIS Pack Vendor :STMicroelectronics X-CUBE-AZRTOS-L4 1.0.0
2023-06-15 10:56:32,273 [INFO] ThirdParty:1030 - CMSIS Pack Vendor :STMicroelectronics HAL Drivers 0.0.0
2023-06-15 10:56:32,273 [INFO] ThirdParty:1030 - CMSIS Pack Vendor :STMicroelectronics MBEDTLS 2.16.2
2023-06-15 10:56:32,273 [INFO] ThirdParty:1030 - CMSIS Pack Vendor :STMicroelectronics MBEDTLS 2.14.1
2023-06-15 10:56:32,273 [INFO] ThirdParty:1030 - CMSIS Pack Vendor :STMicroelectronics X-CUBE-NFC7 1.0.0
2023-06-15 10:56:32,273 [INFO] ThirdParty:1030 - CMSIS Pack Vendor :STMicroelectronics X-CUBE-AZRTOS-WL 1.0.0
2023-06-15 10:56:32,273 [INFO] ThirdParty:1030 - CMSIS Pack Vendor :STMicroelectronics X-CUBE-EEPRMA1 4.1.0
2023-06-15 10:56:32,273 [INFO] ThirdParty:1030 - CMSIS Pack Vendor :portGmbH I-Cube-SoM-uGOAL 1.1.0
2023-06-15 10:56:32,273 [INFO] ThirdParty:1030 - CMSIS Pack Vendor :STMicroelectronics X-CUBE-ALS 1.0.1
2023-06-15 10:56:32,273 [INFO] ThirdParty:1030 - CMSIS Pack Vendor :STMicroelectronics ThreadX 1.0.0
2023-06-15 10:56:32,273 [INFO] ThirdParty:1030 - CMSIS Pack Vendor :STMicroelectronics X-CUBE-AZRTOS-WB 1.1.0
2023-06-15 10:56:32,273 [INFO] ThirdParty:1030 - CMSIS Pack Vendor :STMicroelectronics X-CUBE-AZRTOS-WL 2.0.0
2023-06-15 10:56:32,273 [INFO] ThirdParty:1030 - CMSIS Pack Vendor :SEGGER I-CUBE-embOS 1.3.1
2023-06-15 10:56:32,273 [INFO] ThirdParty:1030 - CMSIS Pack Vendor :STMicroelectronics USB_DEVICE 1.0.0
2023-06-15 10:56:32,273 [INFO] ThirdParty:1030 - CMSIS Pack Vendor :STMicroelectronics X-CUBE-AZRTOS-L4 2.0.0
2023-06-15 10:56:32,273 [INFO] ThirdParty:1030 - CMSIS Pack Vendor :STMicroelectronics ThreadX 0.0.2
2023-06-15 10:56:32,273 [INFO] ThirdParty:1030 - CMSIS Pack Vendor :WES I-CUBE-Cesium 1.3.0
2023-06-15 10:56:32,273 [INFO] ThirdParty:1030 - CMSIS Pack Vendor :STMicroelectronics FP-ATR-ASTRA1 2.0.0
2023-06-15 10:56:32,274 [INFO] ThirdParty:1030 - CMSIS Pack Vendor :STMicroelectronics lwIP 2.1.2
2023-06-15 10:56:32,274 [INFO] ThirdParty:1030 - CMSIS Pack Vendor :STMicroelectronics X-CUBE-SFXS2LP1 4.0.0
2023-06-15 10:56:32,274 [INFO] ThirdParty:1030 - CMSIS Pack Vendor :STMicroelectronics X-CUBE-BLE2 3.3.0
2023-06-15 10:56:32,274 [INFO] ThirdParty:1030 - CMSIS Pack Vendor :STMicroelectronics PDM2PCM 3.2.0
2023-06-15 10:56:32,274 [INFO] ThirdParty:841 - exiting critical section [change project]
2023-06-15 10:56:32,669 [INFO] PinOutPanel:1499 - setPackage(No Configuration,No Configuration)
2023-06-15 10:56:32,670 [INFO] PinOutPanel:1499 - setPackage(STM32F411RETx,LQFP64)
2023-06-15 10:56:33,167 [INFO] UtilMem:75 - Before build in PCC Used Memory: 616658856 Bytes (1073741824)
2023-06-15 10:56:33,866 [INFO] UtilMem:75 - After build in PCC Used Memory: 791771048 Bytes (1073741824)
2023-06-15 10:56:33,904 [INFO] IPUIPlugin:80 - create IPUIPlugin
2023-06-15 10:56:33,904 [INFO] IPUIPlugin:80 - create IPUIPlugin
2023-06-15 10:56:33,904 [INFO] IPUIPlugin:80 - create IPUIPlugin
2023-06-15 10:56:33,905 [INFO] IPUIPlugin:80 - create IPUIPlugin
2023-06-15 10:56:33,905 [INFO] IPUIPlugin:80 - create IPUIPlugin
2023-06-15 10:56:33,905 [INFO] IPUIPlugin:80 - create IPUIPlugin
2023-06-15 10:56:33,905 [INFO] IPUIPlugin:80 - create IPUIPlugin
2023-06-15 10:56:33,905 [INFO] IPUIPlugin:80 - create IPUIPlugin
2023-06-15 10:56:33,905 [INFO] IPUIPlugin:80 - create IPUIPlugin
2023-06-15 10:56:33,906 [INFO] IPUIPlugin:80 - create IPUIPlugin
2023-06-15 10:56:33,906 [INFO] IPUIPlugin:80 - create IPUIPlugin
2023-06-15 10:56:33,906 [INFO] IPUIPlugin:80 - create IPUIPlugin
2023-06-15 10:56:33,906 [INFO] IPUIPlugin:80 - create IPUIPlugin
2023-06-15 10:56:33,907 [INFO] IPUIPlugin:80 - create IPUIPlugin
2023-06-15 10:56:33,907 [INFO] IPUIPlugin:80 - create IPUIPlugin
2023-06-15 10:56:33,907 [INFO] IPUIPlugin:80 - create IPUIPlugin
2023-06-15 10:56:33,907 [INFO] IPUIPlugin:80 - create IPUIPlugin
2023-06-15 10:56:33,908 [INFO] IPUIPlugin:80 - create IPUIPlugin
2023-06-15 10:56:33,908 [INFO] IPUIPlugin:80 - create IPUIPlugin
2023-06-15 10:56:33,908 [INFO] IPUIPlugin:80 - create IPUIPlugin
2023-06-15 10:56:33,908 [INFO] IPUIPlugin:80 - create IPUIPlugin
2023-06-15 10:56:33,909 [INFO] IPUIPlugin:80 - create IPUIPlugin
2023-06-15 10:56:33,909 [INFO] IPUIPlugin:80 - create IPUIPlugin
2023-06-15 10:56:33,909 [INFO] IPUIPlugin:80 - create IPUIPlugin
2023-06-15 10:56:33,909 [INFO] IPUIPlugin:80 - create IPUIPlugin
2023-06-15 10:56:33,910 [INFO] IPUIPlugin:80 - create IPUIPlugin
2023-06-15 10:56:33,910 [INFO] IPUIPlugin:80 - create IPUIPlugin
2023-06-15 10:56:33,910 [INFO] IPUIPlugin:80 - create IPUIPlugin
2023-06-15 10:56:33,910 [INFO] IPUIPlugin:80 - create IPUIPlugin
2023-06-15 10:56:33,911 [INFO] IPUIPlugin:80 - create IPUIPlugin
2023-06-15 10:56:33,911 [INFO] IPUIPlugin:80 - create IPUIPlugin
2023-06-15 10:56:33,911 [INFO] IPUIPlugin:80 - create IPUIPlugin
2023-06-15 10:56:33,911 [INFO] IPUIPlugin:80 - create IPUIPlugin
2023-06-15 10:56:33,912 [INFO] IPUIPlugin:80 - create IPUIPlugin
2023-06-15 10:56:33,912 [INFO] IPUIPlugin:80 - create IPUIPlugin
2023-06-15 10:56:33,912 [INFO] IPUIPlugin:80 - create IPUIPlugin
2023-06-15 10:56:33,912 [INFO] IPUIPlugin:80 - create IPUIPlugin
2023-06-15 10:56:33,912 [INFO] IPUIPlugin:80 - create IPUIPlugin
2023-06-15 10:56:33,913 [INFO] IPUIPlugin:80 - create IPUIPlugin
2023-06-15 10:56:33,913 [INFO] IPUIPlugin:80 - create IPUIPlugin
2023-06-15 10:56:33,914 [INFO] IPUIPlugin:80 - create IPUIPlugin
2023-06-15 10:56:33,914 [INFO] IPUIPlugin:80 - create IPUIPlugin
2023-06-15 10:56:33,914 [INFO] IPUIPlugin:80 - create IPUIPlugin
2023-06-15 10:56:33,968 [INFO] ApiDbMcu:507 - Load IP Config File for PDM2PCM
2023-06-15 10:56:33,984 [WARN] IP:2113 - I2C_Coeff_DF not found: check if there is a RefParameter without a condition.
2023-06-15 10:56:33,984 [WARN] IP:2113 - Analog_Filter not found: check if there is a RefParameter without a condition.
2023-06-15 10:56:34,194 [INFO] CADModel:165 - CPN selected for project levelSTM32F411RET6
2023-06-15 10:56:34,194 [INFO] CADModel:114 - Register for checkConnection events
2023-06-15 10:56:34,233 [INFO] OpenFileManager:328 - Restore cursor
2023-06-15 10:56:34,499 [WARN] IP:2113 - I2C_Coeff_DF not found: check if there is a RefParameter without a condition.
2023-06-15 10:56:34,500 [WARN] IP:2113 - Analog_Filter not found: check if there is a RefParameter without a condition.
2023-06-15 10:56:34,500 [WARN] IP:2113 - I2C_Coeff_DF not found: check if there is a RefParameter without a condition.
2023-06-15 10:56:34,500 [WARN] IP:2113 - Analog_Filter not found: check if there is a RefParameter without a condition.
2023-06-15 11:11:31,739 [ERROR] AdobePublisher:162 - Exception while opening the connection: java.net.SocketTimeoutException: connect timed out
2023-06-15 11:11:33,744 [ERROR] AdobePublisher:162 - Exception while opening the connection: java.net.SocketTimeoutException: connect timed out
2023-06-15 11:11:35,747 [ERROR] AdobePublisher:162 - Exception while opening the connection: java.net.SocketTimeoutException: connect timed out
2023-06-15 11:13:19,372 [ERROR] ConfigurationRetriever:142 - IOException on connection: sw-center.st.com
2023-06-15 11:13:19,372 [ERROR] ConfigurationRetriever:142 - IOException on connection: sw-center.st.com
2023-06-15 11:13:19,373 [ERROR] ConfigurationRetriever:142 - IOException on connection: sw-center.st.com
2023-06-15 11:20:36,744 [ERROR] ConfigurationRetriever:142 - IOException on connection: Read timed out
2023-06-15 11:20:39,432 [ERROR] ConfigurationRetriever:142 - IOException on connection: Read timed out
2023-06-15 12:43:40,810 [INFO] MainUpdater:2854 - connection check result : 10
2023-06-15 12:43:40,810 [INFO] MainUpdater:2854 - connection check result : 10
2023-06-15 12:43:41,098 [INFO] MicroXplorer:468 - Change Database Path : 
2023-06-15 12:43:41,098 [INFO] MicroXplorer:498 - Change Database Version : DB.6.0.81
2023-06-15 12:43:41,120 [WARN] ThirdParty:871 - waiting for thirdparty lock release [close project]
2023-06-15 12:43:41,120 [INFO] ThirdParty:873 - entering critical section [close project]
2023-06-15 12:43:41,120 [INFO] ThirdParty:883 - exiting critical section [close project]
2023-06-15 12:43:41,121 [INFO] PinOutPanel:1499 - setPackage(No Configuration,No Configuration)
2023-06-15 12:43:41,139 [WARN] IpParametersView:150 - Warning: This peripheral hasn't parameters
2023-06-15 12:43:41,150 [WARN] MainPanel:257 - <html><b><center>Warning: This peripheral has no parameters to be configured<br></b></html>
2023-06-15 12:43:41,162 [INFO] UtilMem:75 - Begin LoadConfig() Used Memory: 779676224 Bytes (1073741824)
2023-06-15 12:43:41,162 [INFO] MicroXplorer:468 - Change Database Path : 
2023-06-15 12:43:41,163 [INFO] MicroXplorer:498 - Change Database Version : DB.6.0.81
2023-06-15 12:43:41,163 [INFO] OpenFileManager:308 - Change cursor
2023-06-15 12:43:41,173 [INFO] Mcu:1937 - Initializing MCU STM32F411R(C-E)Tx STM32F411RETx STM32F411RET6
2023-06-15 12:43:41,928 [INFO] Context:659 - Trying to add GPIOservice into a context  which must be forbidden
2023-06-15 12:43:42,347 [INFO] RtosManager:555 - Registered RTOS mode: class=CMSIS, group=RTOS, mode=CMSIS_V1, owner=FREERTOS
2023-06-15 12:43:42,347 [INFO] RtosManager:555 - Registered RTOS mode: class=CMSIS, group=RTOS2, mode=CMSIS_V2, owner=FREERTOS
2023-06-15 12:43:42,348 [INFO] RtosManager:555 - Registered RTOS mode: class=RTOS, group=Core, mode=CMSIS_V1, owner=FREERTOS
2023-06-15 12:43:42,348 [INFO] RtosManager:555 - Registered RTOS mode: class=RTOS, group=Core, mode=CMSIS_V2, owner=FREERTOS
2023-06-15 12:43:42,348 [WARN] ModelIntegratedComponent:184 - Missing modes for component STMicroelectronics:FreeRTOS:0.0.1:STMicroelectronics:RTOS:FreeRTOS:Core:::10.2.0:
2023-06-15 12:43:42,351 [WARN] ModelIntegratedComponent:182 - Modes not found for component STMicroelectronics:USB_HOST:1.0.0:STMicroelectronics:USB::USB Host:Audio HS::1.0:USB_HOST_1_0_RESTRICTED_HS
2023-06-15 12:43:42,351 [WARN] ModelIntegratedComponent:188 - Modes not found for component STMicroelectronics:USB_HOST:1.0.0:STMicroelectronics:USB::USB Host:Audio HS::1.0:USB_HOST_1_0_RESTRICTED_HS
2023-06-15 12:43:42,351 [WARN] ModelIntegratedComponent:182 - Modes not found for component STMicroelectronics:USB_HOST:1.0.0:STMicroelectronics:USB::USB Host:CDC HS::1.0:USB_HOST_1_0_RESTRICTED_HS
2023-06-15 12:43:42,351 [WARN] ModelIntegratedComponent:188 - Modes not found for component STMicroelectronics:USB_HOST:1.0.0:STMicroelectronics:USB::USB Host:CDC HS::1.0:USB_HOST_1_0_RESTRICTED_HS
2023-06-15 12:43:42,351 [WARN] ModelIntegratedComponent:182 - Modes not found for component STMicroelectronics:USB_HOST:1.0.0:STMicroelectronics:USB::USB Host:MSC HS::1.0:USB_HOST_1_0_RESTRICTED_HS
2023-06-15 12:43:42,351 [WARN] ModelIntegratedComponent:188 - Modes not found for component STMicroelectronics:USB_HOST:1.0.0:STMicroelectronics:USB::USB Host:MSC HS::1.0:USB_HOST_1_0_RESTRICTED_HS
2023-06-15 12:43:42,352 [WARN] ModelIntegratedComponent:182 - Modes not found for component STMicroelectronics:USB_HOST:1.0.0:STMicroelectronics:USB::USB Host:HID HS::1.0:USB_HOST_1_0_RESTRICTED_HS
2023-06-15 12:43:42,352 [WARN] ModelIntegratedComponent:188 - Modes not found for component STMicroelectronics:USB_HOST:1.0.0:STMicroelectronics:USB::USB Host:HID HS::1.0:USB_HOST_1_0_RESTRICTED_HS
2023-06-15 12:43:42,352 [WARN] ModelIntegratedComponent:182 - Modes not found for component STMicroelectronics:USB_HOST:1.0.0:STMicroelectronics:USB::USB Host:MTP HS::1.0:USB_HOST_1_0_RESTRICTED_HS
2023-06-15 12:43:42,352 [WARN] ModelIntegratedComponent:188 - Modes not found for component STMicroelectronics:USB_HOST:1.0.0:STMicroelectronics:USB::USB Host:MTP HS::1.0:USB_HOST_1_0_RESTRICTED_HS
2023-06-15 12:43:42,358 [WARN] ModelIntegratedComponent:63 - No mode defined for component null
2023-06-15 12:43:42,358 [WARN] ModelIntegratedComponent:63 - No mode defined for component null
2023-06-15 12:43:42,358 [WARN] ModelIntegratedComponent:63 - No mode defined for component null
2023-06-15 12:43:42,358 [WARN] ModelIntegratedComponent:63 - No mode defined for component null
2023-06-15 12:43:42,359 [WARN] ModelIntegratedComponent:63 - No mode defined for component null
2023-06-15 12:43:42,359 [WARN] ModelIntegratedComponent:63 - No mode defined for component null
2023-06-15 12:43:42,359 [WARN] ModelIntegratedComponent:63 - No mode defined for component null
2023-06-15 12:43:42,359 [WARN] ModelIntegratedComponent:63 - No mode defined for component null
2023-06-15 12:43:42,359 [WARN] ModelIntegratedComponent:63 - No mode defined for component null
2023-06-15 12:43:42,359 [WARN] ModelIntegratedComponent:63 - No mode defined for component null
2023-06-15 12:43:42,359 [WARN] ModelIntegratedComponent:63 - No mode defined for component null
2023-06-15 12:43:42,359 [WARN] ModelIntegratedComponent:63 - No mode defined for component null
2023-06-15 12:43:42,359 [WARN] ModelIntegratedComponent:63 - No mode defined for component null
2023-06-15 12:43:42,359 [WARN] ModelIntegratedComponent:63 - No mode defined for component null
2023-06-15 12:43:42,359 [WARN] ModelIntegratedComponent:63 - No mode defined for component null
2023-06-15 12:43:42,359 [WARN] ModelIntegratedComponent:63 - No mode defined for component null
2023-06-15 12:43:42,359 [WARN] ModelIntegratedComponent:63 - No mode defined for component null
2023-06-15 12:43:42,359 [WARN] ModelIntegratedComponent:63 - No mode defined for component null
2023-06-15 12:43:42,359 [WARN] ModelIntegratedComponent:63 - No mode defined for component null
2023-06-15 12:43:42,359 [WARN] ModelIntegratedComponent:63 - No mode defined for component null
2023-06-15 12:43:42,359 [WARN] ModelIntegratedComponent:63 - No mode defined for component null
2023-06-15 12:43:42,359 [WARN] ModelIntegratedComponent:63 - No mode defined for component null
2023-06-15 12:43:42,359 [WARN] ModelIntegratedComponent:63 - No mode defined for component null
2023-06-15 12:43:42,360 [WARN] ModelIntegratedComponent:63 - No mode defined for component null
2023-06-15 12:43:42,360 [WARN] ModelIntegratedComponent:63 - No mode defined for component null
2023-06-15 12:43:42,360 [WARN] ModelIntegratedComponent:63 - No mode defined for component null
2023-06-15 12:43:42,360 [WARN] ModelIntegratedComponent:63 - No mode defined for component null
2023-06-15 12:43:42,360 [WARN] ModelIntegratedComponent:63 - No mode defined for component null
2023-06-15 12:43:42,360 [WARN] ModelIntegratedComponent:63 - No mode defined for component null
2023-06-15 12:43:42,360 [WARN] ModelIntegratedComponent:63 - No mode defined for component null
2023-06-15 12:43:42,360 [WARN] ModelIntegratedComponent:63 - No mode defined for component null
2023-06-15 12:43:42,360 [WARN] ModelIntegratedComponent:63 - No mode defined for component null
2023-06-15 12:43:42,360 [WARN] ModelIntegratedComponent:63 - No mode defined for component null
2023-06-15 12:43:42,365 [WARN] ModelIntegratedComponent:182 - Modes not found for component STMicroelectronics:USB_DEVICE:1.0.0:STMicroelectronics:USB::USB Device:Audio HS::1.0:USB_DEVICE_1_0_RESTRICTED_HS
2023-06-15 12:43:42,365 [WARN] ModelIntegratedComponent:188 - Modes not found for component STMicroelectronics:USB_DEVICE:1.0.0:STMicroelectronics:USB::USB Device:Audio HS::1.0:USB_DEVICE_1_0_RESTRICTED_HS
2023-06-15 12:43:42,365 [WARN] ModelIntegratedComponent:182 - Modes not found for component STMicroelectronics:USB_DEVICE:1.0.0:STMicroelectronics:USB::USB Device:CDC HS::1.0:USB_DEVICE_1_0_RESTRICTED_HS
2023-06-15 12:43:42,365 [WARN] ModelIntegratedComponent:188 - Modes not found for component STMicroelectronics:USB_DEVICE:1.0.0:STMicroelectronics:USB::USB Device:CDC HS::1.0:USB_DEVICE_1_0_RESTRICTED_HS
2023-06-15 12:43:42,365 [WARN] ModelIntegratedComponent:182 - Modes not found for component STMicroelectronics:USB_DEVICE:1.0.0:STMicroelectronics:USB::USB Device:DFU HS::1.0:USB_DEVICE_1_0_RESTRICTED_HS
2023-06-15 12:43:42,365 [WARN] ModelIntegratedComponent:188 - Modes not found for component STMicroelectronics:USB_DEVICE:1.0.0:STMicroelectronics:USB::USB Device:DFU HS::1.0:USB_DEVICE_1_0_RESTRICTED_HS
2023-06-15 12:43:42,365 [WARN] ModelIntegratedComponent:182 - Modes not found for component STMicroelectronics:USB_DEVICE:1.0.0:STMicroelectronics:USB::USB Device:HID HS::1.0:USB_DEVICE_1_0_RESTRICTED_HS
2023-06-15 12:43:42,365 [WARN] ModelIntegratedComponent:188 - Modes not found for component STMicroelectronics:USB_DEVICE:1.0.0:STMicroelectronics:USB::USB Device:HID HS::1.0:USB_DEVICE_1_0_RESTRICTED_HS
2023-06-15 12:43:42,365 [WARN] ModelIntegratedComponent:182 - Modes not found for component STMicroelectronics:USB_DEVICE:1.0.0:STMicroelectronics:USB::USB Device:Custom HID HS::1.0:USB_DEVICE_1_0_RESTRICTED_HS
2023-06-15 12:43:42,365 [WARN] ModelIntegratedComponent:188 - Modes not found for component STMicroelectronics:USB_DEVICE:1.0.0:STMicroelectronics:USB::USB Device:Custom HID HS::1.0:USB_DEVICE_1_0_RESTRICTED_HS
2023-06-15 12:43:42,365 [WARN] ModelIntegratedComponent:182 - Modes not found for component STMicroelectronics:USB_DEVICE:1.0.0:STMicroelectronics:USB::USB Device:MSC HS::1.0:USB_DEVICE_1_0_RESTRICTED_HS
2023-06-15 12:43:42,365 [WARN] ModelIntegratedComponent:188 - Modes not found for component STMicroelectronics:USB_DEVICE:1.0.0:STMicroelectronics:USB::USB Device:MSC HS::1.0:USB_DEVICE_1_0_RESTRICTED_HS
2023-06-15 12:43:42,371 [INFO] ThirdPartyModel:298 - Start build external matchings
2023-06-15 12:43:42,656 [INFO] ThirdPartyModel:316 - End build external matchings
2023-06-15 12:43:42,818 [INFO] UtilMem:75 - End LoadConfig() Used Memory: 398262376 Bytes (1073741824)
2023-06-15 12:43:42,827 [WARN] ThirdParty:833 - waiting for thirdparty lock release [change project]
2023-06-15 12:43:42,827 [INFO] ThirdParty:835 - entering critical section [change project]
2023-06-15 12:43:42,827 [INFO] ThirdParty:1030 - CMSIS Pack Vendor :STMicroelectronics X-CUBE-ISPU 1.1.0
2023-06-15 12:43:42,827 [INFO] ThirdParty:1030 - CMSIS Pack Vendor :STMicroelectronics X-CUBE-GNSS1 6.0.0
2023-06-15 12:43:42,827 [INFO] ThirdParty:1030 - CMSIS Pack Vendor :STMicroelectronics USB_HOST 2.0.0
2023-06-15 12:43:42,828 [INFO] ThirdParty:1030 - CMSIS Pack Vendor :STMicroelectronics X-CUBE-AZRTOS-F4 1.1.0
2023-06-15 12:43:42,828 [INFO] ThirdParty:1030 - CMSIS Pack Vendor :STMicroelectronics LIBJPEG 8.0.0
2023-06-15 12:43:42,828 [INFO] ThirdParty:1030 - CMSIS Pack Vendor :STMicroelectronics X-CUBE-SMBUS 2.1.0
2023-06-15 12:43:42,828 [INFO] ThirdParty:1030 - CMSIS Pack Vendor :wolfSSL I-CUBE-wolfSSL 5.6.0
2023-06-15 12:43:42,828 [INFO] ThirdParty:1030 - CMSIS Pack Vendor :STMicroelectronics USB_DEVICE 3.0.0
2023-06-15 12:43:42,828 [INFO] ThirdParty:1030 - CMSIS Pack Vendor :STMicroelectronics X-CUBE-AI 8.0.0
2023-06-15 12:43:42,828 [INFO] ThirdParty:1030 - CMSIS Pack Vendor :STMicroelectronics X-CUBE-FREERTOS 1.0.1
2023-06-15 12:43:42,828 [INFO] ThirdParty:1030 - CMSIS Pack Vendor :STMicroelectronics X-CUBE-TOUCHGFX 4.21.3
2023-06-15 12:43:42,828 [INFO] ThirdParty:1030 - CMSIS Pack Vendor :STMicroelectronics X-CUBE-AZRTOS-F7 1.1.0
2023-06-15 12:43:42,828 [INFO] ThirdParty:1030 - CMSIS Pack Vendor :STMicroelectronics X-CUBE-TOUCHGFX 4.21.4
2023-06-15 12:43:42,828 [INFO] ThirdParty:1030 - CMSIS Pack Vendor :STMicroelectronics USB_DEVICE 2.0.0
2023-06-15 12:43:42,828 [INFO] ThirdParty:1030 - CMSIS Pack Vendor :STMicroelectronics X-CUBE-MEMS1 9.6.0
2023-06-15 12:43:42,828 [INFO] ThirdParty:1030 - CMSIS Pack Vendor :STMicroelectronics FP-SNS-MOTENV1 4.3.0
2023-06-15 12:43:42,828 [INFO] ThirdParty:1030 - CMSIS Pack Vendor :STMicroelectronics FP-SNS-FLIGHT1 5.0.0
2023-06-15 12:43:42,828 [INFO] ThirdParty:1030 - CMSIS Pack Vendor :STMicroelectronics FP-SNS-MOTENV1 4.3.1
2023-06-15 12:43:42,828 [INFO] ThirdParty:1030 - CMSIS Pack Vendor :STMicroelectronics FP-SNS-FLIGHT1 5.0.1
2023-06-15 12:43:42,829 [INFO] ThirdParty:1030 - CMSIS Pack Vendor :STMicroelectronics X-CUBE-ALGOBUILD 1.3.0
2023-06-15 12:43:42,829 [INFO] ThirdParty:1030 - CMSIS Pack Vendor :STMicroelectronics X-CUBE-BLE1 6.2.4
2023-06-15 12:43:42,829 [INFO] ThirdParty:1030 - CMSIS Pack Vendor :STMicroelectronics X-CUBE-AZRTOS-L5 1.1.0
2023-06-15 12:43:42,829 [INFO] ThirdParty:1030 - CMSIS Pack Vendor :STMicroelectronics FreeRTOS 0.0.1
2023-06-15 12:43:42,829 [INFO] ThirdParty:1030 - CMSIS Pack Vendor :STMicroelectronics X-CUBE-AZRTOS-G0 1.1.0
2023-06-15 12:43:42,829 [INFO] ThirdParty:1030 - CMSIS Pack Vendor :emotas I-CUBE-CANOPEN 1.1.3
2023-06-15 12:43:42,829 [INFO] ThirdParty:1030 - CMSIS Pack Vendor :STMicroelectronics X-CUBE-BLEMGR 2.0.0
2023-06-15 12:43:42,829 [INFO] ThirdParty:1030 - CMSIS Pack Vendor :STMicroelectronics X-CUBE-AI 8.0.1
2023-06-15 12:43:42,829 [INFO] ThirdParty:1030 - CMSIS Pack Vendor :STMicroelectronics X-CUBE-NFC4 3.0.0
2023-06-15 12:43:42,829 [INFO] ThirdParty:1030 - CMSIS Pack Vendor :STMicroelectronics X-CUBE-SUBG2 5.0.0
2023-06-15 12:43:42,829 [INFO] ThirdParty:1030 - CMSIS Pack Vendor :STMicroelectronics STM32_WPAN 1.0.0
2023-06-15 12:43:42,829 [INFO] ThirdParty:1030 - CMSIS Pack Vendor :STMicroelectronics lwIP 2.0.3
2023-06-15 12:43:42,829 [INFO] ThirdParty:1030 - CMSIS Pack Vendor :STMicroelectronics USB_HOST 1.0.0
2023-06-15 12:43:42,829 [INFO] ThirdParty:1030 - CMSIS Pack Vendor :STMicroelectronics X-CUBE-AZRTOS-G4 2.0.0
2023-06-15 12:43:42,829 [INFO] ThirdParty:1030 - CMSIS Pack Vendor :STMicroelectronics PDM2PCM 3.1.0
2023-06-15 12:43:42,829 [INFO] ThirdParty:1030 - CMSIS Pack Vendor :STMicroelectronics X-CUBE-AZRTOS-H7 3.1.0
2023-06-15 12:43:42,829 [INFO] ThirdParty:1030 - CMSIS Pack Vendor :STMicroelectronics X-CUBE-TOF1 3.3.0
2023-06-15 12:43:42,829 [INFO] ThirdParty:1030 - CMSIS Pack Vendor :STMicroelectronics PDM2PCM 3.3.0
2023-06-15 12:43:42,830 [INFO] ThirdParty:1030 - CMSIS Pack Vendor :STMicroelectronics X-CUBE-DISPLAY 3.0.0
2023-06-15 12:43:42,830 [INFO] ThirdParty:1030 - CMSIS Pack Vendor :STMicroelectronics FP-ATR-SIGFOX1 3.2.0
2023-06-15 12:43:42,830 [INFO] ThirdParty:1030 - CMSIS Pack Vendor :STMicroelectronics X-CUBE-AZRTOS-L4 1.0.0
2023-06-15 12:43:42,830 [INFO] ThirdParty:1030 - CMSIS Pack Vendor :STMicroelectronics HAL Drivers 0.0.0
2023-06-15 12:43:42,830 [INFO] ThirdParty:1030 - CMSIS Pack Vendor :STMicroelectronics MBEDTLS 2.16.2
2023-06-15 12:43:42,830 [INFO] ThirdParty:1030 - CMSIS Pack Vendor :STMicroelectronics MBEDTLS 2.14.1
2023-06-15 12:43:42,830 [INFO] ThirdParty:1030 - CMSIS Pack Vendor :STMicroelectronics X-CUBE-NFC7 1.0.0
2023-06-15 12:43:42,830 [INFO] ThirdParty:1030 - CMSIS Pack Vendor :STMicroelectronics X-CUBE-AZRTOS-WL 1.0.0
2023-06-15 12:43:42,830 [INFO] ThirdParty:1030 - CMSIS Pack Vendor :STMicroelectronics X-CUBE-EEPRMA1 4.1.0
2023-06-15 12:43:42,830 [INFO] ThirdParty:1030 - CMSIS Pack Vendor :portGmbH I-Cube-SoM-uGOAL 1.1.0
2023-06-15 12:43:42,830 [INFO] ThirdParty:1030 - CMSIS Pack Vendor :STMicroelectronics X-CUBE-ALS 1.0.1
2023-06-15 12:43:42,830 [INFO] ThirdParty:1030 - CMSIS Pack Vendor :STMicroelectronics ThreadX 1.0.0
2023-06-15 12:43:42,830 [INFO] ThirdParty:1030 - CMSIS Pack Vendor :STMicroelectronics X-CUBE-AZRTOS-WB 1.1.0
2023-06-15 12:43:42,830 [INFO] ThirdParty:1030 - CMSIS Pack Vendor :STMicroelectronics X-CUBE-AZRTOS-WL 2.0.0
2023-06-15 12:43:42,830 [INFO] ThirdParty:1030 - CMSIS Pack Vendor :SEGGER I-CUBE-embOS 1.3.1
2023-06-15 12:43:42,830 [INFO] ThirdParty:1030 - CMSIS Pack Vendor :STMicroelectronics USB_DEVICE 1.0.0
2023-06-15 12:43:42,830 [INFO] ThirdParty:1030 - CMSIS Pack Vendor :STMicroelectronics X-CUBE-AZRTOS-L4 2.0.0
2023-06-15 12:43:42,830 [INFO] ThirdParty:1030 - CMSIS Pack Vendor :STMicroelectronics ThreadX 0.0.2
2023-06-15 12:43:42,831 [INFO] ThirdParty:1030 - CMSIS Pack Vendor :WES I-CUBE-Cesium 1.3.0
2023-06-15 12:43:42,831 [INFO] ThirdParty:1030 - CMSIS Pack Vendor :STMicroelectronics FP-ATR-ASTRA1 2.0.0
2023-06-15 12:43:42,831 [INFO] ThirdParty:1030 - CMSIS Pack Vendor :STMicroelectronics lwIP 2.1.2
2023-06-15 12:43:42,831 [INFO] ThirdParty:1030 - CMSIS Pack Vendor :STMicroelectronics X-CUBE-SFXS2LP1 4.0.0
2023-06-15 12:43:42,831 [INFO] ThirdParty:1030 - CMSIS Pack Vendor :STMicroelectronics X-CUBE-BLE2 3.3.0
2023-06-15 12:43:42,831 [INFO] ThirdParty:1030 - CMSIS Pack Vendor :STMicroelectronics PDM2PCM 3.2.0
2023-06-15 12:43:42,831 [INFO] ThirdParty:841 - exiting critical section [change project]
2023-06-15 12:43:43,283 [INFO] PinOutPanel:1499 - setPackage(No Configuration,No Configuration)
2023-06-15 12:43:43,284 [INFO] PinOutPanel:1499 - setPackage(STM32F411RETx,LQFP64)
2023-06-15 12:43:43,468 [INFO] UtilMem:75 - Before build in PCC Used Memory: 534706280 Bytes (1073741824)
2023-06-15 12:43:43,713 [INFO] UtilMem:75 - After build in PCC Used Memory: 579272808 Bytes (1073741824)
2023-06-15 12:43:43,746 [INFO] IPUIPlugin:80 - create IPUIPlugin
2023-06-15 12:43:43,746 [INFO] IPUIPlugin:80 - create IPUIPlugin
2023-06-15 12:43:43,746 [INFO] IPUIPlugin:80 - create IPUIPlugin
2023-06-15 12:43:43,746 [INFO] IPUIPlugin:80 - create IPUIPlugin
2023-06-15 12:43:43,746 [INFO] IPUIPlugin:80 - create IPUIPlugin
2023-06-15 12:43:43,747 [INFO] IPUIPlugin:80 - create IPUIPlugin
2023-06-15 12:43:43,747 [INFO] IPUIPlugin:80 - create IPUIPlugin
2023-06-15 12:43:43,747 [INFO] IPUIPlugin:80 - create IPUIPlugin
2023-06-15 12:43:43,747 [INFO] IPUIPlugin:80 - create IPUIPlugin
2023-06-15 12:43:43,747 [INFO] IPUIPlugin:80 - create IPUIPlugin
2023-06-15 12:43:43,747 [INFO] IPUIPlugin:80 - create IPUIPlugin
2023-06-15 12:43:43,747 [INFO] IPUIPlugin:80 - create IPUIPlugin
2023-06-15 12:43:43,748 [INFO] IPUIPlugin:80 - create IPUIPlugin
2023-06-15 12:43:43,748 [INFO] IPUIPlugin:80 - create IPUIPlugin
2023-06-15 12:43:43,748 [INFO] IPUIPlugin:80 - create IPUIPlugin
2023-06-15 12:43:43,748 [INFO] IPUIPlugin:80 - create IPUIPlugin
2023-06-15 12:43:43,748 [INFO] IPUIPlugin:80 - create IPUIPlugin
2023-06-15 12:43:43,749 [INFO] IPUIPlugin:80 - create IPUIPlugin
2023-06-15 12:43:43,749 [INFO] IPUIPlugin:80 - create IPUIPlugin
2023-06-15 12:43:43,749 [INFO] IPUIPlugin:80 - create IPUIPlugin
2023-06-15 12:43:43,749 [INFO] IPUIPlugin:80 - create IPUIPlugin
2023-06-15 12:43:43,750 [INFO] IPUIPlugin:80 - create IPUIPlugin
2023-06-15 12:43:43,750 [INFO] IPUIPlugin:80 - create IPUIPlugin
2023-06-15 12:43:43,750 [INFO] IPUIPlugin:80 - create IPUIPlugin
2023-06-15 12:43:43,750 [INFO] IPUIPlugin:80 - create IPUIPlugin
2023-06-15 12:43:43,750 [INFO] IPUIPlugin:80 - create IPUIPlugin
2023-06-15 12:43:43,750 [INFO] IPUIPlugin:80 - create IPUIPlugin
2023-06-15 12:43:43,751 [INFO] IPUIPlugin:80 - create IPUIPlugin
2023-06-15 12:43:43,751 [INFO] IPUIPlugin:80 - create IPUIPlugin
2023-06-15 12:43:43,751 [INFO] IPUIPlugin:80 - create IPUIPlugin
2023-06-15 12:43:43,751 [INFO] IPUIPlugin:80 - create IPUIPlugin
2023-06-15 12:43:43,751 [INFO] IPUIPlugin:80 - create IPUIPlugin
2023-06-15 12:43:43,752 [INFO] IPUIPlugin:80 - create IPUIPlugin
2023-06-15 12:43:43,752 [INFO] IPUIPlugin:80 - create IPUIPlugin
2023-06-15 12:43:43,752 [INFO] IPUIPlugin:80 - create IPUIPlugin
2023-06-15 12:43:43,752 [INFO] IPUIPlugin:80 - create IPUIPlugin
2023-06-15 12:43:43,752 [INFO] IPUIPlugin:80 - create IPUIPlugin
2023-06-15 12:43:43,752 [INFO] IPUIPlugin:80 - create IPUIPlugin
2023-06-15 12:43:43,753 [INFO] IPUIPlugin:80 - create IPUIPlugin
2023-06-15 12:43:43,753 [INFO] IPUIPlugin:80 - create IPUIPlugin
2023-06-15 12:43:43,753 [INFO] IPUIPlugin:80 - create IPUIPlugin
2023-06-15 12:43:43,754 [INFO] IPUIPlugin:80 - create IPUIPlugin
2023-06-15 12:43:43,754 [INFO] IPUIPlugin:80 - create IPUIPlugin
2023-06-15 12:43:43,759 [INFO] ApiDbMcu:507 - Load IP Config File for PDM2PCM
2023-06-15 12:43:43,760 [WARN] IP:2113 - I2C_Coeff_DF not found: check if there is a RefParameter without a condition.
2023-06-15 12:43:43,760 [WARN] IP:2113 - Analog_Filter not found: check if there is a RefParameter without a condition.
2023-06-15 12:43:43,821 [INFO] CADModel:165 - CPN selected for project levelSTM32F411RET6
2023-06-15 12:43:43,821 [INFO] CADModel:114 - Register for checkConnection events
2023-06-15 12:43:43,866 [INFO] OpenFileManager:328 - Restore cursor
2023-06-15 12:43:44,108 [WARN] IP:2113 - I2C_Coeff_DF not found: check if there is a RefParameter without a condition.
2023-06-15 12:43:44,108 [WARN] IP:2113 - Analog_Filter not found: check if there is a RefParameter without a condition.
2023-06-15 12:43:44,109 [WARN] IP:2113 - I2C_Coeff_DF not found: check if there is a RefParameter without a condition.
2023-06-15 12:43:44,109 [WARN] IP:2113 - Analog_Filter not found: check if there is a RefParameter without a condition.
2023-06-15 12:47:51,066 [INFO] UtilMem:75 - End SaveConfig() Used Memory: 537569792 Bytes (1073741824)
2023-06-15 12:47:51,667 [INFO] BlockDiagram:2759 - set Specific Code input for plugin: NVIC
2023-06-15 12:47:51,667 [INFO] BlockDiagram:2759 - set Specific Code input for plugin: USART
2023-06-15 12:47:51,668 [INFO] BlockDiagram:2759 - set Specific Code input for plugin: GPIO
2023-06-15 12:47:51,668 [INFO] BlockDiagram:2759 - set Specific Code input for plugin: RCC
2023-06-15 12:47:51,668 [INFO] BlockDiagram:2759 - set Specific Code input for plugin: I2C
2023-06-15 12:47:51,668 [INFO] CodeGenerator:793 - code generatio: config db path: /opt/st/stm32cubeide_1.12.1/plugins/com.st.stm32cube.common.mx_6.8.1.202304191431//db/
2023-06-15 12:47:51,675 [WARN] IP:2113 - I2C_Coeff_DF not found: check if there is a RefParameter without a condition.
2023-06-15 12:47:51,675 [WARN] IP:2113 - Analog_Filter not found: check if there is a RefParameter without a condition.
2023-06-15 12:47:51,918 [INFO] CodeEngine:255 - oldGeneratedFile, /home/dinesh/STM32CubeIDE/workspace_1.12.1/01_AHT25/MXTmpFiles/license.tmp_save
2023-06-15 12:47:52,285 [INFO] CodeEngine:279 - Generated code: /home/dinesh/STM32CubeIDE/workspace_1.12.1/01_AHT25/MXTmpFiles/license.tmp
2023-06-15 12:47:52,347 [INFO] CodeEngine:255 - oldGeneratedFile, /home/dinesh/STM32CubeIDE/workspace_1.12.1/01_AHT25/MXTmpFiles/gpio.tmp_save
2023-06-15 12:47:52,467 [INFO] CodeEngine:279 - Generated code: /home/dinesh/STM32CubeIDE/workspace_1.12.1/01_AHT25/MXTmpFiles/gpio.tmp
2023-06-15 12:47:52,546 [INFO] CodeEngine:255 - oldGeneratedFile, /home/dinesh/STM32CubeIDE/workspace_1.12.1/01_AHT25/Core/Src/stm32f4xx_it.c_save
2023-06-15 12:47:52,713 [INFO] CodeEngine:279 - Generated code: /home/dinesh/STM32CubeIDE/workspace_1.12.1/01_AHT25/Core/Src/stm32f4xx_it.c
2023-06-15 12:47:52,715 [INFO] CodeEngine:255 - oldGeneratedFile, /home/dinesh/STM32CubeIDE/workspace_1.12.1/01_AHT25/Core/Inc/stm32f4xx_it.h_save
2023-06-15 12:47:52,791 [INFO] CodeEngine:279 - Generated code: /home/dinesh/STM32CubeIDE/workspace_1.12.1/01_AHT25/Core/Inc/stm32f4xx_it.h
2023-06-15 12:47:52,807 [INFO] CodeEngine:255 - oldGeneratedFile, /home/dinesh/STM32CubeIDE/workspace_1.12.1/01_AHT25/Core/Src/stm32f4xx_hal_msp.c_save
2023-06-15 12:47:52,932 [INFO] CodeEngine:279 - Generated code: /home/dinesh/STM32CubeIDE/workspace_1.12.1/01_AHT25/Core/Src/stm32f4xx_hal_msp.c
2023-06-15 12:47:52,934 [INFO] CodeEngine:255 - oldGeneratedFile, /home/dinesh/STM32CubeIDE/workspace_1.12.1/01_AHT25/MXTmpFiles/system.tmp_save
2023-06-15 12:47:52,998 [INFO] CodeEngine:279 - Generated code: /home/dinesh/STM32CubeIDE/workspace_1.12.1/01_AHT25/MXTmpFiles/system.tmp
2023-06-15 12:47:53,000 [INFO] CodeEngine:311 - oldGeneratedFile, /home/dinesh/STM32CubeIDE/workspace_1.12.1/01_AHT25/Core/Inc/stm32f4xx_hal_conf.h_save
2023-06-15 12:47:53,080 [INFO] CodeEngine:335 - Generated code: /home/dinesh/STM32CubeIDE/workspace_1.12.1/01_AHT25/Core/Inc/stm32f4xx_hal_conf.h
2023-06-15 12:47:53,116 [INFO] CodeEngine:255 - oldGeneratedFile, /home/dinesh/STM32CubeIDE/workspace_1.12.1/01_AHT25/Core/Inc/main.h_save
2023-06-15 12:47:53,206 [INFO] CodeEngine:279 - Generated code: /home/dinesh/STM32CubeIDE/workspace_1.12.1/01_AHT25/Core/Inc/main.h
2023-06-15 12:47:53,209 [INFO] CodeEngine:255 - oldGeneratedFile, /home/dinesh/STM32CubeIDE/workspace_1.12.1/01_AHT25/Core/Src/main.c_save
2023-06-15 12:47:53,332 [INFO] CodeEngine:279 - Generated code: /home/dinesh/STM32CubeIDE/workspace_1.12.1/01_AHT25/Core/Src/main.c
2023-06-15 12:47:54,156 [INFO] ProjectBuilder:2996 - Time for Copy HAL[1] : 153mS.
2023-06-15 12:47:54,189 [INFO] ProjectBuilder:4304 - Project Generator version: 3.19.2
2023-06-15 12:47:54,468 [INFO] ConfigFileManager:1483 - The Die is : DIE431
2023-06-15 12:47:54,477 [INFO] ApiDbMcu:507 - Load IP Config File for FATFS
2023-06-15 12:47:54,484 [INFO] ApiDbMcu:507 - Load IP Config File for FREERTOS
2023-06-15 12:47:54,486 [INFO] ApiDbMcu:507 - Load IP Config File for LIBJPEG
2023-06-15 12:47:54,491 [INFO] ApiDbMcu:507 - Load IP Config File for MBEDTLS
2023-06-15 12:47:54,499 [INFO] ApiDbMcu:507 - Load IP Config File for USB_DEVICE
2023-06-15 12:47:54,503 [INFO] ApiDbMcu:507 - Load IP Config File for USB_HOST
2023-06-15 12:47:55,083 [INFO] LogOutputStream:77 - [STDOUT_REDIRECT] 
2023-06-15 12:47:55,992 [INFO] ProjectBuilder:4505 - Time for Generating toolchain IDE Files: 1802mS.
2023-06-15 12:47:55,993 [INFO] ProjectBuilder:2867 - Time for Copy CMSIS : 1mS.
2023-06-15 12:47:55,994 [INFO] ProjectBuilder:2867 - Time for Copy CMSIS : 0mS.
